[0.064s] Invoking command in '/home/lukat/unitree_mujoco_ws/COGAR_project/build/robot_interfaces': CMAKE_PREFIX_PATH=${CMAKE_PREFIX_PATH}:/home/lukat/unitree_mujoco_ws/COGAR_project/install/simulation_py:/home/lukat/unitree_mujoco_ws/COGAR_project/install/controller:/home/lukat/unitree_mujoco_ws/COGAR_project/install/convex_mpc:/opt/ros/humble /usr/bin/cmake --build /home/lukat/unitree_mujoco_ws/COGAR_project/build/robot_interfaces -- -j8 -l8
[0.522s] [  1%] Built target robot_interfaces__cpp
[0.523s] [  3%] Built target robot_interfaces__rs
[0.523s] [ 14%] Built target robot_interfaces__rosidl_generator_c
[0.523s] [ 25%] Built target robot_interfaces__rosidl_typesupport_introspection_cpp
[0.524s] [ 35%] Built target robot_interfaces__rosidl_typesupport_cpp
[0.526s] [ 35%] Built target ament_cmake_python_copy_robot_interfaces
[0.526s] [ 46%] Built target robot_interfaces__rosidl_typesupport_fastrtps_cpp
[0.526s] [ 60%] Built target robot_interfaces__rosidl_typesupport_c
[0.526s] [ 75%] Built target robot_interfaces__rosidl_typesupport_fastrtps_c
[0.527s] [ 78%] Built target robot_interfaces__rosidl_typesupport_introspection_c
[0.527s] [ 78%] Built target robot_interfaces
[0.555s] [ 80%] Built target robot_interfaces__py
[0.609s] [ 89%] Built target robot_interfaces__rosidl_generator_py
[0.644s] [ 92%] Built target robot_interfaces__rosidl_typesupport_c__pyext
[0.649s] [100%] Built target robot_interfaces__rosidl_typesupport_fastrtps_c__pyext
[0.649s] [100%] Built target robot_interfaces__rosidl_typesupport_introspection_c__pyext
[0.910s] running egg_info
[0.941s] writing robot_interfaces.egg-info/PKG-INFO
[0.944s] writing dependency_links to robot_interfaces.egg-info/dependency_links.txt
[0.946s] writing top-level names to robot_interfaces.egg-info/top_level.txt
[1.063s] reading manifest file 'robot_interfaces.egg-info/SOURCES.txt'
[1.065s] writing manifest file 'robot_interfaces.egg-info/SOURCES.txt'
[1.150s] [100%] Built target ament_cmake_python_build_robot_interfaces_egg
[1.177s] Invoked command in '/home/lukat/unitree_mujoco_ws/COGAR_project/build/robot_interfaces' returned '0': CMAKE_PREFIX_PATH=${CMAKE_PREFIX_PATH}:/home/lukat/unitree_mujoco_ws/COGAR_project/install/simulation_py:/home/lukat/unitree_mujoco_ws/COGAR_project/install/controller:/home/lukat/unitree_mujoco_ws/COGAR_project/install/convex_mpc:/opt/ros/humble /usr/bin/cmake --build /home/lukat/unitree_mujoco_ws/COGAR_project/build/robot_interfaces -- -j8 -l8
[1.202s] Invoking command in '/home/lukat/unitree_mujoco_ws/COGAR_project/build/robot_interfaces': CMAKE_PREFIX_PATH=${CMAKE_PREFIX_PATH}:/home/lukat/unitree_mujoco_ws/COGAR_project/install/simulation_py:/home/lukat/unitree_mujoco_ws/COGAR_project/install/controller:/home/lukat/unitree_mujoco_ws/COGAR_project/install/convex_mpc:/opt/ros/humble /usr/bin/cmake --install /home/lukat/unitree_mujoco_ws/COGAR_project/build/robot_interfaces
[1.227s] -- Install configuration: ""
[1.229s] -- Up-to-date: /home/lukat/unitree_mujoco_ws/COGAR_project/install/robot_interfaces/share/ament_index/resource_index/rosidl_interfaces/robot_interfaces
[1.230s] -- Up-to-date: /home/lukat/unitree_mujoco_ws/COGAR_project/install/robot_interfaces/include/robot_interfaces/robot_interfaces
[1.231s] -- Up-to-date: /home/lukat/unitree_mujoco_ws/COGAR_project/install/robot_interfaces/include/robot_interfaces/robot_interfaces/srv
[1.231s] -- Up-to-date: /home/lukat/unitree_mujoco_ws/COGAR_project/install/robot_interfaces/include/robot_interfaces/robot_interfaces/srv/update_gait_params.h
[1.232s] -- Up-to-date: /home/lukat/unitree_mujoco_ws/COGAR_project/install/robot_interfaces/include/robot_interfaces/robot_interfaces/srv/set_body_height.h
[1.232s] -- Up-to-date: /home/lukat/unitree_mujoco_ws/COGAR_project/install/robot_interfaces/include/robot_interfaces/robot_interfaces/srv/update_single_param.h
[1.232s] -- Up-to-date: /home/lukat/unitree_mujoco_ws/COGAR_project/install/robot_interfaces/include/robot_interfaces/robot_interfaces/srv/detail
[1.233s] -- Up-to-date: /home/lukat/unitree_mujoco_ws/COGAR_project/install/robot_interfaces/include/robot_interfaces/robot_interfaces/srv/detail/update_single_param__struct.h
[1.233s] -- Up-to-date: /home/lukat/unitree_mujoco_ws/COGAR_project/install/robot_interfaces/include/robot_interfaces/robot_interfaces/srv/detail/update_gait_params__struct.h
[1.234s] -- Up-to-date: /home/lukat/unitree_mujoco_ws/COGAR_project/install/robot_interfaces/include/robot_interfaces/robot_interfaces/srv/detail/set_body_height__functions.h
[1.235s] -- Up-to-date: /home/lukat/unitree_mujoco_ws/COGAR_project/install/robot_interfaces/include/robot_interfaces/robot_interfaces/srv/detail/set_body_height__type_support.h
[1.236s] -- Up-to-date: /home/lukat/unitree_mujoco_ws/COGAR_project/install/robot_interfaces/include/robot_interfaces/robot_interfaces/srv/detail/update_single_param__type_support.h
[1.237s] -- Up-to-date: /home/lukat/unitree_mujoco_ws/COGAR_project/install/robot_interfaces/include/robot_interfaces/robot_interfaces/srv/detail/update_gait_params__functions.c
[1.237s] -- Up-to-date: /home/lukat/unitree_mujoco_ws/COGAR_project/install/robot_interfaces/include/robot_interfaces/robot_interfaces/srv/detail/update_single_param__functions.c
[1.237s] -- Up-to-date: /home/lukat/unitree_mujoco_ws/COGAR_project/install/robot_interfaces/include/robot_interfaces/robot_interfaces/srv/detail/set_body_height__struct.h
[1.238s] -- Up-to-date: /home/lukat/unitree_mujoco_ws/COGAR_project/install/robot_interfaces/include/robot_interfaces/robot_interfaces/srv/detail/set_body_height__functions.c
[1.239s] -- Up-to-date: /home/lukat/unitree_mujoco_ws/COGAR_project/install/robot_interfaces/include/robot_interfaces/robot_interfaces/srv/detail/update_gait_params__type_support.h
[1.240s] -- Up-to-date: /home/lukat/unitree_mujoco_ws/COGAR_project/install/robot_interfaces/include/robot_interfaces/robot_interfaces/srv/detail/update_gait_params__functions.h
[1.240s] -- Up-to-date: /home/lukat/unitree_mujoco_ws/COGAR_project/install/robot_interfaces/include/robot_interfaces/robot_interfaces/srv/detail/update_single_param__functions.h
[1.240s] -- Up-to-date: /home/lukat/unitree_mujoco_ws/COGAR_project/install/robot_interfaces/include/robot_interfaces/robot_interfaces/msg
[1.240s] -- Up-to-date: /home/lukat/unitree_mujoco_ws/COGAR_project/install/robot_interfaces/include/robot_interfaces/robot_interfaces/msg/robot_state.h
[1.240s] -- Up-to-date: /home/lukat/unitree_mujoco_ws/COGAR_project/install/robot_interfaces/include/robot_interfaces/robot_interfaces/msg/rosidl_generator_c__visibility_control.h
[1.240s] -- Up-to-date: /home/lukat/unitree_mujoco_ws/COGAR_project/install/robot_interfaces/include/robot_interfaces/robot_interfaces/msg/detail
[1.241s] -- Up-to-date: /home/lukat/unitree_mujoco_ws/COGAR_project/install/robot_interfaces/include/robot_interfaces/robot_interfaces/msg/detail/robot_state__struct.h
[1.241s] -- Up-to-date: /home/lukat/unitree_mujoco_ws/COGAR_project/install/robot_interfaces/include/robot_interfaces/robot_interfaces/msg/detail/robot_state__functions.c
[1.241s] -- Up-to-date: /home/lukat/unitree_mujoco_ws/COGAR_project/install/robot_interfaces/include/robot_interfaces/robot_interfaces/msg/detail/robot_state__type_support.h
[1.241s] -- Up-to-date: /home/lukat/unitree_mujoco_ws/COGAR_project/install/robot_interfaces/include/robot_interfaces/robot_interfaces/msg/detail/robot_state__functions.h
[1.241s] -- Up-to-date: /home/lukat/unitree_mujoco_ws/COGAR_project/install/robot_interfaces/share/robot_interfaces/environment/library_path.sh
[1.241s] -- Up-to-date: /home/lukat/unitree_mujoco_ws/COGAR_project/install/robot_interfaces/share/robot_interfaces/environment/library_path.dsv
[1.241s] -- Up-to-date: /home/lukat/unitree_mujoco_ws/COGAR_project/install/robot_interfaces/lib/librobot_interfaces__rosidl_generator_c.so
[1.242s] -- Up-to-date: /home/lukat/unitree_mujoco_ws/COGAR_project/install/robot_interfaces/include/robot_interfaces/robot_interfaces
[1.242s] -- Up-to-date: /home/lukat/unitree_mujoco_ws/COGAR_project/install/robot_interfaces/include/robot_interfaces/robot_interfaces/srv
[1.243s] -- Up-to-date: /home/lukat/unitree_mujoco_ws/COGAR_project/install/robot_interfaces/include/robot_interfaces/robot_interfaces/srv/detail
[1.243s] -- Up-to-date: /home/lukat/unitree_mujoco_ws/COGAR_project/install/robot_interfaces/include/robot_interfaces/robot_interfaces/srv/detail/update_gait_params__rosidl_typesupport_fastrtps_c.h
[1.244s] -- Up-to-date: /home/lukat/unitree_mujoco_ws/COGAR_project/install/robot_interfaces/include/robot_interfaces/robot_interfaces/srv/detail/update_single_param__rosidl_typesupport_fastrtps_c.h
[1.244s] -- Up-to-date: /home/lukat/unitree_mujoco_ws/COGAR_project/install/robot_interfaces/include/robot_interfaces/robot_interfaces/srv/detail/set_body_height__rosidl_typesupport_fastrtps_c.h
[1.244s] -- Up-to-date: /home/lukat/unitree_mujoco_ws/COGAR_project/install/robot_interfaces/include/robot_interfaces/robot_interfaces/msg
[1.244s] -- Up-to-date: /home/lukat/unitree_mujoco_ws/COGAR_project/install/robot_interfaces/include/robot_interfaces/robot_interfaces/msg/rosidl_typesupport_fastrtps_c__visibility_control.h
[1.244s] -- Up-to-date: /home/lukat/unitree_mujoco_ws/COGAR_project/install/robot_interfaces/include/robot_interfaces/robot_interfaces/msg/detail
[1.245s] -- Up-to-date: /home/lukat/unitree_mujoco_ws/COGAR_project/install/robot_interfaces/include/robot_interfaces/robot_interfaces/msg/detail/robot_state__rosidl_typesupport_fastrtps_c.h
[1.245s] -- Up-to-date: /home/lukat/unitree_mujoco_ws/COGAR_project/install/robot_interfaces/lib/librobot_interfaces__rosidl_typesupport_fastrtps_c.so
[1.246s] -- Up-to-date: /home/lukat/unitree_mujoco_ws/COGAR_project/install/robot_interfaces/include/robot_interfaces/robot_interfaces
[1.247s] -- Up-to-date: /home/lukat/unitree_mujoco_ws/COGAR_project/install/robot_interfaces/include/robot_interfaces/robot_interfaces/srv
[1.248s] -- Up-to-date: /home/lukat/unitree_mujoco_ws/COGAR_project/install/robot_interfaces/include/robot_interfaces/robot_interfaces/srv/detail
[1.248s] -- Up-to-date: /home/lukat/unitree_mujoco_ws/COGAR_project/install/robot_interfaces/include/robot_interfaces/robot_interfaces/srv/detail/set_body_height__rosidl_typesupport_introspection_c.h
[1.248s] -- Up-to-date: /home/lukat/unitree_mujoco_ws/COGAR_project/install/robot_interfaces/include/robot_interfaces/robot_interfaces/srv/detail/update_gait_params__rosidl_typesupport_introspection_c.h
[1.248s] -- Up-to-date: /home/lukat/unitree_mujoco_ws/COGAR_project/install/robot_interfaces/include/robot_interfaces/robot_interfaces/srv/detail/set_body_height__type_support.c
[1.249s] -- Up-to-date: /home/lukat/unitree_mujoco_ws/COGAR_project/install/robot_interfaces/include/robot_interfaces/robot_interfaces/srv/detail/update_gait_params__type_support.c
[1.250s] -- Up-to-date: /home/lukat/unitree_mujoco_ws/COGAR_project/install/robot_interfaces/include/robot_interfaces/robot_interfaces/srv/detail/update_single_param__type_support.c
[1.251s] -- Up-to-date: /home/lukat/unitree_mujoco_ws/COGAR_project/install/robot_interfaces/include/robot_interfaces/robot_interfaces/srv/detail/update_single_param__rosidl_typesupport_introspection_c.h
[1.251s] -- Up-to-date: /home/lukat/unitree_mujoco_ws/COGAR_project/install/robot_interfaces/include/robot_interfaces/robot_interfaces/msg
[1.251s] -- Up-to-date: /home/lukat/unitree_mujoco_ws/COGAR_project/install/robot_interfaces/include/robot_interfaces/robot_interfaces/msg/rosidl_typesupport_introspection_c__visibility_control.h
[1.252s] -- Up-to-date: /home/lukat/unitree_mujoco_ws/COGAR_project/install/robot_interfaces/include/robot_interfaces/robot_interfaces/msg/detail
[1.253s] -- Up-to-date: /home/lukat/unitree_mujoco_ws/COGAR_project/install/robot_interfaces/include/robot_interfaces/robot_interfaces/msg/detail/robot_state__rosidl_typesupport_introspection_c.h
[1.253s] -- Up-to-date: /home/lukat/unitree_mujoco_ws/COGAR_project/install/robot_interfaces/include/robot_interfaces/robot_interfaces/msg/detail/robot_state__type_support.c
[1.253s] -- Up-to-date: /home/lukat/unitree_mujoco_ws/COGAR_project/install/robot_interfaces/lib/librobot_interfaces__rosidl_typesupport_introspection_c.so
[1.254s] -- Up-to-date: /home/lukat/unitree_mujoco_ws/COGAR_project/install/robot_interfaces/lib/librobot_interfaces__rosidl_typesupport_c.so
[1.254s] -- Up-to-date: /home/lukat/unitree_mujoco_ws/COGAR_project/install/robot_interfaces/include/robot_interfaces/robot_interfaces
[1.255s] -- Up-to-date: /home/lukat/unitree_mujoco_ws/COGAR_project/install/robot_interfaces/include/robot_interfaces/robot_interfaces/srv
[1.256s] -- Up-to-date: /home/lukat/unitree_mujoco_ws/COGAR_project/install/robot_interfaces/include/robot_interfaces/robot_interfaces/srv/update_gait_params.hpp
[1.256s] -- Up-to-date: /home/lukat/unitree_mujoco_ws/COGAR_project/install/robot_interfaces/include/robot_interfaces/robot_interfaces/srv/set_body_height.hpp
[1.256s] -- Up-to-date: /home/lukat/unitree_mujoco_ws/COGAR_project/install/robot_interfaces/include/robot_interfaces/robot_interfaces/srv/detail
[1.257s] -- Up-to-date: /home/lukat/unitree_mujoco_ws/COGAR_project/install/robot_interfaces/include/robot_interfaces/robot_interfaces/srv/detail/update_single_param__type_support.hpp
[1.258s] -- Up-to-date: /home/lukat/unitree_mujoco_ws/COGAR_project/install/robot_interfaces/include/robot_interfaces/robot_interfaces/srv/detail/update_single_param__struct.hpp
[1.258s] -- Up-to-date: /home/lukat/unitree_mujoco_ws/COGAR_project/install/robot_interfaces/include/robot_interfaces/robot_interfaces/srv/detail/set_body_height__builder.hpp
[1.258s] -- Up-to-date: /home/lukat/unitree_mujoco_ws/COGAR_project/install/robot_interfaces/include/robot_interfaces/robot_interfaces/srv/detail/update_gait_params__struct.hpp
[1.258s] -- Up-to-date: /home/lukat/unitree_mujoco_ws/COGAR_project/install/robot_interfaces/include/robot_interfaces/robot_interfaces/srv/detail/update_single_param__traits.hpp
[1.258s] -- Up-to-date: /home/lukat/unitree_mujoco_ws/COGAR_project/install/robot_interfaces/include/robot_interfaces/robot_interfaces/srv/detail/update_gait_params__type_support.hpp
[1.259s] -- Up-to-date: /home/lukat/unitree_mujoco_ws/COGAR_project/install/robot_interfaces/include/robot_interfaces/robot_interfaces/srv/detail/set_body_height__type_support.hpp
[1.259s] -- Up-to-date: /home/lukat/unitree_mujoco_ws/COGAR_project/install/robot_interfaces/include/robot_interfaces/robot_interfaces/srv/detail/update_gait_params__builder.hpp
[1.259s] -- Up-to-date: /home/lukat/unitree_mujoco_ws/COGAR_project/install/robot_interfaces/include/robot_interfaces/robot_interfaces/srv/detail/set_body_height__struct.hpp
[1.259s] -- Up-to-date: /home/lukat/unitree_mujoco_ws/COGAR_project/install/robot_interfaces/include/robot_interfaces/robot_interfaces/srv/detail/set_body_height__traits.hpp
[1.260s] -- Up-to-date: /home/lukat/unitree_mujoco_ws/COGAR_project/install/robot_interfaces/include/robot_interfaces/robot_interfaces/srv/detail/update_single_param__builder.hpp
[1.260s] -- Up-to-date: /home/lukat/unitree_mujoco_ws/COGAR_project/install/robot_interfaces/include/robot_interfaces/robot_interfaces/srv/detail/update_gait_params__traits.hpp
[1.260s] -- Up-to-date: /home/lukat/unitree_mujoco_ws/COGAR_project/install/robot_interfaces/include/robot_interfaces/robot_interfaces/srv/update_single_param.hpp
[1.260s] -- Up-to-date: /home/lukat/unitree_mujoco_ws/COGAR_project/install/robot_interfaces/include/robot_interfaces/robot_interfaces/msg
[1.261s] -- Up-to-date: /home/lukat/unitree_mujoco_ws/COGAR_project/install/robot_interfaces/include/robot_interfaces/robot_interfaces/msg/robot_state.hpp
[1.261s] -- Up-to-date: /home/lukat/unitree_mujoco_ws/COGAR_project/install/robot_interfaces/include/robot_interfaces/robot_interfaces/msg/detail
[1.261s] -- Up-to-date: /home/lukat/unitree_mujoco_ws/COGAR_project/install/robot_interfaces/include/robot_interfaces/robot_interfaces/msg/detail/robot_state__struct.hpp
[1.262s] -- Up-to-date: /home/lukat/unitree_mujoco_ws/COGAR_project/install/robot_interfaces/include/robot_interfaces/robot_interfaces/msg/detail/robot_state__builder.hpp
[1.263s] -- Up-to-date: /home/lukat/unitree_mujoco_ws/COGAR_project/install/robot_interfaces/include/robot_interfaces/robot_interfaces/msg/detail/robot_state__type_support.hpp
[1.264s] -- Up-to-date: /home/lukat/unitree_mujoco_ws/COGAR_project/install/robot_interfaces/include/robot_interfaces/robot_interfaces/msg/detail/robot_state__traits.hpp
[1.265s] -- Up-to-date: /home/lukat/unitree_mujoco_ws/COGAR_project/install/robot_interfaces/include/robot_interfaces/robot_interfaces/msg/rosidl_generator_cpp__visibility_control.hpp
[1.265s] -- Up-to-date: /home/lukat/unitree_mujoco_ws/COGAR_project/install/robot_interfaces/include/robot_interfaces/robot_interfaces
[1.265s] -- Up-to-date: /home/lukat/unitree_mujoco_ws/COGAR_project/install/robot_interfaces/include/robot_interfaces/robot_interfaces/srv
[1.265s] -- Up-to-date: /home/lukat/unitree_mujoco_ws/COGAR_project/install/robot_interfaces/include/robot_interfaces/robot_interfaces/srv/detail
[1.265s] -- Up-to-date: /home/lukat/unitree_mujoco_ws/COGAR_project/install/robot_interfaces/include/robot_interfaces/robot_interfaces/srv/detail/update_gait_params__rosidl_typesupport_fastrtps_cpp.hpp
[1.265s] -- Up-to-date: /home/lukat/unitree_mujoco_ws/COGAR_project/install/robot_interfaces/include/robot_interfaces/robot_interfaces/srv/detail/update_single_param__rosidl_typesupport_fastrtps_cpp.hpp
[1.266s] -- Up-to-date: /home/lukat/unitree_mujoco_ws/COGAR_project/install/robot_interfaces/include/robot_interfaces/robot_interfaces/srv/detail/dds_fastrtps
[1.266s] -- Up-to-date: /home/lukat/unitree_mujoco_ws/COGAR_project/install/robot_interfaces/include/robot_interfaces/robot_interfaces/srv/detail/set_body_height__rosidl_typesupport_fastrtps_cpp.hpp
[1.266s] -- Up-to-date: /home/lukat/unitree_mujoco_ws/COGAR_project/install/robot_interfaces/include/robot_interfaces/robot_interfaces/msg
[1.266s] -- Up-to-date: /home/lukat/unitree_mujoco_ws/COGAR_project/install/robot_interfaces/include/robot_interfaces/robot_interfaces/msg/detail
[1.267s] -- Up-to-date: /home/lukat/unitree_mujoco_ws/COGAR_project/install/robot_interfaces/include/robot_interfaces/robot_interfaces/msg/detail/dds_fastrtps
[1.267s] -- Up-to-date: /home/lukat/unitree_mujoco_ws/COGAR_project/install/robot_interfaces/include/robot_interfaces/robot_interfaces/msg/detail/robot_state__rosidl_typesupport_fastrtps_cpp.hpp
[1.267s] -- Up-to-date: /home/lukat/unitree_mujoco_ws/COGAR_project/install/robot_interfaces/include/robot_interfaces/robot_interfaces/msg/rosidl_typesupport_fastrtps_cpp__visibility_control.h
[1.267s] -- Up-to-date: /home/lukat/unitree_mujoco_ws/COGAR_project/install/robot_interfaces/lib/librobot_interfaces__rosidl_typesupport_fastrtps_cpp.so
[1.268s] -- Up-to-date: /home/lukat/unitree_mujoco_ws/COGAR_project/install/robot_interfaces/include/robot_interfaces/robot_interfaces
[1.268s] -- Up-to-date: /home/lukat/unitree_mujoco_ws/COGAR_project/install/robot_interfaces/include/robot_interfaces/robot_interfaces/srv
[1.268s] -- Up-to-date: /home/lukat/unitree_mujoco_ws/COGAR_project/install/robot_interfaces/include/robot_interfaces/robot_interfaces/srv/detail
[1.268s] -- Up-to-date: /home/lukat/unitree_mujoco_ws/COGAR_project/install/robot_interfaces/include/robot_interfaces/robot_interfaces/srv/detail/update_gait_params__type_support.cpp
[1.268s] -- Up-to-date: /home/lukat/unitree_mujoco_ws/COGAR_project/install/robot_interfaces/include/robot_interfaces/robot_interfaces/srv/detail/set_body_height__type_support.cpp
[1.268s] -- Up-to-date: /home/lukat/unitree_mujoco_ws/COGAR_project/install/robot_interfaces/include/robot_interfaces/robot_interfaces/srv/detail/update_gait_params__rosidl_typesupport_introspection_cpp.hpp
[1.269s] -- Up-to-date: /home/lukat/unitree_mujoco_ws/COGAR_project/install/robot_interfaces/include/robot_interfaces/robot_interfaces/srv/detail/set_body_height__rosidl_typesupport_introspection_cpp.hpp
[1.269s] -- Up-to-date: /home/lukat/unitree_mujoco_ws/COGAR_project/install/robot_interfaces/include/robot_interfaces/robot_interfaces/srv/detail/update_single_param__type_support.cpp
[1.269s] -- Up-to-date: /home/lukat/unitree_mujoco_ws/COGAR_project/install/robot_interfaces/include/robot_interfaces/robot_interfaces/srv/detail/update_single_param__rosidl_typesupport_introspection_cpp.hpp
[1.269s] -- Up-to-date: /home/lukat/unitree_mujoco_ws/COGAR_project/install/robot_interfaces/include/robot_interfaces/robot_interfaces/msg
[1.270s] -- Up-to-date: /home/lukat/unitree_mujoco_ws/COGAR_project/install/robot_interfaces/include/robot_interfaces/robot_interfaces/msg/detail
[1.270s] -- Up-to-date: /home/lukat/unitree_mujoco_ws/COGAR_project/install/robot_interfaces/include/robot_interfaces/robot_interfaces/msg/detail/robot_state__type_support.cpp
[1.270s] -- Up-to-date: /home/lukat/unitree_mujoco_ws/COGAR_project/install/robot_interfaces/include/robot_interfaces/robot_interfaces/msg/detail/robot_state__rosidl_typesupport_introspection_cpp.hpp
[1.270s] -- Up-to-date: /home/lukat/unitree_mujoco_ws/COGAR_project/install/robot_interfaces/lib/librobot_interfaces__rosidl_typesupport_introspection_cpp.so
[1.270s] -- Up-to-date: /home/lukat/unitree_mujoco_ws/COGAR_project/install/robot_interfaces/lib/librobot_interfaces__rosidl_typesupport_cpp.so
[1.271s] -- Up-to-date: /home/lukat/unitree_mujoco_ws/COGAR_project/install/robot_interfaces/share/robot_interfaces/environment/pythonpath.sh
[1.271s] -- Up-to-date: /home/lukat/unitree_mujoco_ws/COGAR_project/install/robot_interfaces/share/robot_interfaces/environment/pythonpath.dsv
[1.272s] -- Up-to-date: /home/lukat/unitree_mujoco_ws/COGAR_project/install/robot_interfaces/local/lib/python3.10/dist-packages/robot_interfaces-0.0.0-py3.10.egg-info
[1.272s] -- Installing: /home/lukat/unitree_mujoco_ws/COGAR_project/install/robot_interfaces/local/lib/python3.10/dist-packages/robot_interfaces-0.0.0-py3.10.egg-info/PKG-INFO
[1.272s] -- Installing: /home/lukat/unitree_mujoco_ws/COGAR_project/install/robot_interfaces/local/lib/python3.10/dist-packages/robot_interfaces-0.0.0-py3.10.egg-info/SOURCES.txt
[1.273s] -- Installing: /home/lukat/unitree_mujoco_ws/COGAR_project/install/robot_interfaces/local/lib/python3.10/dist-packages/robot_interfaces-0.0.0-py3.10.egg-info/top_level.txt
[1.273s] -- Installing: /home/lukat/unitree_mujoco_ws/COGAR_project/install/robot_interfaces/local/lib/python3.10/dist-packages/robot_interfaces-0.0.0-py3.10.egg-info/dependency_links.txt
[1.274s] -- Up-to-date: /home/lukat/unitree_mujoco_ws/COGAR_project/install/robot_interfaces/local/lib/python3.10/dist-packages/robot_interfaces
[1.274s] -- Up-to-date: /home/lukat/unitree_mujoco_ws/COGAR_project/install/robot_interfaces/local/lib/python3.10/dist-packages/robot_interfaces/_robot_interfaces_s.ep.rosidl_typesupport_introspection_c.c
[1.276s] -- Up-to-date: /home/lukat/unitree_mujoco_ws/COGAR_project/install/robot_interfaces/local/lib/python3.10/dist-packages/robot_interfaces/librobot_interfaces__rosidl_generator_py.so
[1.277s] -- Up-to-date: /home/lukat/unitree_mujoco_ws/COGAR_project/install/robot_interfaces/local/lib/python3.10/dist-packages/robot_interfaces/robot_interfaces_s__rosidl_typesupport_c.cpython-310-x86_64-linux-gnu.so
[1.277s] -- Up-to-date: /home/lukat/unitree_mujoco_ws/COGAR_project/install/robot_interfaces/local/lib/python3.10/dist-packages/robot_interfaces/srv
[1.277s] -- Up-to-date: /home/lukat/unitree_mujoco_ws/COGAR_project/install/robot_interfaces/local/lib/python3.10/dist-packages/robot_interfaces/srv/_update_single_param_s.c
[1.277s] -- Up-to-date: /home/lukat/unitree_mujoco_ws/COGAR_project/install/robot_interfaces/local/lib/python3.10/dist-packages/robot_interfaces/srv/_set_body_height_s.c
[1.277s] -- Up-to-date: /home/lukat/unitree_mujoco_ws/COGAR_project/install/robot_interfaces/local/lib/python3.10/dist-packages/robot_interfaces/srv/_update_single_param.py
[1.277s] -- Up-to-date: /home/lukat/unitree_mujoco_ws/COGAR_project/install/robot_interfaces/local/lib/python3.10/dist-packages/robot_interfaces/srv/__init__.py
[1.278s] -- Up-to-date: /home/lukat/unitree_mujoco_ws/COGAR_project/install/robot_interfaces/local/lib/python3.10/dist-packages/robot_interfaces/srv/_update_gait_params_s.c
[1.278s] -- Up-to-date: /home/lukat/unitree_mujoco_ws/COGAR_project/install/robot_interfaces/local/lib/python3.10/dist-packages/robot_interfaces/srv/_update_gait_params.py
[1.278s] -- Up-to-date: /home/lukat/unitree_mujoco_ws/COGAR_project/install/robot_interfaces/local/lib/python3.10/dist-packages/robot_interfaces/srv/_set_body_height.py
[1.278s] -- Up-to-date: /home/lukat/unitree_mujoco_ws/COGAR_project/install/robot_interfaces/local/lib/python3.10/dist-packages/robot_interfaces/robot_interfaces_s__rosidl_typesupport_fastrtps_c.cpython-310-x86_64-linux-gnu.so
[1.278s] -- Up-to-date: /home/lukat/unitree_mujoco_ws/COGAR_project/install/robot_interfaces/local/lib/python3.10/dist-packages/robot_interfaces/__init__.py
[1.279s] -- Up-to-date: /home/lukat/unitree_mujoco_ws/COGAR_project/install/robot_interfaces/local/lib/python3.10/dist-packages/robot_interfaces/msg
[1.279s] -- Up-to-date: /home/lukat/unitree_mujoco_ws/COGAR_project/install/robot_interfaces/local/lib/python3.10/dist-packages/robot_interfaces/msg/_robot_state_s.c
[1.279s] -- Up-to-date: /home/lukat/unitree_mujoco_ws/COGAR_project/install/robot_interfaces/local/lib/python3.10/dist-packages/robot_interfaces/msg/__init__.py
[1.279s] -- Up-to-date: /home/lukat/unitree_mujoco_ws/COGAR_project/install/robot_interfaces/local/lib/python3.10/dist-packages/robot_interfaces/msg/_robot_state.py
[1.280s] -- Up-to-date: /home/lukat/unitree_mujoco_ws/COGAR_project/install/robot_interfaces/local/lib/python3.10/dist-packages/robot_interfaces/robot_interfaces_s__rosidl_typesupport_introspection_c.cpython-310-x86_64-linux-gnu.so
[1.280s] -- Up-to-date: /home/lukat/unitree_mujoco_ws/COGAR_project/install/robot_interfaces/local/lib/python3.10/dist-packages/robot_interfaces/_robot_interfaces_s.ep.rosidl_typesupport_fastrtps_c.c
[1.280s] -- Up-to-date: /home/lukat/unitree_mujoco_ws/COGAR_project/install/robot_interfaces/local/lib/python3.10/dist-packages/robot_interfaces/_robot_interfaces_s.ep.rosidl_typesupport_c.c
[1.368s] Listing '/home/lukat/unitree_mujoco_ws/COGAR_project/install/robot_interfaces/local/lib/python3.10/dist-packages/robot_interfaces'...
[1.368s] Listing '/home/lukat/unitree_mujoco_ws/COGAR_project/install/robot_interfaces/local/lib/python3.10/dist-packages/robot_interfaces/msg'...
[1.369s] Listing '/home/lukat/unitree_mujoco_ws/COGAR_project/install/robot_interfaces/local/lib/python3.10/dist-packages/robot_interfaces/srv'...
[1.381s] -- Up-to-date: /home/lukat/unitree_mujoco_ws/COGAR_project/install/robot_interfaces/local/lib/python3.10/dist-packages/robot_interfaces/robot_interfaces_s__rosidl_typesupport_fastrtps_c.cpython-310-x86_64-linux-gnu.so
[1.382s] -- Up-to-date: /home/lukat/unitree_mujoco_ws/COGAR_project/install/robot_interfaces/local/lib/python3.10/dist-packages/robot_interfaces/robot_interfaces_s__rosidl_typesupport_introspection_c.cpython-310-x86_64-linux-gnu.so
[1.383s] -- Up-to-date: /home/lukat/unitree_mujoco_ws/COGAR_project/install/robot_interfaces/local/lib/python3.10/dist-packages/robot_interfaces/robot_interfaces_s__rosidl_typesupport_c.cpython-310-x86_64-linux-gnu.so
[1.383s] -- Up-to-date: /home/lukat/unitree_mujoco_ws/COGAR_project/install/robot_interfaces/lib/librobot_interfaces__rosidl_generator_py.so
[1.385s] -- Up-to-date: /home/lukat/unitree_mujoco_ws/COGAR_project/install/robot_interfaces/share/ament_index/resource_index/rust_packages/robot_interfaces
[1.385s] -- Up-to-date: /home/lukat/unitree_mujoco_ws/COGAR_project/install/robot_interfaces/share/robot_interfaces/rust
[1.386s] -- Up-to-date: /home/lukat/unitree_mujoco_ws/COGAR_project/install/robot_interfaces/share/robot_interfaces/rust/Cargo.toml
[1.386s] -- Up-to-date: /home/lukat/unitree_mujoco_ws/COGAR_project/install/robot_interfaces/share/robot_interfaces/rust/src
[1.387s] -- Up-to-date: /home/lukat/unitree_mujoco_ws/COGAR_project/install/robot_interfaces/share/robot_interfaces/rust/src/msg.rs
[1.387s] -- Up-to-date: /home/lukat/unitree_mujoco_ws/COGAR_project/install/robot_interfaces/share/robot_interfaces/rust/src/srv.rs
[1.387s] -- Up-to-date: /home/lukat/unitree_mujoco_ws/COGAR_project/install/robot_interfaces/share/robot_interfaces/rust/src/srv
[1.389s] -- Up-to-date: /home/lukat/unitree_mujoco_ws/COGAR_project/install/robot_interfaces/share/robot_interfaces/rust/src/srv/rmw.rs
[1.389s] -- Up-to-date: /home/lukat/unitree_mujoco_ws/COGAR_project/install/robot_interfaces/share/robot_interfaces/rust/src/msg
[1.389s] -- Up-to-date: /home/lukat/unitree_mujoco_ws/COGAR_project/install/robot_interfaces/share/robot_interfaces/rust/src/msg/rmw.rs
[1.390s] -- Up-to-date: /home/lukat/unitree_mujoco_ws/COGAR_project/install/robot_interfaces/share/robot_interfaces/rust/src/lib.rs
[1.391s] -- Up-to-date: /home/lukat/unitree_mujoco_ws/COGAR_project/install/robot_interfaces/share/robot_interfaces/rust/build.rs
[1.391s] -- Up-to-date: /home/lukat/unitree_mujoco_ws/COGAR_project/install/robot_interfaces/share/robot_interfaces/msg/RobotState.idl
[1.392s] -- Up-to-date: /home/lukat/unitree_mujoco_ws/COGAR_project/install/robot_interfaces/share/robot_interfaces/srv/UpdateGaitParams.idl
[1.392s] -- Up-to-date: /home/lukat/unitree_mujoco_ws/COGAR_project/install/robot_interfaces/share/robot_interfaces/srv/UpdateSingleParam.idl
[1.393s] -- Up-to-date: /home/lukat/unitree_mujoco_ws/COGAR_project/install/robot_interfaces/share/robot_interfaces/srv/SetBodyHeight.idl
[1.393s] -- Up-to-date: /home/lukat/unitree_mujoco_ws/COGAR_project/install/robot_interfaces/share/robot_interfaces/msg/RobotState.msg
[1.394s] -- Up-to-date: /home/lukat/unitree_mujoco_ws/COGAR_project/install/robot_interfaces/share/robot_interfaces/srv/UpdateGaitParams.srv
[1.394s] -- Up-to-date: /home/lukat/unitree_mujoco_ws/COGAR_project/install/robot_interfaces/share/robot_interfaces/srv/UpdateGaitParams_Request.msg
[1.394s] -- Up-to-date: /home/lukat/unitree_mujoco_ws/COGAR_project/install/robot_interfaces/share/robot_interfaces/srv/UpdateGaitParams_Response.msg
[1.394s] -- Up-to-date: /home/lukat/unitree_mujoco_ws/COGAR_project/install/robot_interfaces/share/robot_interfaces/srv/UpdateSingleParam.srv
[1.395s] -- Up-to-date: /home/lukat/unitree_mujoco_ws/COGAR_project/install/robot_interfaces/share/robot_interfaces/srv/UpdateSingleParam_Request.msg
[1.395s] -- Up-to-date: /home/lukat/unitree_mujoco_ws/COGAR_project/install/robot_interfaces/share/robot_interfaces/srv/UpdateSingleParam_Response.msg
[1.395s] -- Up-to-date: /home/lukat/unitree_mujoco_ws/COGAR_project/install/robot_interfaces/share/robot_interfaces/srv/SetBodyHeight.srv
[1.396s] -- Up-to-date: /home/lukat/unitree_mujoco_ws/COGAR_project/install/robot_interfaces/share/robot_interfaces/srv/SetBodyHeight_Request.msg
[1.397s] -- Up-to-date: /home/lukat/unitree_mujoco_ws/COGAR_project/install/robot_interfaces/share/robot_interfaces/srv/SetBodyHeight_Response.msg
[1.398s] -- Up-to-date: /home/lukat/unitree_mujoco_ws/COGAR_project/install/robot_interfaces/share/ament_index/resource_index/package_run_dependencies/robot_interfaces
[1.399s] -- Up-to-date: /home/lukat/unitree_mujoco_ws/COGAR_project/install/robot_interfaces/share/ament_index/resource_index/parent_prefix_path/robot_interfaces
[1.400s] -- Up-to-date: /home/lukat/unitree_mujoco_ws/COGAR_project/install/robot_interfaces/share/robot_interfaces/environment/ament_prefix_path.sh
[1.400s] -- Up-to-date: /home/lukat/unitree_mujoco_ws/COGAR_project/install/robot_interfaces/share/robot_interfaces/environment/ament_prefix_path.dsv
[1.400s] -- Up-to-date: /home/lukat/unitree_mujoco_ws/COGAR_project/install/robot_interfaces/share/robot_interfaces/environment/path.sh
[1.401s] -- Up-to-date: /home/lukat/unitree_mujoco_ws/COGAR_project/install/robot_interfaces/share/robot_interfaces/environment/path.dsv
[1.401s] -- Up-to-date: /home/lukat/unitree_mujoco_ws/COGAR_project/install/robot_interfaces/share/robot_interfaces/local_setup.bash
[1.402s] -- Up-to-date: /home/lukat/unitree_mujoco_ws/COGAR_project/install/robot_interfaces/share/robot_interfaces/local_setup.sh
[1.402s] -- Up-to-date: /home/lukat/unitree_mujoco_ws/COGAR_project/install/robot_interfaces/share/robot_interfaces/local_setup.zsh
[1.402s] -- Up-to-date: /home/lukat/unitree_mujoco_ws/COGAR_project/install/robot_interfaces/share/robot_interfaces/local_setup.dsv
[1.403s] -- Installing: /home/lukat/unitree_mujoco_ws/COGAR_project/install/robot_interfaces/share/robot_interfaces/package.dsv
[1.404s] -- Up-to-date: /home/lukat/unitree_mujoco_ws/COGAR_project/install/robot_interfaces/share/ament_index/resource_index/packages/robot_interfaces
[1.404s] -- Up-to-date: /home/lukat/unitree_mujoco_ws/COGAR_project/install/robot_interfaces/share/robot_interfaces/cmake/export_robot_interfaces__rosidl_generator_cExport.cmake
[1.405s] -- Up-to-date: /home/lukat/unitree_mujoco_ws/COGAR_project/install/robot_interfaces/share/robot_interfaces/cmake/export_robot_interfaces__rosidl_generator_cExport-noconfig.cmake
[1.405s] -- Up-to-date: /home/lukat/unitree_mujoco_ws/COGAR_project/install/robot_interfaces/share/robot_interfaces/cmake/export_robot_interfaces__rosidl_typesupport_fastrtps_cExport.cmake
[1.405s] -- Up-to-date: /home/lukat/unitree_mujoco_ws/COGAR_project/install/robot_interfaces/share/robot_interfaces/cmake/export_robot_interfaces__rosidl_typesupport_fastrtps_cExport-noconfig.cmake
[1.405s] -- Up-to-date: /home/lukat/unitree_mujoco_ws/COGAR_project/install/robot_interfaces/share/robot_interfaces/cmake/robot_interfaces__rosidl_typesupport_introspection_cExport.cmake
[1.406s] -- Up-to-date: /home/lukat/unitree_mujoco_ws/COGAR_project/install/robot_interfaces/share/robot_interfaces/cmake/robot_interfaces__rosidl_typesupport_introspection_cExport-noconfig.cmake
[1.406s] -- Up-to-date: /home/lukat/unitree_mujoco_ws/COGAR_project/install/robot_interfaces/share/robot_interfaces/cmake/robot_interfaces__rosidl_typesupport_cExport.cmake
[1.407s] -- Up-to-date: /home/lukat/unitree_mujoco_ws/COGAR_project/install/robot_interfaces/share/robot_interfaces/cmake/robot_interfaces__rosidl_typesupport_cExport-noconfig.cmake
[1.407s] -- Up-to-date: /home/lukat/unitree_mujoco_ws/COGAR_project/install/robot_interfaces/share/robot_interfaces/cmake/export_robot_interfaces__rosidl_generator_cppExport.cmake
[1.408s] -- Up-to-date: /home/lukat/unitree_mujoco_ws/COGAR_project/install/robot_interfaces/share/robot_interfaces/cmake/export_robot_interfaces__rosidl_typesupport_fastrtps_cppExport.cmake
[1.408s] -- Up-to-date: /home/lukat/unitree_mujoco_ws/COGAR_project/install/robot_interfaces/share/robot_interfaces/cmake/export_robot_interfaces__rosidl_typesupport_fastrtps_cppExport-noconfig.cmake
[1.408s] -- Up-to-date: /home/lukat/unitree_mujoco_ws/COGAR_project/install/robot_interfaces/share/robot_interfaces/cmake/robot_interfaces__rosidl_typesupport_introspection_cppExport.cmake
[1.409s] -- Up-to-date: /home/lukat/unitree_mujoco_ws/COGAR_project/install/robot_interfaces/share/robot_interfaces/cmake/robot_interfaces__rosidl_typesupport_introspection_cppExport-noconfig.cmake
[1.410s] -- Up-to-date: /home/lukat/unitree_mujoco_ws/COGAR_project/install/robot_interfaces/share/robot_interfaces/cmake/robot_interfaces__rosidl_typesupport_cppExport.cmake
[1.410s] -- Up-to-date: /home/lukat/unitree_mujoco_ws/COGAR_project/install/robot_interfaces/share/robot_interfaces/cmake/robot_interfaces__rosidl_typesupport_cppExport-noconfig.cmake
[1.410s] -- Up-to-date: /home/lukat/unitree_mujoco_ws/COGAR_project/install/robot_interfaces/share/robot_interfaces/cmake/export_robot_interfaces__rosidl_generator_pyExport.cmake
[1.410s] -- Up-to-date: /home/lukat/unitree_mujoco_ws/COGAR_project/install/robot_interfaces/share/robot_interfaces/cmake/export_robot_interfaces__rosidl_generator_pyExport-noconfig.cmake
[1.411s] -- Up-to-date: /home/lukat/unitree_mujoco_ws/COGAR_project/install/robot_interfaces/share/robot_interfaces/cmake/rosidl_cmake-extras.cmake
[1.412s] -- Up-to-date: /home/lukat/unitree_mujoco_ws/COGAR_project/install/robot_interfaces/share/robot_interfaces/cmake/ament_cmake_export_dependencies-extras.cmake
[1.412s] -- Up-to-date: /home/lukat/unitree_mujoco_ws/COGAR_project/install/robot_interfaces/share/robot_interfaces/cmake/ament_cmake_export_include_directories-extras.cmake
[1.412s] -- Up-to-date: /home/lukat/unitree_mujoco_ws/COGAR_project/install/robot_interfaces/share/robot_interfaces/cmake/ament_cmake_export_libraries-extras.cmake
[1.413s] -- Up-to-date: /home/lukat/unitree_mujoco_ws/COGAR_project/install/robot_interfaces/share/robot_interfaces/cmake/ament_cmake_export_targets-extras.cmake
[1.414s] -- Up-to-date: /home/lukat/unitree_mujoco_ws/COGAR_project/install/robot_interfaces/share/robot_interfaces/cmake/rosidl_cmake_export_typesupport_targets-extras.cmake
[1.415s] -- Up-to-date: /home/lukat/unitree_mujoco_ws/COGAR_project/install/robot_interfaces/share/robot_interfaces/cmake/rosidl_cmake_export_typesupport_libraries-extras.cmake
[1.419s] -- Up-to-date: /home/lukat/unitree_mujoco_ws/COGAR_project/install/robot_interfaces/share/robot_interfaces/cmake/robot_interfacesConfig.cmake
[1.422s] -- Up-to-date: /home/lukat/unitree_mujoco_ws/COGAR_project/install/robot_interfaces/share/robot_interfaces/cmake/robot_interfacesConfig-version.cmake
[1.422s] -- Up-to-date: /home/lukat/unitree_mujoco_ws/COGAR_project/install/robot_interfaces/share/robot_interfaces/package.xml
[1.423s] Invoked command in '/home/lukat/unitree_mujoco_ws/COGAR_project/build/robot_interfaces' returned '0': CMAKE_PREFIX_PATH=${CMAKE_PREFIX_PATH}:/home/lukat/unitree_mujoco_ws/COGAR_project/install/simulation_py:/home/lukat/unitree_mujoco_ws/COGAR_project/install/controller:/home/lukat/unitree_mujoco_ws/COGAR_project/install/convex_mpc:/opt/ros/humble /usr/bin/cmake --install /home/lukat/unitree_mujoco_ws/COGAR_project/build/robot_interfaces
