[0.048s] Invoking command in '/home/lukat/unitree_mujoco_ws/COGAR_project/build/robot_interfaces': CMAKE_PREFIX_PATH=${CMAKE_PREFIX_PATH}:/home/lukat/unitree_mujoco_ws/COGAR_project/install/simulation_py:/home/lukat/unitree_mujoco_ws/COGAR_project/install/convex_mpc:/home/lukat/unitree_mujoco_ws/COGAR_project/install/controller:/opt/ros/humble /usr/bin/cmake --build /home/lukat/unitree_mujoco_ws/COGAR_project/build/robot_interfaces -- -j8 -l8
[0.472s] [  3%] Built target robot_interfaces__cpp
[0.473s] [  3%] Built target robot_interfaces__rs
[0.473s] [ 14%] Built target robot_interfaces__rosidl_generator_c
[0.474s] [ 14%] Built target ament_cmake_python_copy_robot_interfaces
[0.474s] [ 25%] Built target robot_interfaces__rosidl_typesupport_introspection_cpp
[0.474s] [ 35%] Built target robot_interfaces__rosidl_typesupport_fastrtps_cpp
[0.474s] [ 46%] Built target robot_interfaces__rosidl_typesupport_cpp
[0.474s] [ 57%] Built target robot_interfaces__rosidl_typesupport_c
[0.475s] [ 67%] Built target robot_interfaces__rosidl_typesupport_introspection_c
[0.475s] [ 78%] Built target robot_interfaces__rosidl_typesupport_fastrtps_c
[0.475s] [ 78%] Built target robot_interfaces
[0.475s] [ 80%] Built target robot_interfaces__py
[0.475s] [ 89%] Built target robot_interfaces__rosidl_generator_py
[0.475s] [ 92%] Built target robot_interfaces__rosidl_typesupport_introspection_c__pyext
[0.475s] [ 96%] Built target robot_interfaces__rosidl_typesupport_fastrtps_c__pyext
[0.476s] [100%] Built target robot_interfaces__rosidl_typesupport_c__pyext
[0.477s] /usr/bin/cmake: /home/lukat/miniconda3/envs/go2-convex-mpc/lib/libcurl.so.4: no version information available (required by /usr/bin/cmake)
[0.477s] /usr/bin/cmake: /home/lukat/miniconda3/envs/go2-convex-mpc/lib/libcurl.so.4: no version information available (required by /usr/bin/cmake)
[0.477s] /usr/bin/cmake: /home/lukat/miniconda3/envs/go2-convex-mpc/lib/libcurl.so.4: no version information available (required by /usr/bin/cmake)
[0.477s] /usr/bin/cmake: /home/lukat/miniconda3/envs/go2-convex-mpc/lib/libcurl.so.4: no version information available (required by /usr/bin/cmake)
[0.477s] /usr/bin/cmake: /home/lukat/miniconda3/envs/go2-convex-mpc/lib/libcurl.so.4: no version information available (required by /usr/bin/cmake)
[0.477s] /usr/bin/cmake: /home/lukat/miniconda3/envs/go2-convex-mpc/lib/libcurl.so.4: no version information available (required by /usr/bin/cmake)
[0.478s] /usr/bin/cmake: /home/lukat/miniconda3/envs/go2-convex-mpc/lib/libcurl.so.4: no version information available (required by /usr/bin/cmake)
[0.478s] /usr/bin/cmake: /home/lukat/miniconda3/envs/go2-convex-mpc/lib/libcurl.so.4: no version information available (required by /usr/bin/cmake)
[0.478s] /usr/bin/cmake: /home/lukat/miniconda3/envs/go2-convex-mpc/lib/libcurl.so.4: no version information available (required by /usr/bin/cmake)
[0.478s] /usr/bin/cmake: /home/lukat/miniconda3/envs/go2-convex-mpc/lib/libcurl.so.4: no version information available (required by /usr/bin/cmake)
[0.478s] /usr/bin/cmake: /home/lukat/miniconda3/envs/go2-convex-mpc/lib/libcurl.so.4: no version information available (required by /usr/bin/cmake)
[0.478s] /usr/bin/cmake: /home/lukat/miniconda3/envs/go2-convex-mpc/lib/libcurl.so.4: no version information available (required by /usr/bin/cmake)
[0.478s] /usr/bin/cmake: /home/lukat/miniconda3/envs/go2-convex-mpc/lib/libcurl.so.4: no version information available (required by /usr/bin/cmake)
[0.478s] /usr/bin/cmake: /home/lukat/miniconda3/envs/go2-convex-mpc/lib/libcurl.so.4: no version information available (required by /usr/bin/cmake)
[0.478s] /usr/bin/cmake: /home/lukat/miniconda3/envs/go2-convex-mpc/lib/libcurl.so.4: no version information available (required by /usr/bin/cmake)
[0.478s] /usr/bin/cmake: /home/lukat/miniconda3/envs/go2-convex-mpc/lib/libcurl.so.4: no version information available (required by /usr/bin/cmake)
[0.478s] /usr/bin/cmake: /home/lukat/miniconda3/envs/go2-convex-mpc/lib/libcurl.so.4: no version information available (required by /usr/bin/cmake)
[0.478s] /usr/bin/cmake: /home/lukat/miniconda3/envs/go2-convex-mpc/lib/libcurl.so.4: no version information available (required by /usr/bin/cmake)
[0.479s] /usr/bin/cmake: /home/lukat/miniconda3/envs/go2-convex-mpc/lib/libcurl.so.4: no version information available (required by /usr/bin/cmake)
[0.479s] /usr/bin/cmake: /home/lukat/miniconda3/envs/go2-convex-mpc/lib/libcurl.so.4: no version information available (required by /usr/bin/cmake)
[0.479s] /usr/bin/cmake: /home/lukat/miniconda3/envs/go2-convex-mpc/lib/libcurl.so.4: no version information available (required by /usr/bin/cmake)
[0.479s] /usr/bin/cmake: /home/lukat/miniconda3/envs/go2-convex-mpc/lib/libcurl.so.4: no version information available (required by /usr/bin/cmake)
[0.479s] /usr/bin/cmake: /home/lukat/miniconda3/envs/go2-convex-mpc/lib/libcurl.so.4: no version information available (required by /usr/bin/cmake)
[0.479s] /usr/bin/cmake: /home/lukat/miniconda3/envs/go2-convex-mpc/lib/libcurl.so.4: no version information available (required by /usr/bin/cmake)
[0.479s] /usr/bin/cmake: /home/lukat/miniconda3/envs/go2-convex-mpc/lib/libcurl.so.4: no version information available (required by /usr/bin/cmake)
[0.479s] /usr/bin/cmake: /home/lukat/miniconda3/envs/go2-convex-mpc/lib/libcurl.so.4: no version information available (required by /usr/bin/cmake)
[0.479s] /usr/bin/cmake: /home/lukat/miniconda3/envs/go2-convex-mpc/lib/libcurl.so.4: no version information available (required by /usr/bin/cmake)
[0.480s] /usr/bin/cmake: /home/lukat/miniconda3/envs/go2-convex-mpc/lib/libcurl.so.4: no version information available (required by /usr/bin/cmake)
[0.480s] /usr/bin/cmake: /home/lukat/miniconda3/envs/go2-convex-mpc/lib/libcurl.so.4: no version information available (required by /usr/bin/cmake)
[0.480s] /usr/bin/cmake: /home/lukat/miniconda3/envs/go2-convex-mpc/lib/libcurl.so.4: no version information available (required by /usr/bin/cmake)
[0.480s] /usr/bin/cmake: /home/lukat/miniconda3/envs/go2-convex-mpc/lib/libcurl.so.4: no version information available (required by /usr/bin/cmake)
[0.480s] /usr/bin/cmake: /home/lukat/miniconda3/envs/go2-convex-mpc/lib/libcurl.so.4: no version information available (required by /usr/bin/cmake)
[0.480s] /usr/bin/cmake: /home/lukat/miniconda3/envs/go2-convex-mpc/lib/libcurl.so.4: no version information available (required by /usr/bin/cmake)
[0.480s] /usr/bin/cmake: /home/lukat/miniconda3/envs/go2-convex-mpc/lib/libcurl.so.4: no version information available (required by /usr/bin/cmake)
[0.481s] /usr/bin/cmake: /home/lukat/miniconda3/envs/go2-convex-mpc/lib/libcurl.so.4: no version information available (required by /usr/bin/cmake)
[0.481s] /usr/bin/cmake: /home/lukat/miniconda3/envs/go2-convex-mpc/lib/libcurl.so.4: no version information available (required by /usr/bin/cmake)
[0.481s] /usr/bin/cmake: /home/lukat/miniconda3/envs/go2-convex-mpc/lib/libcurl.so.4: no version information available (required by /usr/bin/cmake)
[0.595s] running egg_info
[0.617s] writing robot_interfaces.egg-info/PKG-INFO
[0.618s] writing dependency_links to robot_interfaces.egg-info/dependency_links.txt
[0.619s] writing top-level names to robot_interfaces.egg-info/top_level.txt
[0.681s] reading manifest file 'robot_interfaces.egg-info/SOURCES.txt'
[0.682s] writing manifest file 'robot_interfaces.egg-info/SOURCES.txt'
[0.713s] /usr/bin/cmake: /home/lukat/miniconda3/envs/go2-convex-mpc/lib/libcurl.so.4: no version information available (required by /usr/bin/cmake)
[0.718s] [100%] Built target ament_cmake_python_build_robot_interfaces_egg
[0.721s] /usr/bin/cmake: /home/lukat/miniconda3/envs/go2-convex-mpc/lib/libcurl.so.4: no version information available (required by /usr/bin/cmake)
[0.771s] Invoked command in '/home/lukat/unitree_mujoco_ws/COGAR_project/build/robot_interfaces' returned '0': CMAKE_PREFIX_PATH=${CMAKE_PREFIX_PATH}:/home/lukat/unitree_mujoco_ws/COGAR_project/install/simulation_py:/home/lukat/unitree_mujoco_ws/COGAR_project/install/convex_mpc:/home/lukat/unitree_mujoco_ws/COGAR_project/install/controller:/opt/ros/humble /usr/bin/cmake --build /home/lukat/unitree_mujoco_ws/COGAR_project/build/robot_interfaces -- -j8 -l8
[0.786s] Invoking command in '/home/lukat/unitree_mujoco_ws/COGAR_project/build/robot_interfaces': CMAKE_PREFIX_PATH=${CMAKE_PREFIX_PATH}:/home/lukat/unitree_mujoco_ws/COGAR_project/install/simulation_py:/home/lukat/unitree_mujoco_ws/COGAR_project/install/convex_mpc:/home/lukat/unitree_mujoco_ws/COGAR_project/install/controller:/opt/ros/humble /usr/bin/cmake --build /home/lukat/unitree_mujoco_ws/COGAR_project/build/robot_interfaces --target install -- -j8 -l8
[0.788s] /usr/bin/cmake: /home/lukat/miniconda3/envs/go2-convex-mpc/lib/libcurl.so.4: no version information available (required by /usr/bin/cmake)
[0.808s] /usr/bin/cmake: /home/lukat/miniconda3/envs/go2-convex-mpc/lib/libcurl.so.4: no version information available (required by /usr/bin/cmake)
[0.822s] /usr/bin/cmake: /home/lukat/miniconda3/envs/go2-convex-mpc/lib/libcurl.so.4: no version information available (required by /usr/bin/cmake)
[0.844s] /usr/bin/cmake: /home/lukat/miniconda3/envs/go2-convex-mpc/lib/libcurl.so.4: no version information available (required by /usr/bin/cmake)
[0.844s] /usr/bin/cmake: /home/lukat/miniconda3/envs/go2-convex-mpc/lib/libcurl.so.4: no version information available (required by /usr/bin/cmake)
[0.844s] /usr/bin/cmake: /home/lukat/miniconda3/envs/go2-convex-mpc/lib/libcurl.so.4: no version information available (required by /usr/bin/cmake)
[0.844s] /usr/bin/cmake: /home/lukat/miniconda3/envs/go2-convex-mpc/lib/libcurl.so.4: no version information available (required by /usr/bin/cmake)
[0.856s] /usr/bin/cmake: /home/lukat/miniconda3/envs/go2-convex-mpc/lib/libcurl.so.4: no version information available (required by /usr/bin/cmake)
[0.857s] /usr/bin/cmake: /home/lukat/miniconda3/envs/go2-convex-mpc/lib/libcurl.so.4: no version information available (required by /usr/bin/cmake)
[0.858s] /usr/bin/cmake: /home/lukat/miniconda3/envs/go2-convex-mpc/lib/libcurl.so.4: no version information available (required by /usr/bin/cmake)
[0.863s] /usr/bin/cmake: /home/lukat/miniconda3/envs/go2-convex-mpc/lib/libcurl.so.4: no version information available (required by /usr/bin/cmake)
[0.865s] [  1%] Built target robot_interfaces__rs
[0.873s] [  3%] Built target robot_interfaces__cpp
[0.874s] [ 14%] Built target robot_interfaces__rosidl_generator_c
[0.877s] /usr/bin/cmake: /home/lukat/miniconda3/envs/go2-convex-mpc/lib/libcurl.so.4: no version information available (required by /usr/bin/cmake)
[0.884s] [ 14%] Built target ament_cmake_python_copy_robot_interfaces
[0.886s] /usr/bin/cmake: /home/lukat/miniconda3/envs/go2-convex-mpc/lib/libcurl.so.4: no version information available (required by /usr/bin/cmake)
[0.886s] /usr/bin/cmake: /home/lukat/miniconda3/envs/go2-convex-mpc/lib/libcurl.so.4: no version information available (required by /usr/bin/cmake)
[0.892s] /usr/bin/cmake: /home/lukat/miniconda3/envs/go2-convex-mpc/lib/libcurl.so.4: no version information available (required by /usr/bin/cmake)
[0.900s] /usr/bin/cmake: /home/lukat/miniconda3/envs/go2-convex-mpc/lib/libcurl.so.4: no version information available (required by /usr/bin/cmake)
[0.903s] /usr/bin/cmake: /home/lukat/miniconda3/envs/go2-convex-mpc/lib/libcurl.so.4: no version information available (required by /usr/bin/cmake)
[0.904s] /usr/bin/cmake: /home/lukat/miniconda3/envs/go2-convex-mpc/lib/libcurl.so.4: no version information available (required by /usr/bin/cmake)
[0.909s] /usr/bin/cmake: /home/lukat/miniconda3/envs/go2-convex-mpc/lib/libcurl.so.4: no version information available (required by /usr/bin/cmake)
[0.910s] /usr/bin/cmake: /home/lukat/miniconda3/envs/go2-convex-mpc/lib/libcurl.so.4: no version information available (required by /usr/bin/cmake)
[0.920s] [ 25%] Built target robot_interfaces__rosidl_typesupport_introspection_cpp
[0.923s] /usr/bin/cmake: /home/lukat/miniconda3/envs/go2-convex-mpc/lib/libcurl.so.4: no version information available (required by /usr/bin/cmake)
[0.930s] /usr/bin/cmake: /home/lukat/miniconda3/envs/go2-convex-mpc/lib/libcurl.so.4: no version information available (required by /usr/bin/cmake)
[0.931s] [ 35%] Built target robot_interfaces__rosidl_typesupport_fastrtps_cpp
[0.934s] /usr/bin/cmake: /home/lukat/miniconda3/envs/go2-convex-mpc/lib/libcurl.so.4: no version information available (required by /usr/bin/cmake)
[0.936s] /usr/bin/cmake: /home/lukat/miniconda3/envs/go2-convex-mpc/lib/libcurl.so.4: no version information available (required by /usr/bin/cmake)
[0.940s] /usr/bin/cmake: /home/lukat/miniconda3/envs/go2-convex-mpc/lib/libcurl.so.4: no version information available (required by /usr/bin/cmake)
[0.941s] [ 46%] Built target robot_interfaces__rosidl_typesupport_c
[0.943s] [ 57%] Built target robot_interfaces__rosidl_typesupport_introspection_c
[0.945s] [ 67%] Built target robot_interfaces__rosidl_typesupport_cpp
[0.952s] [ 78%] Built target robot_interfaces__rosidl_typesupport_fastrtps_c
[0.960s] /usr/bin/cmake: /home/lukat/miniconda3/envs/go2-convex-mpc/lib/libcurl.so.4: no version information available (required by /usr/bin/cmake)
[0.974s] /usr/bin/cmake: /home/lukat/miniconda3/envs/go2-convex-mpc/lib/libcurl.so.4: no version information available (required by /usr/bin/cmake)
[0.983s] [ 78%] Built target robot_interfaces
[0.996s] /usr/bin/cmake: /home/lukat/miniconda3/envs/go2-convex-mpc/lib/libcurl.so.4: no version information available (required by /usr/bin/cmake)
[1.015s] /usr/bin/cmake: /home/lukat/miniconda3/envs/go2-convex-mpc/lib/libcurl.so.4: no version information available (required by /usr/bin/cmake)
[1.024s] [ 80%] Built target robot_interfaces__py
[1.035s] /usr/bin/cmake: /home/lukat/miniconda3/envs/go2-convex-mpc/lib/libcurl.so.4: no version information available (required by /usr/bin/cmake)
[1.054s] /usr/bin/cmake: /home/lukat/miniconda3/envs/go2-convex-mpc/lib/libcurl.so.4: no version information available (required by /usr/bin/cmake)
[1.061s] [ 89%] Built target robot_interfaces__rosidl_generator_py
[1.071s] /usr/bin/cmake: /home/lukat/miniconda3/envs/go2-convex-mpc/lib/libcurl.so.4: no version information available (required by /usr/bin/cmake)
[1.076s] /usr/bin/cmake: /home/lukat/miniconda3/envs/go2-convex-mpc/lib/libcurl.so.4: no version information available (required by /usr/bin/cmake)
[1.076s] /usr/bin/cmake: /home/lukat/miniconda3/envs/go2-convex-mpc/lib/libcurl.so.4: no version information available (required by /usr/bin/cmake)
[1.091s] /usr/bin/cmake: /home/lukat/miniconda3/envs/go2-convex-mpc/lib/libcurl.so.4: no version information available (required by /usr/bin/cmake)
[1.093s] /usr/bin/cmake: /home/lukat/miniconda3/envs/go2-convex-mpc/lib/libcurl.so.4: no version information available (required by /usr/bin/cmake)
[1.102s] [ 92%] Built target robot_interfaces__rosidl_typesupport_introspection_c__pyext
[1.107s] [ 96%] Built target robot_interfaces__rosidl_typesupport_fastrtps_c__pyext
[1.118s] /usr/bin/cmake: /home/lukat/miniconda3/envs/go2-convex-mpc/lib/libcurl.so.4: no version information available (required by /usr/bin/cmake)
[1.128s] [100%] Built target robot_interfaces__rosidl_typesupport_c__pyext
[1.389s] running egg_info
[1.423s] writing robot_interfaces.egg-info/PKG-INFO
[1.424s] writing dependency_links to robot_interfaces.egg-info/dependency_links.txt
[1.425s] writing top-level names to robot_interfaces.egg-info/top_level.txt
[1.505s] reading manifest file 'robot_interfaces.egg-info/SOURCES.txt'
[1.508s] writing manifest file 'robot_interfaces.egg-info/SOURCES.txt'
[1.597s] /usr/bin/cmake: /home/lukat/miniconda3/envs/go2-convex-mpc/lib/libcurl.so.4: no version information available (required by /usr/bin/cmake)
[1.609s] [100%] Built target ament_cmake_python_build_robot_interfaces_egg
[1.615s] /usr/bin/cmake: /home/lukat/miniconda3/envs/go2-convex-mpc/lib/libcurl.so.4: no version information available (required by /usr/bin/cmake)
[1.633s] /usr/bin/cmake: /home/lukat/miniconda3/envs/go2-convex-mpc/lib/libcurl.so.4: no version information available (required by /usr/bin/cmake)
[1.644s] [36mInstall the project...[0m
[1.650s] /usr/bin/cmake: /home/lukat/miniconda3/envs/go2-convex-mpc/lib/libcurl.so.4: no version information available (required by /usr/bin/cmake)
[1.663s] -- Install configuration: ""
[1.664s] -- Up-to-date: /home/lukat/unitree_mujoco_ws/COGAR_project/install/robot_interfaces/share/ament_index/resource_index/rosidl_interfaces/robot_interfaces
[1.664s] -- Up-to-date: /home/lukat/unitree_mujoco_ws/COGAR_project/install/robot_interfaces/include/robot_interfaces/robot_interfaces
[1.664s] -- Up-to-date: /home/lukat/unitree_mujoco_ws/COGAR_project/install/robot_interfaces/include/robot_interfaces/robot_interfaces/srv
[1.665s] -- Up-to-date: /home/lukat/unitree_mujoco_ws/COGAR_project/install/robot_interfaces/include/robot_interfaces/robot_interfaces/srv/update_gait_params.h
[1.665s] -- Up-to-date: /home/lukat/unitree_mujoco_ws/COGAR_project/install/robot_interfaces/include/robot_interfaces/robot_interfaces/srv/set_body_height.h
[1.665s] -- Up-to-date: /home/lukat/unitree_mujoco_ws/COGAR_project/install/robot_interfaces/include/robot_interfaces/robot_interfaces/srv/update_single_param.h
[1.666s] -- Up-to-date: /home/lukat/unitree_mujoco_ws/COGAR_project/install/robot_interfaces/include/robot_interfaces/robot_interfaces/srv/detail
[1.666s] -- Up-to-date: /home/lukat/unitree_mujoco_ws/COGAR_project/install/robot_interfaces/include/robot_interfaces/robot_interfaces/srv/detail/update_single_param__struct.h
[1.667s] -- Up-to-date: /home/lukat/unitree_mujoco_ws/COGAR_project/install/robot_interfaces/include/robot_interfaces/robot_interfaces/srv/detail/update_gait_params__struct.h
[1.667s] -- Up-to-date: /home/lukat/unitree_mujoco_ws/COGAR_project/install/robot_interfaces/include/robot_interfaces/robot_interfaces/srv/detail/set_body_height__functions.h
[1.667s] -- Up-to-date: /home/lukat/unitree_mujoco_ws/COGAR_project/install/robot_interfaces/include/robot_interfaces/robot_interfaces/srv/detail/set_body_height__type_support.h
[1.667s] -- Up-to-date: /home/lukat/unitree_mujoco_ws/COGAR_project/install/robot_interfaces/include/robot_interfaces/robot_interfaces/srv/detail/update_single_param__type_support.h
[1.667s] -- Up-to-date: /home/lukat/unitree_mujoco_ws/COGAR_project/install/robot_interfaces/include/robot_interfaces/robot_interfaces/srv/detail/update_gait_params__functions.c
[1.668s] -- Up-to-date: /home/lukat/unitree_mujoco_ws/COGAR_project/install/robot_interfaces/include/robot_interfaces/robot_interfaces/srv/detail/update_single_param__functions.c
[1.668s] -- Up-to-date: /home/lukat/unitree_mujoco_ws/COGAR_project/install/robot_interfaces/include/robot_interfaces/robot_interfaces/srv/detail/set_body_height__struct.h
[1.669s] -- Up-to-date: /home/lukat/unitree_mujoco_ws/COGAR_project/install/robot_interfaces/include/robot_interfaces/robot_interfaces/srv/detail/set_body_height__functions.c
[1.670s] -- Up-to-date: /home/lukat/unitree_mujoco_ws/COGAR_project/install/robot_interfaces/include/robot_interfaces/robot_interfaces/srv/detail/update_gait_params__type_support.h
[1.670s] -- Up-to-date: /home/lukat/unitree_mujoco_ws/COGAR_project/install/robot_interfaces/include/robot_interfaces/robot_interfaces/srv/detail/update_gait_params__functions.h
[1.670s] -- Up-to-date: /home/lukat/unitree_mujoco_ws/COGAR_project/install/robot_interfaces/include/robot_interfaces/robot_interfaces/srv/detail/update_single_param__functions.h
[1.671s] -- Up-to-date: /home/lukat/unitree_mujoco_ws/COGAR_project/install/robot_interfaces/include/robot_interfaces/robot_interfaces/msg
[1.671s] -- Up-to-date: /home/lukat/unitree_mujoco_ws/COGAR_project/install/robot_interfaces/include/robot_interfaces/robot_interfaces/msg/robot_state.h
[1.672s] -- Up-to-date: /home/lukat/unitree_mujoco_ws/COGAR_project/install/robot_interfaces/include/robot_interfaces/robot_interfaces/msg/rosidl_generator_c__visibility_control.h
[1.672s] -- Up-to-date: /home/lukat/unitree_mujoco_ws/COGAR_project/install/robot_interfaces/include/robot_interfaces/robot_interfaces/msg/detail
[1.673s] -- Up-to-date: /home/lukat/unitree_mujoco_ws/COGAR_project/install/robot_interfaces/include/robot_interfaces/robot_interfaces/msg/detail/robot_state__struct.h
[1.673s] -- Up-to-date: /home/lukat/unitree_mujoco_ws/COGAR_project/install/robot_interfaces/include/robot_interfaces/robot_interfaces/msg/detail/robot_state__functions.c
[1.674s] -- Up-to-date: /home/lukat/unitree_mujoco_ws/COGAR_project/install/robot_interfaces/include/robot_interfaces/robot_interfaces/msg/detail/robot_state__type_support.h
[1.674s] -- Up-to-date: /home/lukat/unitree_mujoco_ws/COGAR_project/install/robot_interfaces/include/robot_interfaces/robot_interfaces/msg/detail/robot_state__functions.h
[1.674s] -- Up-to-date: /home/lukat/unitree_mujoco_ws/COGAR_project/install/robot_interfaces/share/robot_interfaces/environment/library_path.sh
[1.674s] -- Up-to-date: /home/lukat/unitree_mujoco_ws/COGAR_project/install/robot_interfaces/share/robot_interfaces/environment/library_path.dsv
[1.675s] -- Up-to-date: /home/lukat/unitree_mujoco_ws/COGAR_project/install/robot_interfaces/lib/librobot_interfaces__rosidl_generator_c.so
[1.675s] -- Up-to-date: /home/lukat/unitree_mujoco_ws/COGAR_project/install/robot_interfaces/include/robot_interfaces/robot_interfaces
[1.675s] -- Up-to-date: /home/lukat/unitree_mujoco_ws/COGAR_project/install/robot_interfaces/include/robot_interfaces/robot_interfaces/srv
[1.675s] -- Up-to-date: /home/lukat/unitree_mujoco_ws/COGAR_project/install/robot_interfaces/include/robot_interfaces/robot_interfaces/srv/detail
[1.675s] -- Up-to-date: /home/lukat/unitree_mujoco_ws/COGAR_project/install/robot_interfaces/include/robot_interfaces/robot_interfaces/srv/detail/update_gait_params__rosidl_typesupport_fastrtps_c.h
[1.676s] -- Up-to-date: /home/lukat/unitree_mujoco_ws/COGAR_project/install/robot_interfaces/include/robot_interfaces/robot_interfaces/srv/detail/update_single_param__rosidl_typesupport_fastrtps_c.h
[1.676s] -- Up-to-date: /home/lukat/unitree_mujoco_ws/COGAR_project/install/robot_interfaces/include/robot_interfaces/robot_interfaces/srv/detail/set_body_height__rosidl_typesupport_fastrtps_c.h
[1.676s] -- Up-to-date: /home/lukat/unitree_mujoco_ws/COGAR_project/install/robot_interfaces/include/robot_interfaces/robot_interfaces/msg
[1.676s] -- Up-to-date: /home/lukat/unitree_mujoco_ws/COGAR_project/install/robot_interfaces/include/robot_interfaces/robot_interfaces/msg/rosidl_typesupport_fastrtps_c__visibility_control.h
[1.676s] -- Up-to-date: /home/lukat/unitree_mujoco_ws/COGAR_project/install/robot_interfaces/include/robot_interfaces/robot_interfaces/msg/detail
[1.676s] -- Up-to-date: /home/lukat/unitree_mujoco_ws/COGAR_project/install/robot_interfaces/include/robot_interfaces/robot_interfaces/msg/detail/robot_state__rosidl_typesupport_fastrtps_c.h
[1.676s] -- Up-to-date: /home/lukat/unitree_mujoco_ws/COGAR_project/install/robot_interfaces/lib/librobot_interfaces__rosidl_typesupport_fastrtps_c.so
[1.676s] -- Up-to-date: /home/lukat/unitree_mujoco_ws/COGAR_project/install/robot_interfaces/include/robot_interfaces/robot_interfaces
[1.676s] -- Up-to-date: /home/lukat/unitree_mujoco_ws/COGAR_project/install/robot_interfaces/include/robot_interfaces/robot_interfaces/srv
[1.677s] -- Up-to-date: /home/lukat/unitree_mujoco_ws/COGAR_project/install/robot_interfaces/include/robot_interfaces/robot_interfaces/srv/detail
[1.677s] -- Up-to-date: /home/lukat/unitree_mujoco_ws/COGAR_project/install/robot_interfaces/include/robot_interfaces/robot_interfaces/srv/detail/set_body_height__rosidl_typesupport_introspection_c.h
[1.677s] -- Up-to-date: /home/lukat/unitree_mujoco_ws/COGAR_project/install/robot_interfaces/include/robot_interfaces/robot_interfaces/srv/detail/update_gait_params__rosidl_typesupport_introspection_c.h
[1.678s] -- Up-to-date: /home/lukat/unitree_mujoco_ws/COGAR_project/install/robot_interfaces/include/robot_interfaces/robot_interfaces/srv/detail/set_body_height__type_support.c
[1.678s] -- Up-to-date: /home/lukat/unitree_mujoco_ws/COGAR_project/install/robot_interfaces/include/robot_interfaces/robot_interfaces/srv/detail/update_gait_params__type_support.c
[1.678s] -- Up-to-date: /home/lukat/unitree_mujoco_ws/COGAR_project/install/robot_interfaces/include/robot_interfaces/robot_interfaces/srv/detail/update_single_param__type_support.c
[1.678s] -- Up-to-date: /home/lukat/unitree_mujoco_ws/COGAR_project/install/robot_interfaces/include/robot_interfaces/robot_interfaces/srv/detail/update_single_param__rosidl_typesupport_introspection_c.h
[1.679s] -- Up-to-date: /home/lukat/unitree_mujoco_ws/COGAR_project/install/robot_interfaces/include/robot_interfaces/robot_interfaces/msg
[1.679s] -- Up-to-date: /home/lukat/unitree_mujoco_ws/COGAR_project/install/robot_interfaces/include/robot_interfaces/robot_interfaces/msg/rosidl_typesupport_introspection_c__visibility_control.h
[1.679s] -- Up-to-date: /home/lukat/unitree_mujoco_ws/COGAR_project/install/robot_interfaces/include/robot_interfaces/robot_interfaces/msg/detail
[1.679s] -- Up-to-date: /home/lukat/unitree_mujoco_ws/COGAR_project/install/robot_interfaces/include/robot_interfaces/robot_interfaces/msg/detail/robot_state__rosidl_typesupport_introspection_c.h
[1.680s] -- Up-to-date: /home/lukat/unitree_mujoco_ws/COGAR_project/install/robot_interfaces/include/robot_interfaces/robot_interfaces/msg/detail/robot_state__type_support.c
[1.680s] -- Up-to-date: /home/lukat/unitree_mujoco_ws/COGAR_project/install/robot_interfaces/lib/librobot_interfaces__rosidl_typesupport_introspection_c.so
[1.681s] -- Up-to-date: /home/lukat/unitree_mujoco_ws/COGAR_project/install/robot_interfaces/lib/librobot_interfaces__rosidl_typesupport_c.so
[1.681s] -- Up-to-date: /home/lukat/unitree_mujoco_ws/COGAR_project/install/robot_interfaces/include/robot_interfaces/robot_interfaces
[1.681s] -- Up-to-date: /home/lukat/unitree_mujoco_ws/COGAR_project/install/robot_interfaces/include/robot_interfaces/robot_interfaces/srv
[1.681s] -- Up-to-date: /home/lukat/unitree_mujoco_ws/COGAR_project/install/robot_interfaces/include/robot_interfaces/robot_interfaces/srv/update_gait_params.hpp
[1.682s] -- Up-to-date: /home/lukat/unitree_mujoco_ws/COGAR_project/install/robot_interfaces/include/robot_interfaces/robot_interfaces/srv/set_body_height.hpp
[1.682s] -- Up-to-date: /home/lukat/unitree_mujoco_ws/COGAR_project/install/robot_interfaces/include/robot_interfaces/robot_interfaces/srv/detail
[1.684s] -- Up-to-date: /home/lukat/unitree_mujoco_ws/COGAR_project/install/robot_interfaces/include/robot_interfaces/robot_interfaces/srv/detail/update_single_param__type_support.hpp
[1.684s] -- Up-to-date: /home/lukat/unitree_mujoco_ws/COGAR_project/install/robot_interfaces/include/robot_interfaces/robot_interfaces/srv/detail/update_single_param__struct.hpp
[1.685s] -- Up-to-date: /home/lukat/unitree_mujoco_ws/COGAR_project/install/robot_interfaces/include/robot_interfaces/robot_interfaces/srv/detail/set_body_height__builder.hpp
[1.685s] -- Up-to-date: /home/lukat/unitree_mujoco_ws/COGAR_project/install/robot_interfaces/include/robot_interfaces/robot_interfaces/srv/detail/update_gait_params__struct.hpp
[1.685s] -- Up-to-date: /home/lukat/unitree_mujoco_ws/COGAR_project/install/robot_interfaces/include/robot_interfaces/robot_interfaces/srv/detail/update_single_param__traits.hpp
[1.685s] -- Up-to-date: /home/lukat/unitree_mujoco_ws/COGAR_project/install/robot_interfaces/include/robot_interfaces/robot_interfaces/srv/detail/update_gait_params__type_support.hpp
[1.686s] -- Up-to-date: /home/lukat/unitree_mujoco_ws/COGAR_project/install/robot_interfaces/include/robot_interfaces/robot_interfaces/srv/detail/set_body_height__type_support.hpp
[1.686s] -- Up-to-date: /home/lukat/unitree_mujoco_ws/COGAR_project/install/robot_interfaces/include/robot_interfaces/robot_interfaces/srv/detail/update_gait_params__builder.hpp
[1.686s] -- Up-to-date: /home/lukat/unitree_mujoco_ws/COGAR_project/install/robot_interfaces/include/robot_interfaces/robot_interfaces/srv/detail/set_body_height__struct.hpp
[1.686s] -- Up-to-date: /home/lukat/unitree_mujoco_ws/COGAR_project/install/robot_interfaces/include/robot_interfaces/robot_interfaces/srv/detail/set_body_height__traits.hpp
[1.686s] -- Up-to-date: /home/lukat/unitree_mujoco_ws/COGAR_project/install/robot_interfaces/include/robot_interfaces/robot_interfaces/srv/detail/update_single_param__builder.hpp
[1.687s] -- Up-to-date: /home/lukat/unitree_mujoco_ws/COGAR_project/install/robot_interfaces/include/robot_interfaces/robot_interfaces/srv/detail/update_gait_params__traits.hpp
[1.687s] -- Up-to-date: /home/lukat/unitree_mujoco_ws/COGAR_project/install/robot_interfaces/include/robot_interfaces/robot_interfaces/srv/update_single_param.hpp
[1.687s] -- Up-to-date: /home/lukat/unitree_mujoco_ws/COGAR_project/install/robot_interfaces/include/robot_interfaces/robot_interfaces/msg
[1.687s] -- Up-to-date: /home/lukat/unitree_mujoco_ws/COGAR_project/install/robot_interfaces/include/robot_interfaces/robot_interfaces/msg/robot_state.hpp
[1.687s] -- Up-to-date: /home/lukat/unitree_mujoco_ws/COGAR_project/install/robot_interfaces/include/robot_interfaces/robot_interfaces/msg/detail
[1.687s] -- Up-to-date: /home/lukat/unitree_mujoco_ws/COGAR_project/install/robot_interfaces/include/robot_interfaces/robot_interfaces/msg/detail/robot_state__struct.hpp
[1.687s] -- Up-to-date: /home/lukat/unitree_mujoco_ws/COGAR_project/install/robot_interfaces/include/robot_interfaces/robot_interfaces/msg/detail/robot_state__builder.hpp
[1.688s] -- Up-to-date: /home/lukat/unitree_mujoco_ws/COGAR_project/install/robot_interfaces/include/robot_interfaces/robot_interfaces/msg/detail/robot_state__type_support.hpp
[1.688s] -- Up-to-date: /home/lukat/unitree_mujoco_ws/COGAR_project/install/robot_interfaces/include/robot_interfaces/robot_interfaces/msg/detail/robot_state__traits.hpp
[1.688s] -- Up-to-date: /home/lukat/unitree_mujoco_ws/COGAR_project/install/robot_interfaces/include/robot_interfaces/robot_interfaces/msg/rosidl_generator_cpp__visibility_control.hpp
[1.688s] -- Up-to-date: /home/lukat/unitree_mujoco_ws/COGAR_project/install/robot_interfaces/include/robot_interfaces/robot_interfaces
[1.688s] -- Up-to-date: /home/lukat/unitree_mujoco_ws/COGAR_project/install/robot_interfaces/include/robot_interfaces/robot_interfaces/srv
[1.689s] -- Up-to-date: /home/lukat/unitree_mujoco_ws/COGAR_project/install/robot_interfaces/include/robot_interfaces/robot_interfaces/srv/detail
[1.689s] -- Up-to-date: /home/lukat/unitree_mujoco_ws/COGAR_project/install/robot_interfaces/include/robot_interfaces/robot_interfaces/srv/detail/update_gait_params__rosidl_typesupport_fastrtps_cpp.hpp
[1.689s] -- Up-to-date: /home/lukat/unitree_mujoco_ws/COGAR_project/install/robot_interfaces/include/robot_interfaces/robot_interfaces/srv/detail/update_single_param__rosidl_typesupport_fastrtps_cpp.hpp
[1.689s] -- Up-to-date: /home/lukat/unitree_mujoco_ws/COGAR_project/install/robot_interfaces/include/robot_interfaces/robot_interfaces/srv/detail/dds_fastrtps
[1.689s] -- Up-to-date: /home/lukat/unitree_mujoco_ws/COGAR_project/install/robot_interfaces/include/robot_interfaces/robot_interfaces/srv/detail/set_body_height__rosidl_typesupport_fastrtps_cpp.hpp
[1.689s] -- Up-to-date: /home/lukat/unitree_mujoco_ws/COGAR_project/install/robot_interfaces/include/robot_interfaces/robot_interfaces/msg
[1.689s] -- Up-to-date: /home/lukat/unitree_mujoco_ws/COGAR_project/install/robot_interfaces/include/robot_interfaces/robot_interfaces/msg/detail
[1.689s] -- Up-to-date: /home/lukat/unitree_mujoco_ws/COGAR_project/install/robot_interfaces/include/robot_interfaces/robot_interfaces/msg/detail/dds_fastrtps
[1.689s] -- Up-to-date: /home/lukat/unitree_mujoco_ws/COGAR_project/install/robot_interfaces/include/robot_interfaces/robot_interfaces/msg/detail/robot_state__rosidl_typesupport_fastrtps_cpp.hpp
[1.690s] -- Up-to-date: /home/lukat/unitree_mujoco_ws/COGAR_project/install/robot_interfaces/include/robot_interfaces/robot_interfaces/msg/rosidl_typesupport_fastrtps_cpp__visibility_control.h
[1.690s] -- Up-to-date: /home/lukat/unitree_mujoco_ws/COGAR_project/install/robot_interfaces/lib/librobot_interfaces__rosidl_typesupport_fastrtps_cpp.so
[1.690s] -- Up-to-date: /home/lukat/unitree_mujoco_ws/COGAR_project/install/robot_interfaces/include/robot_interfaces/robot_interfaces
[1.691s] -- Up-to-date: /home/lukat/unitree_mujoco_ws/COGAR_project/install/robot_interfaces/include/robot_interfaces/robot_interfaces/srv
[1.691s] -- Up-to-date: /home/lukat/unitree_mujoco_ws/COGAR_project/install/robot_interfaces/include/robot_interfaces/robot_interfaces/srv/detail
[1.691s] -- Up-to-date: /home/lukat/unitree_mujoco_ws/COGAR_project/install/robot_interfaces/include/robot_interfaces/robot_interfaces/srv/detail/update_gait_params__type_support.cpp
[1.691s] -- Up-to-date: /home/lukat/unitree_mujoco_ws/COGAR_project/install/robot_interfaces/include/robot_interfaces/robot_interfaces/srv/detail/set_body_height__type_support.cpp
[1.691s] -- Up-to-date: /home/lukat/unitree_mujoco_ws/COGAR_project/install/robot_interfaces/include/robot_interfaces/robot_interfaces/srv/detail/update_gait_params__rosidl_typesupport_introspection_cpp.hpp
[1.691s] -- Up-to-date: /home/lukat/unitree_mujoco_ws/COGAR_project/install/robot_interfaces/include/robot_interfaces/robot_interfaces/srv/detail/set_body_height__rosidl_typesupport_introspection_cpp.hpp
[1.691s] -- Up-to-date: /home/lukat/unitree_mujoco_ws/COGAR_project/install/robot_interfaces/include/robot_interfaces/robot_interfaces/srv/detail/update_single_param__type_support.cpp
[1.691s] -- Up-to-date: /home/lukat/unitree_mujoco_ws/COGAR_project/install/robot_interfaces/include/robot_interfaces/robot_interfaces/srv/detail/update_single_param__rosidl_typesupport_introspection_cpp.hpp
[1.692s] -- Up-to-date: /home/lukat/unitree_mujoco_ws/COGAR_project/install/robot_interfaces/include/robot_interfaces/robot_interfaces/msg
[1.692s] -- Up-to-date: /home/lukat/unitree_mujoco_ws/COGAR_project/install/robot_interfaces/include/robot_interfaces/robot_interfaces/msg/detail
[1.692s] -- Up-to-date: /home/lukat/unitree_mujoco_ws/COGAR_project/install/robot_interfaces/include/robot_interfaces/robot_interfaces/msg/detail/robot_state__type_support.cpp
[1.692s] -- Up-to-date: /home/lukat/unitree_mujoco_ws/COGAR_project/install/robot_interfaces/include/robot_interfaces/robot_interfaces/msg/detail/robot_state__rosidl_typesupport_introspection_cpp.hpp
[1.692s] -- Up-to-date: /home/lukat/unitree_mujoco_ws/COGAR_project/install/robot_interfaces/lib/librobot_interfaces__rosidl_typesupport_introspection_cpp.so
[1.693s] -- Up-to-date: /home/lukat/unitree_mujoco_ws/COGAR_project/install/robot_interfaces/lib/librobot_interfaces__rosidl_typesupport_cpp.so
[1.694s] -- Up-to-date: /home/lukat/unitree_mujoco_ws/COGAR_project/install/robot_interfaces/share/robot_interfaces/environment/pythonpath.sh
[1.694s] -- Up-to-date: /home/lukat/unitree_mujoco_ws/COGAR_project/install/robot_interfaces/share/robot_interfaces/environment/pythonpath.dsv
[1.694s] -- Up-to-date: /home/lukat/unitree_mujoco_ws/COGAR_project/install/robot_interfaces/local/lib/python3.10/dist-packages/robot_interfaces-0.0.0-py3.10.egg-info
[1.694s] -- Installing: /home/lukat/unitree_mujoco_ws/COGAR_project/install/robot_interfaces/local/lib/python3.10/dist-packages/robot_interfaces-0.0.0-py3.10.egg-info/PKG-INFO
[1.694s] -- Installing: /home/lukat/unitree_mujoco_ws/COGAR_project/install/robot_interfaces/local/lib/python3.10/dist-packages/robot_interfaces-0.0.0-py3.10.egg-info/SOURCES.txt
[1.694s] -- Installing: /home/lukat/unitree_mujoco_ws/COGAR_project/install/robot_interfaces/local/lib/python3.10/dist-packages/robot_interfaces-0.0.0-py3.10.egg-info/top_level.txt
[1.694s] -- Installing: /home/lukat/unitree_mujoco_ws/COGAR_project/install/robot_interfaces/local/lib/python3.10/dist-packages/robot_interfaces-0.0.0-py3.10.egg-info/dependency_links.txt
[1.694s] -- Up-to-date: /home/lukat/unitree_mujoco_ws/COGAR_project/install/robot_interfaces/local/lib/python3.10/dist-packages/robot_interfaces
[1.694s] -- Up-to-date: /home/lukat/unitree_mujoco_ws/COGAR_project/install/robot_interfaces/local/lib/python3.10/dist-packages/robot_interfaces/_robot_interfaces_s.ep.rosidl_typesupport_introspection_c.c
[1.694s] -- Up-to-date: /home/lukat/unitree_mujoco_ws/COGAR_project/install/robot_interfaces/local/lib/python3.10/dist-packages/robot_interfaces/librobot_interfaces__rosidl_generator_py.so
[1.695s] -- Up-to-date: /home/lukat/unitree_mujoco_ws/COGAR_project/install/robot_interfaces/local/lib/python3.10/dist-packages/robot_interfaces/robot_interfaces_s__rosidl_typesupport_c.cpython-310-x86_64-linux-gnu.so
[1.695s] -- Up-to-date: /home/lukat/unitree_mujoco_ws/COGAR_project/install/robot_interfaces/local/lib/python3.10/dist-packages/robot_interfaces/srv
[1.695s] -- Up-to-date: /home/lukat/unitree_mujoco_ws/COGAR_project/install/robot_interfaces/local/lib/python3.10/dist-packages/robot_interfaces/srv/_update_single_param_s.c
[1.695s] -- Up-to-date: /home/lukat/unitree_mujoco_ws/COGAR_project/install/robot_interfaces/local/lib/python3.10/dist-packages/robot_interfaces/srv/_set_body_height_s.c
[1.695s] -- Up-to-date: /home/lukat/unitree_mujoco_ws/COGAR_project/install/robot_interfaces/local/lib/python3.10/dist-packages/robot_interfaces/srv/_update_single_param.py
[1.695s] -- Up-to-date: /home/lukat/unitree_mujoco_ws/COGAR_project/install/robot_interfaces/local/lib/python3.10/dist-packages/robot_interfaces/srv/__init__.py
[1.695s] -- Up-to-date: /home/lukat/unitree_mujoco_ws/COGAR_project/install/robot_interfaces/local/lib/python3.10/dist-packages/robot_interfaces/srv/_update_gait_params_s.c
[1.695s] -- Up-to-date: /home/lukat/unitree_mujoco_ws/COGAR_project/install/robot_interfaces/local/lib/python3.10/dist-packages/robot_interfaces/srv/_update_gait_params.py
[1.695s] -- Up-to-date: /home/lukat/unitree_mujoco_ws/COGAR_project/install/robot_interfaces/local/lib/python3.10/dist-packages/robot_interfaces/srv/_set_body_height.py
[1.696s] -- Up-to-date: /home/lukat/unitree_mujoco_ws/COGAR_project/install/robot_interfaces/local/lib/python3.10/dist-packages/robot_interfaces/robot_interfaces_s__rosidl_typesupport_fastrtps_c.cpython-310-x86_64-linux-gnu.so
[1.696s] -- Up-to-date: /home/lukat/unitree_mujoco_ws/COGAR_project/install/robot_interfaces/local/lib/python3.10/dist-packages/robot_interfaces/__init__.py
[1.696s] -- Up-to-date: /home/lukat/unitree_mujoco_ws/COGAR_project/install/robot_interfaces/local/lib/python3.10/dist-packages/robot_interfaces/msg
[1.696s] -- Up-to-date: /home/lukat/unitree_mujoco_ws/COGAR_project/install/robot_interfaces/local/lib/python3.10/dist-packages/robot_interfaces/msg/_robot_state_s.c
[1.696s] -- Up-to-date: /home/lukat/unitree_mujoco_ws/COGAR_project/install/robot_interfaces/local/lib/python3.10/dist-packages/robot_interfaces/msg/__init__.py
[1.696s] -- Up-to-date: /home/lukat/unitree_mujoco_ws/COGAR_project/install/robot_interfaces/local/lib/python3.10/dist-packages/robot_interfaces/msg/_robot_state.py
[1.696s] -- Up-to-date: /home/lukat/unitree_mujoco_ws/COGAR_project/install/robot_interfaces/local/lib/python3.10/dist-packages/robot_interfaces/robot_interfaces_s__rosidl_typesupport_introspection_c.cpython-310-x86_64-linux-gnu.so
[1.696s] -- Up-to-date: /home/lukat/unitree_mujoco_ws/COGAR_project/install/robot_interfaces/local/lib/python3.10/dist-packages/robot_interfaces/_robot_interfaces_s.ep.rosidl_typesupport_fastrtps_c.c
[1.696s] -- Up-to-date: /home/lukat/unitree_mujoco_ws/COGAR_project/install/robot_interfaces/local/lib/python3.10/dist-packages/robot_interfaces/_robot_interfaces_s.ep.rosidl_typesupport_c.c
[1.752s] Listing '/home/lukat/unitree_mujoco_ws/COGAR_project/install/robot_interfaces/local/lib/python3.10/dist-packages/robot_interfaces'...
[1.753s] Listing '/home/lukat/unitree_mujoco_ws/COGAR_project/install/robot_interfaces/local/lib/python3.10/dist-packages/robot_interfaces/msg'...
[1.753s] Listing '/home/lukat/unitree_mujoco_ws/COGAR_project/install/robot_interfaces/local/lib/python3.10/dist-packages/robot_interfaces/srv'...
[1.762s] -- Up-to-date: /home/lukat/unitree_mujoco_ws/COGAR_project/install/robot_interfaces/local/lib/python3.10/dist-packages/robot_interfaces/robot_interfaces_s__rosidl_typesupport_fastrtps_c.cpython-310-x86_64-linux-gnu.so
[1.762s] -- Up-to-date: /home/lukat/unitree_mujoco_ws/COGAR_project/install/robot_interfaces/local/lib/python3.10/dist-packages/robot_interfaces/robot_interfaces_s__rosidl_typesupport_introspection_c.cpython-310-x86_64-linux-gnu.so
[1.764s] -- Up-to-date: /home/lukat/unitree_mujoco_ws/COGAR_project/install/robot_interfaces/local/lib/python3.10/dist-packages/robot_interfaces/robot_interfaces_s__rosidl_typesupport_c.cpython-310-x86_64-linux-gnu.so
[1.764s] -- Up-to-date: /home/lukat/unitree_mujoco_ws/COGAR_project/install/robot_interfaces/lib/librobot_interfaces__rosidl_generator_py.so
[1.765s] -- Up-to-date: /home/lukat/unitree_mujoco_ws/COGAR_project/install/robot_interfaces/share/ament_index/resource_index/rust_packages/robot_interfaces
[1.765s] -- Up-to-date: /home/lukat/unitree_mujoco_ws/COGAR_project/install/robot_interfaces/share/robot_interfaces/rust
[1.766s] -- Up-to-date: /home/lukat/unitree_mujoco_ws/COGAR_project/install/robot_interfaces/share/robot_interfaces/rust/Cargo.toml
[1.766s] -- Up-to-date: /home/lukat/unitree_mujoco_ws/COGAR_project/install/robot_interfaces/share/robot_interfaces/rust/src
[1.766s] -- Up-to-date: /home/lukat/unitree_mujoco_ws/COGAR_project/install/robot_interfaces/share/robot_interfaces/rust/src/msg.rs
[1.767s] -- Up-to-date: /home/lukat/unitree_mujoco_ws/COGAR_project/install/robot_interfaces/share/robot_interfaces/rust/src/srv.rs
[1.767s] -- Up-to-date: /home/lukat/unitree_mujoco_ws/COGAR_project/install/robot_interfaces/share/robot_interfaces/rust/src/srv
[1.767s] -- Up-to-date: /home/lukat/unitree_mujoco_ws/COGAR_project/install/robot_interfaces/share/robot_interfaces/rust/src/srv/rmw.rs
[1.767s] -- Up-to-date: /home/lukat/unitree_mujoco_ws/COGAR_project/install/robot_interfaces/share/robot_interfaces/rust/src/msg
[1.768s] -- Up-to-date: /home/lukat/unitree_mujoco_ws/COGAR_project/install/robot_interfaces/share/robot_interfaces/rust/src/msg/rmw.rs
[1.768s] -- Up-to-date: /home/lukat/unitree_mujoco_ws/COGAR_project/install/robot_interfaces/share/robot_interfaces/rust/src/lib.rs
[1.769s] -- Up-to-date: /home/lukat/unitree_mujoco_ws/COGAR_project/install/robot_interfaces/share/robot_interfaces/rust/build.rs
[1.769s] -- Up-to-date: /home/lukat/unitree_mujoco_ws/COGAR_project/install/robot_interfaces/share/robot_interfaces/msg/RobotState.idl
[1.769s] -- Up-to-date: /home/lukat/unitree_mujoco_ws/COGAR_project/install/robot_interfaces/share/robot_interfaces/srv/UpdateGaitParams.idl
[1.770s] -- Up-to-date: /home/lukat/unitree_mujoco_ws/COGAR_project/install/robot_interfaces/share/robot_interfaces/srv/UpdateSingleParam.idl
[1.770s] -- Up-to-date: /home/lukat/unitree_mujoco_ws/COGAR_project/install/robot_interfaces/share/robot_interfaces/srv/SetBodyHeight.idl
[1.770s] -- Up-to-date: /home/lukat/unitree_mujoco_ws/COGAR_project/install/robot_interfaces/share/robot_interfaces/msg/RobotState.msg
[1.770s] -- Up-to-date: /home/lukat/unitree_mujoco_ws/COGAR_project/install/robot_interfaces/share/robot_interfaces/srv/UpdateGaitParams.srv
[1.770s] -- Up-to-date: /home/lukat/unitree_mujoco_ws/COGAR_project/install/robot_interfaces/share/robot_interfaces/srv/UpdateGaitParams_Request.msg
[1.770s] -- Up-to-date: /home/lukat/unitree_mujoco_ws/COGAR_project/install/robot_interfaces/share/robot_interfaces/srv/UpdateGaitParams_Response.msg
[1.770s] -- Up-to-date: /home/lukat/unitree_mujoco_ws/COGAR_project/install/robot_interfaces/share/robot_interfaces/srv/UpdateSingleParam.srv
[1.770s] -- Up-to-date: /home/lukat/unitree_mujoco_ws/COGAR_project/install/robot_interfaces/share/robot_interfaces/srv/UpdateSingleParam_Request.msg
[1.771s] -- Up-to-date: /home/lukat/unitree_mujoco_ws/COGAR_project/install/robot_interfaces/share/robot_interfaces/srv/UpdateSingleParam_Response.msg
[1.771s] -- Up-to-date: /home/lukat/unitree_mujoco_ws/COGAR_project/install/robot_interfaces/share/robot_interfaces/srv/SetBodyHeight.srv
[1.771s] -- Up-to-date: /home/lukat/unitree_mujoco_ws/COGAR_project/install/robot_interfaces/share/robot_interfaces/srv/SetBodyHeight_Request.msg
[1.771s] -- Up-to-date: /home/lukat/unitree_mujoco_ws/COGAR_project/install/robot_interfaces/share/robot_interfaces/srv/SetBodyHeight_Response.msg
[1.771s] -- Up-to-date: /home/lukat/unitree_mujoco_ws/COGAR_project/install/robot_interfaces/share/ament_index/resource_index/package_run_dependencies/robot_interfaces
[1.771s] -- Up-to-date: /home/lukat/unitree_mujoco_ws/COGAR_project/install/robot_interfaces/share/ament_index/resource_index/parent_prefix_path/robot_interfaces
[1.771s] -- Up-to-date: /home/lukat/unitree_mujoco_ws/COGAR_project/install/robot_interfaces/share/robot_interfaces/environment/ament_prefix_path.sh
[1.771s] -- Up-to-date: /home/lukat/unitree_mujoco_ws/COGAR_project/install/robot_interfaces/share/robot_interfaces/environment/ament_prefix_path.dsv
[1.771s] -- Up-to-date: /home/lukat/unitree_mujoco_ws/COGAR_project/install/robot_interfaces/share/robot_interfaces/environment/path.sh
[1.772s] -- Up-to-date: /home/lukat/unitree_mujoco_ws/COGAR_project/install/robot_interfaces/share/robot_interfaces/environment/path.dsv
[1.772s] -- Up-to-date: /home/lukat/unitree_mujoco_ws/COGAR_project/install/robot_interfaces/share/robot_interfaces/local_setup.bash
[1.772s] -- Up-to-date: /home/lukat/unitree_mujoco_ws/COGAR_project/install/robot_interfaces/share/robot_interfaces/local_setup.sh
[1.772s] -- Up-to-date: /home/lukat/unitree_mujoco_ws/COGAR_project/install/robot_interfaces/share/robot_interfaces/local_setup.zsh
[1.772s] -- Up-to-date: /home/lukat/unitree_mujoco_ws/COGAR_project/install/robot_interfaces/share/robot_interfaces/local_setup.dsv
[1.772s] -- Installing: /home/lukat/unitree_mujoco_ws/COGAR_project/install/robot_interfaces/share/robot_interfaces/package.dsv
[1.773s] -- Up-to-date: /home/lukat/unitree_mujoco_ws/COGAR_project/install/robot_interfaces/share/ament_index/resource_index/packages/robot_interfaces
[1.773s] -- Up-to-date: /home/lukat/unitree_mujoco_ws/COGAR_project/install/robot_interfaces/share/robot_interfaces/cmake/export_robot_interfaces__rosidl_generator_cExport.cmake
[1.773s] -- Up-to-date: /home/lukat/unitree_mujoco_ws/COGAR_project/install/robot_interfaces/share/robot_interfaces/cmake/export_robot_interfaces__rosidl_generator_cExport-noconfig.cmake
[1.773s] -- Up-to-date: /home/lukat/unitree_mujoco_ws/COGAR_project/install/robot_interfaces/share/robot_interfaces/cmake/export_robot_interfaces__rosidl_typesupport_fastrtps_cExport.cmake
[1.773s] -- Up-to-date: /home/lukat/unitree_mujoco_ws/COGAR_project/install/robot_interfaces/share/robot_interfaces/cmake/export_robot_interfaces__rosidl_typesupport_fastrtps_cExport-noconfig.cmake
[1.773s] -- Up-to-date: /home/lukat/unitree_mujoco_ws/COGAR_project/install/robot_interfaces/share/robot_interfaces/cmake/robot_interfaces__rosidl_typesupport_introspection_cExport.cmake
[1.774s] -- Up-to-date: /home/lukat/unitree_mujoco_ws/COGAR_project/install/robot_interfaces/share/robot_interfaces/cmake/robot_interfaces__rosidl_typesupport_introspection_cExport-noconfig.cmake
[1.774s] -- Up-to-date: /home/lukat/unitree_mujoco_ws/COGAR_project/install/robot_interfaces/share/robot_interfaces/cmake/robot_interfaces__rosidl_typesupport_cExport.cmake
[1.774s] -- Up-to-date: /home/lukat/unitree_mujoco_ws/COGAR_project/install/robot_interfaces/share/robot_interfaces/cmake/robot_interfaces__rosidl_typesupport_cExport-noconfig.cmake
[1.774s] -- Up-to-date: /home/lukat/unitree_mujoco_ws/COGAR_project/install/robot_interfaces/share/robot_interfaces/cmake/export_robot_interfaces__rosidl_generator_cppExport.cmake
[1.775s] -- Up-to-date: /home/lukat/unitree_mujoco_ws/COGAR_project/install/robot_interfaces/share/robot_interfaces/cmake/export_robot_interfaces__rosidl_typesupport_fastrtps_cppExport.cmake
[1.775s] -- Up-to-date: /home/lukat/unitree_mujoco_ws/COGAR_project/install/robot_interfaces/share/robot_interfaces/cmake/export_robot_interfaces__rosidl_typesupport_fastrtps_cppExport-noconfig.cmake
[1.775s] -- Up-to-date: /home/lukat/unitree_mujoco_ws/COGAR_project/install/robot_interfaces/share/robot_interfaces/cmake/robot_interfaces__rosidl_typesupport_introspection_cppExport.cmake
[1.775s] -- Up-to-date: /home/lukat/unitree_mujoco_ws/COGAR_project/install/robot_interfaces/share/robot_interfaces/cmake/robot_interfaces__rosidl_typesupport_introspection_cppExport-noconfig.cmake
[1.776s] -- Up-to-date: /home/lukat/unitree_mujoco_ws/COGAR_project/install/robot_interfaces/share/robot_interfaces/cmake/robot_interfaces__rosidl_typesupport_cppExport.cmake
[1.776s] -- Up-to-date: /home/lukat/unitree_mujoco_ws/COGAR_project/install/robot_interfaces/share/robot_interfaces/cmake/robot_interfaces__rosidl_typesupport_cppExport-noconfig.cmake
[1.776s] -- Up-to-date: /home/lukat/unitree_mujoco_ws/COGAR_project/install/robot_interfaces/share/robot_interfaces/cmake/export_robot_interfaces__rosidl_generator_pyExport.cmake
[1.777s] -- Up-to-date: /home/lukat/unitree_mujoco_ws/COGAR_project/install/robot_interfaces/share/robot_interfaces/cmake/export_robot_interfaces__rosidl_generator_pyExport-noconfig.cmake
[1.777s] -- Up-to-date: /home/lukat/unitree_mujoco_ws/COGAR_project/install/robot_interfaces/share/robot_interfaces/cmake/rosidl_cmake-extras.cmake
[1.777s] -- Up-to-date: /home/lukat/unitree_mujoco_ws/COGAR_project/install/robot_interfaces/share/robot_interfaces/cmake/ament_cmake_export_dependencies-extras.cmake
[1.777s] -- Up-to-date: /home/lukat/unitree_mujoco_ws/COGAR_project/install/robot_interfaces/share/robot_interfaces/cmake/ament_cmake_export_include_directories-extras.cmake
[1.778s] -- Up-to-date: /home/lukat/unitree_mujoco_ws/COGAR_project/install/robot_interfaces/share/robot_interfaces/cmake/ament_cmake_export_libraries-extras.cmake
[1.778s] -- Up-to-date: /home/lukat/unitree_mujoco_ws/COGAR_project/install/robot_interfaces/share/robot_interfaces/cmake/ament_cmake_export_targets-extras.cmake
[1.778s] -- Up-to-date: /home/lukat/unitree_mujoco_ws/COGAR_project/install/robot_interfaces/share/robot_interfaces/cmake/rosidl_cmake_export_typesupport_targets-extras.cmake
[1.778s] -- Up-to-date: /home/lukat/unitree_mujoco_ws/COGAR_project/install/robot_interfaces/share/robot_interfaces/cmake/rosidl_cmake_export_typesupport_libraries-extras.cmake
[1.779s] -- Up-to-date: /home/lukat/unitree_mujoco_ws/COGAR_project/install/robot_interfaces/share/robot_interfaces/cmake/robot_interfacesConfig.cmake
[1.780s] -- Up-to-date: /home/lukat/unitree_mujoco_ws/COGAR_project/install/robot_interfaces/share/robot_interfaces/cmake/robot_interfacesConfig-version.cmake
[1.781s] -- Up-to-date: /home/lukat/unitree_mujoco_ws/COGAR_project/install/robot_interfaces/share/robot_interfaces/package.xml
[1.786s] Invoked command in '/home/lukat/unitree_mujoco_ws/COGAR_project/build/robot_interfaces' returned '0': CMAKE_PREFIX_PATH=${CMAKE_PREFIX_PATH}:/home/lukat/unitree_mujoco_ws/COGAR_project/install/simulation_py:/home/lukat/unitree_mujoco_ws/COGAR_project/install/convex_mpc:/home/lukat/unitree_mujoco_ws/COGAR_project/install/controller:/opt/ros/humble /usr/bin/cmake --build /home/lukat/unitree_mujoco_ws/COGAR_project/build/robot_interfaces --target install -- -j8 -l8
