[1.771s] Invoking command in '/home/lukat/unitree_mujoco_ws/COGAR_project/src/controller': PYTHONPATH=/home/lukat/unitree_mujoco_ws/COGAR_project/build/controller/prefix_override:/usr/lib/python3/dist-packages/colcon_core/task/python/colcon_distutils_commands:/home/lukat/unitree_mujoco_ws/COGAR_project/install/controller/lib/python3.10/site-packages:${PYTHONPATH} /usr/bin/python3 -W ignore:setup.py install is deprecated -W ignore:easy_install command is deprecated setup.py egg_info --egg-base ../../build/controller build --build-base /home/lukat/unitree_mujoco_ws/COGAR_project/build/controller/build install --record /home/lukat/unitree_mujoco_ws/COGAR_project/build/controller/install.log --single-version-externally-managed install_data
[2.356s] running egg_info
[2.398s] writing ../../build/controller/controller.egg-info/PKG-INFO
[2.401s] writing dependency_links to ../../build/controller/controller.egg-info/dependency_links.txt
[2.402s] writing entry points to ../../build/controller/controller.egg-info/entry_points.txt
[2.403s] writing requirements to ../../build/controller/controller.egg-info/requires.txt
[2.404s] writing top-level names to ../../build/controller/controller.egg-info/top_level.txt
[2.455s] reading manifest file '../../build/controller/controller.egg-info/SOURCES.txt'
[2.458s] writing manifest file '../../build/controller/controller.egg-info/SOURCES.txt'
[2.459s] running build
[2.459s] running build_py
[2.459s] copying controller/convex_mpc_controller.py -> /home/lukat/unitree_mujoco_ws/COGAR_project/build/controller/build/lib/controller
[2.459s] copying controller/rl_controller.py -> /home/lukat/unitree_mujoco_ws/COGAR_project/build/controller/build/lib/controller
[2.460s] copying controller/__init__.py -> /home/lukat/unitree_mujoco_ws/COGAR_project/build/controller/build/lib/controller
[2.461s] copying controller/load_policy.py -> /home/lukat/unitree_mujoco_ws/COGAR_project/build/controller/build/lib/controller
[2.462s] running install
[2.466s] running install_lib
[2.490s] copying /home/lukat/unitree_mujoco_ws/COGAR_project/build/controller/build/lib/controller/convex_mpc_controller.py -> /home/lukat/unitree_mujoco_ws/COGAR_project/install/controller/lib/python3.10/site-packages/controller
[2.491s] byte-compiling /home/lukat/unitree_mujoco_ws/COGAR_project/install/controller/lib/python3.10/site-packages/controller/convex_mpc_controller.py to convex_mpc_controller.cpython-310.pyc
[2.496s] running install_data
[2.496s] copying resource/controller -> /home/lukat/unitree_mujoco_ws/COGAR_project/install/controller/share/ament_index/resource_index/packages
[2.497s] copying package.xml -> /home/lukat/unitree_mujoco_ws/COGAR_project/install/controller/share/controller
[2.497s] copying policies/HIM_policy.pt -> /home/lukat/unitree_mujoco_ws/COGAR_project/install/controller/share/controller/policies
[2.506s] copying policies/kp_kd_random_policy.pt -> /home/lukat/unitree_mujoco_ws/COGAR_project/install/controller/share/controller/policies
[2.511s] copying policies/policy_with_45_obs.pt -> /home/lukat/unitree_mujoco_ws/COGAR_project/install/controller/share/controller/policies
[2.516s] copying config/go2.yaml -> /home/lukat/unitree_mujoco_ws/COGAR_project/install/controller/share/controller/config
[2.517s] running install_egg_info
[2.537s] removing '/home/lukat/unitree_mujoco_ws/COGAR_project/install/controller/lib/python3.10/site-packages/controller-0.0.0-py3.10.egg-info' (and everything under it)
[2.539s] Copying ../../build/controller/controller.egg-info to /home/lukat/unitree_mujoco_ws/COGAR_project/install/controller/lib/python3.10/site-packages/controller-0.0.0-py3.10.egg-info
[2.541s] running install_scripts
[2.712s] Installing controller_node script to /home/lukat/unitree_mujoco_ws/COGAR_project/install/controller/lib/controller
[2.712s] Installing rl_controller script to /home/lukat/unitree_mujoco_ws/COGAR_project/install/controller/lib/controller
[2.712s] writing list of installed files to '/home/lukat/unitree_mujoco_ws/COGAR_project/build/controller/install.log'
[2.752s] Invoked command in '/home/lukat/unitree_mujoco_ws/COGAR_project/src/controller' returned '0': PYTHONPATH=/home/lukat/unitree_mujoco_ws/COGAR_project/build/controller/prefix_override:/usr/lib/python3/dist-packages/colcon_core/task/python/colcon_distutils_commands:/home/lukat/unitree_mujoco_ws/COGAR_project/install/controller/lib/python3.10/site-packages:${PYTHONPATH} /usr/bin/python3 -W ignore:setup.py install is deprecated -W ignore:easy_install command is deprecated setup.py egg_info --egg-base ../../build/controller build --build-base /home/lukat/unitree_mujoco_ws/COGAR_project/build/controller/build install --record /home/lukat/unitree_mujoco_ws/COGAR_project/build/controller/install.log --single-version-externally-managed install_data
