[0.094s] Invoking command in '/home/lukat/unitree_mujoco_ws/COGAR_project/build/robot_interfaces': CMAKE_PREFIX_PATH=${CMAKE_PREFIX_PATH}:/home/lukat/unitree_mujoco_ws/COGAR_project/install/simulation_py:/home/lukat/unitree_mujoco_ws/COGAR_project/install/controller:/home/lukat/unitree_mujoco_ws/COGAR_project/install/convex_mpc:/opt/ros/humble /usr/bin/cmake --build /home/lukat/unitree_mujoco_ws/COGAR_project/build/robot_interfaces -- -j8 -l8
[0.842s] [  1%] Built target robot_interfaces__rs
[0.843s] [  3%] Built target robot_interfaces__cpp
[0.860s] [  3%] Built target ament_cmake_python_copy_robot_interfaces
[0.971s] [ 14%] Built target robot_interfaces__rosidl_generator_c
[1.068s] [ 30%] Built target robot_interfaces__rosidl_typesupport_cpp
[1.081s] [ 51%] Built target robot_interfaces__rosidl_typesupport_c
[1.081s] [ 51%] Built target robot_interfaces__rosidl_typesupport_introspection_c
[1.084s] [ 57%] Built target robot_interfaces__rosidl_typesupport_introspection_cpp
[1.105s] [ 78%] Built target robot_interfaces__rosidl_typesupport_fastrtps_c
[1.105s] [ 78%] Built target robot_interfaces__rosidl_typesupport_fastrtps_cpp
[1.153s] [ 78%] Built target robot_interfaces
[1.190s] [ 80%] Built target robot_interfaces__py
[1.332s] running egg_info
[1.341s] [ 89%] Built target robot_interfaces__rosidl_generator_py
[1.375s] writing robot_interfaces.egg-info/PKG-INFO
[1.380s] writing dependency_links to robot_interfaces.egg-info/dependency_links.txt
[1.381s] writing top-level names to robot_interfaces.egg-info/top_level.txt
[1.391s] [ 92%] Built target robot_interfaces__rosidl_typesupport_introspection_c__pyext
[1.394s] [ 96%] Built target robot_interfaces__rosidl_typesupport_fastrtps_c__pyext
[1.398s] [100%] Built target robot_interfaces__rosidl_typesupport_c__pyext
[1.477s] reading manifest file 'robot_interfaces.egg-info/SOURCES.txt'
[1.478s] writing manifest file 'robot_interfaces.egg-info/SOURCES.txt'
[1.525s] [100%] Built target ament_cmake_python_build_robot_interfaces_egg
[1.545s] Invoked command in '/home/lukat/unitree_mujoco_ws/COGAR_project/build/robot_interfaces' returned '0': CMAKE_PREFIX_PATH=${CMAKE_PREFIX_PATH}:/home/lukat/unitree_mujoco_ws/COGAR_project/install/simulation_py:/home/lukat/unitree_mujoco_ws/COGAR_project/install/controller:/home/lukat/unitree_mujoco_ws/COGAR_project/install/convex_mpc:/opt/ros/humble /usr/bin/cmake --build /home/lukat/unitree_mujoco_ws/COGAR_project/build/robot_interfaces -- -j8 -l8
[1.563s] Invoking command in '/home/lukat/unitree_mujoco_ws/COGAR_project/build/robot_interfaces': CMAKE_PREFIX_PATH=${CMAKE_PREFIX_PATH}:/home/lukat/unitree_mujoco_ws/COGAR_project/install/simulation_py:/home/lukat/unitree_mujoco_ws/COGAR_project/install/controller:/home/lukat/unitree_mujoco_ws/COGAR_project/install/convex_mpc:/opt/ros/humble /usr/bin/cmake --install /home/lukat/unitree_mujoco_ws/COGAR_project/build/robot_interfaces
[1.572s] -- Install configuration: ""
[1.573s] -- Up-to-date: /home/lukat/unitree_mujoco_ws/COGAR_project/install/robot_interfaces/share/ament_index/resource_index/rosidl_interfaces/robot_interfaces
[1.573s] -- Up-to-date: /home/lukat/unitree_mujoco_ws/COGAR_project/install/robot_interfaces/include/robot_interfaces/robot_interfaces
[1.574s] -- Up-to-date: /home/lukat/unitree_mujoco_ws/COGAR_project/install/robot_interfaces/include/robot_interfaces/robot_interfaces/srv
[1.574s] -- Up-to-date: /home/lukat/unitree_mujoco_ws/COGAR_project/install/robot_interfaces/include/robot_interfaces/robot_interfaces/srv/update_gait_params.h
[1.574s] -- Up-to-date: /home/lukat/unitree_mujoco_ws/COGAR_project/install/robot_interfaces/include/robot_interfaces/robot_interfaces/srv/set_body_height.h
[1.574s] -- Up-to-date: /home/lukat/unitree_mujoco_ws/COGAR_project/install/robot_interfaces/include/robot_interfaces/robot_interfaces/srv/update_single_param.h
[1.575s] -- Up-to-date: /home/lukat/unitree_mujoco_ws/COGAR_project/install/robot_interfaces/include/robot_interfaces/robot_interfaces/srv/detail
[1.575s] -- Up-to-date: /home/lukat/unitree_mujoco_ws/COGAR_project/install/robot_interfaces/include/robot_interfaces/robot_interfaces/srv/detail/update_single_param__struct.h
[1.575s] -- Up-to-date: /home/lukat/unitree_mujoco_ws/COGAR_project/install/robot_interfaces/include/robot_interfaces/robot_interfaces/srv/detail/update_gait_params__struct.h
[1.576s] -- Up-to-date: /home/lukat/unitree_mujoco_ws/COGAR_project/install/robot_interfaces/include/robot_interfaces/robot_interfaces/srv/detail/set_body_height__functions.h
[1.576s] -- Up-to-date: /home/lukat/unitree_mujoco_ws/COGAR_project/install/robot_interfaces/include/robot_interfaces/robot_interfaces/srv/detail/set_body_height__type_support.h
[1.577s] -- Up-to-date: /home/lukat/unitree_mujoco_ws/COGAR_project/install/robot_interfaces/include/robot_interfaces/robot_interfaces/srv/detail/update_single_param__type_support.h
[1.578s] -- Up-to-date: /home/lukat/unitree_mujoco_ws/COGAR_project/install/robot_interfaces/include/robot_interfaces/robot_interfaces/srv/detail/update_gait_params__functions.c
[1.578s] -- Up-to-date: /home/lukat/unitree_mujoco_ws/COGAR_project/install/robot_interfaces/include/robot_interfaces/robot_interfaces/srv/detail/update_single_param__functions.c
[1.578s] -- Up-to-date: /home/lukat/unitree_mujoco_ws/COGAR_project/install/robot_interfaces/include/robot_interfaces/robot_interfaces/srv/detail/set_body_height__struct.h
[1.578s] -- Up-to-date: /home/lukat/unitree_mujoco_ws/COGAR_project/install/robot_interfaces/include/robot_interfaces/robot_interfaces/srv/detail/set_body_height__functions.c
[1.578s] -- Up-to-date: /home/lukat/unitree_mujoco_ws/COGAR_project/install/robot_interfaces/include/robot_interfaces/robot_interfaces/srv/detail/update_gait_params__type_support.h
[1.578s] -- Up-to-date: /home/lukat/unitree_mujoco_ws/COGAR_project/install/robot_interfaces/include/robot_interfaces/robot_interfaces/srv/detail/update_gait_params__functions.h
[1.579s] -- Up-to-date: /home/lukat/unitree_mujoco_ws/COGAR_project/install/robot_interfaces/include/robot_interfaces/robot_interfaces/srv/detail/update_single_param__functions.h
[1.579s] -- Up-to-date: /home/lukat/unitree_mujoco_ws/COGAR_project/install/robot_interfaces/include/robot_interfaces/robot_interfaces/msg
[1.579s] -- Up-to-date: /home/lukat/unitree_mujoco_ws/COGAR_project/install/robot_interfaces/include/robot_interfaces/robot_interfaces/msg/robot_state.h
[1.579s] -- Up-to-date: /home/lukat/unitree_mujoco_ws/COGAR_project/install/robot_interfaces/include/robot_interfaces/robot_interfaces/msg/rosidl_generator_c__visibility_control.h
[1.579s] -- Up-to-date: /home/lukat/unitree_mujoco_ws/COGAR_project/install/robot_interfaces/include/robot_interfaces/robot_interfaces/msg/detail
[1.579s] -- Up-to-date: /home/lukat/unitree_mujoco_ws/COGAR_project/install/robot_interfaces/include/robot_interfaces/robot_interfaces/msg/detail/robot_state__struct.h
[1.579s] -- Up-to-date: /home/lukat/unitree_mujoco_ws/COGAR_project/install/robot_interfaces/include/robot_interfaces/robot_interfaces/msg/detail/robot_state__functions.c
[1.579s] -- Up-to-date: /home/lukat/unitree_mujoco_ws/COGAR_project/install/robot_interfaces/include/robot_interfaces/robot_interfaces/msg/detail/robot_state__type_support.h
[1.579s] -- Up-to-date: /home/lukat/unitree_mujoco_ws/COGAR_project/install/robot_interfaces/include/robot_interfaces/robot_interfaces/msg/detail/robot_state__functions.h
[1.579s] -- Up-to-date: /home/lukat/unitree_mujoco_ws/COGAR_project/install/robot_interfaces/share/robot_interfaces/environment/library_path.sh
[1.580s] -- Up-to-date: /home/lukat/unitree_mujoco_ws/COGAR_project/install/robot_interfaces/share/robot_interfaces/environment/library_path.dsv
[1.580s] -- Up-to-date: /home/lukat/unitree_mujoco_ws/COGAR_project/install/robot_interfaces/lib/librobot_interfaces__rosidl_generator_c.so
[1.580s] -- Up-to-date: /home/lukat/unitree_mujoco_ws/COGAR_project/install/robot_interfaces/include/robot_interfaces/robot_interfaces
[1.581s] -- Up-to-date: /home/lukat/unitree_mujoco_ws/COGAR_project/install/robot_interfaces/include/robot_interfaces/robot_interfaces/srv
[1.581s] -- Up-to-date: /home/lukat/unitree_mujoco_ws/COGAR_project/install/robot_interfaces/include/robot_interfaces/robot_interfaces/srv/detail
[1.581s] -- Up-to-date: /home/lukat/unitree_mujoco_ws/COGAR_project/install/robot_interfaces/include/robot_interfaces/robot_interfaces/srv/detail/update_gait_params__rosidl_typesupport_fastrtps_c.h
[1.581s] -- Up-to-date: /home/lukat/unitree_mujoco_ws/COGAR_project/install/robot_interfaces/include/robot_interfaces/robot_interfaces/srv/detail/update_single_param__rosidl_typesupport_fastrtps_c.h
[1.581s] -- Up-to-date: /home/lukat/unitree_mujoco_ws/COGAR_project/install/robot_interfaces/include/robot_interfaces/robot_interfaces/srv/detail/set_body_height__rosidl_typesupport_fastrtps_c.h
[1.582s] -- Up-to-date: /home/lukat/unitree_mujoco_ws/COGAR_project/install/robot_interfaces/include/robot_interfaces/robot_interfaces/msg
[1.582s] -- Up-to-date: /home/lukat/unitree_mujoco_ws/COGAR_project/install/robot_interfaces/include/robot_interfaces/robot_interfaces/msg/rosidl_typesupport_fastrtps_c__visibility_control.h
[1.582s] -- Up-to-date: /home/lukat/unitree_mujoco_ws/COGAR_project/install/robot_interfaces/include/robot_interfaces/robot_interfaces/msg/detail
[1.582s] -- Up-to-date: /home/lukat/unitree_mujoco_ws/COGAR_project/install/robot_interfaces/include/robot_interfaces/robot_interfaces/msg/detail/robot_state__rosidl_typesupport_fastrtps_c.h
[1.582s] -- Up-to-date: /home/lukat/unitree_mujoco_ws/COGAR_project/install/robot_interfaces/lib/librobot_interfaces__rosidl_typesupport_fastrtps_c.so
[1.582s] -- Up-to-date: /home/lukat/unitree_mujoco_ws/COGAR_project/install/robot_interfaces/include/robot_interfaces/robot_interfaces
[1.582s] -- Up-to-date: /home/lukat/unitree_mujoco_ws/COGAR_project/install/robot_interfaces/include/robot_interfaces/robot_interfaces/srv
[1.582s] -- Up-to-date: /home/lukat/unitree_mujoco_ws/COGAR_project/install/robot_interfaces/include/robot_interfaces/robot_interfaces/srv/detail
[1.584s] -- Up-to-date: /home/lukat/unitree_mujoco_ws/COGAR_project/install/robot_interfaces/include/robot_interfaces/robot_interfaces/srv/detail/set_body_height__rosidl_typesupport_introspection_c.h
[1.584s] -- Up-to-date: /home/lukat/unitree_mujoco_ws/COGAR_project/install/robot_interfaces/include/robot_interfaces/robot_interfaces/srv/detail/update_gait_params__rosidl_typesupport_introspection_c.h
[1.584s] -- Up-to-date: /home/lukat/unitree_mujoco_ws/COGAR_project/install/robot_interfaces/include/robot_interfaces/robot_interfaces/srv/detail/set_body_height__type_support.c
[1.584s] -- Up-to-date: /home/lukat/unitree_mujoco_ws/COGAR_project/install/robot_interfaces/include/robot_interfaces/robot_interfaces/srv/detail/update_gait_params__type_support.c
[1.584s] -- Up-to-date: /home/lukat/unitree_mujoco_ws/COGAR_project/install/robot_interfaces/include/robot_interfaces/robot_interfaces/srv/detail/update_single_param__type_support.c
[1.584s] -- Up-to-date: /home/lukat/unitree_mujoco_ws/COGAR_project/install/robot_interfaces/include/robot_interfaces/robot_interfaces/srv/detail/update_single_param__rosidl_typesupport_introspection_c.h
[1.585s] -- Up-to-date: /home/lukat/unitree_mujoco_ws/COGAR_project/install/robot_interfaces/include/robot_interfaces/robot_interfaces/msg
[1.585s] -- Up-to-date: /home/lukat/unitree_mujoco_ws/COGAR_project/install/robot_interfaces/include/robot_interfaces/robot_interfaces/msg/rosidl_typesupport_introspection_c__visibility_control.h
[1.586s] -- Up-to-date: /home/lukat/unitree_mujoco_ws/COGAR_project/install/robot_interfaces/include/robot_interfaces/robot_interfaces/msg/detail
[1.586s] -- Up-to-date: /home/lukat/unitree_mujoco_ws/COGAR_project/install/robot_interfaces/include/robot_interfaces/robot_interfaces/msg/detail/robot_state__rosidl_typesupport_introspection_c.h
[1.586s] -- Up-to-date: /home/lukat/unitree_mujoco_ws/COGAR_project/install/robot_interfaces/include/robot_interfaces/robot_interfaces/msg/detail/robot_state__type_support.c
[1.586s] -- Up-to-date: /home/lukat/unitree_mujoco_ws/COGAR_project/install/robot_interfaces/lib/librobot_interfaces__rosidl_typesupport_introspection_c.so
[1.586s] -- Up-to-date: /home/lukat/unitree_mujoco_ws/COGAR_project/install/robot_interfaces/lib/librobot_interfaces__rosidl_typesupport_c.so
[1.587s] -- Up-to-date: /home/lukat/unitree_mujoco_ws/COGAR_project/install/robot_interfaces/include/robot_interfaces/robot_interfaces
[1.587s] -- Up-to-date: /home/lukat/unitree_mujoco_ws/COGAR_project/install/robot_interfaces/include/robot_interfaces/robot_interfaces/srv
[1.587s] -- Up-to-date: /home/lukat/unitree_mujoco_ws/COGAR_project/install/robot_interfaces/include/robot_interfaces/robot_interfaces/srv/update_gait_params.hpp
[1.588s] -- Up-to-date: /home/lukat/unitree_mujoco_ws/COGAR_project/install/robot_interfaces/include/robot_interfaces/robot_interfaces/srv/set_body_height.hpp
[1.588s] -- Up-to-date: /home/lukat/unitree_mujoco_ws/COGAR_project/install/robot_interfaces/include/robot_interfaces/robot_interfaces/srv/detail
[1.588s] -- Up-to-date: /home/lukat/unitree_mujoco_ws/COGAR_project/install/robot_interfaces/include/robot_interfaces/robot_interfaces/srv/detail/update_single_param__type_support.hpp
[1.589s] -- Up-to-date: /home/lukat/unitree_mujoco_ws/COGAR_project/install/robot_interfaces/include/robot_interfaces/robot_interfaces/srv/detail/update_single_param__struct.hpp
[1.589s] -- Up-to-date: /home/lukat/unitree_mujoco_ws/COGAR_project/install/robot_interfaces/include/robot_interfaces/robot_interfaces/srv/detail/set_body_height__builder.hpp
[1.589s] -- Up-to-date: /home/lukat/unitree_mujoco_ws/COGAR_project/install/robot_interfaces/include/robot_interfaces/robot_interfaces/srv/detail/update_gait_params__struct.hpp
[1.590s] -- Up-to-date: /home/lukat/unitree_mujoco_ws/COGAR_project/install/robot_interfaces/include/robot_interfaces/robot_interfaces/srv/detail/update_single_param__traits.hpp
[1.590s] -- Up-to-date: /home/lukat/unitree_mujoco_ws/COGAR_project/install/robot_interfaces/include/robot_interfaces/robot_interfaces/srv/detail/update_gait_params__type_support.hpp
[1.590s] -- Up-to-date: /home/lukat/unitree_mujoco_ws/COGAR_project/install/robot_interfaces/include/robot_interfaces/robot_interfaces/srv/detail/set_body_height__type_support.hpp
[1.590s] -- Up-to-date: /home/lukat/unitree_mujoco_ws/COGAR_project/install/robot_interfaces/include/robot_interfaces/robot_interfaces/srv/detail/update_gait_params__builder.hpp
[1.591s] -- Up-to-date: /home/lukat/unitree_mujoco_ws/COGAR_project/install/robot_interfaces/include/robot_interfaces/robot_interfaces/srv/detail/set_body_height__struct.hpp
[1.591s] -- Up-to-date: /home/lukat/unitree_mujoco_ws/COGAR_project/install/robot_interfaces/include/robot_interfaces/robot_interfaces/srv/detail/set_body_height__traits.hpp
[1.591s] -- Up-to-date: /home/lukat/unitree_mujoco_ws/COGAR_project/install/robot_interfaces/include/robot_interfaces/robot_interfaces/srv/detail/update_single_param__builder.hpp
[1.591s] -- Up-to-date: /home/lukat/unitree_mujoco_ws/COGAR_project/install/robot_interfaces/include/robot_interfaces/robot_interfaces/srv/detail/update_gait_params__traits.hpp
[1.591s] -- Up-to-date: /home/lukat/unitree_mujoco_ws/COGAR_project/install/robot_interfaces/include/robot_interfaces/robot_interfaces/srv/update_single_param.hpp
[1.591s] -- Up-to-date: /home/lukat/unitree_mujoco_ws/COGAR_project/install/robot_interfaces/include/robot_interfaces/robot_interfaces/msg
[1.591s] -- Up-to-date: /home/lukat/unitree_mujoco_ws/COGAR_project/install/robot_interfaces/include/robot_interfaces/robot_interfaces/msg/robot_state.hpp
[1.591s] -- Up-to-date: /home/lukat/unitree_mujoco_ws/COGAR_project/install/robot_interfaces/include/robot_interfaces/robot_interfaces/msg/detail
[1.591s] -- Up-to-date: /home/lukat/unitree_mujoco_ws/COGAR_project/install/robot_interfaces/include/robot_interfaces/robot_interfaces/msg/detail/robot_state__struct.hpp
[1.591s] -- Up-to-date: /home/lukat/unitree_mujoco_ws/COGAR_project/install/robot_interfaces/include/robot_interfaces/robot_interfaces/msg/detail/robot_state__builder.hpp
[1.592s] -- Up-to-date: /home/lukat/unitree_mujoco_ws/COGAR_project/install/robot_interfaces/include/robot_interfaces/robot_interfaces/msg/detail/robot_state__type_support.hpp
[1.592s] -- Up-to-date: /home/lukat/unitree_mujoco_ws/COGAR_project/install/robot_interfaces/include/robot_interfaces/robot_interfaces/msg/detail/robot_state__traits.hpp
[1.592s] -- Up-to-date: /home/lukat/unitree_mujoco_ws/COGAR_project/install/robot_interfaces/include/robot_interfaces/robot_interfaces/msg/rosidl_generator_cpp__visibility_control.hpp
[1.592s] -- Up-to-date: /home/lukat/unitree_mujoco_ws/COGAR_project/install/robot_interfaces/include/robot_interfaces/robot_interfaces
[1.592s] -- Up-to-date: /home/lukat/unitree_mujoco_ws/COGAR_project/install/robot_interfaces/include/robot_interfaces/robot_interfaces/srv
[1.592s] -- Up-to-date: /home/lukat/unitree_mujoco_ws/COGAR_project/install/robot_interfaces/include/robot_interfaces/robot_interfaces/srv/detail
[1.592s] -- Up-to-date: /home/lukat/unitree_mujoco_ws/COGAR_project/install/robot_interfaces/include/robot_interfaces/robot_interfaces/srv/detail/update_gait_params__rosidl_typesupport_fastrtps_cpp.hpp
[1.592s] -- Up-to-date: /home/lukat/unitree_mujoco_ws/COGAR_project/install/robot_interfaces/include/robot_interfaces/robot_interfaces/srv/detail/update_single_param__rosidl_typesupport_fastrtps_cpp.hpp
[1.592s] -- Up-to-date: /home/lukat/unitree_mujoco_ws/COGAR_project/install/robot_interfaces/include/robot_interfaces/robot_interfaces/srv/detail/dds_fastrtps
[1.592s] -- Up-to-date: /home/lukat/unitree_mujoco_ws/COGAR_project/install/robot_interfaces/include/robot_interfaces/robot_interfaces/srv/detail/set_body_height__rosidl_typesupport_fastrtps_cpp.hpp
[1.592s] -- Up-to-date: /home/lukat/unitree_mujoco_ws/COGAR_project/install/robot_interfaces/include/robot_interfaces/robot_interfaces/msg
[1.592s] -- Up-to-date: /home/lukat/unitree_mujoco_ws/COGAR_project/install/robot_interfaces/include/robot_interfaces/robot_interfaces/msg/detail
[1.592s] -- Up-to-date: /home/lukat/unitree_mujoco_ws/COGAR_project/install/robot_interfaces/include/robot_interfaces/robot_interfaces/msg/detail/dds_fastrtps
[1.592s] -- Up-to-date: /home/lukat/unitree_mujoco_ws/COGAR_project/install/robot_interfaces/include/robot_interfaces/robot_interfaces/msg/detail/robot_state__rosidl_typesupport_fastrtps_cpp.hpp
[1.593s] -- Up-to-date: /home/lukat/unitree_mujoco_ws/COGAR_project/install/robot_interfaces/include/robot_interfaces/robot_interfaces/msg/rosidl_typesupport_fastrtps_cpp__visibility_control.h
[1.593s] -- Up-to-date: /home/lukat/unitree_mujoco_ws/COGAR_project/install/robot_interfaces/lib/librobot_interfaces__rosidl_typesupport_fastrtps_cpp.so
[1.593s] -- Up-to-date: /home/lukat/unitree_mujoco_ws/COGAR_project/install/robot_interfaces/include/robot_interfaces/robot_interfaces
[1.593s] -- Up-to-date: /home/lukat/unitree_mujoco_ws/COGAR_project/install/robot_interfaces/include/robot_interfaces/robot_interfaces/srv
[1.593s] -- Up-to-date: /home/lukat/unitree_mujoco_ws/COGAR_project/install/robot_interfaces/include/robot_interfaces/robot_interfaces/srv/detail
[1.593s] -- Up-to-date: /home/lukat/unitree_mujoco_ws/COGAR_project/install/robot_interfaces/include/robot_interfaces/robot_interfaces/srv/detail/update_gait_params__type_support.cpp
[1.593s] -- Up-to-date: /home/lukat/unitree_mujoco_ws/COGAR_project/install/robot_interfaces/include/robot_interfaces/robot_interfaces/srv/detail/set_body_height__type_support.cpp
[1.594s] -- Up-to-date: /home/lukat/unitree_mujoco_ws/COGAR_project/install/robot_interfaces/include/robot_interfaces/robot_interfaces/srv/detail/update_gait_params__rosidl_typesupport_introspection_cpp.hpp
[1.594s] -- Up-to-date: /home/lukat/unitree_mujoco_ws/COGAR_project/install/robot_interfaces/include/robot_interfaces/robot_interfaces/srv/detail/set_body_height__rosidl_typesupport_introspection_cpp.hpp
[1.594s] -- Up-to-date: /home/lukat/unitree_mujoco_ws/COGAR_project/install/robot_interfaces/include/robot_interfaces/robot_interfaces/srv/detail/update_single_param__type_support.cpp
[1.595s] -- Up-to-date: /home/lukat/unitree_mujoco_ws/COGAR_project/install/robot_interfaces/include/robot_interfaces/robot_interfaces/srv/detail/update_single_param__rosidl_typesupport_introspection_cpp.hpp
[1.595s] -- Up-to-date: /home/lukat/unitree_mujoco_ws/COGAR_project/install/robot_interfaces/include/robot_interfaces/robot_interfaces/msg
[1.595s] -- Up-to-date: /home/lukat/unitree_mujoco_ws/COGAR_project/install/robot_interfaces/include/robot_interfaces/robot_interfaces/msg/detail
[1.595s] -- Up-to-date: /home/lukat/unitree_mujoco_ws/COGAR_project/install/robot_interfaces/include/robot_interfaces/robot_interfaces/msg/detail/robot_state__type_support.cpp
[1.595s] -- Up-to-date: /home/lukat/unitree_mujoco_ws/COGAR_project/install/robot_interfaces/include/robot_interfaces/robot_interfaces/msg/detail/robot_state__rosidl_typesupport_introspection_cpp.hpp
[1.595s] -- Up-to-date: /home/lukat/unitree_mujoco_ws/COGAR_project/install/robot_interfaces/lib/librobot_interfaces__rosidl_typesupport_introspection_cpp.so
[1.595s] -- Up-to-date: /home/lukat/unitree_mujoco_ws/COGAR_project/install/robot_interfaces/lib/librobot_interfaces__rosidl_typesupport_cpp.so
[1.595s] -- Up-to-date: /home/lukat/unitree_mujoco_ws/COGAR_project/install/robot_interfaces/share/robot_interfaces/environment/pythonpath.sh
[1.596s] -- Up-to-date: /home/lukat/unitree_mujoco_ws/COGAR_project/install/robot_interfaces/share/robot_interfaces/environment/pythonpath.dsv
[1.596s] -- Up-to-date: /home/lukat/unitree_mujoco_ws/COGAR_project/install/robot_interfaces/local/lib/python3.10/dist-packages/robot_interfaces-0.0.0-py3.10.egg-info
[1.596s] -- Installing: /home/lukat/unitree_mujoco_ws/COGAR_project/install/robot_interfaces/local/lib/python3.10/dist-packages/robot_interfaces-0.0.0-py3.10.egg-info/PKG-INFO
[1.596s] -- Installing: /home/lukat/unitree_mujoco_ws/COGAR_project/install/robot_interfaces/local/lib/python3.10/dist-packages/robot_interfaces-0.0.0-py3.10.egg-info/SOURCES.txt
[1.597s] -- Installing: /home/lukat/unitree_mujoco_ws/COGAR_project/install/robot_interfaces/local/lib/python3.10/dist-packages/robot_interfaces-0.0.0-py3.10.egg-info/top_level.txt
[1.598s] -- Installing: /home/lukat/unitree_mujoco_ws/COGAR_project/install/robot_interfaces/local/lib/python3.10/dist-packages/robot_interfaces-0.0.0-py3.10.egg-info/dependency_links.txt
[1.598s] -- Up-to-date: /home/lukat/unitree_mujoco_ws/COGAR_project/install/robot_interfaces/local/lib/python3.10/dist-packages/robot_interfaces
[1.598s] -- Up-to-date: /home/lukat/unitree_mujoco_ws/COGAR_project/install/robot_interfaces/local/lib/python3.10/dist-packages/robot_interfaces/_robot_interfaces_s.ep.rosidl_typesupport_introspection_c.c
[1.599s] -- Up-to-date: /home/lukat/unitree_mujoco_ws/COGAR_project/install/robot_interfaces/local/lib/python3.10/dist-packages/robot_interfaces/librobot_interfaces__rosidl_generator_py.so
[1.599s] -- Up-to-date: /home/lukat/unitree_mujoco_ws/COGAR_project/install/robot_interfaces/local/lib/python3.10/dist-packages/robot_interfaces/robot_interfaces_s__rosidl_typesupport_c.cpython-310-x86_64-linux-gnu.so
[1.599s] -- Up-to-date: /home/lukat/unitree_mujoco_ws/COGAR_project/install/robot_interfaces/local/lib/python3.10/dist-packages/robot_interfaces/srv
[1.599s] -- Up-to-date: /home/lukat/unitree_mujoco_ws/COGAR_project/install/robot_interfaces/local/lib/python3.10/dist-packages/robot_interfaces/srv/_update_single_param_s.c
[1.599s] -- Up-to-date: /home/lukat/unitree_mujoco_ws/COGAR_project/install/robot_interfaces/local/lib/python3.10/dist-packages/robot_interfaces/srv/_set_body_height_s.c
[1.599s] -- Up-to-date: /home/lukat/unitree_mujoco_ws/COGAR_project/install/robot_interfaces/local/lib/python3.10/dist-packages/robot_interfaces/srv/_update_single_param.py
[1.600s] -- Up-to-date: /home/lukat/unitree_mujoco_ws/COGAR_project/install/robot_interfaces/local/lib/python3.10/dist-packages/robot_interfaces/srv/__init__.py
[1.600s] -- Up-to-date: /home/lukat/unitree_mujoco_ws/COGAR_project/install/robot_interfaces/local/lib/python3.10/dist-packages/robot_interfaces/srv/_update_gait_params_s.c
[1.600s] -- Up-to-date: /home/lukat/unitree_mujoco_ws/COGAR_project/install/robot_interfaces/local/lib/python3.10/dist-packages/robot_interfaces/srv/_update_gait_params.py
[1.600s] -- Up-to-date: /home/lukat/unitree_mujoco_ws/COGAR_project/install/robot_interfaces/local/lib/python3.10/dist-packages/robot_interfaces/srv/_set_body_height.py
[1.600s] -- Up-to-date: /home/lukat/unitree_mujoco_ws/COGAR_project/install/robot_interfaces/local/lib/python3.10/dist-packages/robot_interfaces/robot_interfaces_s__rosidl_typesupport_fastrtps_c.cpython-310-x86_64-linux-gnu.so
[1.600s] -- Up-to-date: /home/lukat/unitree_mujoco_ws/COGAR_project/install/robot_interfaces/local/lib/python3.10/dist-packages/robot_interfaces/__init__.py
[1.600s] -- Up-to-date: /home/lukat/unitree_mujoco_ws/COGAR_project/install/robot_interfaces/local/lib/python3.10/dist-packages/robot_interfaces/msg
[1.600s] -- Up-to-date: /home/lukat/unitree_mujoco_ws/COGAR_project/install/robot_interfaces/local/lib/python3.10/dist-packages/robot_interfaces/msg/_robot_state_s.c
[1.600s] -- Up-to-date: /home/lukat/unitree_mujoco_ws/COGAR_project/install/robot_interfaces/local/lib/python3.10/dist-packages/robot_interfaces/msg/__init__.py
[1.600s] -- Up-to-date: /home/lukat/unitree_mujoco_ws/COGAR_project/install/robot_interfaces/local/lib/python3.10/dist-packages/robot_interfaces/msg/_robot_state.py
[1.600s] -- Up-to-date: /home/lukat/unitree_mujoco_ws/COGAR_project/install/robot_interfaces/local/lib/python3.10/dist-packages/robot_interfaces/robot_interfaces_s__rosidl_typesupport_introspection_c.cpython-310-x86_64-linux-gnu.so
[1.601s] -- Up-to-date: /home/lukat/unitree_mujoco_ws/COGAR_project/install/robot_interfaces/local/lib/python3.10/dist-packages/robot_interfaces/_robot_interfaces_s.ep.rosidl_typesupport_fastrtps_c.c
[1.601s] -- Up-to-date: /home/lukat/unitree_mujoco_ws/COGAR_project/install/robot_interfaces/local/lib/python3.10/dist-packages/robot_interfaces/_robot_interfaces_s.ep.rosidl_typesupport_c.c
[1.652s] Listing '/home/lukat/unitree_mujoco_ws/COGAR_project/install/robot_interfaces/local/lib/python3.10/dist-packages/robot_interfaces'...
[1.652s] Listing '/home/lukat/unitree_mujoco_ws/COGAR_project/install/robot_interfaces/local/lib/python3.10/dist-packages/robot_interfaces/msg'...
[1.652s] Listing '/home/lukat/unitree_mujoco_ws/COGAR_project/install/robot_interfaces/local/lib/python3.10/dist-packages/robot_interfaces/srv'...
[1.659s] -- Up-to-date: /home/lukat/unitree_mujoco_ws/COGAR_project/install/robot_interfaces/local/lib/python3.10/dist-packages/robot_interfaces/robot_interfaces_s__rosidl_typesupport_fastrtps_c.cpython-310-x86_64-linux-gnu.so
[1.660s] -- Up-to-date: /home/lukat/unitree_mujoco_ws/COGAR_project/install/robot_interfaces/local/lib/python3.10/dist-packages/robot_interfaces/robot_interfaces_s__rosidl_typesupport_introspection_c.cpython-310-x86_64-linux-gnu.so
[1.660s] -- Up-to-date: /home/lukat/unitree_mujoco_ws/COGAR_project/install/robot_interfaces/local/lib/python3.10/dist-packages/robot_interfaces/robot_interfaces_s__rosidl_typesupport_c.cpython-310-x86_64-linux-gnu.so
[1.660s] -- Up-to-date: /home/lukat/unitree_mujoco_ws/COGAR_project/install/robot_interfaces/lib/librobot_interfaces__rosidl_generator_py.so
[1.661s] -- Up-to-date: /home/lukat/unitree_mujoco_ws/COGAR_project/install/robot_interfaces/share/ament_index/resource_index/rust_packages/robot_interfaces
[1.661s] -- Up-to-date: /home/lukat/unitree_mujoco_ws/COGAR_project/install/robot_interfaces/share/robot_interfaces/rust
[1.662s] -- Up-to-date: /home/lukat/unitree_mujoco_ws/COGAR_project/install/robot_interfaces/share/robot_interfaces/rust/Cargo.toml
[1.662s] -- Up-to-date: /home/lukat/unitree_mujoco_ws/COGAR_project/install/robot_interfaces/share/robot_interfaces/rust/src
[1.662s] -- Up-to-date: /home/lukat/unitree_mujoco_ws/COGAR_project/install/robot_interfaces/share/robot_interfaces/rust/src/msg.rs
[1.663s] -- Up-to-date: /home/lukat/unitree_mujoco_ws/COGAR_project/install/robot_interfaces/share/robot_interfaces/rust/src/srv.rs
[1.663s] -- Up-to-date: /home/lukat/unitree_mujoco_ws/COGAR_project/install/robot_interfaces/share/robot_interfaces/rust/src/srv
[1.663s] -- Up-to-date: /home/lukat/unitree_mujoco_ws/COGAR_project/install/robot_interfaces/share/robot_interfaces/rust/src/srv/rmw.rs
[1.663s] -- Up-to-date: /home/lukat/unitree_mujoco_ws/COGAR_project/install/robot_interfaces/share/robot_interfaces/rust/src/msg
[1.663s] -- Up-to-date: /home/lukat/unitree_mujoco_ws/COGAR_project/install/robot_interfaces/share/robot_interfaces/rust/src/msg/rmw.rs
[1.663s] -- Up-to-date: /home/lukat/unitree_mujoco_ws/COGAR_project/install/robot_interfaces/share/robot_interfaces/rust/src/lib.rs
[1.664s] -- Up-to-date: /home/lukat/unitree_mujoco_ws/COGAR_project/install/robot_interfaces/share/robot_interfaces/rust/build.rs
[1.664s] -- Up-to-date: /home/lukat/unitree_mujoco_ws/COGAR_project/install/robot_interfaces/share/robot_interfaces/msg/RobotState.idl
[1.664s] -- Up-to-date: /home/lukat/unitree_mujoco_ws/COGAR_project/install/robot_interfaces/share/robot_interfaces/srv/UpdateGaitParams.idl
[1.664s] -- Up-to-date: /home/lukat/unitree_mujoco_ws/COGAR_project/install/robot_interfaces/share/robot_interfaces/srv/UpdateSingleParam.idl
[1.664s] -- Up-to-date: /home/lukat/unitree_mujoco_ws/COGAR_project/install/robot_interfaces/share/robot_interfaces/srv/SetBodyHeight.idl
[1.665s] -- Up-to-date: /home/lukat/unitree_mujoco_ws/COGAR_project/install/robot_interfaces/share/robot_interfaces/msg/RobotState.msg
[1.665s] -- Up-to-date: /home/lukat/unitree_mujoco_ws/COGAR_project/install/robot_interfaces/share/robot_interfaces/srv/UpdateGaitParams.srv
[1.665s] -- Up-to-date: /home/lukat/unitree_mujoco_ws/COGAR_project/install/robot_interfaces/share/robot_interfaces/srv/UpdateGaitParams_Request.msg
[1.665s] -- Up-to-date: /home/lukat/unitree_mujoco_ws/COGAR_project/install/robot_interfaces/share/robot_interfaces/srv/UpdateGaitParams_Response.msg
[1.665s] -- Up-to-date: /home/lukat/unitree_mujoco_ws/COGAR_project/install/robot_interfaces/share/robot_interfaces/srv/UpdateSingleParam.srv
[1.666s] -- Up-to-date: /home/lukat/unitree_mujoco_ws/COGAR_project/install/robot_interfaces/share/robot_interfaces/srv/UpdateSingleParam_Request.msg
[1.666s] -- Up-to-date: /home/lukat/unitree_mujoco_ws/COGAR_project/install/robot_interfaces/share/robot_interfaces/srv/UpdateSingleParam_Response.msg
[1.666s] -- Up-to-date: /home/lukat/unitree_mujoco_ws/COGAR_project/install/robot_interfaces/share/robot_interfaces/srv/SetBodyHeight.srv
[1.667s] -- Up-to-date: /home/lukat/unitree_mujoco_ws/COGAR_project/install/robot_interfaces/share/robot_interfaces/srv/SetBodyHeight_Request.msg
[1.667s] -- Up-to-date: /home/lukat/unitree_mujoco_ws/COGAR_project/install/robot_interfaces/share/robot_interfaces/srv/SetBodyHeight_Response.msg
[1.667s] -- Up-to-date: /home/lukat/unitree_mujoco_ws/COGAR_project/install/robot_interfaces/share/ament_index/resource_index/package_run_dependencies/robot_interfaces
[1.667s] -- Up-to-date: /home/lukat/unitree_mujoco_ws/COGAR_project/install/robot_interfaces/share/ament_index/resource_index/parent_prefix_path/robot_interfaces
[1.668s] -- Up-to-date: /home/lukat/unitree_mujoco_ws/COGAR_project/install/robot_interfaces/share/robot_interfaces/environment/ament_prefix_path.sh
[1.668s] -- Up-to-date: /home/lukat/unitree_mujoco_ws/COGAR_project/install/robot_interfaces/share/robot_interfaces/environment/ament_prefix_path.dsv
[1.668s] -- Up-to-date: /home/lukat/unitree_mujoco_ws/COGAR_project/install/robot_interfaces/share/robot_interfaces/environment/path.sh
[1.668s] -- Up-to-date: /home/lukat/unitree_mujoco_ws/COGAR_project/install/robot_interfaces/share/robot_interfaces/environment/path.dsv
[1.668s] -- Up-to-date: /home/lukat/unitree_mujoco_ws/COGAR_project/install/robot_interfaces/share/robot_interfaces/local_setup.bash
[1.669s] -- Up-to-date: /home/lukat/unitree_mujoco_ws/COGAR_project/install/robot_interfaces/share/robot_interfaces/local_setup.sh
[1.669s] -- Up-to-date: /home/lukat/unitree_mujoco_ws/COGAR_project/install/robot_interfaces/share/robot_interfaces/local_setup.zsh
[1.669s] -- Up-to-date: /home/lukat/unitree_mujoco_ws/COGAR_project/install/robot_interfaces/share/robot_interfaces/local_setup.dsv
[1.670s] -- Installing: /home/lukat/unitree_mujoco_ws/COGAR_project/install/robot_interfaces/share/robot_interfaces/package.dsv
[1.670s] -- Up-to-date: /home/lukat/unitree_mujoco_ws/COGAR_project/install/robot_interfaces/share/ament_index/resource_index/packages/robot_interfaces
[1.670s] -- Up-to-date: /home/lukat/unitree_mujoco_ws/COGAR_project/install/robot_interfaces/share/robot_interfaces/cmake/export_robot_interfaces__rosidl_generator_cExport.cmake
[1.671s] -- Up-to-date: /home/lukat/unitree_mujoco_ws/COGAR_project/install/robot_interfaces/share/robot_interfaces/cmake/export_robot_interfaces__rosidl_generator_cExport-noconfig.cmake
[1.671s] -- Up-to-date: /home/lukat/unitree_mujoco_ws/COGAR_project/install/robot_interfaces/share/robot_interfaces/cmake/export_robot_interfaces__rosidl_typesupport_fastrtps_cExport.cmake
[1.671s] -- Up-to-date: /home/lukat/unitree_mujoco_ws/COGAR_project/install/robot_interfaces/share/robot_interfaces/cmake/export_robot_interfaces__rosidl_typesupport_fastrtps_cExport-noconfig.cmake
[1.671s] -- Up-to-date: /home/lukat/unitree_mujoco_ws/COGAR_project/install/robot_interfaces/share/robot_interfaces/cmake/robot_interfaces__rosidl_typesupport_introspection_cExport.cmake
[1.671s] -- Up-to-date: /home/lukat/unitree_mujoco_ws/COGAR_project/install/robot_interfaces/share/robot_interfaces/cmake/robot_interfaces__rosidl_typesupport_introspection_cExport-noconfig.cmake
[1.672s] -- Up-to-date: /home/lukat/unitree_mujoco_ws/COGAR_project/install/robot_interfaces/share/robot_interfaces/cmake/robot_interfaces__rosidl_typesupport_cExport.cmake
[1.672s] -- Up-to-date: /home/lukat/unitree_mujoco_ws/COGAR_project/install/robot_interfaces/share/robot_interfaces/cmake/robot_interfaces__rosidl_typesupport_cExport-noconfig.cmake
[1.672s] -- Up-to-date: /home/lukat/unitree_mujoco_ws/COGAR_project/install/robot_interfaces/share/robot_interfaces/cmake/export_robot_interfaces__rosidl_generator_cppExport.cmake
[1.672s] -- Up-to-date: /home/lukat/unitree_mujoco_ws/COGAR_project/install/robot_interfaces/share/robot_interfaces/cmake/export_robot_interfaces__rosidl_typesupport_fastrtps_cppExport.cmake
[1.672s] -- Up-to-date: /home/lukat/unitree_mujoco_ws/COGAR_project/install/robot_interfaces/share/robot_interfaces/cmake/export_robot_interfaces__rosidl_typesupport_fastrtps_cppExport-noconfig.cmake
[1.672s] -- Up-to-date: /home/lukat/unitree_mujoco_ws/COGAR_project/install/robot_interfaces/share/robot_interfaces/cmake/robot_interfaces__rosidl_typesupport_introspection_cppExport.cmake
[1.672s] -- Up-to-date: /home/lukat/unitree_mujoco_ws/COGAR_project/install/robot_interfaces/share/robot_interfaces/cmake/robot_interfaces__rosidl_typesupport_introspection_cppExport-noconfig.cmake
[1.672s] -- Up-to-date: /home/lukat/unitree_mujoco_ws/COGAR_project/install/robot_interfaces/share/robot_interfaces/cmake/robot_interfaces__rosidl_typesupport_cppExport.cmake
[1.672s] -- Up-to-date: /home/lukat/unitree_mujoco_ws/COGAR_project/install/robot_interfaces/share/robot_interfaces/cmake/robot_interfaces__rosidl_typesupport_cppExport-noconfig.cmake
[1.673s] -- Up-to-date: /home/lukat/unitree_mujoco_ws/COGAR_project/install/robot_interfaces/share/robot_interfaces/cmake/export_robot_interfaces__rosidl_generator_pyExport.cmake
[1.673s] -- Up-to-date: /home/lukat/unitree_mujoco_ws/COGAR_project/install/robot_interfaces/share/robot_interfaces/cmake/export_robot_interfaces__rosidl_generator_pyExport-noconfig.cmake
[1.673s] -- Up-to-date: /home/lukat/unitree_mujoco_ws/COGAR_project/install/robot_interfaces/share/robot_interfaces/cmake/rosidl_cmake-extras.cmake
[1.673s] -- Up-to-date: /home/lukat/unitree_mujoco_ws/COGAR_project/install/robot_interfaces/share/robot_interfaces/cmake/ament_cmake_export_dependencies-extras.cmake
[1.673s] -- Up-to-date: /home/lukat/unitree_mujoco_ws/COGAR_project/install/robot_interfaces/share/robot_interfaces/cmake/ament_cmake_export_include_directories-extras.cmake
[1.673s] -- Up-to-date: /home/lukat/unitree_mujoco_ws/COGAR_project/install/robot_interfaces/share/robot_interfaces/cmake/ament_cmake_export_libraries-extras.cmake
[1.673s] -- Up-to-date: /home/lukat/unitree_mujoco_ws/COGAR_project/install/robot_interfaces/share/robot_interfaces/cmake/ament_cmake_export_targets-extras.cmake
[1.673s] -- Up-to-date: /home/lukat/unitree_mujoco_ws/COGAR_project/install/robot_interfaces/share/robot_interfaces/cmake/rosidl_cmake_export_typesupport_targets-extras.cmake
[1.673s] -- Up-to-date: /home/lukat/unitree_mujoco_ws/COGAR_project/install/robot_interfaces/share/robot_interfaces/cmake/rosidl_cmake_export_typesupport_libraries-extras.cmake
[1.673s] -- Up-to-date: /home/lukat/unitree_mujoco_ws/COGAR_project/install/robot_interfaces/share/robot_interfaces/cmake/robot_interfacesConfig.cmake
[1.673s] -- Up-to-date: /home/lukat/unitree_mujoco_ws/COGAR_project/install/robot_interfaces/share/robot_interfaces/cmake/robot_interfacesConfig-version.cmake
[1.673s] -- Up-to-date: /home/lukat/unitree_mujoco_ws/COGAR_project/install/robot_interfaces/share/robot_interfaces/package.xml
[1.675s] Invoked command in '/home/lukat/unitree_mujoco_ws/COGAR_project/build/robot_interfaces' returned '0': CMAKE_PREFIX_PATH=${CMAKE_PREFIX_PATH}:/home/lukat/unitree_mujoco_ws/COGAR_project/install/simulation_py:/home/lukat/unitree_mujoco_ws/COGAR_project/install/controller:/home/lukat/unitree_mujoco_ws/COGAR_project/install/convex_mpc:/opt/ros/humble /usr/bin/cmake --install /home/lukat/unitree_mujoco_ws/COGAR_project/build/robot_interfaces
