[1.422s] Invoking command in '/home/lukat/unitree_mujoco_ws/COGAR_project/src/simulation_py': PYTHONPATH=/home/lukat/unitree_mujoco_ws/COGAR_project/build/simulation_py/prefix_override:/usr/lib/python3/dist-packages/colcon_core/task/python/colcon_distutils_commands:/home/lukat/unitree_mujoco_ws/COGAR_project/install/simulation_py/lib/python3.10/site-packages:${PYTHONPATH} /usr/bin/python3 -W ignore:setup.py install is deprecated -W ignore:easy_install command is deprecated setup.py egg_info --egg-base ../../build/simulation_py build --build-base /home/lukat/unitree_mujoco_ws/COGAR_project/build/simulation_py/build install --record /home/lukat/unitree_mujoco_ws/COGAR_project/build/simulation_py/install.log --single-version-externally-managed install_data
[1.857s] running egg_info
[1.881s] writing ../../build/simulation_py/simulation_py.egg-info/PKG-INFO
[1.882s] writing dependency_links to ../../build/simulation_py/simulation_py.egg-info/dependency_links.txt
[1.883s] writing entry points to ../../build/simulation_py/simulation_py.egg-info/entry_points.txt
[1.884s] writing requirements to ../../build/simulation_py/simulation_py.egg-info/requires.txt
[1.884s] writing top-level names to ../../build/simulation_py/simulation_py.egg-info/top_level.txt
[1.933s] reading manifest file '../../build/simulation_py/simulation_py.egg-info/SOURCES.txt'
[1.935s] writing manifest file '../../build/simulation_py/simulation_py.egg-info/SOURCES.txt'
[1.936s] running build
[1.936s] running build_py
[1.936s] copying simulation_py/simulation_node.py -> /home/lukat/unitree_mujoco_ws/COGAR_project/build/simulation_py/build/lib/simulation_py
[1.938s] copying simulation_py/__init__.py -> /home/lukat/unitree_mujoco_ws/COGAR_project/build/simulation_py/build/lib/simulation_py
[1.938s] running install
[1.943s] running install_lib
[1.968s] running install_data
[1.968s] copying resource/simulation_py -> /home/lukat/unitree_mujoco_ws/COGAR_project/install/simulation_py/share/ament_index/resource_index/packages
[1.969s] copying package.xml -> /home/lukat/unitree_mujoco_ws/COGAR_project/install/simulation_py/share/simulation_py
[1.970s] copying launch/launch_simulation.launch.py -> /home/lukat/unitree_mujoco_ws/COGAR_project/install/simulation_py/share/simulation_py/launch
[1.971s] running install_egg_info
[1.996s] removing '/home/lukat/unitree_mujoco_ws/COGAR_project/install/simulation_py/lib/python3.10/site-packages/simulation_py-0.0.0-py3.10.egg-info' (and everything under it)
[1.998s] Copying ../../build/simulation_py/simulation_py.egg-info to /home/lukat/unitree_mujoco_ws/COGAR_project/install/simulation_py/lib/python3.10/site-packages/simulation_py-0.0.0-py3.10.egg-info
[2.002s] running install_scripts
[2.163s] Installing simulation_node script to /home/lukat/unitree_mujoco_ws/COGAR_project/install/simulation_py/lib/simulation_py
[2.164s] writing list of installed files to '/home/lukat/unitree_mujoco_ws/COGAR_project/build/simulation_py/install.log'
[2.208s] Invoked command in '/home/lukat/unitree_mujoco_ws/COGAR_project/src/simulation_py' returned '0': PYTHONPATH=/home/lukat/unitree_mujoco_ws/COGAR_project/build/simulation_py/prefix_override:/usr/lib/python3/dist-packages/colcon_core/task/python/colcon_distutils_commands:/home/lukat/unitree_mujoco_ws/COGAR_project/install/simulation_py/lib/python3.10/site-packages:${PYTHONPATH} /usr/bin/python3 -W ignore:setup.py install is deprecated -W ignore:easy_install command is deprecated setup.py egg_info --egg-base ../../build/simulation_py build --build-base /home/lukat/unitree_mujoco_ws/COGAR_project/build/simulation_py/build install --record /home/lukat/unitree_mujoco_ws/COGAR_project/build/simulation_py/install.log --single-version-externally-managed install_data
