[1.567s] Invoking command in '/home/lukat/unitree_mujoco_ws/COGAR_project/src/controller': PYTHONPATH=/home/lukat/unitree_mujoco_ws/COGAR_project/build/controller/prefix_override:/usr/lib/python3/dist-packages/colcon_core/task/python/colcon_distutils_commands:/home/lukat/unitree_mujoco_ws/COGAR_project/install/controller/lib/python3.10/site-packages:${PYTHONPATH} /usr/bin/python3 -W ignore:setup.py install is deprecated -W ignore:easy_install command is deprecated setup.py egg_info --egg-base ../../build/controller build --build-base /home/lukat/unitree_mujoco_ws/COGAR_project/build/controller/build install --record /home/lukat/unitree_mujoco_ws/COGAR_project/build/controller/install.log --single-version-externally-managed install_data
[2.001s] running egg_info
[2.025s] writing ../../build/controller/controller.egg-info/PKG-INFO
[2.026s] writing dependency_links to ../../build/controller/controller.egg-info/dependency_links.txt
[2.027s] writing entry points to ../../build/controller/controller.egg-info/entry_points.txt
[2.028s] writing requirements to ../../build/controller/controller.egg-info/requires.txt
[2.028s] writing top-level names to ../../build/controller/controller.egg-info/top_level.txt
[2.080s] reading manifest file '../../build/controller/controller.egg-info/SOURCES.txt'
[2.084s] writing manifest file '../../build/controller/controller.egg-info/SOURCES.txt'
[2.084s] running build
[2.084s] running build_py
[2.085s] copying controller/convex_mpc_controller.py -> /home/lukat/unitree_mujoco_ws/COGAR_project/build/controller/build/lib/controller
[2.085s] copying controller/rl_controller.py -> /home/lukat/unitree_mujoco_ws/COGAR_project/build/controller/build/lib/controller
[2.086s] copying controller/__init__.py -> /home/lukat/unitree_mujoco_ws/COGAR_project/build/controller/build/lib/controller
[2.087s] copying controller/load_policy.py -> /home/lukat/unitree_mujoco_ws/COGAR_project/build/controller/build/lib/controller
[2.088s] running install
[2.093s] running install_lib
[2.114s] copying /home/lukat/unitree_mujoco_ws/COGAR_project/build/controller/build/lib/controller/convex_mpc_controller.py -> /home/lukat/unitree_mujoco_ws/COGAR_project/install/controller/lib/python3.10/site-packages/controller
[2.117s] byte-compiling /home/lukat/unitree_mujoco_ws/COGAR_project/install/controller/lib/python3.10/site-packages/controller/convex_mpc_controller.py to convex_mpc_controller.cpython-310.pyc
[2.127s] running install_data
[2.128s] copying resource/controller -> /home/lukat/unitree_mujoco_ws/COGAR_project/install/controller/share/ament_index/resource_index/packages
[2.130s] copying package.xml -> /home/lukat/unitree_mujoco_ws/COGAR_project/install/controller/share/controller
[2.132s] copying policies/HIM_policy.pt -> /home/lukat/unitree_mujoco_ws/COGAR_project/install/controller/share/controller/policies
[2.143s] copying policies/kp_kd_random_policy.pt -> /home/lukat/unitree_mujoco_ws/COGAR_project/install/controller/share/controller/policies
[2.150s] copying policies/policy_with_45_obs.pt -> /home/lukat/unitree_mujoco_ws/COGAR_project/install/controller/share/controller/policies
[2.156s] copying config/go2.yaml -> /home/lukat/unitree_mujoco_ws/COGAR_project/install/controller/share/controller/config
[2.157s] running install_egg_info
[2.180s] removing '/home/lukat/unitree_mujoco_ws/COGAR_project/install/controller/lib/python3.10/site-packages/controller-0.0.0-py3.10.egg-info' (and everything under it)
[2.184s] Copying ../../build/controller/controller.egg-info to /home/lukat/unitree_mujoco_ws/COGAR_project/install/controller/lib/python3.10/site-packages/controller-0.0.0-py3.10.egg-info
[2.187s] running install_scripts
[2.355s] Installing controller_node script to /home/lukat/unitree_mujoco_ws/COGAR_project/install/controller/lib/controller
[2.355s] Installing rl_controller script to /home/lukat/unitree_mujoco_ws/COGAR_project/install/controller/lib/controller
[2.356s] writing list of installed files to '/home/lukat/unitree_mujoco_ws/COGAR_project/build/controller/install.log'
[2.405s] Invoked command in '/home/lukat/unitree_mujoco_ws/COGAR_project/src/controller' returned '0': PYTHONPATH=/home/lukat/unitree_mujoco_ws/COGAR_project/build/controller/prefix_override:/usr/lib/python3/dist-packages/colcon_core/task/python/colcon_distutils_commands:/home/lukat/unitree_mujoco_ws/COGAR_project/install/controller/lib/python3.10/site-packages:${PYTHONPATH} /usr/bin/python3 -W ignore:setup.py install is deprecated -W ignore:easy_install command is deprecated setup.py egg_info --egg-base ../../build/controller build --build-base /home/lukat/unitree_mujoco_ws/COGAR_project/build/controller/build install --record /home/lukat/unitree_mujoco_ws/COGAR_project/build/controller/install.log --single-version-externally-managed install_data
