[0.174s] DEBUG:colcon:Command line arguments: ['/usr/bin/colcon', 'build']
[0.174s] DEBUG:colcon:Parsed command line arguments: Namespace(log_base=None, log_level=None, verb_name='build', build_base='build', install_base='install', merge_install=False, symlink_install=False, test_result_base=None, continue_on_error=False, executor='parallel', parallel_workers=8, event_handlers=None, ignore_user_meta=False, metas=['./colcon.meta'], base_paths=['.'], packages_ignore=None, packages_ignore_regex=None, paths=None, packages_up_to=None, packages_up_to_regex=None, packages_above=None, packages_above_and_dependencies=None, packages_above_depth=None, packages_select_by_dep=None, packages_skip_by_dep=None, packages_skip_up_to=None, packages_select_build_failed=False, packages_skip_build_finished=False, packages_select_test_failures=False, packages_skip_test_passed=False, packages_select=None, packages_skip=None, packages_select_regex=None, packages_skip_regex=None, packages_start=None, packages_end=None, allow_overriding=[], cmake_args=None, cmake_target=None, cmake_target_skip_unavailable=False, cmake_clean_cache=False, cmake_clean_first=False, cmake_force_configure=False, ament_cmake_args=None, catkin_cmake_args=None, catkin_skip_building_tests=False, mixin_files=None, mixin=None, verb_parser=<colcon_mixin.mixin.mixin_argument.MixinArgumentDecorator object at 0x703f0b17c940>, verb_extension=<colcon_core.verb.build.BuildVerb object at 0x703f0b17c2b0>, main=<bound method BuildVerb.main of <colcon_core.verb.build.BuildVerb object at 0x703f0b17c2b0>>, mixin_verb=('build',))
[0.223s] Level 1:colcon.colcon_core.package_discovery:discover_packages(colcon_meta) check parameters
[0.223s] Level 1:colcon.colcon_core.package_discovery:discover_packages(recursive) check parameters
[0.223s] Level 1:colcon.colcon_core.package_discovery:discover_packages(ignore) check parameters
[0.223s] Level 1:colcon.colcon_core.package_discovery:discover_packages(path) check parameters
[0.223s] Level 1:colcon.colcon_core.package_discovery:discover_packages(colcon_meta) discover
[0.224s] Level 1:colcon.colcon_core.package_discovery:discover_packages(recursive) discover
[0.224s] INFO:colcon.colcon_core.package_discovery:Crawling recursively for packages in '/home/lukat/unitree_mujoco_ws/COGAR_project'
[0.224s] Level 1:colcon.colcon_core.package_identification:_identify(.) by extensions ['ignore', 'ignore_ament_install']
[0.224s] Level 1:colcon.colcon_core.package_identification:_identify(.) by extension 'ignore'
[0.224s] Level 1:colcon.colcon_core.package_identification:_identify(.) by extension 'ignore_ament_install'
[0.224s] Level 1:colcon.colcon_core.package_identification:_identify(.) by extensions ['colcon_pkg']
[0.224s] Level 1:colcon.colcon_core.package_identification:_identify(.) by extension 'colcon_pkg'
[0.224s] Level 1:colcon.colcon_core.package_identification:_identify(.) by extensions ['colcon_meta']
[0.224s] Level 1:colcon.colcon_core.package_identification:_identify(.) by extension 'colcon_meta'
[0.224s] Level 1:colcon.colcon_core.package_identification:_identify(.) by extensions ['ros']
[0.225s] Level 1:colcon.colcon_core.package_identification:_identify(.) by extension 'ros'
[0.266s] Level 1:colcon.colcon_core.package_identification:_identify(.) by extensions ['cmake', 'python']
[0.266s] Level 1:colcon.colcon_core.package_identification:_identify(.) by extension 'cmake'
[0.267s] Level 1:colcon.colcon_core.package_identification:_identify(.) by extension 'python'
[0.267s] Level 1:colcon.colcon_core.package_identification:_identify(.) by extensions ['python_setup_py']
[0.267s] Level 1:colcon.colcon_core.package_identification:_identify(.) by extension 'python_setup_py'
[0.267s] Level 1:colcon.colcon_core.package_identification:_identify(build) by extensions ['ignore', 'ignore_ament_install']
[0.267s] Level 1:colcon.colcon_core.package_identification:_identify(build) by extension 'ignore'
[0.267s] Level 1:colcon.colcon_core.package_identification:_identify(build) ignored
[0.268s] Level 1:colcon.colcon_core.package_identification:_identify(install) by extensions ['ignore', 'ignore_ament_install']
[0.268s] Level 1:colcon.colcon_core.package_identification:_identify(install) by extension 'ignore'
[0.268s] Level 1:colcon.colcon_core.package_identification:_identify(install) ignored
[0.268s] Level 1:colcon.colcon_core.package_identification:_identify(log) by extensions ['ignore', 'ignore_ament_install']
[0.268s] Level 1:colcon.colcon_core.package_identification:_identify(log) by extension 'ignore'
[0.268s] Level 1:colcon.colcon_core.package_identification:_identify(log) ignored
[0.269s] Level 1:colcon.colcon_core.package_identification:_identify(models) by extensions ['ignore', 'ignore_ament_install']
[0.269s] Level 1:colcon.colcon_core.package_identification:_identify(models) by extension 'ignore'
[0.269s] Level 1:colcon.colcon_core.package_identification:_identify(models) by extension 'ignore_ament_install'
[0.269s] Level 1:colcon.colcon_core.package_identification:_identify(models) by extensions ['colcon_pkg']
[0.269s] Level 1:colcon.colcon_core.package_identification:_identify(models) by extension 'colcon_pkg'
[0.269s] Level 1:colcon.colcon_core.package_identification:_identify(models) by extensions ['colcon_meta']
[0.270s] Level 1:colcon.colcon_core.package_identification:_identify(models) by extension 'colcon_meta'
[0.270s] Level 1:colcon.colcon_core.package_identification:_identify(models) by extensions ['ros']
[0.270s] Level 1:colcon.colcon_core.package_identification:_identify(models) by extension 'ros'
[0.270s] Level 1:colcon.colcon_core.package_identification:_identify(models) by extensions ['cmake', 'python']
[0.270s] Level 1:colcon.colcon_core.package_identification:_identify(models) by extension 'cmake'
[0.270s] Level 1:colcon.colcon_core.package_identification:_identify(models) by extension 'python'
[0.270s] Level 1:colcon.colcon_core.package_identification:_identify(models) by extensions ['python_setup_py']
[0.270s] Level 1:colcon.colcon_core.package_identification:_identify(models) by extension 'python_setup_py'
[0.270s] Level 1:colcon.colcon_core.package_identification:_identify(models/MJCF) by extensions ['ignore', 'ignore_ament_install']
[0.270s] Level 1:colcon.colcon_core.package_identification:_identify(models/MJCF) by extension 'ignore'
[0.271s] Level 1:colcon.colcon_core.package_identification:_identify(models/MJCF) by extension 'ignore_ament_install'
[0.271s] Level 1:colcon.colcon_core.package_identification:_identify(models/MJCF) by extensions ['colcon_pkg']
[0.271s] Level 1:colcon.colcon_core.package_identification:_identify(models/MJCF) by extension 'colcon_pkg'
[0.271s] Level 1:colcon.colcon_core.package_identification:_identify(models/MJCF) by extensions ['colcon_meta']
[0.271s] Level 1:colcon.colcon_core.package_identification:_identify(models/MJCF) by extension 'colcon_meta'
[0.271s] Level 1:colcon.colcon_core.package_identification:_identify(models/MJCF) by extensions ['ros']
[0.271s] Level 1:colcon.colcon_core.package_identification:_identify(models/MJCF) by extension 'ros'
[0.271s] Level 1:colcon.colcon_core.package_identification:_identify(models/MJCF) by extensions ['cmake', 'python']
[0.271s] Level 1:colcon.colcon_core.package_identification:_identify(models/MJCF) by extension 'cmake'
[0.271s] Level 1:colcon.colcon_core.package_identification:_identify(models/MJCF) by extension 'python'
[0.271s] Level 1:colcon.colcon_core.package_identification:_identify(models/MJCF) by extensions ['python_setup_py']
[0.271s] Level 1:colcon.colcon_core.package_identification:_identify(models/MJCF) by extension 'python_setup_py'
[0.272s] Level 1:colcon.colcon_core.package_identification:_identify(models/MJCF/go2) by extensions ['ignore', 'ignore_ament_install']
[0.272s] Level 1:colcon.colcon_core.package_identification:_identify(models/MJCF/go2) by extension 'ignore'
[0.272s] Level 1:colcon.colcon_core.package_identification:_identify(models/MJCF/go2) by extension 'ignore_ament_install'
[0.272s] Level 1:colcon.colcon_core.package_identification:_identify(models/MJCF/go2) by extensions ['colcon_pkg']
[0.272s] Level 1:colcon.colcon_core.package_identification:_identify(models/MJCF/go2) by extension 'colcon_pkg'
[0.272s] Level 1:colcon.colcon_core.package_identification:_identify(models/MJCF/go2) by extensions ['colcon_meta']
[0.272s] Level 1:colcon.colcon_core.package_identification:_identify(models/MJCF/go2) by extension 'colcon_meta'
[0.272s] Level 1:colcon.colcon_core.package_identification:_identify(models/MJCF/go2) by extensions ['ros']
[0.273s] Level 1:colcon.colcon_core.package_identification:_identify(models/MJCF/go2) by extension 'ros'
[0.273s] Level 1:colcon.colcon_core.package_identification:_identify(models/MJCF/go2) by extensions ['cmake', 'python']
[0.273s] Level 1:colcon.colcon_core.package_identification:_identify(models/MJCF/go2) by extension 'cmake'
[0.273s] Level 1:colcon.colcon_core.package_identification:_identify(models/MJCF/go2) by extension 'python'
[0.273s] Level 1:colcon.colcon_core.package_identification:_identify(models/MJCF/go2) by extensions ['python_setup_py']
[0.273s] Level 1:colcon.colcon_core.package_identification:_identify(models/MJCF/go2) by extension 'python_setup_py'
[0.273s] Level 1:colcon.colcon_core.package_identification:_identify(models/MJCF/go2/assets) by extensions ['ignore', 'ignore_ament_install']
[0.273s] Level 1:colcon.colcon_core.package_identification:_identify(models/MJCF/go2/assets) by extension 'ignore'
[0.273s] Level 1:colcon.colcon_core.package_identification:_identify(models/MJCF/go2/assets) by extension 'ignore_ament_install'
[0.273s] Level 1:colcon.colcon_core.package_identification:_identify(models/MJCF/go2/assets) by extensions ['colcon_pkg']
[0.273s] Level 1:colcon.colcon_core.package_identification:_identify(models/MJCF/go2/assets) by extension 'colcon_pkg'
[0.274s] Level 1:colcon.colcon_core.package_identification:_identify(models/MJCF/go2/assets) by extensions ['colcon_meta']
[0.274s] Level 1:colcon.colcon_core.package_identification:_identify(models/MJCF/go2/assets) by extension 'colcon_meta'
[0.274s] Level 1:colcon.colcon_core.package_identification:_identify(models/MJCF/go2/assets) by extensions ['ros']
[0.274s] Level 1:colcon.colcon_core.package_identification:_identify(models/MJCF/go2/assets) by extension 'ros'
[0.274s] Level 1:colcon.colcon_core.package_identification:_identify(models/MJCF/go2/assets) by extensions ['cmake', 'python']
[0.274s] Level 1:colcon.colcon_core.package_identification:_identify(models/MJCF/go2/assets) by extension 'cmake'
[0.274s] Level 1:colcon.colcon_core.package_identification:_identify(models/MJCF/go2/assets) by extension 'python'
[0.274s] Level 1:colcon.colcon_core.package_identification:_identify(models/MJCF/go2/assets) by extensions ['python_setup_py']
[0.274s] Level 1:colcon.colcon_core.package_identification:_identify(models/MJCF/go2/assets) by extension 'python_setup_py'
[0.274s] Level 1:colcon.colcon_core.package_identification:_identify(models/URDF) by extensions ['ignore', 'ignore_ament_install']
[0.274s] Level 1:colcon.colcon_core.package_identification:_identify(models/URDF) by extension 'ignore'
[0.274s] Level 1:colcon.colcon_core.package_identification:_identify(models/URDF) by extension 'ignore_ament_install'
[0.275s] Level 1:colcon.colcon_core.package_identification:_identify(models/URDF) by extensions ['colcon_pkg']
[0.275s] Level 1:colcon.colcon_core.package_identification:_identify(models/URDF) by extension 'colcon_pkg'
[0.275s] Level 1:colcon.colcon_core.package_identification:_identify(models/URDF) by extensions ['colcon_meta']
[0.275s] Level 1:colcon.colcon_core.package_identification:_identify(models/URDF) by extension 'colcon_meta'
[0.275s] Level 1:colcon.colcon_core.package_identification:_identify(models/URDF) by extensions ['ros']
[0.275s] Level 1:colcon.colcon_core.package_identification:_identify(models/URDF) by extension 'ros'
[0.275s] Level 1:colcon.colcon_core.package_identification:_identify(models/URDF) by extensions ['cmake', 'python']
[0.275s] Level 1:colcon.colcon_core.package_identification:_identify(models/URDF) by extension 'cmake'
[0.275s] Level 1:colcon.colcon_core.package_identification:_identify(models/URDF) by extension 'python'
[0.275s] Level 1:colcon.colcon_core.package_identification:_identify(models/URDF) by extensions ['python_setup_py']
[0.275s] Level 1:colcon.colcon_core.package_identification:_identify(models/URDF) by extension 'python_setup_py'
[0.276s] Level 1:colcon.colcon_core.package_identification:_identify(models/URDF/go2_description) by extensions ['ignore', 'ignore_ament_install']
[0.276s] Level 1:colcon.colcon_core.package_identification:_identify(models/URDF/go2_description) by extension 'ignore'
[0.276s] Level 1:colcon.colcon_core.package_identification:_identify(models/URDF/go2_description) ignored
[0.276s] Level 1:colcon.colcon_core.package_identification:_identify(src) by extensions ['ignore', 'ignore_ament_install']
[0.276s] Level 1:colcon.colcon_core.package_identification:_identify(src) by extension 'ignore'
[0.276s] Level 1:colcon.colcon_core.package_identification:_identify(src) by extension 'ignore_ament_install'
[0.276s] Level 1:colcon.colcon_core.package_identification:_identify(src) by extensions ['colcon_pkg']
[0.276s] Level 1:colcon.colcon_core.package_identification:_identify(src) by extension 'colcon_pkg'
[0.276s] Level 1:colcon.colcon_core.package_identification:_identify(src) by extensions ['colcon_meta']
[0.276s] Level 1:colcon.colcon_core.package_identification:_identify(src) by extension 'colcon_meta'
[0.276s] Level 1:colcon.colcon_core.package_identification:_identify(src) by extensions ['ros']
[0.276s] Level 1:colcon.colcon_core.package_identification:_identify(src) by extension 'ros'
[0.277s] Level 1:colcon.colcon_core.package_identification:_identify(src) by extensions ['cmake', 'python']
[0.277s] Level 1:colcon.colcon_core.package_identification:_identify(src) by extension 'cmake'
[0.277s] Level 1:colcon.colcon_core.package_identification:_identify(src) by extension 'python'
[0.277s] Level 1:colcon.colcon_core.package_identification:_identify(src) by extensions ['python_setup_py']
[0.277s] Level 1:colcon.colcon_core.package_identification:_identify(src) by extension 'python_setup_py'
[0.277s] Level 1:colcon.colcon_core.package_identification:_identify(src/Python_src) by extensions ['ignore', 'ignore_ament_install']
[0.277s] Level 1:colcon.colcon_core.package_identification:_identify(src/Python_src) by extension 'ignore'
[0.277s] Level 1:colcon.colcon_core.package_identification:_identify(src/Python_src) by extension 'ignore_ament_install'
[0.277s] Level 1:colcon.colcon_core.package_identification:_identify(src/Python_src) by extensions ['colcon_pkg']
[0.277s] Level 1:colcon.colcon_core.package_identification:_identify(src/Python_src) by extension 'colcon_pkg'
[0.278s] Level 1:colcon.colcon_core.package_identification:_identify(src/Python_src) by extensions ['colcon_meta']
[0.278s] Level 1:colcon.colcon_core.package_identification:_identify(src/Python_src) by extension 'colcon_meta'
[0.278s] Level 1:colcon.colcon_core.package_identification:_identify(src/Python_src) by extensions ['ros']
[0.278s] Level 1:colcon.colcon_core.package_identification:_identify(src/Python_src) by extension 'ros'
[0.278s] Level 1:colcon.colcon_core.package_identification:_identify(src/Python_src) by extensions ['cmake', 'python']
[0.278s] Level 1:colcon.colcon_core.package_identification:_identify(src/Python_src) by extension 'cmake'
[0.278s] Level 1:colcon.colcon_core.package_identification:_identify(src/Python_src) by extension 'python'
[0.278s] Level 1:colcon.colcon_core.package_identification:_identify(src/Python_src) by extensions ['python_setup_py']
[0.278s] Level 1:colcon.colcon_core.package_identification:_identify(src/Python_src) by extension 'python_setup_py'
[0.278s] Level 1:colcon.colcon_core.package_identification:_identify(src/controller) by extensions ['ignore', 'ignore_ament_install']
[0.278s] Level 1:colcon.colcon_core.package_identification:_identify(src/controller) by extension 'ignore'
[0.279s] Level 1:colcon.colcon_core.package_identification:_identify(src/controller) by extension 'ignore_ament_install'
[0.279s] Level 1:colcon.colcon_core.package_identification:_identify(src/controller) by extensions ['colcon_pkg']
[0.279s] Level 1:colcon.colcon_core.package_identification:_identify(src/controller) by extension 'colcon_pkg'
[0.279s] Level 1:colcon.colcon_core.package_identification:_identify(src/controller) by extensions ['colcon_meta']
[0.279s] Level 1:colcon.colcon_core.package_identification:_identify(src/controller) by extension 'colcon_meta'
[0.279s] Level 1:colcon.colcon_core.package_identification:_identify(src/controller) by extensions ['ros']
[0.279s] Level 1:colcon.colcon_core.package_identification:_identify(src/controller) by extension 'ros'
[0.282s] DEBUG:colcon.colcon_core.package_identification:Package 'src/controller' with type 'ros.ament_python' and name 'controller'
[0.282s] Level 1:colcon.colcon_core.package_identification:_identify(src/convex_mpc) by extensions ['ignore', 'ignore_ament_install']
[0.282s] Level 1:colcon.colcon_core.package_identification:_identify(src/convex_mpc) by extension 'ignore'
[0.282s] Level 1:colcon.colcon_core.package_identification:_identify(src/convex_mpc) by extension 'ignore_ament_install'
[0.282s] Level 1:colcon.colcon_core.package_identification:_identify(src/convex_mpc) by extensions ['colcon_pkg']
[0.282s] Level 1:colcon.colcon_core.package_identification:_identify(src/convex_mpc) by extension 'colcon_pkg'
[0.283s] Level 1:colcon.colcon_core.package_identification:_identify(src/convex_mpc) by extensions ['colcon_meta']
[0.283s] Level 1:colcon.colcon_core.package_identification:_identify(src/convex_mpc) by extension 'colcon_meta'
[0.283s] Level 1:colcon.colcon_core.package_identification:_identify(src/convex_mpc) by extensions ['ros']
[0.283s] Level 1:colcon.colcon_core.package_identification:_identify(src/convex_mpc) by extension 'ros'
[0.283s] DEBUG:colcon.colcon_core.package_identification:Package 'src/convex_mpc' with type 'ros.ament_python' and name 'convex_mpc'
[0.283s] Level 1:colcon.colcon_core.package_identification:_identify(src/robot_interfaces) by extensions ['ignore', 'ignore_ament_install']
[0.283s] Level 1:colcon.colcon_core.package_identification:_identify(src/robot_interfaces) by extension 'ignore'
[0.284s] Level 1:colcon.colcon_core.package_identification:_identify(src/robot_interfaces) by extension 'ignore_ament_install'
[0.284s] Level 1:colcon.colcon_core.package_identification:_identify(src/robot_interfaces) by extensions ['colcon_pkg']
[0.284s] Level 1:colcon.colcon_core.package_identification:_identify(src/robot_interfaces) by extension 'colcon_pkg'
[0.284s] Level 1:colcon.colcon_core.package_identification:_identify(src/robot_interfaces) by extensions ['colcon_meta']
[0.284s] Level 1:colcon.colcon_core.package_identification:_identify(src/robot_interfaces) by extension 'colcon_meta'
[0.284s] Level 1:colcon.colcon_core.package_identification:_identify(src/robot_interfaces) by extensions ['ros']
[0.284s] Level 1:colcon.colcon_core.package_identification:_identify(src/robot_interfaces) by extension 'ros'
[0.284s] DEBUG:colcon.colcon_core.package_identification:Package 'src/robot_interfaces' with type 'ros.ament_cmake' and name 'robot_interfaces'
[0.285s] Level 1:colcon.colcon_core.package_identification:_identify(src/simulation_py) by extensions ['ignore', 'ignore_ament_install']
[0.285s] Level 1:colcon.colcon_core.package_identification:_identify(src/simulation_py) by extension 'ignore'
[0.285s] Level 1:colcon.colcon_core.package_identification:_identify(src/simulation_py) by extension 'ignore_ament_install'
[0.285s] Level 1:colcon.colcon_core.package_identification:_identify(src/simulation_py) by extensions ['colcon_pkg']
[0.285s] Level 1:colcon.colcon_core.package_identification:_identify(src/simulation_py) by extension 'colcon_pkg'
[0.285s] Level 1:colcon.colcon_core.package_identification:_identify(src/simulation_py) by extensions ['colcon_meta']
[0.285s] Level 1:colcon.colcon_core.package_identification:_identify(src/simulation_py) by extension 'colcon_meta'
[0.285s] Level 1:colcon.colcon_core.package_identification:_identify(src/simulation_py) by extensions ['ros']
[0.285s] Level 1:colcon.colcon_core.package_identification:_identify(src/simulation_py) by extension 'ros'
[0.286s] DEBUG:colcon.colcon_core.package_identification:Package 'src/simulation_py' with type 'ros.ament_python' and name 'simulation_py'
[0.286s] Level 1:colcon.colcon_core.package_discovery:discover_packages(recursive) using defaults
[0.286s] Level 1:colcon.colcon_core.package_discovery:discover_packages(ignore) discover
[0.286s] Level 1:colcon.colcon_core.package_discovery:discover_packages(ignore) using defaults
[0.286s] Level 1:colcon.colcon_core.package_discovery:discover_packages(path) discover
[0.286s] Level 1:colcon.colcon_core.package_discovery:discover_packages(path) using defaults
[0.309s] Level 1:colcon.colcon_core.package_discovery:discover_packages(prefix_path) check parameters
[0.309s] Level 1:colcon.colcon_core.package_discovery:discover_packages(prefix_path) discover
[0.312s] DEBUG:colcon.colcon_installed_package_information.package_discovery:Found 4 installed packages in /home/lukat/unitree_mujoco_ws/COGAR_project/install
[0.313s] DEBUG:colcon.colcon_installed_package_information.package_discovery:Found 341 installed packages in /opt/ros/humble
[0.315s] Level 1:colcon.colcon_core.package_discovery:discover_packages(prefix_path) using defaults
[0.381s] Level 5:colcon.colcon_core.verb:set package 'convex_mpc' build argument 'cmake_args' from command line to 'None'
[0.381s] Level 5:colcon.colcon_core.verb:set package 'convex_mpc' build argument 'cmake_target' from command line to 'None'
[0.381s] Level 5:colcon.colcon_core.verb:set package 'convex_mpc' build argument 'cmake_target_skip_unavailable' from command line to 'False'
[0.381s] Level 5:colcon.colcon_core.verb:set package 'convex_mpc' build argument 'cmake_clean_cache' from command line to 'False'
[0.381s] Level 5:colcon.colcon_core.verb:set package 'convex_mpc' build argument 'cmake_clean_first' from command line to 'False'
[0.381s] Level 5:colcon.colcon_core.verb:set package 'convex_mpc' build argument 'cmake_force_configure' from command line to 'False'
[0.381s] Level 5:colcon.colcon_core.verb:set package 'convex_mpc' build argument 'ament_cmake_args' from command line to 'None'
[0.381s] Level 5:colcon.colcon_core.verb:set package 'convex_mpc' build argument 'catkin_cmake_args' from command line to 'None'
[0.381s] Level 5:colcon.colcon_core.verb:set package 'convex_mpc' build argument 'catkin_skip_building_tests' from command line to 'False'
[0.382s] DEBUG:colcon.colcon_core.verb:Building package 'convex_mpc' with the following arguments: {'ament_cmake_args': None, 'build_base': '/home/lukat/unitree_mujoco_ws/COGAR_project/build/convex_mpc', 'catkin_cmake_args': None, 'catkin_skip_building_tests': False, 'cmake_args': None, 'cmake_clean_cache': False, 'cmake_clean_first': False, 'cmake_force_configure': False, 'cmake_target': None, 'cmake_target_skip_unavailable': False, 'install_base': '/home/lukat/unitree_mujoco_ws/COGAR_project/install/convex_mpc', 'merge_install': False, 'path': '/home/lukat/unitree_mujoco_ws/COGAR_project/src/convex_mpc', 'symlink_install': False, 'test_result_base': None}
[0.382s] Level 5:colcon.colcon_core.verb:set package 'robot_interfaces' build argument 'cmake_args' from command line to 'None'
[0.382s] Level 5:colcon.colcon_core.verb:set package 'robot_interfaces' build argument 'cmake_target' from command line to 'None'
[0.382s] Level 5:colcon.colcon_core.verb:set package 'robot_interfaces' build argument 'cmake_target_skip_unavailable' from command line to 'False'
[0.382s] Level 5:colcon.colcon_core.verb:set package 'robot_interfaces' build argument 'cmake_clean_cache' from command line to 'False'
[0.382s] Level 5:colcon.colcon_core.verb:set package 'robot_interfaces' build argument 'cmake_clean_first' from command line to 'False'
[0.382s] Level 5:colcon.colcon_core.verb:set package 'robot_interfaces' build argument 'cmake_force_configure' from command line to 'False'
[0.382s] Level 5:colcon.colcon_core.verb:set package 'robot_interfaces' build argument 'ament_cmake_args' from command line to 'None'
[0.382s] Level 5:colcon.colcon_core.verb:set package 'robot_interfaces' build argument 'catkin_cmake_args' from command line to 'None'
[0.382s] Level 5:colcon.colcon_core.verb:set package 'robot_interfaces' build argument 'catkin_skip_building_tests' from command line to 'False'
[0.382s] DEBUG:colcon.colcon_core.verb:Building package 'robot_interfaces' with the following arguments: {'ament_cmake_args': None, 'build_base': '/home/lukat/unitree_mujoco_ws/COGAR_project/build/robot_interfaces', 'catkin_cmake_args': None, 'catkin_skip_building_tests': False, 'cmake_args': None, 'cmake_clean_cache': False, 'cmake_clean_first': False, 'cmake_force_configure': False, 'cmake_target': None, 'cmake_target_skip_unavailable': False, 'install_base': '/home/lukat/unitree_mujoco_ws/COGAR_project/install/robot_interfaces', 'merge_install': False, 'path': '/home/lukat/unitree_mujoco_ws/COGAR_project/src/robot_interfaces', 'symlink_install': False, 'test_result_base': None}
[0.383s] Level 5:colcon.colcon_core.verb:set package 'simulation_py' build argument 'cmake_args' from command line to 'None'
[0.383s] Level 5:colcon.colcon_core.verb:set package 'simulation_py' build argument 'cmake_target' from command line to 'None'
[0.383s] Level 5:colcon.colcon_core.verb:set package 'simulation_py' build argument 'cmake_target_skip_unavailable' from command line to 'False'
[0.383s] Level 5:colcon.colcon_core.verb:set package 'simulation_py' build argument 'cmake_clean_cache' from command line to 'False'
[0.383s] Level 5:colcon.colcon_core.verb:set package 'simulation_py' build argument 'cmake_clean_first' from command line to 'False'
[0.383s] Level 5:colcon.colcon_core.verb:set package 'simulation_py' build argument 'cmake_force_configure' from command line to 'False'
[0.383s] Level 5:colcon.colcon_core.verb:set package 'simulation_py' build argument 'ament_cmake_args' from command line to 'None'
[0.383s] Level 5:colcon.colcon_core.verb:set package 'simulation_py' build argument 'catkin_cmake_args' from command line to 'None'
[0.383s] Level 5:colcon.colcon_core.verb:set package 'simulation_py' build argument 'catkin_skip_building_tests' from command line to 'False'
[0.383s] DEBUG:colcon.colcon_core.verb:Building package 'simulation_py' with the following arguments: {'ament_cmake_args': None, 'build_base': '/home/lukat/unitree_mujoco_ws/COGAR_project/build/simulation_py', 'catkin_cmake_args': None, 'catkin_skip_building_tests': False, 'cmake_args': None, 'cmake_clean_cache': False, 'cmake_clean_first': False, 'cmake_force_configure': False, 'cmake_target': None, 'cmake_target_skip_unavailable': False, 'install_base': '/home/lukat/unitree_mujoco_ws/COGAR_project/install/simulation_py', 'merge_install': False, 'path': '/home/lukat/unitree_mujoco_ws/COGAR_project/src/simulation_py', 'symlink_install': False, 'test_result_base': None}
[0.383s] Level 5:colcon.colcon_core.verb:set package 'controller' build argument 'cmake_args' from command line to 'None'
[0.383s] Level 5:colcon.colcon_core.verb:set package 'controller' build argument 'cmake_target' from command line to 'None'
[0.383s] Level 5:colcon.colcon_core.verb:set package 'controller' build argument 'cmake_target_skip_unavailable' from command line to 'False'
[0.383s] Level 5:colcon.colcon_core.verb:set package 'controller' build argument 'cmake_clean_cache' from command line to 'False'
[0.384s] Level 5:colcon.colcon_core.verb:set package 'controller' build argument 'cmake_clean_first' from command line to 'False'
[0.384s] Level 5:colcon.colcon_core.verb:set package 'controller' build argument 'cmake_force_configure' from command line to 'False'
[0.384s] Level 5:colcon.colcon_core.verb:set package 'controller' build argument 'ament_cmake_args' from command line to 'None'
[0.384s] Level 5:colcon.colcon_core.verb:set package 'controller' build argument 'catkin_cmake_args' from command line to 'None'
[0.384s] Level 5:colcon.colcon_core.verb:set package 'controller' build argument 'catkin_skip_building_tests' from command line to 'False'
[0.384s] DEBUG:colcon.colcon_core.verb:Building package 'controller' with the following arguments: {'ament_cmake_args': None, 'build_base': '/home/lukat/unitree_mujoco_ws/COGAR_project/build/controller', 'catkin_cmake_args': None, 'catkin_skip_building_tests': False, 'cmake_args': None, 'cmake_clean_cache': False, 'cmake_clean_first': False, 'cmake_force_configure': False, 'cmake_target': None, 'cmake_target_skip_unavailable': False, 'install_base': '/home/lukat/unitree_mujoco_ws/COGAR_project/install/controller', 'merge_install': False, 'path': '/home/lukat/unitree_mujoco_ws/COGAR_project/src/controller', 'symlink_install': False, 'test_result_base': None}
[0.384s] INFO:colcon.colcon_core.executor:Executing jobs using 'parallel' executor
[0.385s] DEBUG:colcon.colcon_parallel_executor.executor.parallel:run_until_complete
[0.386s] INFO:colcon.colcon_ros.task.ament_cmake.build:Building ROS package in '/home/lukat/unitree_mujoco_ws/COGAR_project/src/robot_interfaces' with build type 'ament_cmake'
[0.386s] INFO:colcon.colcon_cmake.task.cmake.build:Building CMake package in '/home/lukat/unitree_mujoco_ws/COGAR_project/src/robot_interfaces'
[0.389s] INFO:colcon.colcon_core.plugin_system:Skipping extension 'colcon_core.shell.bat': Not used on non-Windows systems
[0.390s] INFO:colcon.colcon_core.shell:Skip shell extension 'powershell' for command environment: Not usable outside of PowerShell
[0.390s] DEBUG:colcon.colcon_core.shell:Skip shell extension 'dsv' for command environment
[0.395s] INFO:colcon.colcon_ros.task.ament_python.build:Building ROS package in '/home/lukat/unitree_mujoco_ws/COGAR_project/src/convex_mpc' with build type 'ament_python'
[0.395s] Level 1:colcon.colcon_core.shell:create_environment_hook('convex_mpc', 'ament_prefix_path')
[0.396s] INFO:colcon.colcon_core.shell:Creating environment hook '/home/lukat/unitree_mujoco_ws/COGAR_project/install/convex_mpc/share/convex_mpc/hook/ament_prefix_path.ps1'
[0.397s] INFO:colcon.colcon_core.shell:Creating environment descriptor '/home/lukat/unitree_mujoco_ws/COGAR_project/install/convex_mpc/share/convex_mpc/hook/ament_prefix_path.dsv'
[0.398s] INFO:colcon.colcon_core.shell:Creating environment hook '/home/lukat/unitree_mujoco_ws/COGAR_project/install/convex_mpc/share/convex_mpc/hook/ament_prefix_path.sh'
[0.399s] INFO:colcon.colcon_core.shell:Skip shell extension 'powershell' for command environment: Not usable outside of PowerShell
[0.399s] DEBUG:colcon.colcon_core.shell:Skip shell extension 'dsv' for command environment
[0.403s] INFO:colcon.colcon_ros.task.ament_python.build:Building ROS package in '/home/lukat/unitree_mujoco_ws/COGAR_project/src/simulation_py' with build type 'ament_python'
[0.403s] Level 1:colcon.colcon_core.shell:create_environment_hook('simulation_py', 'ament_prefix_path')
[0.404s] INFO:colcon.colcon_core.shell:Creating environment hook '/home/lukat/unitree_mujoco_ws/COGAR_project/install/simulation_py/share/simulation_py/hook/ament_prefix_path.ps1'
[0.405s] INFO:colcon.colcon_core.shell:Creating environment descriptor '/home/lukat/unitree_mujoco_ws/COGAR_project/install/simulation_py/share/simulation_py/hook/ament_prefix_path.dsv'
[0.406s] INFO:colcon.colcon_core.shell:Creating environment hook '/home/lukat/unitree_mujoco_ws/COGAR_project/install/simulation_py/share/simulation_py/hook/ament_prefix_path.sh'
[0.407s] INFO:colcon.colcon_core.shell:Skip shell extension 'powershell' for command environment: Not usable outside of PowerShell
[0.407s] DEBUG:colcon.colcon_core.shell:Skip shell extension 'dsv' for command environment
[0.455s] DEBUG:colcon.colcon_core.event_handler.log_command:Invoking command in '/home/lukat/unitree_mujoco_ws/COGAR_project/build/robot_interfaces': CMAKE_PREFIX_PATH=${CMAKE_PREFIX_PATH}:/home/lukat/unitree_mujoco_ws/COGAR_project/install/simulation_py:/home/lukat/unitree_mujoco_ws/COGAR_project/install/convex_mpc:/home/lukat/unitree_mujoco_ws/COGAR_project/install/controller:/opt/ros/humble /usr/bin/cmake --build /home/lukat/unitree_mujoco_ws/COGAR_project/build/robot_interfaces -- -j8 -l8
[0.827s] INFO:colcon.colcon_core.task.python.build:Building Python package in '/home/lukat/unitree_mujoco_ws/COGAR_project/src/convex_mpc'
[0.828s] INFO:colcon.colcon_core.shell:Skip shell extension 'powershell' for command environment: Not usable outside of PowerShell
[0.829s] DEBUG:colcon.colcon_core.shell:Skip shell extension 'dsv' for command environment
[1.206s] INFO:colcon.colcon_core.task.python.build:Building Python package in '/home/lukat/unitree_mujoco_ws/COGAR_project/src/simulation_py'
[1.207s] INFO:colcon.colcon_core.shell:Skip shell extension 'powershell' for command environment: Not usable outside of PowerShell
[1.207s] DEBUG:colcon.colcon_core.shell:Skip shell extension 'dsv' for command environment
[1.236s] DEBUG:colcon.colcon_core.event_handler.log_command:Invoked command in '/home/lukat/unitree_mujoco_ws/COGAR_project/build/robot_interfaces' returned '0': CMAKE_PREFIX_PATH=${CMAKE_PREFIX_PATH}:/home/lukat/unitree_mujoco_ws/COGAR_project/install/simulation_py:/home/lukat/unitree_mujoco_ws/COGAR_project/install/convex_mpc:/home/lukat/unitree_mujoco_ws/COGAR_project/install/controller:/opt/ros/humble /usr/bin/cmake --build /home/lukat/unitree_mujoco_ws/COGAR_project/build/robot_interfaces -- -j8 -l8
[1.244s] WARNING:colcon.colcon_cmake.task.cmake.build:Unable to determine CMake version, building the installtarget instead of invoking 'cmake --install'
[1.264s] DEBUG:colcon.colcon_core.event_handler.log_command:Invoking command in '/home/lukat/unitree_mujoco_ws/COGAR_project/build/robot_interfaces': CMAKE_PREFIX_PATH=${CMAKE_PREFIX_PATH}:/home/lukat/unitree_mujoco_ws/COGAR_project/install/simulation_py:/home/lukat/unitree_mujoco_ws/COGAR_project/install/convex_mpc:/home/lukat/unitree_mujoco_ws/COGAR_project/install/controller:/opt/ros/humble /usr/bin/cmake --build /home/lukat/unitree_mujoco_ws/COGAR_project/build/robot_interfaces --target install -- -j8 -l8
[2.563s] DEBUG:colcon.colcon_core.event_handler.log_command:Invoking command in '/home/lukat/unitree_mujoco_ws/COGAR_project/src/convex_mpc': PYTHONPATH=/home/lukat/unitree_mujoco_ws/COGAR_project/build/convex_mpc/prefix_override:/usr/lib/python3/dist-packages/colcon_core/task/python/colcon_distutils_commands:/home/lukat/unitree_mujoco_ws/COGAR_project/install/convex_mpc/lib/python3.10/site-packages:${PYTHONPATH} /usr/bin/python3 -W ignore:setup.py install is deprecated -W ignore:easy_install command is deprecated setup.py egg_info --egg-base ../../build/convex_mpc build --build-base /home/lukat/unitree_mujoco_ws/COGAR_project/build/convex_mpc/build install --record /home/lukat/unitree_mujoco_ws/COGAR_project/build/convex_mpc/install.log --single-version-externally-managed install_data
[2.606s] Level 1:colcon.colcon_core.environment:create_environment_scripts_only(robot_interfaces)
[2.611s] Level 1:colcon.colcon_core.environment:checking '/home/lukat/unitree_mujoco_ws/COGAR_project/install/robot_interfaces' for CMake module files
[2.612s] Level 1:colcon.colcon_core.environment:checking '/home/lukat/unitree_mujoco_ws/COGAR_project/install/robot_interfaces' for CMake config files
[2.614s] Level 1:colcon.colcon_core.shell:create_environment_hook('robot_interfaces', 'cmake_prefix_path')
[2.614s] INFO:colcon.colcon_core.shell:Creating environment hook '/home/lukat/unitree_mujoco_ws/COGAR_project/install/robot_interfaces/share/robot_interfaces/hook/cmake_prefix_path.ps1'
[2.615s] INFO:colcon.colcon_core.shell:Creating environment descriptor '/home/lukat/unitree_mujoco_ws/COGAR_project/install/robot_interfaces/share/robot_interfaces/hook/cmake_prefix_path.dsv'
[2.618s] DEBUG:colcon.colcon_core.event_handler.log_command:Invoking command in '/home/lukat/unitree_mujoco_ws/COGAR_project/src/simulation_py': PYTHONPATH=/home/lukat/unitree_mujoco_ws/COGAR_project/build/simulation_py/prefix_override:/usr/lib/python3/dist-packages/colcon_core/task/python/colcon_distutils_commands:/home/lukat/unitree_mujoco_ws/COGAR_project/install/simulation_py/lib/python3.10/site-packages:${PYTHONPATH} /usr/bin/python3 -W ignore:setup.py install is deprecated -W ignore:easy_install command is deprecated setup.py egg_info --egg-base ../../build/simulation_py build --build-base /home/lukat/unitree_mujoco_ws/COGAR_project/build/simulation_py/build install --record /home/lukat/unitree_mujoco_ws/COGAR_project/build/simulation_py/install.log --single-version-externally-managed install_data
[2.619s] DEBUG:colcon.colcon_core.event_handler.log_command:Invoked command in '/home/lukat/unitree_mujoco_ws/COGAR_project/build/robot_interfaces' returned '0': CMAKE_PREFIX_PATH=${CMAKE_PREFIX_PATH}:/home/lukat/unitree_mujoco_ws/COGAR_project/install/simulation_py:/home/lukat/unitree_mujoco_ws/COGAR_project/install/convex_mpc:/home/lukat/unitree_mujoco_ws/COGAR_project/install/controller:/opt/ros/humble /usr/bin/cmake --build /home/lukat/unitree_mujoco_ws/COGAR_project/build/robot_interfaces --target install -- -j8 -l8
[2.619s] INFO:colcon.colcon_core.shell:Creating environment hook '/home/lukat/unitree_mujoco_ws/COGAR_project/install/robot_interfaces/share/robot_interfaces/hook/cmake_prefix_path.sh'
[2.621s] Level 1:colcon.colcon_core.environment:checking '/home/lukat/unitree_mujoco_ws/COGAR_project/install/robot_interfaces/lib'
[2.621s] Level 1:colcon.colcon_core.shell:create_environment_hook('robot_interfaces', 'ld_library_path_lib')
[2.622s] INFO:colcon.colcon_core.shell:Creating environment hook '/home/lukat/unitree_mujoco_ws/COGAR_project/install/robot_interfaces/share/robot_interfaces/hook/ld_library_path_lib.ps1'
[2.623s] INFO:colcon.colcon_core.shell:Creating environment descriptor '/home/lukat/unitree_mujoco_ws/COGAR_project/install/robot_interfaces/share/robot_interfaces/hook/ld_library_path_lib.dsv'
[2.624s] INFO:colcon.colcon_core.shell:Creating environment hook '/home/lukat/unitree_mujoco_ws/COGAR_project/install/robot_interfaces/share/robot_interfaces/hook/ld_library_path_lib.sh'
[2.625s] Level 1:colcon.colcon_core.environment:checking '/home/lukat/unitree_mujoco_ws/COGAR_project/install/robot_interfaces/bin'
[2.625s] Level 1:colcon.colcon_core.environment:checking '/home/lukat/unitree_mujoco_ws/COGAR_project/install/robot_interfaces/lib/pkgconfig/robot_interfaces.pc'
[2.625s] Level 1:colcon.colcon_core.environment:checking '/home/lukat/unitree_mujoco_ws/COGAR_project/install/robot_interfaces/lib/python3.10/site-packages'
[2.626s] Level 1:colcon.colcon_core.environment:checking '/home/lukat/unitree_mujoco_ws/COGAR_project/install/robot_interfaces/bin'
[2.627s] INFO:colcon.colcon_core.shell:Creating package script '/home/lukat/unitree_mujoco_ws/COGAR_project/install/robot_interfaces/share/robot_interfaces/package.ps1'
[2.630s] INFO:colcon.colcon_core.shell:Creating package descriptor '/home/lukat/unitree_mujoco_ws/COGAR_project/install/robot_interfaces/share/robot_interfaces/package.dsv'
[2.633s] INFO:colcon.colcon_core.shell:Creating package script '/home/lukat/unitree_mujoco_ws/COGAR_project/install/robot_interfaces/share/robot_interfaces/package.sh'
[2.635s] INFO:colcon.colcon_core.shell:Creating package script '/home/lukat/unitree_mujoco_ws/COGAR_project/install/robot_interfaces/share/robot_interfaces/package.bash'
[2.637s] INFO:colcon.colcon_core.shell:Creating package script '/home/lukat/unitree_mujoco_ws/COGAR_project/install/robot_interfaces/share/robot_interfaces/package.zsh'
[2.638s] Level 1:colcon.colcon_core.environment:create_file_with_runtime_dependencies(/home/lukat/unitree_mujoco_ws/COGAR_project/install/robot_interfaces/share/colcon-core/packages/robot_interfaces)
[2.641s] Level 1:colcon.colcon_core.environment:create_environment_scripts_only(robot_interfaces)
[2.642s] Level 1:colcon.colcon_core.environment:checking '/home/lukat/unitree_mujoco_ws/COGAR_project/install/robot_interfaces' for CMake module files
[2.643s] Level 1:colcon.colcon_core.environment:checking '/home/lukat/unitree_mujoco_ws/COGAR_project/install/robot_interfaces' for CMake config files
[2.644s] Level 1:colcon.colcon_core.shell:create_environment_hook('robot_interfaces', 'cmake_prefix_path')
[2.646s] INFO:colcon.colcon_core.shell:Creating environment hook '/home/lukat/unitree_mujoco_ws/COGAR_project/install/robot_interfaces/share/robot_interfaces/hook/cmake_prefix_path.ps1'
[2.651s] INFO:colcon.colcon_core.shell:Creating environment descriptor '/home/lukat/unitree_mujoco_ws/COGAR_project/install/robot_interfaces/share/robot_interfaces/hook/cmake_prefix_path.dsv'
[2.652s] INFO:colcon.colcon_core.shell:Creating environment hook '/home/lukat/unitree_mujoco_ws/COGAR_project/install/robot_interfaces/share/robot_interfaces/hook/cmake_prefix_path.sh'
[2.654s] Level 1:colcon.colcon_core.environment:checking '/home/lukat/unitree_mujoco_ws/COGAR_project/install/robot_interfaces/lib'
[2.655s] Level 1:colcon.colcon_core.shell:create_environment_hook('robot_interfaces', 'ld_library_path_lib')
[2.656s] INFO:colcon.colcon_core.shell:Creating environment hook '/home/lukat/unitree_mujoco_ws/COGAR_project/install/robot_interfaces/share/robot_interfaces/hook/ld_library_path_lib.ps1'
[2.657s] INFO:colcon.colcon_core.shell:Creating environment descriptor '/home/lukat/unitree_mujoco_ws/COGAR_project/install/robot_interfaces/share/robot_interfaces/hook/ld_library_path_lib.dsv'
[2.658s] INFO:colcon.colcon_core.shell:Creating environment hook '/home/lukat/unitree_mujoco_ws/COGAR_project/install/robot_interfaces/share/robot_interfaces/hook/ld_library_path_lib.sh'
[2.658s] Level 1:colcon.colcon_core.environment:checking '/home/lukat/unitree_mujoco_ws/COGAR_project/install/robot_interfaces/bin'
[2.659s] Level 1:colcon.colcon_core.environment:checking '/home/lukat/unitree_mujoco_ws/COGAR_project/install/robot_interfaces/lib/pkgconfig/robot_interfaces.pc'
[2.659s] Level 1:colcon.colcon_core.environment:checking '/home/lukat/unitree_mujoco_ws/COGAR_project/install/robot_interfaces/lib/python3.10/site-packages'
[2.660s] Level 1:colcon.colcon_core.environment:checking '/home/lukat/unitree_mujoco_ws/COGAR_project/install/robot_interfaces/bin'
[2.661s] INFO:colcon.colcon_core.shell:Creating package script '/home/lukat/unitree_mujoco_ws/COGAR_project/install/robot_interfaces/share/robot_interfaces/package.ps1'
[2.662s] INFO:colcon.colcon_core.shell:Creating package descriptor '/home/lukat/unitree_mujoco_ws/COGAR_project/install/robot_interfaces/share/robot_interfaces/package.dsv'
[2.663s] INFO:colcon.colcon_core.shell:Creating package script '/home/lukat/unitree_mujoco_ws/COGAR_project/install/robot_interfaces/share/robot_interfaces/package.sh'
[2.665s] INFO:colcon.colcon_core.shell:Creating package script '/home/lukat/unitree_mujoco_ws/COGAR_project/install/robot_interfaces/share/robot_interfaces/package.bash'
[2.666s] INFO:colcon.colcon_core.shell:Creating package script '/home/lukat/unitree_mujoco_ws/COGAR_project/install/robot_interfaces/share/robot_interfaces/package.zsh'
[2.667s] Level 1:colcon.colcon_core.environment:create_file_with_runtime_dependencies(/home/lukat/unitree_mujoco_ws/COGAR_project/install/robot_interfaces/share/colcon-core/packages/robot_interfaces)
[2.667s] INFO:colcon.colcon_ros.task.ament_python.build:Building ROS package in '/home/lukat/unitree_mujoco_ws/COGAR_project/src/controller' with build type 'ament_python'
[2.668s] Level 1:colcon.colcon_core.shell:create_environment_hook('controller', 'ament_prefix_path')
[2.668s] INFO:colcon.colcon_core.shell:Creating environment hook '/home/lukat/unitree_mujoco_ws/COGAR_project/install/controller/share/controller/hook/ament_prefix_path.ps1'
[2.670s] INFO:colcon.colcon_core.shell:Creating environment descriptor '/home/lukat/unitree_mujoco_ws/COGAR_project/install/controller/share/controller/hook/ament_prefix_path.dsv'
[2.671s] INFO:colcon.colcon_core.shell:Creating environment hook '/home/lukat/unitree_mujoco_ws/COGAR_project/install/controller/share/controller/hook/ament_prefix_path.sh'
[2.672s] INFO:colcon.colcon_core.shell:Skip shell extension 'powershell' for command environment: Not usable outside of PowerShell
[2.672s] DEBUG:colcon.colcon_core.shell:Skip shell extension 'dsv' for command environment
[3.194s] INFO:colcon.colcon_core.task.python.build:Building Python package in '/home/lukat/unitree_mujoco_ws/COGAR_project/src/controller'
[3.195s] INFO:colcon.colcon_core.shell:Skip shell extension 'powershell' for command environment: Not usable outside of PowerShell
[3.195s] DEBUG:colcon.colcon_core.shell:Skip shell extension 'dsv' for command environment
[3.689s] Level 1:colcon.colcon_core.environment:checking '/home/lukat/unitree_mujoco_ws/COGAR_project/install/convex_mpc' for CMake module files
[3.690s] DEBUG:colcon.colcon_core.event_handler.log_command:Invoked command in '/home/lukat/unitree_mujoco_ws/COGAR_project/src/convex_mpc' returned '0': PYTHONPATH=/home/lukat/unitree_mujoco_ws/COGAR_project/build/convex_mpc/prefix_override:/usr/lib/python3/dist-packages/colcon_core/task/python/colcon_distutils_commands:/home/lukat/unitree_mujoco_ws/COGAR_project/install/convex_mpc/lib/python3.10/site-packages:${PYTHONPATH} /usr/bin/python3 -W ignore:setup.py install is deprecated -W ignore:easy_install command is deprecated setup.py egg_info --egg-base ../../build/convex_mpc build --build-base /home/lukat/unitree_mujoco_ws/COGAR_project/build/convex_mpc/build install --record /home/lukat/unitree_mujoco_ws/COGAR_project/build/convex_mpc/install.log --single-version-externally-managed install_data
[3.690s] Level 1:colcon.colcon_core.environment:checking '/home/lukat/unitree_mujoco_ws/COGAR_project/install/convex_mpc' for CMake config files
[3.691s] Level 1:colcon.colcon_core.environment:checking '/home/lukat/unitree_mujoco_ws/COGAR_project/install/convex_mpc/lib'
[3.691s] Level 1:colcon.colcon_core.environment:checking '/home/lukat/unitree_mujoco_ws/COGAR_project/install/convex_mpc/bin'
[3.691s] Level 1:colcon.colcon_core.environment:checking '/home/lukat/unitree_mujoco_ws/COGAR_project/install/convex_mpc/lib/pkgconfig/convex_mpc.pc'
[3.691s] Level 1:colcon.colcon_core.environment:checking '/home/lukat/unitree_mujoco_ws/COGAR_project/install/convex_mpc/lib/python3.10/site-packages'
[3.692s] Level 1:colcon.colcon_core.shell:create_environment_hook('convex_mpc', 'pythonpath')
[3.692s] INFO:colcon.colcon_core.shell:Creating environment hook '/home/lukat/unitree_mujoco_ws/COGAR_project/install/convex_mpc/share/convex_mpc/hook/pythonpath.ps1'
[3.692s] INFO:colcon.colcon_core.shell:Creating environment descriptor '/home/lukat/unitree_mujoco_ws/COGAR_project/install/convex_mpc/share/convex_mpc/hook/pythonpath.dsv'
[3.693s] INFO:colcon.colcon_core.shell:Creating environment hook '/home/lukat/unitree_mujoco_ws/COGAR_project/install/convex_mpc/share/convex_mpc/hook/pythonpath.sh'
[3.695s] Level 1:colcon.colcon_core.environment:checking '/home/lukat/unitree_mujoco_ws/COGAR_project/install/convex_mpc/bin'
[3.696s] Level 1:colcon.colcon_core.environment:create_environment_scripts_only(convex_mpc)
[3.696s] INFO:colcon.colcon_core.shell:Creating package script '/home/lukat/unitree_mujoco_ws/COGAR_project/install/convex_mpc/share/convex_mpc/package.ps1'
[3.698s] INFO:colcon.colcon_core.shell:Creating package descriptor '/home/lukat/unitree_mujoco_ws/COGAR_project/install/convex_mpc/share/convex_mpc/package.dsv'
[3.699s] INFO:colcon.colcon_core.shell:Creating package script '/home/lukat/unitree_mujoco_ws/COGAR_project/install/convex_mpc/share/convex_mpc/package.sh'
[3.700s] INFO:colcon.colcon_core.shell:Creating package script '/home/lukat/unitree_mujoco_ws/COGAR_project/install/convex_mpc/share/convex_mpc/package.bash'
[3.700s] INFO:colcon.colcon_core.shell:Creating package script '/home/lukat/unitree_mujoco_ws/COGAR_project/install/convex_mpc/share/convex_mpc/package.zsh'
[3.701s] Level 1:colcon.colcon_core.environment:create_file_with_runtime_dependencies(/home/lukat/unitree_mujoco_ws/COGAR_project/install/convex_mpc/share/colcon-core/packages/convex_mpc)
[3.703s] Level 1:colcon.colcon_core.environment:checking '/home/lukat/unitree_mujoco_ws/COGAR_project/install/simulation_py' for CMake module files
[3.704s] DEBUG:colcon.colcon_core.event_handler.log_command:Invoked command in '/home/lukat/unitree_mujoco_ws/COGAR_project/src/simulation_py' returned '0': PYTHONPATH=/home/lukat/unitree_mujoco_ws/COGAR_project/build/simulation_py/prefix_override:/usr/lib/python3/dist-packages/colcon_core/task/python/colcon_distutils_commands:/home/lukat/unitree_mujoco_ws/COGAR_project/install/simulation_py/lib/python3.10/site-packages:${PYTHONPATH} /usr/bin/python3 -W ignore:setup.py install is deprecated -W ignore:easy_install command is deprecated setup.py egg_info --egg-base ../../build/simulation_py build --build-base /home/lukat/unitree_mujoco_ws/COGAR_project/build/simulation_py/build install --record /home/lukat/unitree_mujoco_ws/COGAR_project/build/simulation_py/install.log --single-version-externally-managed install_data
[3.705s] Level 1:colcon.colcon_core.environment:checking '/home/lukat/unitree_mujoco_ws/COGAR_project/install/simulation_py' for CMake config files
[3.705s] Level 1:colcon.colcon_core.environment:checking '/home/lukat/unitree_mujoco_ws/COGAR_project/install/simulation_py/lib'
[3.705s] Level 1:colcon.colcon_core.environment:checking '/home/lukat/unitree_mujoco_ws/COGAR_project/install/simulation_py/bin'
[3.705s] Level 1:colcon.colcon_core.environment:checking '/home/lukat/unitree_mujoco_ws/COGAR_project/install/simulation_py/lib/pkgconfig/simulation_py.pc'
[3.705s] Level 1:colcon.colcon_core.environment:checking '/home/lukat/unitree_mujoco_ws/COGAR_project/install/simulation_py/lib/python3.10/site-packages'
[3.706s] Level 1:colcon.colcon_core.shell:create_environment_hook('simulation_py', 'pythonpath')
[3.706s] INFO:colcon.colcon_core.shell:Creating environment hook '/home/lukat/unitree_mujoco_ws/COGAR_project/install/simulation_py/share/simulation_py/hook/pythonpath.ps1'
[3.706s] INFO:colcon.colcon_core.shell:Creating environment descriptor '/home/lukat/unitree_mujoco_ws/COGAR_project/install/simulation_py/share/simulation_py/hook/pythonpath.dsv'
[3.707s] INFO:colcon.colcon_core.shell:Creating environment hook '/home/lukat/unitree_mujoco_ws/COGAR_project/install/simulation_py/share/simulation_py/hook/pythonpath.sh'
[3.708s] Level 1:colcon.colcon_core.environment:checking '/home/lukat/unitree_mujoco_ws/COGAR_project/install/simulation_py/bin'
[3.708s] Level 1:colcon.colcon_core.environment:create_environment_scripts_only(simulation_py)
[3.709s] INFO:colcon.colcon_core.shell:Creating package script '/home/lukat/unitree_mujoco_ws/COGAR_project/install/simulation_py/share/simulation_py/package.ps1'
[3.710s] INFO:colcon.colcon_core.shell:Creating package descriptor '/home/lukat/unitree_mujoco_ws/COGAR_project/install/simulation_py/share/simulation_py/package.dsv'
[3.711s] INFO:colcon.colcon_core.shell:Creating package script '/home/lukat/unitree_mujoco_ws/COGAR_project/install/simulation_py/share/simulation_py/package.sh'
[3.712s] INFO:colcon.colcon_core.shell:Creating package script '/home/lukat/unitree_mujoco_ws/COGAR_project/install/simulation_py/share/simulation_py/package.bash'
[3.714s] INFO:colcon.colcon_core.shell:Creating package script '/home/lukat/unitree_mujoco_ws/COGAR_project/install/simulation_py/share/simulation_py/package.zsh'
[3.715s] Level 1:colcon.colcon_core.environment:create_file_with_runtime_dependencies(/home/lukat/unitree_mujoco_ws/COGAR_project/install/simulation_py/share/colcon-core/packages/simulation_py)
[4.073s] DEBUG:colcon.colcon_core.event_handler.log_command:Invoking command in '/home/lukat/unitree_mujoco_ws/COGAR_project/src/controller': PYTHONPATH=/home/lukat/unitree_mujoco_ws/COGAR_project/build/controller/prefix_override:/usr/lib/python3/dist-packages/colcon_core/task/python/colcon_distutils_commands:/home/lukat/unitree_mujoco_ws/COGAR_project/install/controller/lib/python3.10/site-packages:${PYTHONPATH} /usr/bin/python3 -W ignore:setup.py install is deprecated -W ignore:easy_install command is deprecated setup.py egg_info --egg-base ../../build/controller build --build-base /home/lukat/unitree_mujoco_ws/COGAR_project/build/controller/build install --record /home/lukat/unitree_mujoco_ws/COGAR_project/build/controller/install.log --single-version-externally-managed install_data
[4.787s] Level 1:colcon.colcon_core.environment:checking '/home/lukat/unitree_mujoco_ws/COGAR_project/install/controller' for CMake module files
[4.789s] DEBUG:colcon.colcon_core.event_handler.log_command:Invoked command in '/home/lukat/unitree_mujoco_ws/COGAR_project/src/controller' returned '0': PYTHONPATH=/home/lukat/unitree_mujoco_ws/COGAR_project/build/controller/prefix_override:/usr/lib/python3/dist-packages/colcon_core/task/python/colcon_distutils_commands:/home/lukat/unitree_mujoco_ws/COGAR_project/install/controller/lib/python3.10/site-packages:${PYTHONPATH} /usr/bin/python3 -W ignore:setup.py install is deprecated -W ignore:easy_install command is deprecated setup.py egg_info --egg-base ../../build/controller build --build-base /home/lukat/unitree_mujoco_ws/COGAR_project/build/controller/build install --record /home/lukat/unitree_mujoco_ws/COGAR_project/build/controller/install.log --single-version-externally-managed install_data
[4.789s] Level 1:colcon.colcon_core.environment:checking '/home/lukat/unitree_mujoco_ws/COGAR_project/install/controller' for CMake config files
[4.791s] Level 1:colcon.colcon_core.environment:checking '/home/lukat/unitree_mujoco_ws/COGAR_project/install/controller/lib'
[4.791s] Level 1:colcon.colcon_core.environment:checking '/home/lukat/unitree_mujoco_ws/COGAR_project/install/controller/bin'
[4.791s] Level 1:colcon.colcon_core.environment:checking '/home/lukat/unitree_mujoco_ws/COGAR_project/install/controller/lib/pkgconfig/controller.pc'
[4.791s] Level 1:colcon.colcon_core.environment:checking '/home/lukat/unitree_mujoco_ws/COGAR_project/install/controller/lib/python3.10/site-packages'
[4.792s] Level 1:colcon.colcon_core.shell:create_environment_hook('controller', 'pythonpath')
[4.792s] INFO:colcon.colcon_core.shell:Creating environment hook '/home/lukat/unitree_mujoco_ws/COGAR_project/install/controller/share/controller/hook/pythonpath.ps1'
[4.793s] INFO:colcon.colcon_core.shell:Creating environment descriptor '/home/lukat/unitree_mujoco_ws/COGAR_project/install/controller/share/controller/hook/pythonpath.dsv'
[4.793s] INFO:colcon.colcon_core.shell:Creating environment hook '/home/lukat/unitree_mujoco_ws/COGAR_project/install/controller/share/controller/hook/pythonpath.sh'
[4.795s] Level 1:colcon.colcon_core.environment:checking '/home/lukat/unitree_mujoco_ws/COGAR_project/install/controller/bin'
[4.795s] Level 1:colcon.colcon_core.environment:create_environment_scripts_only(controller)
[4.795s] INFO:colcon.colcon_core.shell:Creating package script '/home/lukat/unitree_mujoco_ws/COGAR_project/install/controller/share/controller/package.ps1'
[4.797s] INFO:colcon.colcon_core.shell:Creating package descriptor '/home/lukat/unitree_mujoco_ws/COGAR_project/install/controller/share/controller/package.dsv'
[4.797s] INFO:colcon.colcon_core.shell:Creating package script '/home/lukat/unitree_mujoco_ws/COGAR_project/install/controller/share/controller/package.sh'
[4.798s] INFO:colcon.colcon_core.shell:Creating package script '/home/lukat/unitree_mujoco_ws/COGAR_project/install/controller/share/controller/package.bash'
[4.799s] INFO:colcon.colcon_core.shell:Creating package script '/home/lukat/unitree_mujoco_ws/COGAR_project/install/controller/share/controller/package.zsh'
[4.799s] Level 1:colcon.colcon_core.environment:create_file_with_runtime_dependencies(/home/lukat/unitree_mujoco_ws/COGAR_project/install/controller/share/colcon-core/packages/controller)
[4.800s] DEBUG:colcon.colcon_parallel_executor.executor.parallel:closing loop
[4.801s] DEBUG:colcon.colcon_parallel_executor.executor.parallel:loop closed
[4.801s] DEBUG:colcon.colcon_parallel_executor.executor.parallel:run_until_complete finished with '0'
[4.801s] DEBUG:colcon.colcon_core.event_reactor:joining thread
[4.826s] INFO:colcon.colcon_core.plugin_system:Skipping extension 'colcon_notification.desktop_notification.notify_send': Could not find 'notify-send'
[4.826s] INFO:colcon.colcon_core.plugin_system:Skipping extension 'colcon_notification.desktop_notification.terminal_notifier': Not used on non-Darwin systems
[4.826s] INFO:colcon.colcon_core.plugin_system:Skipping extension 'colcon_notification.desktop_notification.win32': Not used on non-Windows systems
[4.826s] INFO:colcon.colcon_notification.desktop_notification:Sending desktop notification using 'notify2'
[4.827s] DEBUG:colcon.colcon_notification.desktop_notification.notify2:Failed to initialize notify2: org.freedesktop.DBus.Error.FileNotFound: Failed to connect to socket /run/user/1000/bus: No such file or directory
[4.827s] DEBUG:colcon.colcon_core.event_reactor:joined thread
[4.827s] INFO:colcon.colcon_core.shell:Creating prefix script '/home/lukat/unitree_mujoco_ws/COGAR_project/install/local_setup.ps1'
[4.829s] INFO:colcon.colcon_core.shell:Creating prefix util module '/home/lukat/unitree_mujoco_ws/COGAR_project/install/_local_setup_util_ps1.py'
[4.831s] INFO:colcon.colcon_core.shell:Creating prefix chain script '/home/lukat/unitree_mujoco_ws/COGAR_project/install/setup.ps1'
[4.833s] INFO:colcon.colcon_core.shell:Creating prefix script '/home/lukat/unitree_mujoco_ws/COGAR_project/install/local_setup.sh'
[4.837s] INFO:colcon.colcon_core.shell:Creating prefix util module '/home/lukat/unitree_mujoco_ws/COGAR_project/install/_local_setup_util_sh.py'
[4.839s] INFO:colcon.colcon_core.shell:Creating prefix chain script '/home/lukat/unitree_mujoco_ws/COGAR_project/install/setup.sh'
[4.841s] INFO:colcon.colcon_core.shell:Creating prefix script '/home/lukat/unitree_mujoco_ws/COGAR_project/install/local_setup.bash'
[4.842s] INFO:colcon.colcon_core.shell:Creating prefix chain script '/home/lukat/unitree_mujoco_ws/COGAR_project/install/setup.bash'
[4.843s] INFO:colcon.colcon_core.shell:Creating prefix script '/home/lukat/unitree_mujoco_ws/COGAR_project/install/local_setup.zsh'
[4.844s] INFO:colcon.colcon_core.shell:Creating prefix chain script '/home/lukat/unitree_mujoco_ws/COGAR_project/install/setup.zsh'
