[0.488s] DEBUG:colcon:Command line arguments: ['/usr/bin/colcon', 'build']
[0.488s] DEBUG:colcon:Parsed command line arguments: Namespace(log_base=None, log_level=None, verb_name='build', build_base='build', install_base='install', merge_install=False, symlink_install=False, test_result_base=None, continue_on_error=False, executor='parallel', parallel_workers=8, event_handlers=None, ignore_user_meta=False, metas=['./colcon.meta'], base_paths=['.'], packages_ignore=None, packages_ignore_regex=None, paths=None, packages_up_to=None, packages_up_to_regex=None, packages_above=None, packages_above_and_dependencies=None, packages_above_depth=None, packages_select_by_dep=None, packages_skip_by_dep=None, packages_skip_up_to=None, packages_select_build_failed=False, packages_skip_build_finished=False, packages_select_test_failures=False, packages_skip_test_passed=False, packages_select=None, packages_skip=None, packages_select_regex=None, packages_skip_regex=None, packages_start=None, packages_end=None, allow_overriding=[], cmake_args=None, cmake_target=None, cmake_target_skip_unavailable=False, cmake_clean_cache=False, cmake_clean_first=False, cmake_force_configure=False, ament_cmake_args=None, catkin_cmake_args=None, catkin_skip_building_tests=False, mixin_files=None, mixin=None, verb_parser=<colcon_mixin.mixin.mixin_argument.MixinArgumentDecorator object at 0x77ab01d88070>, verb_extension=<colcon_core.verb.build.BuildVerb object at 0x77ab01d479a0>, main=<bound method BuildVerb.main of <colcon_core.verb.build.BuildVerb object at 0x77ab01d479a0>>, mixin_verb=('build',))
[0.633s] Level 1:colcon.colcon_core.package_discovery:discover_packages(colcon_meta) check parameters
[0.633s] Level 1:colcon.colcon_core.package_discovery:discover_packages(recursive) check parameters
[0.634s] Level 1:colcon.colcon_core.package_discovery:discover_packages(ignore) check parameters
[0.634s] Level 1:colcon.colcon_core.package_discovery:discover_packages(path) check parameters
[0.634s] Level 1:colcon.colcon_core.package_discovery:discover_packages(colcon_meta) discover
[0.634s] Level 1:colcon.colcon_core.package_discovery:discover_packages(recursive) discover
[0.634s] INFO:colcon.colcon_core.package_discovery:Crawling recursively for packages in '/home/lukat/unitree_mujoco_ws/COGAR_project'
[0.634s] Level 1:colcon.colcon_core.package_identification:_identify(.) by extensions ['ignore', 'ignore_ament_install']
[0.634s] Level 1:colcon.colcon_core.package_identification:_identify(.) by extension 'ignore'
[0.634s] Level 1:colcon.colcon_core.package_identification:_identify(.) by extension 'ignore_ament_install'
[0.634s] Level 1:colcon.colcon_core.package_identification:_identify(.) by extensions ['colcon_pkg']
[0.634s] Level 1:colcon.colcon_core.package_identification:_identify(.) by extension 'colcon_pkg'
[0.634s] Level 1:colcon.colcon_core.package_identification:_identify(.) by extensions ['colcon_meta']
[0.634s] Level 1:colcon.colcon_core.package_identification:_identify(.) by extension 'colcon_meta'
[0.634s] Level 1:colcon.colcon_core.package_identification:_identify(.) by extensions ['ros']
[0.635s] Level 1:colcon.colcon_core.package_identification:_identify(.) by extension 'ros'
[0.666s] Level 1:colcon.colcon_core.package_identification:_identify(.) by extensions ['cmake', 'python']
[0.667s] Level 1:colcon.colcon_core.package_identification:_identify(.) by extension 'cmake'
[0.667s] Level 1:colcon.colcon_core.package_identification:_identify(.) by extension 'python'
[0.667s] Level 1:colcon.colcon_core.package_identification:_identify(.) by extensions ['python_setup_py']
[0.667s] Level 1:colcon.colcon_core.package_identification:_identify(.) by extension 'python_setup_py'
[0.667s] Level 1:colcon.colcon_core.package_identification:_identify(build) by extensions ['ignore', 'ignore_ament_install']
[0.667s] Level 1:colcon.colcon_core.package_identification:_identify(build) by extension 'ignore'
[0.667s] Level 1:colcon.colcon_core.package_identification:_identify(build) ignored
[0.667s] Level 1:colcon.colcon_core.package_identification:_identify(install) by extensions ['ignore', 'ignore_ament_install']
[0.667s] Level 1:colcon.colcon_core.package_identification:_identify(install) by extension 'ignore'
[0.667s] Level 1:colcon.colcon_core.package_identification:_identify(install) ignored
[0.668s] Level 1:colcon.colcon_core.package_identification:_identify(log) by extensions ['ignore', 'ignore_ament_install']
[0.668s] Level 1:colcon.colcon_core.package_identification:_identify(log) by extension 'ignore'
[0.668s] Level 1:colcon.colcon_core.package_identification:_identify(log) ignored
[0.668s] Level 1:colcon.colcon_core.package_identification:_identify(models) by extensions ['ignore', 'ignore_ament_install']
[0.668s] Level 1:colcon.colcon_core.package_identification:_identify(models) by extension 'ignore'
[0.668s] Level 1:colcon.colcon_core.package_identification:_identify(models) by extension 'ignore_ament_install'
[0.668s] Level 1:colcon.colcon_core.package_identification:_identify(models) by extensions ['colcon_pkg']
[0.668s] Level 1:colcon.colcon_core.package_identification:_identify(models) by extension 'colcon_pkg'
[0.668s] Level 1:colcon.colcon_core.package_identification:_identify(models) by extensions ['colcon_meta']
[0.669s] Level 1:colcon.colcon_core.package_identification:_identify(models) by extension 'colcon_meta'
[0.669s] Level 1:colcon.colcon_core.package_identification:_identify(models) by extensions ['ros']
[0.669s] Level 1:colcon.colcon_core.package_identification:_identify(models) by extension 'ros'
[0.669s] Level 1:colcon.colcon_core.package_identification:_identify(models) by extensions ['cmake', 'python']
[0.669s] Level 1:colcon.colcon_core.package_identification:_identify(models) by extension 'cmake'
[0.669s] Level 1:colcon.colcon_core.package_identification:_identify(models) by extension 'python'
[0.669s] Level 1:colcon.colcon_core.package_identification:_identify(models) by extensions ['python_setup_py']
[0.669s] Level 1:colcon.colcon_core.package_identification:_identify(models) by extension 'python_setup_py'
[0.669s] Level 1:colcon.colcon_core.package_identification:_identify(models/MJCF) by extensions ['ignore', 'ignore_ament_install']
[0.669s] Level 1:colcon.colcon_core.package_identification:_identify(models/MJCF) by extension 'ignore'
[0.669s] Level 1:colcon.colcon_core.package_identification:_identify(models/MJCF) by extension 'ignore_ament_install'
[0.670s] Level 1:colcon.colcon_core.package_identification:_identify(models/MJCF) by extensions ['colcon_pkg']
[0.670s] Level 1:colcon.colcon_core.package_identification:_identify(models/MJCF) by extension 'colcon_pkg'
[0.670s] Level 1:colcon.colcon_core.package_identification:_identify(models/MJCF) by extensions ['colcon_meta']
[0.670s] Level 1:colcon.colcon_core.package_identification:_identify(models/MJCF) by extension 'colcon_meta'
[0.670s] Level 1:colcon.colcon_core.package_identification:_identify(models/MJCF) by extensions ['ros']
[0.670s] Level 1:colcon.colcon_core.package_identification:_identify(models/MJCF) by extension 'ros'
[0.670s] Level 1:colcon.colcon_core.package_identification:_identify(models/MJCF) by extensions ['cmake', 'python']
[0.670s] Level 1:colcon.colcon_core.package_identification:_identify(models/MJCF) by extension 'cmake'
[0.670s] Level 1:colcon.colcon_core.package_identification:_identify(models/MJCF) by extension 'python'
[0.670s] Level 1:colcon.colcon_core.package_identification:_identify(models/MJCF) by extensions ['python_setup_py']
[0.670s] Level 1:colcon.colcon_core.package_identification:_identify(models/MJCF) by extension 'python_setup_py'
[0.670s] Level 1:colcon.colcon_core.package_identification:_identify(models/MJCF/go2) by extensions ['ignore', 'ignore_ament_install']
[0.670s] Level 1:colcon.colcon_core.package_identification:_identify(models/MJCF/go2) by extension 'ignore'
[0.671s] Level 1:colcon.colcon_core.package_identification:_identify(models/MJCF/go2) by extension 'ignore_ament_install'
[0.671s] Level 1:colcon.colcon_core.package_identification:_identify(models/MJCF/go2) by extensions ['colcon_pkg']
[0.671s] Level 1:colcon.colcon_core.package_identification:_identify(models/MJCF/go2) by extension 'colcon_pkg'
[0.671s] Level 1:colcon.colcon_core.package_identification:_identify(models/MJCF/go2) by extensions ['colcon_meta']
[0.671s] Level 1:colcon.colcon_core.package_identification:_identify(models/MJCF/go2) by extension 'colcon_meta'
[0.671s] Level 1:colcon.colcon_core.package_identification:_identify(models/MJCF/go2) by extensions ['ros']
[0.671s] Level 1:colcon.colcon_core.package_identification:_identify(models/MJCF/go2) by extension 'ros'
[0.671s] Level 1:colcon.colcon_core.package_identification:_identify(models/MJCF/go2) by extensions ['cmake', 'python']
[0.671s] Level 1:colcon.colcon_core.package_identification:_identify(models/MJCF/go2) by extension 'cmake'
[0.671s] Level 1:colcon.colcon_core.package_identification:_identify(models/MJCF/go2) by extension 'python'
[0.671s] Level 1:colcon.colcon_core.package_identification:_identify(models/MJCF/go2) by extensions ['python_setup_py']
[0.671s] Level 1:colcon.colcon_core.package_identification:_identify(models/MJCF/go2) by extension 'python_setup_py'
[0.672s] Level 1:colcon.colcon_core.package_identification:_identify(models/MJCF/go2/assets) by extensions ['ignore', 'ignore_ament_install']
[0.672s] Level 1:colcon.colcon_core.package_identification:_identify(models/MJCF/go2/assets) by extension 'ignore'
[0.672s] Level 1:colcon.colcon_core.package_identification:_identify(models/MJCF/go2/assets) by extension 'ignore_ament_install'
[0.672s] Level 1:colcon.colcon_core.package_identification:_identify(models/MJCF/go2/assets) by extensions ['colcon_pkg']
[0.672s] Level 1:colcon.colcon_core.package_identification:_identify(models/MJCF/go2/assets) by extension 'colcon_pkg'
[0.672s] Level 1:colcon.colcon_core.package_identification:_identify(models/MJCF/go2/assets) by extensions ['colcon_meta']
[0.672s] Level 1:colcon.colcon_core.package_identification:_identify(models/MJCF/go2/assets) by extension 'colcon_meta'
[0.672s] Level 1:colcon.colcon_core.package_identification:_identify(models/MJCF/go2/assets) by extensions ['ros']
[0.672s] Level 1:colcon.colcon_core.package_identification:_identify(models/MJCF/go2/assets) by extension 'ros'
[0.672s] Level 1:colcon.colcon_core.package_identification:_identify(models/MJCF/go2/assets) by extensions ['cmake', 'python']
[0.672s] Level 1:colcon.colcon_core.package_identification:_identify(models/MJCF/go2/assets) by extension 'cmake'
[0.672s] Level 1:colcon.colcon_core.package_identification:_identify(models/MJCF/go2/assets) by extension 'python'
[0.672s] Level 1:colcon.colcon_core.package_identification:_identify(models/MJCF/go2/assets) by extensions ['python_setup_py']
[0.672s] Level 1:colcon.colcon_core.package_identification:_identify(models/MJCF/go2/assets) by extension 'python_setup_py'
[0.673s] Level 1:colcon.colcon_core.package_identification:_identify(models/URDF) by extensions ['ignore', 'ignore_ament_install']
[0.673s] Level 1:colcon.colcon_core.package_identification:_identify(models/URDF) by extension 'ignore'
[0.673s] Level 1:colcon.colcon_core.package_identification:_identify(models/URDF) by extension 'ignore_ament_install'
[0.673s] Level 1:colcon.colcon_core.package_identification:_identify(models/URDF) by extensions ['colcon_pkg']
[0.673s] Level 1:colcon.colcon_core.package_identification:_identify(models/URDF) by extension 'colcon_pkg'
[0.673s] Level 1:colcon.colcon_core.package_identification:_identify(models/URDF) by extensions ['colcon_meta']
[0.673s] Level 1:colcon.colcon_core.package_identification:_identify(models/URDF) by extension 'colcon_meta'
[0.673s] Level 1:colcon.colcon_core.package_identification:_identify(models/URDF) by extensions ['ros']
[0.673s] Level 1:colcon.colcon_core.package_identification:_identify(models/URDF) by extension 'ros'
[0.673s] Level 1:colcon.colcon_core.package_identification:_identify(models/URDF) by extensions ['cmake', 'python']
[0.673s] Level 1:colcon.colcon_core.package_identification:_identify(models/URDF) by extension 'cmake'
[0.673s] Level 1:colcon.colcon_core.package_identification:_identify(models/URDF) by extension 'python'
[0.674s] Level 1:colcon.colcon_core.package_identification:_identify(models/URDF) by extensions ['python_setup_py']
[0.674s] Level 1:colcon.colcon_core.package_identification:_identify(models/URDF) by extension 'python_setup_py'
[0.674s] Level 1:colcon.colcon_core.package_identification:_identify(models/URDF/go2_description) by extensions ['ignore', 'ignore_ament_install']
[0.674s] Level 1:colcon.colcon_core.package_identification:_identify(models/URDF/go2_description) by extension 'ignore'
[0.674s] Level 1:colcon.colcon_core.package_identification:_identify(models/URDF/go2_description) ignored
[0.674s] Level 1:colcon.colcon_core.package_identification:_identify(src) by extensions ['ignore', 'ignore_ament_install']
[0.674s] Level 1:colcon.colcon_core.package_identification:_identify(src) by extension 'ignore'
[0.674s] Level 1:colcon.colcon_core.package_identification:_identify(src) by extension 'ignore_ament_install'
[0.674s] Level 1:colcon.colcon_core.package_identification:_identify(src) by extensions ['colcon_pkg']
[0.674s] Level 1:colcon.colcon_core.package_identification:_identify(src) by extension 'colcon_pkg'
[0.674s] Level 1:colcon.colcon_core.package_identification:_identify(src) by extensions ['colcon_meta']
[0.674s] Level 1:colcon.colcon_core.package_identification:_identify(src) by extension 'colcon_meta'
[0.674s] Level 1:colcon.colcon_core.package_identification:_identify(src) by extensions ['ros']
[0.675s] Level 1:colcon.colcon_core.package_identification:_identify(src) by extension 'ros'
[0.675s] Level 1:colcon.colcon_core.package_identification:_identify(src) by extensions ['cmake', 'python']
[0.675s] Level 1:colcon.colcon_core.package_identification:_identify(src) by extension 'cmake'
[0.675s] Level 1:colcon.colcon_core.package_identification:_identify(src) by extension 'python'
[0.675s] Level 1:colcon.colcon_core.package_identification:_identify(src) by extensions ['python_setup_py']
[0.675s] Level 1:colcon.colcon_core.package_identification:_identify(src) by extension 'python_setup_py'
[0.675s] Level 1:colcon.colcon_core.package_identification:_identify(src/Python_src) by extensions ['ignore', 'ignore_ament_install']
[0.675s] Level 1:colcon.colcon_core.package_identification:_identify(src/Python_src) by extension 'ignore'
[0.675s] Level 1:colcon.colcon_core.package_identification:_identify(src/Python_src) by extension 'ignore_ament_install'
[0.675s] Level 1:colcon.colcon_core.package_identification:_identify(src/Python_src) by extensions ['colcon_pkg']
[0.675s] Level 1:colcon.colcon_core.package_identification:_identify(src/Python_src) by extension 'colcon_pkg'
[0.676s] Level 1:colcon.colcon_core.package_identification:_identify(src/Python_src) by extensions ['colcon_meta']
[0.676s] Level 1:colcon.colcon_core.package_identification:_identify(src/Python_src) by extension 'colcon_meta'
[0.676s] Level 1:colcon.colcon_core.package_identification:_identify(src/Python_src) by extensions ['ros']
[0.676s] Level 1:colcon.colcon_core.package_identification:_identify(src/Python_src) by extension 'ros'
[0.676s] Level 1:colcon.colcon_core.package_identification:_identify(src/Python_src) by extensions ['cmake', 'python']
[0.676s] Level 1:colcon.colcon_core.package_identification:_identify(src/Python_src) by extension 'cmake'
[0.676s] Level 1:colcon.colcon_core.package_identification:_identify(src/Python_src) by extension 'python'
[0.676s] Level 1:colcon.colcon_core.package_identification:_identify(src/Python_src) by extensions ['python_setup_py']
[0.676s] Level 1:colcon.colcon_core.package_identification:_identify(src/Python_src) by extension 'python_setup_py'
[0.676s] Level 1:colcon.colcon_core.package_identification:_identify(src/controller) by extensions ['ignore', 'ignore_ament_install']
[0.676s] Level 1:colcon.colcon_core.package_identification:_identify(src/controller) by extension 'ignore'
[0.677s] Level 1:colcon.colcon_core.package_identification:_identify(src/controller) by extension 'ignore_ament_install'
[0.677s] Level 1:colcon.colcon_core.package_identification:_identify(src/controller) by extensions ['colcon_pkg']
[0.677s] Level 1:colcon.colcon_core.package_identification:_identify(src/controller) by extension 'colcon_pkg'
[0.677s] Level 1:colcon.colcon_core.package_identification:_identify(src/controller) by extensions ['colcon_meta']
[0.677s] Level 1:colcon.colcon_core.package_identification:_identify(src/controller) by extension 'colcon_meta'
[0.677s] Level 1:colcon.colcon_core.package_identification:_identify(src/controller) by extensions ['ros']
[0.677s] Level 1:colcon.colcon_core.package_identification:_identify(src/controller) by extension 'ros'
[0.682s] DEBUG:colcon.colcon_core.package_identification:Package 'src/controller' with type 'ros.ament_python' and name 'controller'
[0.682s] Level 1:colcon.colcon_core.package_identification:_identify(src/convex_mpc) by extensions ['ignore', 'ignore_ament_install']
[0.682s] Level 1:colcon.colcon_core.package_identification:_identify(src/convex_mpc) by extension 'ignore'
[0.682s] Level 1:colcon.colcon_core.package_identification:_identify(src/convex_mpc) by extension 'ignore_ament_install'
[0.682s] Level 1:colcon.colcon_core.package_identification:_identify(src/convex_mpc) by extensions ['colcon_pkg']
[0.682s] Level 1:colcon.colcon_core.package_identification:_identify(src/convex_mpc) by extension 'colcon_pkg'
[0.682s] Level 1:colcon.colcon_core.package_identification:_identify(src/convex_mpc) by extensions ['colcon_meta']
[0.683s] Level 1:colcon.colcon_core.package_identification:_identify(src/convex_mpc) by extension 'colcon_meta'
[0.683s] Level 1:colcon.colcon_core.package_identification:_identify(src/convex_mpc) by extensions ['ros']
[0.683s] Level 1:colcon.colcon_core.package_identification:_identify(src/convex_mpc) by extension 'ros'
[0.684s] DEBUG:colcon.colcon_core.package_identification:Package 'src/convex_mpc' with type 'ros.ament_python' and name 'convex_mpc'
[0.684s] Level 1:colcon.colcon_core.package_identification:_identify(src/robot_interfaces) by extensions ['ignore', 'ignore_ament_install']
[0.684s] Level 1:colcon.colcon_core.package_identification:_identify(src/robot_interfaces) by extension 'ignore'
[0.684s] Level 1:colcon.colcon_core.package_identification:_identify(src/robot_interfaces) by extension 'ignore_ament_install'
[0.684s] Level 1:colcon.colcon_core.package_identification:_identify(src/robot_interfaces) by extensions ['colcon_pkg']
[0.684s] Level 1:colcon.colcon_core.package_identification:_identify(src/robot_interfaces) by extension 'colcon_pkg'
[0.684s] Level 1:colcon.colcon_core.package_identification:_identify(src/robot_interfaces) by extensions ['colcon_meta']
[0.684s] Level 1:colcon.colcon_core.package_identification:_identify(src/robot_interfaces) by extension 'colcon_meta'
[0.684s] Level 1:colcon.colcon_core.package_identification:_identify(src/robot_interfaces) by extensions ['ros']
[0.684s] Level 1:colcon.colcon_core.package_identification:_identify(src/robot_interfaces) by extension 'ros'
[0.685s] DEBUG:colcon.colcon_core.package_identification:Package 'src/robot_interfaces' with type 'ros.ament_cmake' and name 'robot_interfaces'
[0.686s] Level 1:colcon.colcon_core.package_identification:_identify(src/simulation_py) by extensions ['ignore', 'ignore_ament_install']
[0.686s] Level 1:colcon.colcon_core.package_identification:_identify(src/simulation_py) by extension 'ignore'
[0.686s] Level 1:colcon.colcon_core.package_identification:_identify(src/simulation_py) by extension 'ignore_ament_install'
[0.686s] Level 1:colcon.colcon_core.package_identification:_identify(src/simulation_py) by extensions ['colcon_pkg']
[0.686s] Level 1:colcon.colcon_core.package_identification:_identify(src/simulation_py) by extension 'colcon_pkg'
[0.686s] Level 1:colcon.colcon_core.package_identification:_identify(src/simulation_py) by extensions ['colcon_meta']
[0.686s] Level 1:colcon.colcon_core.package_identification:_identify(src/simulation_py) by extension 'colcon_meta'
[0.686s] Level 1:colcon.colcon_core.package_identification:_identify(src/simulation_py) by extensions ['ros']
[0.686s] Level 1:colcon.colcon_core.package_identification:_identify(src/simulation_py) by extension 'ros'
[0.687s] DEBUG:colcon.colcon_core.package_identification:Package 'src/simulation_py' with type 'ros.ament_python' and name 'simulation_py'
[0.687s] Level 1:colcon.colcon_core.package_discovery:discover_packages(recursive) using defaults
[0.688s] Level 1:colcon.colcon_core.package_discovery:discover_packages(ignore) discover
[0.688s] Level 1:colcon.colcon_core.package_discovery:discover_packages(ignore) using defaults
[0.688s] Level 1:colcon.colcon_core.package_discovery:discover_packages(path) discover
[0.688s] Level 1:colcon.colcon_core.package_discovery:discover_packages(path) using defaults
[0.750s] Level 1:colcon.colcon_core.package_discovery:discover_packages(prefix_path) check parameters
[0.751s] Level 1:colcon.colcon_core.package_discovery:discover_packages(prefix_path) discover
[0.758s] DEBUG:colcon.colcon_installed_package_information.package_discovery:Found 4 installed packages in /home/lukat/unitree_mujoco_ws/COGAR_project/install
[0.763s] DEBUG:colcon.colcon_installed_package_information.package_discovery:Found 341 installed packages in /opt/ros/humble
[0.765s] Level 1:colcon.colcon_core.package_discovery:discover_packages(prefix_path) using defaults
[0.894s] Level 5:colcon.colcon_core.verb:set package 'convex_mpc' build argument 'cmake_args' from command line to 'None'
[0.894s] Level 5:colcon.colcon_core.verb:set package 'convex_mpc' build argument 'cmake_target' from command line to 'None'
[0.894s] Level 5:colcon.colcon_core.verb:set package 'convex_mpc' build argument 'cmake_target_skip_unavailable' from command line to 'False'
[0.894s] Level 5:colcon.colcon_core.verb:set package 'convex_mpc' build argument 'cmake_clean_cache' from command line to 'False'
[0.894s] Level 5:colcon.colcon_core.verb:set package 'convex_mpc' build argument 'cmake_clean_first' from command line to 'False'
[0.894s] Level 5:colcon.colcon_core.verb:set package 'convex_mpc' build argument 'cmake_force_configure' from command line to 'False'
[0.895s] Level 5:colcon.colcon_core.verb:set package 'convex_mpc' build argument 'ament_cmake_args' from command line to 'None'
[0.895s] Level 5:colcon.colcon_core.verb:set package 'convex_mpc' build argument 'catkin_cmake_args' from command line to 'None'
[0.895s] Level 5:colcon.colcon_core.verb:set package 'convex_mpc' build argument 'catkin_skip_building_tests' from command line to 'False'
[0.895s] DEBUG:colcon.colcon_core.verb:Building package 'convex_mpc' with the following arguments: {'ament_cmake_args': None, 'build_base': '/home/lukat/unitree_mujoco_ws/COGAR_project/build/convex_mpc', 'catkin_cmake_args': None, 'catkin_skip_building_tests': False, 'cmake_args': None, 'cmake_clean_cache': False, 'cmake_clean_first': False, 'cmake_force_configure': False, 'cmake_target': None, 'cmake_target_skip_unavailable': False, 'install_base': '/home/lukat/unitree_mujoco_ws/COGAR_project/install/convex_mpc', 'merge_install': False, 'path': '/home/lukat/unitree_mujoco_ws/COGAR_project/src/convex_mpc', 'symlink_install': False, 'test_result_base': None}
[0.895s] Level 5:colcon.colcon_core.verb:set package 'robot_interfaces' build argument 'cmake_args' from command line to 'None'
[0.895s] Level 5:colcon.colcon_core.verb:set package 'robot_interfaces' build argument 'cmake_target' from command line to 'None'
[0.895s] Level 5:colcon.colcon_core.verb:set package 'robot_interfaces' build argument 'cmake_target_skip_unavailable' from command line to 'False'
[0.895s] Level 5:colcon.colcon_core.verb:set package 'robot_interfaces' build argument 'cmake_clean_cache' from command line to 'False'
[0.895s] Level 5:colcon.colcon_core.verb:set package 'robot_interfaces' build argument 'cmake_clean_first' from command line to 'False'
[0.895s] Level 5:colcon.colcon_core.verb:set package 'robot_interfaces' build argument 'cmake_force_configure' from command line to 'False'
[0.895s] Level 5:colcon.colcon_core.verb:set package 'robot_interfaces' build argument 'ament_cmake_args' from command line to 'None'
[0.896s] Level 5:colcon.colcon_core.verb:set package 'robot_interfaces' build argument 'catkin_cmake_args' from command line to 'None'
[0.896s] Level 5:colcon.colcon_core.verb:set package 'robot_interfaces' build argument 'catkin_skip_building_tests' from command line to 'False'
[0.896s] DEBUG:colcon.colcon_core.verb:Building package 'robot_interfaces' with the following arguments: {'ament_cmake_args': None, 'build_base': '/home/lukat/unitree_mujoco_ws/COGAR_project/build/robot_interfaces', 'catkin_cmake_args': None, 'catkin_skip_building_tests': False, 'cmake_args': None, 'cmake_clean_cache': False, 'cmake_clean_first': False, 'cmake_force_configure': False, 'cmake_target': None, 'cmake_target_skip_unavailable': False, 'install_base': '/home/lukat/unitree_mujoco_ws/COGAR_project/install/robot_interfaces', 'merge_install': False, 'path': '/home/lukat/unitree_mujoco_ws/COGAR_project/src/robot_interfaces', 'symlink_install': False, 'test_result_base': None}
[0.896s] Level 5:colcon.colcon_core.verb:set package 'simulation_py' build argument 'cmake_args' from command line to 'None'
[0.896s] Level 5:colcon.colcon_core.verb:set package 'simulation_py' build argument 'cmake_target' from command line to 'None'
[0.896s] Level 5:colcon.colcon_core.verb:set package 'simulation_py' build argument 'cmake_target_skip_unavailable' from command line to 'False'
[0.896s] Level 5:colcon.colcon_core.verb:set package 'simulation_py' build argument 'cmake_clean_cache' from command line to 'False'
[0.896s] Level 5:colcon.colcon_core.verb:set package 'simulation_py' build argument 'cmake_clean_first' from command line to 'False'
[0.896s] Level 5:colcon.colcon_core.verb:set package 'simulation_py' build argument 'cmake_force_configure' from command line to 'False'
[0.896s] Level 5:colcon.colcon_core.verb:set package 'simulation_py' build argument 'ament_cmake_args' from command line to 'None'
[0.897s] Level 5:colcon.colcon_core.verb:set package 'simulation_py' build argument 'catkin_cmake_args' from command line to 'None'
[0.897s] Level 5:colcon.colcon_core.verb:set package 'simulation_py' build argument 'catkin_skip_building_tests' from command line to 'False'
[0.897s] DEBUG:colcon.colcon_core.verb:Building package 'simulation_py' with the following arguments: {'ament_cmake_args': None, 'build_base': '/home/lukat/unitree_mujoco_ws/COGAR_project/build/simulation_py', 'catkin_cmake_args': None, 'catkin_skip_building_tests': False, 'cmake_args': None, 'cmake_clean_cache': False, 'cmake_clean_first': False, 'cmake_force_configure': False, 'cmake_target': None, 'cmake_target_skip_unavailable': False, 'install_base': '/home/lukat/unitree_mujoco_ws/COGAR_project/install/simulation_py', 'merge_install': False, 'path': '/home/lukat/unitree_mujoco_ws/COGAR_project/src/simulation_py', 'symlink_install': False, 'test_result_base': None}
[0.897s] Level 5:colcon.colcon_core.verb:set package 'controller' build argument 'cmake_args' from command line to 'None'
[0.897s] Level 5:colcon.colcon_core.verb:set package 'controller' build argument 'cmake_target' from command line to 'None'
[0.897s] Level 5:colcon.colcon_core.verb:set package 'controller' build argument 'cmake_target_skip_unavailable' from command line to 'False'
[0.897s] Level 5:colcon.colcon_core.verb:set package 'controller' build argument 'cmake_clean_cache' from command line to 'False'
[0.897s] Level 5:colcon.colcon_core.verb:set package 'controller' build argument 'cmake_clean_first' from command line to 'False'
[0.897s] Level 5:colcon.colcon_core.verb:set package 'controller' build argument 'cmake_force_configure' from command line to 'False'
[0.897s] Level 5:colcon.colcon_core.verb:set package 'controller' build argument 'ament_cmake_args' from command line to 'None'
[0.897s] Level 5:colcon.colcon_core.verb:set package 'controller' build argument 'catkin_cmake_args' from command line to 'None'
[0.897s] Level 5:colcon.colcon_core.verb:set package 'controller' build argument 'catkin_skip_building_tests' from command line to 'False'
[0.897s] DEBUG:colcon.colcon_core.verb:Building package 'controller' with the following arguments: {'ament_cmake_args': None, 'build_base': '/home/lukat/unitree_mujoco_ws/COGAR_project/build/controller', 'catkin_cmake_args': None, 'catkin_skip_building_tests': False, 'cmake_args': None, 'cmake_clean_cache': False, 'cmake_clean_first': False, 'cmake_force_configure': False, 'cmake_target': None, 'cmake_target_skip_unavailable': False, 'install_base': '/home/lukat/unitree_mujoco_ws/COGAR_project/install/controller', 'merge_install': False, 'path': '/home/lukat/unitree_mujoco_ws/COGAR_project/src/controller', 'symlink_install': False, 'test_result_base': None}
[0.898s] INFO:colcon.colcon_core.executor:Executing jobs using 'parallel' executor
[0.900s] DEBUG:colcon.colcon_parallel_executor.executor.parallel:run_until_complete
[0.900s] INFO:colcon.colcon_ros.task.ament_cmake.build:Building ROS package in '/home/lukat/unitree_mujoco_ws/COGAR_project/src/robot_interfaces' with build type 'ament_cmake'
[0.900s] INFO:colcon.colcon_cmake.task.cmake.build:Building CMake package in '/home/lukat/unitree_mujoco_ws/COGAR_project/src/robot_interfaces'
[0.912s] INFO:colcon.colcon_core.plugin_system:Skipping extension 'colcon_core.shell.bat': Not used on non-Windows systems
[0.912s] INFO:colcon.colcon_core.shell:Skip shell extension 'powershell' for command environment: Not usable outside of PowerShell
[0.912s] DEBUG:colcon.colcon_core.shell:Skip shell extension 'dsv' for command environment
[0.923s] INFO:colcon.colcon_ros.task.ament_python.build:Building ROS package in '/home/lukat/unitree_mujoco_ws/COGAR_project/src/convex_mpc' with build type 'ament_python'
[0.923s] Level 1:colcon.colcon_core.shell:create_environment_hook('convex_mpc', 'ament_prefix_path')
[0.924s] INFO:colcon.colcon_core.shell:Creating environment hook '/home/lukat/unitree_mujoco_ws/COGAR_project/install/convex_mpc/share/convex_mpc/hook/ament_prefix_path.ps1'
[0.926s] INFO:colcon.colcon_core.shell:Creating environment descriptor '/home/lukat/unitree_mujoco_ws/COGAR_project/install/convex_mpc/share/convex_mpc/hook/ament_prefix_path.dsv'
[0.927s] INFO:colcon.colcon_core.shell:Creating environment hook '/home/lukat/unitree_mujoco_ws/COGAR_project/install/convex_mpc/share/convex_mpc/hook/ament_prefix_path.sh'
[0.930s] INFO:colcon.colcon_core.shell:Skip shell extension 'powershell' for command environment: Not usable outside of PowerShell
[0.930s] DEBUG:colcon.colcon_core.shell:Skip shell extension 'dsv' for command environment
[0.938s] INFO:colcon.colcon_ros.task.ament_python.build:Building ROS package in '/home/lukat/unitree_mujoco_ws/COGAR_project/src/simulation_py' with build type 'ament_python'
[0.938s] Level 1:colcon.colcon_core.shell:create_environment_hook('simulation_py', 'ament_prefix_path')
[0.939s] INFO:colcon.colcon_core.shell:Creating environment hook '/home/lukat/unitree_mujoco_ws/COGAR_project/install/simulation_py/share/simulation_py/hook/ament_prefix_path.ps1'
[0.941s] INFO:colcon.colcon_core.shell:Creating environment descriptor '/home/lukat/unitree_mujoco_ws/COGAR_project/install/simulation_py/share/simulation_py/hook/ament_prefix_path.dsv'
[0.942s] INFO:colcon.colcon_core.shell:Creating environment hook '/home/lukat/unitree_mujoco_ws/COGAR_project/install/simulation_py/share/simulation_py/hook/ament_prefix_path.sh'
[0.945s] INFO:colcon.colcon_core.shell:Skip shell extension 'powershell' for command environment: Not usable outside of PowerShell
[0.945s] DEBUG:colcon.colcon_core.shell:Skip shell extension 'dsv' for command environment
[0.968s] DEBUG:colcon.colcon_core.event_handler.log_command:Invoking command in '/home/lukat/unitree_mujoco_ws/COGAR_project/build/robot_interfaces': CMAKE_PREFIX_PATH=${CMAKE_PREFIX_PATH}:/home/lukat/unitree_mujoco_ws/COGAR_project/install/simulation_py:/home/lukat/unitree_mujoco_ws/COGAR_project/install/controller:/home/lukat/unitree_mujoco_ws/COGAR_project/install/convex_mpc:/opt/ros/humble /usr/bin/cmake --build /home/lukat/unitree_mujoco_ws/COGAR_project/build/robot_interfaces -- -j8 -l8
[1.308s] INFO:colcon.colcon_core.task.python.build:Building Python package in '/home/lukat/unitree_mujoco_ws/COGAR_project/src/convex_mpc'
[1.309s] INFO:colcon.colcon_core.shell:Skip shell extension 'powershell' for command environment: Not usable outside of PowerShell
[1.309s] DEBUG:colcon.colcon_core.shell:Skip shell extension 'dsv' for command environment
[1.604s] INFO:colcon.colcon_core.task.python.build:Building Python package in '/home/lukat/unitree_mujoco_ws/COGAR_project/src/simulation_py'
[1.604s] INFO:colcon.colcon_core.shell:Skip shell extension 'powershell' for command environment: Not usable outside of PowerShell
[1.605s] DEBUG:colcon.colcon_core.shell:Skip shell extension 'dsv' for command environment
[1.739s] DEBUG:colcon.colcon_core.event_handler.log_command:Invoked command in '/home/lukat/unitree_mujoco_ws/COGAR_project/build/robot_interfaces' returned '0': CMAKE_PREFIX_PATH=${CMAKE_PREFIX_PATH}:/home/lukat/unitree_mujoco_ws/COGAR_project/install/simulation_py:/home/lukat/unitree_mujoco_ws/COGAR_project/install/controller:/home/lukat/unitree_mujoco_ws/COGAR_project/install/convex_mpc:/opt/ros/humble /usr/bin/cmake --build /home/lukat/unitree_mujoco_ws/COGAR_project/build/robot_interfaces -- -j8 -l8
[1.757s] DEBUG:colcon.colcon_core.event_handler.log_command:Invoking command in '/home/lukat/unitree_mujoco_ws/COGAR_project/build/robot_interfaces': CMAKE_PREFIX_PATH=${CMAKE_PREFIX_PATH}:/home/lukat/unitree_mujoco_ws/COGAR_project/install/simulation_py:/home/lukat/unitree_mujoco_ws/COGAR_project/install/controller:/home/lukat/unitree_mujoco_ws/COGAR_project/install/convex_mpc:/opt/ros/humble /usr/bin/cmake --install /home/lukat/unitree_mujoco_ws/COGAR_project/build/robot_interfaces
[1.889s] Level 1:colcon.colcon_core.environment:create_environment_scripts_only(robot_interfaces)
[1.893s] DEBUG:colcon.colcon_core.event_handler.log_command:Invoked command in '/home/lukat/unitree_mujoco_ws/COGAR_project/build/robot_interfaces' returned '0': CMAKE_PREFIX_PATH=${CMAKE_PREFIX_PATH}:/home/lukat/unitree_mujoco_ws/COGAR_project/install/simulation_py:/home/lukat/unitree_mujoco_ws/COGAR_project/install/controller:/home/lukat/unitree_mujoco_ws/COGAR_project/install/convex_mpc:/opt/ros/humble /usr/bin/cmake --install /home/lukat/unitree_mujoco_ws/COGAR_project/build/robot_interfaces
[1.904s] Level 1:colcon.colcon_core.environment:checking '/home/lukat/unitree_mujoco_ws/COGAR_project/install/robot_interfaces' for CMake module files
[1.905s] Level 1:colcon.colcon_core.environment:checking '/home/lukat/unitree_mujoco_ws/COGAR_project/install/robot_interfaces' for CMake config files
[1.905s] Level 1:colcon.colcon_core.shell:create_environment_hook('robot_interfaces', 'cmake_prefix_path')
[1.906s] INFO:colcon.colcon_core.shell:Creating environment hook '/home/lukat/unitree_mujoco_ws/COGAR_project/install/robot_interfaces/share/robot_interfaces/hook/cmake_prefix_path.ps1'
[1.907s] INFO:colcon.colcon_core.shell:Creating environment descriptor '/home/lukat/unitree_mujoco_ws/COGAR_project/install/robot_interfaces/share/robot_interfaces/hook/cmake_prefix_path.dsv'
[1.907s] INFO:colcon.colcon_core.shell:Creating environment hook '/home/lukat/unitree_mujoco_ws/COGAR_project/install/robot_interfaces/share/robot_interfaces/hook/cmake_prefix_path.sh'
[1.909s] Level 1:colcon.colcon_core.environment:checking '/home/lukat/unitree_mujoco_ws/COGAR_project/install/robot_interfaces/lib'
[1.909s] Level 1:colcon.colcon_core.shell:create_environment_hook('robot_interfaces', 'ld_library_path_lib')
[1.910s] INFO:colcon.colcon_core.shell:Creating environment hook '/home/lukat/unitree_mujoco_ws/COGAR_project/install/robot_interfaces/share/robot_interfaces/hook/ld_library_path_lib.ps1'
[1.910s] INFO:colcon.colcon_core.shell:Creating environment descriptor '/home/lukat/unitree_mujoco_ws/COGAR_project/install/robot_interfaces/share/robot_interfaces/hook/ld_library_path_lib.dsv'
[1.911s] INFO:colcon.colcon_core.shell:Creating environment hook '/home/lukat/unitree_mujoco_ws/COGAR_project/install/robot_interfaces/share/robot_interfaces/hook/ld_library_path_lib.sh'
[1.912s] Level 1:colcon.colcon_core.environment:checking '/home/lukat/unitree_mujoco_ws/COGAR_project/install/robot_interfaces/bin'
[1.912s] Level 1:colcon.colcon_core.environment:checking '/home/lukat/unitree_mujoco_ws/COGAR_project/install/robot_interfaces/lib/pkgconfig/robot_interfaces.pc'
[1.913s] Level 1:colcon.colcon_core.environment:checking '/home/lukat/unitree_mujoco_ws/COGAR_project/install/robot_interfaces/lib/python3.10/site-packages'
[1.913s] Level 1:colcon.colcon_core.environment:checking '/home/lukat/unitree_mujoco_ws/COGAR_project/install/robot_interfaces/bin'
[1.914s] INFO:colcon.colcon_core.shell:Creating package script '/home/lukat/unitree_mujoco_ws/COGAR_project/install/robot_interfaces/share/robot_interfaces/package.ps1'
[1.918s] INFO:colcon.colcon_core.shell:Creating package descriptor '/home/lukat/unitree_mujoco_ws/COGAR_project/install/robot_interfaces/share/robot_interfaces/package.dsv'
[1.920s] INFO:colcon.colcon_core.shell:Creating package script '/home/lukat/unitree_mujoco_ws/COGAR_project/install/robot_interfaces/share/robot_interfaces/package.sh'
[1.923s] INFO:colcon.colcon_core.shell:Creating package script '/home/lukat/unitree_mujoco_ws/COGAR_project/install/robot_interfaces/share/robot_interfaces/package.bash'
[1.925s] INFO:colcon.colcon_core.shell:Creating package script '/home/lukat/unitree_mujoco_ws/COGAR_project/install/robot_interfaces/share/robot_interfaces/package.zsh'
[1.927s] Level 1:colcon.colcon_core.environment:create_file_with_runtime_dependencies(/home/lukat/unitree_mujoco_ws/COGAR_project/install/robot_interfaces/share/colcon-core/packages/robot_interfaces)
[1.928s] Level 1:colcon.colcon_core.environment:create_environment_scripts_only(robot_interfaces)
[1.929s] Level 1:colcon.colcon_core.environment:checking '/home/lukat/unitree_mujoco_ws/COGAR_project/install/robot_interfaces' for CMake module files
[1.930s] Level 1:colcon.colcon_core.environment:checking '/home/lukat/unitree_mujoco_ws/COGAR_project/install/robot_interfaces' for CMake config files
[1.931s] Level 1:colcon.colcon_core.shell:create_environment_hook('robot_interfaces', 'cmake_prefix_path')
[1.932s] INFO:colcon.colcon_core.shell:Creating environment hook '/home/lukat/unitree_mujoco_ws/COGAR_project/install/robot_interfaces/share/robot_interfaces/hook/cmake_prefix_path.ps1'
[1.934s] INFO:colcon.colcon_core.shell:Creating environment descriptor '/home/lukat/unitree_mujoco_ws/COGAR_project/install/robot_interfaces/share/robot_interfaces/hook/cmake_prefix_path.dsv'
[1.935s] INFO:colcon.colcon_core.shell:Creating environment hook '/home/lukat/unitree_mujoco_ws/COGAR_project/install/robot_interfaces/share/robot_interfaces/hook/cmake_prefix_path.sh'
[1.937s] Level 1:colcon.colcon_core.environment:checking '/home/lukat/unitree_mujoco_ws/COGAR_project/install/robot_interfaces/lib'
[1.937s] Level 1:colcon.colcon_core.shell:create_environment_hook('robot_interfaces', 'ld_library_path_lib')
[1.938s] INFO:colcon.colcon_core.shell:Creating environment hook '/home/lukat/unitree_mujoco_ws/COGAR_project/install/robot_interfaces/share/robot_interfaces/hook/ld_library_path_lib.ps1'
[1.939s] INFO:colcon.colcon_core.shell:Creating environment descriptor '/home/lukat/unitree_mujoco_ws/COGAR_project/install/robot_interfaces/share/robot_interfaces/hook/ld_library_path_lib.dsv'
[1.939s] INFO:colcon.colcon_core.shell:Creating environment hook '/home/lukat/unitree_mujoco_ws/COGAR_project/install/robot_interfaces/share/robot_interfaces/hook/ld_library_path_lib.sh'
[1.940s] Level 1:colcon.colcon_core.environment:checking '/home/lukat/unitree_mujoco_ws/COGAR_project/install/robot_interfaces/bin'
[1.941s] Level 1:colcon.colcon_core.environment:checking '/home/lukat/unitree_mujoco_ws/COGAR_project/install/robot_interfaces/lib/pkgconfig/robot_interfaces.pc'
[1.941s] Level 1:colcon.colcon_core.environment:checking '/home/lukat/unitree_mujoco_ws/COGAR_project/install/robot_interfaces/lib/python3.10/site-packages'
[1.941s] Level 1:colcon.colcon_core.environment:checking '/home/lukat/unitree_mujoco_ws/COGAR_project/install/robot_interfaces/bin'
[1.942s] INFO:colcon.colcon_core.shell:Creating package script '/home/lukat/unitree_mujoco_ws/COGAR_project/install/robot_interfaces/share/robot_interfaces/package.ps1'
[1.943s] INFO:colcon.colcon_core.shell:Creating package descriptor '/home/lukat/unitree_mujoco_ws/COGAR_project/install/robot_interfaces/share/robot_interfaces/package.dsv'
[1.944s] INFO:colcon.colcon_core.shell:Creating package script '/home/lukat/unitree_mujoco_ws/COGAR_project/install/robot_interfaces/share/robot_interfaces/package.sh'
[1.945s] INFO:colcon.colcon_core.shell:Creating package script '/home/lukat/unitree_mujoco_ws/COGAR_project/install/robot_interfaces/share/robot_interfaces/package.bash'
[1.946s] INFO:colcon.colcon_core.shell:Creating package script '/home/lukat/unitree_mujoco_ws/COGAR_project/install/robot_interfaces/share/robot_interfaces/package.zsh'
[1.946s] Level 1:colcon.colcon_core.environment:create_file_with_runtime_dependencies(/home/lukat/unitree_mujoco_ws/COGAR_project/install/robot_interfaces/share/colcon-core/packages/robot_interfaces)
[1.947s] INFO:colcon.colcon_ros.task.ament_python.build:Building ROS package in '/home/lukat/unitree_mujoco_ws/COGAR_project/src/controller' with build type 'ament_python'
[1.947s] Level 1:colcon.colcon_core.shell:create_environment_hook('controller', 'ament_prefix_path')
[1.948s] INFO:colcon.colcon_core.shell:Creating environment hook '/home/lukat/unitree_mujoco_ws/COGAR_project/install/controller/share/controller/hook/ament_prefix_path.ps1'
[1.950s] INFO:colcon.colcon_core.shell:Creating environment descriptor '/home/lukat/unitree_mujoco_ws/COGAR_project/install/controller/share/controller/hook/ament_prefix_path.dsv'
[1.951s] INFO:colcon.colcon_core.shell:Creating environment hook '/home/lukat/unitree_mujoco_ws/COGAR_project/install/controller/share/controller/hook/ament_prefix_path.sh'
[1.953s] INFO:colcon.colcon_core.shell:Skip shell extension 'powershell' for command environment: Not usable outside of PowerShell
[1.953s] DEBUG:colcon.colcon_core.shell:Skip shell extension 'dsv' for command environment
[2.534s] INFO:colcon.colcon_core.task.python.build:Building Python package in '/home/lukat/unitree_mujoco_ws/COGAR_project/src/controller'
[2.535s] INFO:colcon.colcon_core.shell:Skip shell extension 'powershell' for command environment: Not usable outside of PowerShell
[2.535s] DEBUG:colcon.colcon_core.shell:Skip shell extension 'dsv' for command environment
[3.139s] DEBUG:colcon.colcon_core.event_handler.log_command:Invoking command in '/home/lukat/unitree_mujoco_ws/COGAR_project/src/simulation_py': PYTHONPATH=/home/lukat/unitree_mujoco_ws/COGAR_project/build/simulation_py/prefix_override:/usr/lib/python3/dist-packages/colcon_core/task/python/colcon_distutils_commands:/home/lukat/unitree_mujoco_ws/COGAR_project/install/simulation_py/lib/python3.10/site-packages:${PYTHONPATH} /usr/bin/python3 -W ignore:setup.py install is deprecated -W ignore:easy_install command is deprecated setup.py egg_info --egg-base ../../build/simulation_py build --build-base /home/lukat/unitree_mujoco_ws/COGAR_project/build/simulation_py/build install --record /home/lukat/unitree_mujoco_ws/COGAR_project/build/simulation_py/install.log --single-version-externally-managed install_data
[3.143s] DEBUG:colcon.colcon_core.event_handler.log_command:Invoking command in '/home/lukat/unitree_mujoco_ws/COGAR_project/src/convex_mpc': PYTHONPATH=/home/lukat/unitree_mujoco_ws/COGAR_project/build/convex_mpc/prefix_override:/usr/lib/python3/dist-packages/colcon_core/task/python/colcon_distutils_commands:/home/lukat/unitree_mujoco_ws/COGAR_project/install/convex_mpc/lib/python3.10/site-packages:${PYTHONPATH} /usr/bin/python3 -W ignore:setup.py install is deprecated -W ignore:easy_install command is deprecated setup.py egg_info --egg-base ../../build/convex_mpc build --build-base /home/lukat/unitree_mujoco_ws/COGAR_project/build/convex_mpc/build install --record /home/lukat/unitree_mujoco_ws/COGAR_project/build/convex_mpc/install.log --single-version-externally-managed install_data
[3.722s] DEBUG:colcon.colcon_core.event_handler.log_command:Invoking command in '/home/lukat/unitree_mujoco_ws/COGAR_project/src/controller': PYTHONPATH=/home/lukat/unitree_mujoco_ws/COGAR_project/build/controller/prefix_override:/usr/lib/python3/dist-packages/colcon_core/task/python/colcon_distutils_commands:/home/lukat/unitree_mujoco_ws/COGAR_project/install/controller/lib/python3.10/site-packages:${PYTHONPATH} /usr/bin/python3 -W ignore:setup.py install is deprecated -W ignore:easy_install command is deprecated setup.py egg_info --egg-base ../../build/controller build --build-base /home/lukat/unitree_mujoco_ws/COGAR_project/build/controller/build install --record /home/lukat/unitree_mujoco_ws/COGAR_project/build/controller/install.log --single-version-externally-managed install_data
[4.282s] Level 1:colcon.colcon_core.environment:checking '/home/lukat/unitree_mujoco_ws/COGAR_project/install/simulation_py' for CMake module files
[4.283s] DEBUG:colcon.colcon_core.event_handler.log_command:Invoked command in '/home/lukat/unitree_mujoco_ws/COGAR_project/src/simulation_py' returned '0': PYTHONPATH=/home/lukat/unitree_mujoco_ws/COGAR_project/build/simulation_py/prefix_override:/usr/lib/python3/dist-packages/colcon_core/task/python/colcon_distutils_commands:/home/lukat/unitree_mujoco_ws/COGAR_project/install/simulation_py/lib/python3.10/site-packages:${PYTHONPATH} /usr/bin/python3 -W ignore:setup.py install is deprecated -W ignore:easy_install command is deprecated setup.py egg_info --egg-base ../../build/simulation_py build --build-base /home/lukat/unitree_mujoco_ws/COGAR_project/build/simulation_py/build install --record /home/lukat/unitree_mujoco_ws/COGAR_project/build/simulation_py/install.log --single-version-externally-managed install_data
[4.284s] Level 1:colcon.colcon_core.environment:checking '/home/lukat/unitree_mujoco_ws/COGAR_project/install/simulation_py' for CMake config files
[4.286s] Level 1:colcon.colcon_core.environment:checking '/home/lukat/unitree_mujoco_ws/COGAR_project/install/simulation_py/lib'
[4.286s] Level 1:colcon.colcon_core.environment:checking '/home/lukat/unitree_mujoco_ws/COGAR_project/install/simulation_py/bin'
[4.286s] Level 1:colcon.colcon_core.environment:checking '/home/lukat/unitree_mujoco_ws/COGAR_project/install/simulation_py/lib/pkgconfig/simulation_py.pc'
[4.287s] Level 1:colcon.colcon_core.environment:checking '/home/lukat/unitree_mujoco_ws/COGAR_project/install/simulation_py/lib/python3.10/site-packages'
[4.287s] Level 1:colcon.colcon_core.shell:create_environment_hook('simulation_py', 'pythonpath')
[4.287s] INFO:colcon.colcon_core.shell:Creating environment hook '/home/lukat/unitree_mujoco_ws/COGAR_project/install/simulation_py/share/simulation_py/hook/pythonpath.ps1'
[4.289s] INFO:colcon.colcon_core.shell:Creating environment descriptor '/home/lukat/unitree_mujoco_ws/COGAR_project/install/simulation_py/share/simulation_py/hook/pythonpath.dsv'
[4.290s] INFO:colcon.colcon_core.shell:Creating environment hook '/home/lukat/unitree_mujoco_ws/COGAR_project/install/simulation_py/share/simulation_py/hook/pythonpath.sh'
[4.292s] Level 1:colcon.colcon_core.environment:checking '/home/lukat/unitree_mujoco_ws/COGAR_project/install/simulation_py/bin'
[4.292s] Level 1:colcon.colcon_core.environment:create_environment_scripts_only(simulation_py)
[4.293s] INFO:colcon.colcon_core.shell:Creating package script '/home/lukat/unitree_mujoco_ws/COGAR_project/install/simulation_py/share/simulation_py/package.ps1'
[4.295s] INFO:colcon.colcon_core.shell:Creating package descriptor '/home/lukat/unitree_mujoco_ws/COGAR_project/install/simulation_py/share/simulation_py/package.dsv'
[4.297s] INFO:colcon.colcon_core.shell:Creating package script '/home/lukat/unitree_mujoco_ws/COGAR_project/install/simulation_py/share/simulation_py/package.sh'
[4.298s] INFO:colcon.colcon_core.shell:Creating package script '/home/lukat/unitree_mujoco_ws/COGAR_project/install/simulation_py/share/simulation_py/package.bash'
[4.299s] INFO:colcon.colcon_core.shell:Creating package script '/home/lukat/unitree_mujoco_ws/COGAR_project/install/simulation_py/share/simulation_py/package.zsh'
[4.300s] Level 1:colcon.colcon_core.environment:create_file_with_runtime_dependencies(/home/lukat/unitree_mujoco_ws/COGAR_project/install/simulation_py/share/colcon-core/packages/simulation_py)
[4.304s] Level 1:colcon.colcon_core.environment:checking '/home/lukat/unitree_mujoco_ws/COGAR_project/install/convex_mpc' for CMake module files
[4.306s] Level 1:colcon.colcon_core.environment:checking '/home/lukat/unitree_mujoco_ws/COGAR_project/install/convex_mpc' for CMake config files
[4.307s] DEBUG:colcon.colcon_core.event_handler.log_command:Invoked command in '/home/lukat/unitree_mujoco_ws/COGAR_project/src/convex_mpc' returned '0': PYTHONPATH=/home/lukat/unitree_mujoco_ws/COGAR_project/build/convex_mpc/prefix_override:/usr/lib/python3/dist-packages/colcon_core/task/python/colcon_distutils_commands:/home/lukat/unitree_mujoco_ws/COGAR_project/install/convex_mpc/lib/python3.10/site-packages:${PYTHONPATH} /usr/bin/python3 -W ignore:setup.py install is deprecated -W ignore:easy_install command is deprecated setup.py egg_info --egg-base ../../build/convex_mpc build --build-base /home/lukat/unitree_mujoco_ws/COGAR_project/build/convex_mpc/build install --record /home/lukat/unitree_mujoco_ws/COGAR_project/build/convex_mpc/install.log --single-version-externally-managed install_data
[4.307s] Level 1:colcon.colcon_core.environment:checking '/home/lukat/unitree_mujoco_ws/COGAR_project/install/convex_mpc/lib'
[4.307s] Level 1:colcon.colcon_core.environment:checking '/home/lukat/unitree_mujoco_ws/COGAR_project/install/convex_mpc/bin'
[4.308s] Level 1:colcon.colcon_core.environment:checking '/home/lukat/unitree_mujoco_ws/COGAR_project/install/convex_mpc/lib/pkgconfig/convex_mpc.pc'
[4.308s] Level 1:colcon.colcon_core.environment:checking '/home/lukat/unitree_mujoco_ws/COGAR_project/install/convex_mpc/lib/python3.10/site-packages'
[4.308s] Level 1:colcon.colcon_core.shell:create_environment_hook('convex_mpc', 'pythonpath')
[4.309s] INFO:colcon.colcon_core.shell:Creating environment hook '/home/lukat/unitree_mujoco_ws/COGAR_project/install/convex_mpc/share/convex_mpc/hook/pythonpath.ps1'
[4.309s] INFO:colcon.colcon_core.shell:Creating environment descriptor '/home/lukat/unitree_mujoco_ws/COGAR_project/install/convex_mpc/share/convex_mpc/hook/pythonpath.dsv'
[4.310s] INFO:colcon.colcon_core.shell:Creating environment hook '/home/lukat/unitree_mujoco_ws/COGAR_project/install/convex_mpc/share/convex_mpc/hook/pythonpath.sh'
[4.312s] Level 1:colcon.colcon_core.environment:checking '/home/lukat/unitree_mujoco_ws/COGAR_project/install/convex_mpc/bin'
[4.312s] Level 1:colcon.colcon_core.environment:create_environment_scripts_only(convex_mpc)
[4.313s] INFO:colcon.colcon_core.shell:Creating package script '/home/lukat/unitree_mujoco_ws/COGAR_project/install/convex_mpc/share/convex_mpc/package.ps1'
[4.313s] INFO:colcon.colcon_core.shell:Creating package descriptor '/home/lukat/unitree_mujoco_ws/COGAR_project/install/convex_mpc/share/convex_mpc/package.dsv'
[4.314s] INFO:colcon.colcon_core.shell:Creating package script '/home/lukat/unitree_mujoco_ws/COGAR_project/install/convex_mpc/share/convex_mpc/package.sh'
[4.315s] INFO:colcon.colcon_core.shell:Creating package script '/home/lukat/unitree_mujoco_ws/COGAR_project/install/convex_mpc/share/convex_mpc/package.bash'
[4.315s] INFO:colcon.colcon_core.shell:Creating package script '/home/lukat/unitree_mujoco_ws/COGAR_project/install/convex_mpc/share/convex_mpc/package.zsh'
[4.316s] Level 1:colcon.colcon_core.environment:create_file_with_runtime_dependencies(/home/lukat/unitree_mujoco_ws/COGAR_project/install/convex_mpc/share/colcon-core/packages/convex_mpc)
[4.701s] Level 1:colcon.colcon_core.environment:checking '/home/lukat/unitree_mujoco_ws/COGAR_project/install/controller' for CMake module files
[4.702s] DEBUG:colcon.colcon_core.event_handler.log_command:Invoked command in '/home/lukat/unitree_mujoco_ws/COGAR_project/src/controller' returned '0': PYTHONPATH=/home/lukat/unitree_mujoco_ws/COGAR_project/build/controller/prefix_override:/usr/lib/python3/dist-packages/colcon_core/task/python/colcon_distutils_commands:/home/lukat/unitree_mujoco_ws/COGAR_project/install/controller/lib/python3.10/site-packages:${PYTHONPATH} /usr/bin/python3 -W ignore:setup.py install is deprecated -W ignore:easy_install command is deprecated setup.py egg_info --egg-base ../../build/controller build --build-base /home/lukat/unitree_mujoco_ws/COGAR_project/build/controller/build install --record /home/lukat/unitree_mujoco_ws/COGAR_project/build/controller/install.log --single-version-externally-managed install_data
[4.703s] Level 1:colcon.colcon_core.environment:checking '/home/lukat/unitree_mujoco_ws/COGAR_project/install/controller' for CMake config files
[4.703s] Level 1:colcon.colcon_core.environment:checking '/home/lukat/unitree_mujoco_ws/COGAR_project/install/controller/lib'
[4.703s] Level 1:colcon.colcon_core.environment:checking '/home/lukat/unitree_mujoco_ws/COGAR_project/install/controller/bin'
[4.704s] Level 1:colcon.colcon_core.environment:checking '/home/lukat/unitree_mujoco_ws/COGAR_project/install/controller/lib/pkgconfig/controller.pc'
[4.704s] Level 1:colcon.colcon_core.environment:checking '/home/lukat/unitree_mujoco_ws/COGAR_project/install/controller/lib/python3.10/site-packages'
[4.704s] Level 1:colcon.colcon_core.shell:create_environment_hook('controller', 'pythonpath')
[4.704s] INFO:colcon.colcon_core.shell:Creating environment hook '/home/lukat/unitree_mujoco_ws/COGAR_project/install/controller/share/controller/hook/pythonpath.ps1'
[4.705s] INFO:colcon.colcon_core.shell:Creating environment descriptor '/home/lukat/unitree_mujoco_ws/COGAR_project/install/controller/share/controller/hook/pythonpath.dsv'
[4.705s] INFO:colcon.colcon_core.shell:Creating environment hook '/home/lukat/unitree_mujoco_ws/COGAR_project/install/controller/share/controller/hook/pythonpath.sh'
[4.706s] Level 1:colcon.colcon_core.environment:checking '/home/lukat/unitree_mujoco_ws/COGAR_project/install/controller/bin'
[4.706s] Level 1:colcon.colcon_core.environment:create_environment_scripts_only(controller)
[4.707s] INFO:colcon.colcon_core.shell:Creating package script '/home/lukat/unitree_mujoco_ws/COGAR_project/install/controller/share/controller/package.ps1'
[4.707s] INFO:colcon.colcon_core.shell:Creating package descriptor '/home/lukat/unitree_mujoco_ws/COGAR_project/install/controller/share/controller/package.dsv'
[4.708s] INFO:colcon.colcon_core.shell:Creating package script '/home/lukat/unitree_mujoco_ws/COGAR_project/install/controller/share/controller/package.sh'
[4.710s] INFO:colcon.colcon_core.shell:Creating package script '/home/lukat/unitree_mujoco_ws/COGAR_project/install/controller/share/controller/package.bash'
[4.710s] INFO:colcon.colcon_core.shell:Creating package script '/home/lukat/unitree_mujoco_ws/COGAR_project/install/controller/share/controller/package.zsh'
[4.711s] Level 1:colcon.colcon_core.environment:create_file_with_runtime_dependencies(/home/lukat/unitree_mujoco_ws/COGAR_project/install/controller/share/colcon-core/packages/controller)
[4.711s] DEBUG:colcon.colcon_parallel_executor.executor.parallel:closing loop
[4.712s] DEBUG:colcon.colcon_parallel_executor.executor.parallel:loop closed
[4.712s] DEBUG:colcon.colcon_parallel_executor.executor.parallel:run_until_complete finished with '0'
[4.712s] DEBUG:colcon.colcon_core.event_reactor:joining thread
[4.760s] INFO:colcon.colcon_core.plugin_system:Skipping extension 'colcon_notification.desktop_notification.notify_send': Could not find 'notify-send'
[4.760s] INFO:colcon.colcon_core.plugin_system:Skipping extension 'colcon_notification.desktop_notification.terminal_notifier': Not used on non-Darwin systems
[4.761s] INFO:colcon.colcon_core.plugin_system:Skipping extension 'colcon_notification.desktop_notification.win32': Not used on non-Windows systems
[4.761s] INFO:colcon.colcon_notification.desktop_notification:Sending desktop notification using 'notify2'
[4.761s] DEBUG:colcon.colcon_notification.desktop_notification.notify2:Failed to initialize notify2: org.freedesktop.DBus.Error.FileNotFound: Failed to connect to socket /run/user/1000/bus: No such file or directory
[4.761s] DEBUG:colcon.colcon_core.event_reactor:joined thread
[4.762s] INFO:colcon.colcon_core.shell:Creating prefix script '/home/lukat/unitree_mujoco_ws/COGAR_project/install/local_setup.ps1'
[4.763s] INFO:colcon.colcon_core.shell:Creating prefix util module '/home/lukat/unitree_mujoco_ws/COGAR_project/install/_local_setup_util_ps1.py'
[4.765s] INFO:colcon.colcon_core.shell:Creating prefix chain script '/home/lukat/unitree_mujoco_ws/COGAR_project/install/setup.ps1'
[4.767s] INFO:colcon.colcon_core.shell:Creating prefix script '/home/lukat/unitree_mujoco_ws/COGAR_project/install/local_setup.sh'
[4.768s] INFO:colcon.colcon_core.shell:Creating prefix util module '/home/lukat/unitree_mujoco_ws/COGAR_project/install/_local_setup_util_sh.py'
[4.769s] INFO:colcon.colcon_core.shell:Creating prefix chain script '/home/lukat/unitree_mujoco_ws/COGAR_project/install/setup.sh'
[4.771s] INFO:colcon.colcon_core.shell:Creating prefix script '/home/lukat/unitree_mujoco_ws/COGAR_project/install/local_setup.bash'
[4.772s] INFO:colcon.colcon_core.shell:Creating prefix chain script '/home/lukat/unitree_mujoco_ws/COGAR_project/install/setup.bash'
[4.774s] INFO:colcon.colcon_core.shell:Creating prefix script '/home/lukat/unitree_mujoco_ws/COGAR_project/install/local_setup.zsh'
[4.775s] INFO:colcon.colcon_core.shell:Creating prefix chain script '/home/lukat/unitree_mujoco_ws/COGAR_project/install/setup.zsh'
