running egg_info
writing ../../build/simulation_py/simulation_py.egg-info/PKG-INFO
writing dependency_links to ../../build/simulation_py/simulation_py.egg-info/dependency_links.txt
writing entry points to ../../build/simulation_py/simulation_py.egg-info/entry_points.txt
writing requirements to ../../build/simulation_py/simulation_py.egg-info/requires.txt
writing top-level names to ../../build/simulation_py/simulation_py.egg-info/top_level.txt
reading manifest file '../../build/simulation_py/simulation_py.egg-info/SOURCES.txt'
writing manifest file '../../build/simulation_py/simulation_py.egg-info/SOURCES.txt'
running build
running build_py
copying simulation_py/simulation_node.py -> /home/lukat/unitree_mujoco_ws/COGAR_project/build/simulation_py/build/lib/simulation_py
copying simulation_py/__init__.py -> /home/lukat/unitree_mujoco_ws/COGAR_project/build/simulation_py/build/lib/simulation_py
running install
running install_lib
copying /home/lukat/unitree_mujoco_ws/COGAR_project/build/simulation_py/build/lib/simulation_py/simulation_node.py -> /home/lukat/unitree_mujoco_ws/COGAR_project/install/simulation_py/lib/python3.10/site-packages/simulation_py
byte-compiling /home/lukat/unitree_mujoco_ws/COGAR_project/install/simulation_py/lib/python3.10/site-packages/simulation_py/simulation_node.py to simulation_node.cpython-310.pyc
Sorry: IndentationError: expected an indented block after 'for' statement on line 106 (simulation_node.py, line 108)
running install_data
copying resource/simulation_py -> /home/lukat/unitree_mujoco_ws/COGAR_project/install/simulation_py/share/ament_index/resource_index/packages
copying package.xml -> /home/lukat/unitree_mujoco_ws/COGAR_project/install/simulation_py/share/simulation_py
copying launch/launch_simulation.launch.py -> /home/lukat/unitree_mujoco_ws/COGAR_project/install/simulation_py/share/simulation_py/launch
running install_egg_info
removing '/home/lukat/unitree_mujoco_ws/COGAR_project/install/simulation_py/lib/python3.10/site-packages/simulation_py-0.0.0-py3.10.egg-info' (and everything under it)
Copying ../../build/simulation_py/simulation_py.egg-info to /home/lukat/unitree_mujoco_ws/COGAR_project/install/simulation_py/lib/python3.10/site-packages/simulation_py-0.0.0-py3.10.egg-info
running install_scripts
Installing simulation_node script to /home/lukat/unitree_mujoco_ws/COGAR_project/install/simulation_py/lib/simulation_py
writing list of installed files to '/home/lukat/unitree_mujoco_ws/COGAR_project/build/simulation_py/install.log'
