/home/lukat/unitree_mujoco_ws/COGAR_project/install/controller/lib/python3.10/site-packages/controller/convex_mpc_controller.py
/home/lukat/unitree_mujoco_ws/COGAR_project/install/controller/lib/python3.10/site-packages/controller/rl_controller.py
/home/lukat/unitree_mujoco_ws/COGAR_project/install/controller/lib/python3.10/site-packages/controller/__init__.py
/home/lukat/unitree_mujoco_ws/COGAR_project/install/controller/lib/python3.10/site-packages/controller/load_policy.py
/home/lukat/unitree_mujoco_ws/COGAR_project/install/controller/lib/python3.10/site-packages/controller/__pycache__/convex_mpc_controller.cpython-310.pyc
/home/lukat/unitree_mujoco_ws/COGAR_project/install/controller/lib/python3.10/site-packages/controller/__pycache__/rl_controller.cpython-310.pyc
/home/lukat/unitree_mujoco_ws/COGAR_project/install/controller/lib/python3.10/site-packages/controller/__pycache__/__init__.cpython-310.pyc
/home/lukat/unitree_mujoco_ws/COGAR_project/install/controller/lib/python3.10/site-packages/controller/__pycache__/load_policy.cpython-310.pyc
/home/lukat/unitree_mujoco_ws/COGAR_project/install/controller/share/ament_index/resource_index/packages/controller
/home/lukat/unitree_mujoco_ws/COGAR_project/install/controller/share/controller/package.xml
/home/lukat/unitree_mujoco_ws/COGAR_project/install/controller/share/controller/policies/HIM_policy.pt
/home/lukat/unitree_mujoco_ws/COGAR_project/install/controller/share/controller/policies/kp_kd_random_policy.pt
/home/lukat/unitree_mujoco_ws/COGAR_project/install/controller/share/controller/policies/policy_with_45_obs.pt
/home/lukat/unitree_mujoco_ws/COGAR_project/install/controller/share/controller/config/go2.yaml
/home/lukat/unitree_mujoco_ws/COGAR_project/install/controller/lib/python3.10/site-packages/controller-0.0.0-py3.10.egg-info/PKG-INFO
/home/lukat/unitree_mujoco_ws/COGAR_project/install/controller/lib/python3.10/site-packages/controller-0.0.0-py3.10.egg-info/SOURCES.txt
/home/lukat/unitree_mujoco_ws/COGAR_project/install/controller/lib/python3.10/site-packages/controller-0.0.0-py3.10.egg-info/requires.txt
/home/lukat/unitree_mujoco_ws/COGAR_project/install/controller/lib/python3.10/site-packages/controller-0.0.0-py3.10.egg-info/zip-safe
/home/lukat/unitree_mujoco_ws/COGAR_project/install/controller/lib/python3.10/site-packages/controller-0.0.0-py3.10.egg-info/entry_points.txt
/home/lukat/unitree_mujoco_ws/COGAR_project/install/controller/lib/python3.10/site-packages/controller-0.0.0-py3.10.egg-info/top_level.txt
/home/lukat/unitree_mujoco_ws/COGAR_project/install/controller/lib/python3.10/site-packages/controller-0.0.0-py3.10.egg-info/dependency_links.txt
/home/lukat/unitree_mujoco_ws/COGAR_project/install/controller/lib/controller/controller_node
/home/lukat/unitree_mujoco_ws/COGAR_project/install/controller/lib/controller/rl_controller
