[0.127s] Invoking command in '/home/lukat/unitree_mujoco_ws/COGAR_project/build/robot_interfaces': CMAKE_PREFIX_PATH=/opt/ros/humble CONDA_PROMPT_MODIFIER=(go2-convex-mpc) /home/lukat/miniconda3/envs/go2-convex-mpc/bin/cmake --build /home/lukat/unitree_mujoco_ws/COGAR_project/build/robot_interfaces -- -j8 -l8
[1.423s] [  1%] Built target robot_interfaces__rs
[1.424s] [  3%] Built target robot_interfaces__cpp
[1.515s] [  3%] Built target ament_cmake_python_copy_robot_interfaces
[1.525s] [ 14%] Built target robot_interfaces__rosidl_generator_c
[1.640s] [ 51%] Built target robot_interfaces__rosidl_typesupport_cpp
[1.640s] [ 51%] Built target robot_interfaces__rosidl_typesupport_introspection_c
[1.643s] [ 51%] Built target robot_interfaces__rosidl_typesupport_introspection_cpp
[1.644s] [ 57%] Built target robot_interfaces__rosidl_typesupport_c
[1.660s] [ 67%] Built target robot_interfaces__rosidl_typesupport_fastrtps_cpp
[1.666s] [ 78%] Built target robot_interfaces__rosidl_typesupport_fastrtps_c
[1.728s] [ 78%] Built target robot_interfaces
[1.796s] [ 80%] Built target robot_interfaces__py
[1.943s] [ 89%] Built target robot_interfaces__rosidl_generator_py
[2.021s] [ 92%] Built target robot_interfaces__rosidl_typesupport_introspection_c__pyext
[2.024s] [ 96%] Built target robot_interfaces__rosidl_typesupport_c__pyext
[2.032s] [100%] Built target robot_interfaces__rosidl_typesupport_fastrtps_c__pyext
[2.481s] running egg_info
[2.484s] writing robot_interfaces.egg-info/PKG-INFO
[2.487s] writing dependency_links to robot_interfaces.egg-info/dependency_links.txt
[2.488s] writing top-level names to robot_interfaces.egg-info/top_level.txt
[2.501s] reading manifest file 'robot_interfaces.egg-info/SOURCES.txt'
[2.504s] writing manifest file 'robot_interfaces.egg-info/SOURCES.txt'
[2.600s] [100%] Built target ament_cmake_python_build_robot_interfaces_egg
[2.657s] Invoked command in '/home/lukat/unitree_mujoco_ws/COGAR_project/build/robot_interfaces' returned '0': CMAKE_PREFIX_PATH=/opt/ros/humble CONDA_PROMPT_MODIFIER=(go2-convex-mpc) /home/lukat/miniconda3/envs/go2-convex-mpc/bin/cmake --build /home/lukat/unitree_mujoco_ws/COGAR_project/build/robot_interfaces -- -j8 -l8
[2.700s] Invoking command in '/home/lukat/unitree_mujoco_ws/COGAR_project/build/robot_interfaces': CMAKE_PREFIX_PATH=/opt/ros/humble CONDA_PROMPT_MODIFIER=(go2-convex-mpc) /home/lukat/miniconda3/envs/go2-convex-mpc/bin/cmake --install /home/lukat/unitree_mujoco_ws/COGAR_project/build/robot_interfaces
[2.721s] -- Install configuration: ""
[2.722s] -- Up-to-date: /home/lukat/unitree_mujoco_ws/COGAR_project/install/robot_interfaces/share/ament_index/resource_index/rosidl_interfaces/robot_interfaces
[2.722s] -- Up-to-date: /home/lukat/unitree_mujoco_ws/COGAR_project/install/robot_interfaces/include/robot_interfaces/robot_interfaces
[2.723s] -- Up-to-date: /home/lukat/unitree_mujoco_ws/COGAR_project/install/robot_interfaces/include/robot_interfaces/robot_interfaces/srv
[2.724s] -- Up-to-date: /home/lukat/unitree_mujoco_ws/COGAR_project/install/robot_interfaces/include/robot_interfaces/robot_interfaces/srv/update_gait_params.h
[2.725s] -- Up-to-date: /home/lukat/unitree_mujoco_ws/COGAR_project/install/robot_interfaces/include/robot_interfaces/robot_interfaces/srv/set_body_height.h
[2.725s] -- Up-to-date: /home/lukat/unitree_mujoco_ws/COGAR_project/install/robot_interfaces/include/robot_interfaces/robot_interfaces/srv/update_single_param.h
[2.726s] -- Up-to-date: /home/lukat/unitree_mujoco_ws/COGAR_project/install/robot_interfaces/include/robot_interfaces/robot_interfaces/srv/detail
[2.726s] -- Up-to-date: /home/lukat/unitree_mujoco_ws/COGAR_project/install/robot_interfaces/include/robot_interfaces/robot_interfaces/srv/detail/update_single_param__struct.h
[2.727s] -- Up-to-date: /home/lukat/unitree_mujoco_ws/COGAR_project/install/robot_interfaces/include/robot_interfaces/robot_interfaces/srv/detail/update_gait_params__struct.h
[2.727s] -- Up-to-date: /home/lukat/unitree_mujoco_ws/COGAR_project/install/robot_interfaces/include/robot_interfaces/robot_interfaces/srv/detail/set_body_height__functions.h
[2.728s] -- Up-to-date: /home/lukat/unitree_mujoco_ws/COGAR_project/install/robot_interfaces/include/robot_interfaces/robot_interfaces/srv/detail/set_body_height__type_support.h
[2.728s] -- Up-to-date: /home/lukat/unitree_mujoco_ws/COGAR_project/install/robot_interfaces/include/robot_interfaces/robot_interfaces/srv/detail/update_single_param__type_support.h
[2.728s] -- Up-to-date: /home/lukat/unitree_mujoco_ws/COGAR_project/install/robot_interfaces/include/robot_interfaces/robot_interfaces/srv/detail/update_gait_params__functions.c
[2.728s] -- Up-to-date: /home/lukat/unitree_mujoco_ws/COGAR_project/install/robot_interfaces/include/robot_interfaces/robot_interfaces/srv/detail/update_single_param__functions.c
[2.729s] -- Up-to-date: /home/lukat/unitree_mujoco_ws/COGAR_project/install/robot_interfaces/include/robot_interfaces/robot_interfaces/srv/detail/set_body_height__struct.h
[2.729s] -- Up-to-date: /home/lukat/unitree_mujoco_ws/COGAR_project/install/robot_interfaces/include/robot_interfaces/robot_interfaces/srv/detail/set_body_height__functions.c
[2.730s] -- Up-to-date: /home/lukat/unitree_mujoco_ws/COGAR_project/install/robot_interfaces/include/robot_interfaces/robot_interfaces/srv/detail/update_gait_params__type_support.h
[2.731s] -- Up-to-date: /home/lukat/unitree_mujoco_ws/COGAR_project/install/robot_interfaces/include/robot_interfaces/robot_interfaces/srv/detail/update_gait_params__functions.h
[2.731s] -- Up-to-date: /home/lukat/unitree_mujoco_ws/COGAR_project/install/robot_interfaces/include/robot_interfaces/robot_interfaces/srv/detail/update_single_param__functions.h
[2.735s] -- Up-to-date: /home/lukat/unitree_mujoco_ws/COGAR_project/install/robot_interfaces/include/robot_interfaces/robot_interfaces/msg
[2.738s] -- Up-to-date: /home/lukat/unitree_mujoco_ws/COGAR_project/install/robot_interfaces/include/robot_interfaces/robot_interfaces/msg/robot_state.h
[2.739s] -- Up-to-date: /home/lukat/unitree_mujoco_ws/COGAR_project/install/robot_interfaces/include/robot_interfaces/robot_interfaces/msg/rosidl_generator_c__visibility_control.h
[2.741s] -- Up-to-date: /home/lukat/unitree_mujoco_ws/COGAR_project/install/robot_interfaces/include/robot_interfaces/robot_interfaces/msg/detail
[2.742s] -- Up-to-date: /home/lukat/unitree_mujoco_ws/COGAR_project/install/robot_interfaces/include/robot_interfaces/robot_interfaces/msg/detail/robot_state__struct.h
[2.742s] -- Up-to-date: /home/lukat/unitree_mujoco_ws/COGAR_project/install/robot_interfaces/include/robot_interfaces/robot_interfaces/msg/detail/robot_state__functions.c
[2.743s] -- Up-to-date: /home/lukat/unitree_mujoco_ws/COGAR_project/install/robot_interfaces/include/robot_interfaces/robot_interfaces/msg/detail/robot_state__type_support.h
[2.743s] -- Up-to-date: /home/lukat/unitree_mujoco_ws/COGAR_project/install/robot_interfaces/include/robot_interfaces/robot_interfaces/msg/detail/robot_state__functions.h
[2.744s] -- Up-to-date: /home/lukat/unitree_mujoco_ws/COGAR_project/install/robot_interfaces/share/robot_interfaces/environment/library_path.sh
[2.750s] -- Up-to-date: /home/lukat/unitree_mujoco_ws/COGAR_project/install/robot_interfaces/share/robot_interfaces/environment/library_path.dsv
[2.751s] -- Up-to-date: /home/lukat/unitree_mujoco_ws/COGAR_project/install/robot_interfaces/lib/librobot_interfaces__rosidl_generator_c.so
[2.751s] -- Up-to-date: /home/lukat/unitree_mujoco_ws/COGAR_project/install/robot_interfaces/include/robot_interfaces/robot_interfaces
[2.752s] -- Up-to-date: /home/lukat/unitree_mujoco_ws/COGAR_project/install/robot_interfaces/include/robot_interfaces/robot_interfaces/srv
[2.752s] -- Up-to-date: /home/lukat/unitree_mujoco_ws/COGAR_project/install/robot_interfaces/include/robot_interfaces/robot_interfaces/srv/detail
[2.752s] -- Up-to-date: /home/lukat/unitree_mujoco_ws/COGAR_project/install/robot_interfaces/include/robot_interfaces/robot_interfaces/srv/detail/update_gait_params__rosidl_typesupport_fastrtps_c.h
[2.753s] -- Up-to-date: /home/lukat/unitree_mujoco_ws/COGAR_project/install/robot_interfaces/include/robot_interfaces/robot_interfaces/srv/detail/update_single_param__rosidl_typesupport_fastrtps_c.h
[2.753s] -- Up-to-date: /home/lukat/unitree_mujoco_ws/COGAR_project/install/robot_interfaces/include/robot_interfaces/robot_interfaces/srv/detail/set_body_height__rosidl_typesupport_fastrtps_c.h
[2.753s] -- Up-to-date: /home/lukat/unitree_mujoco_ws/COGAR_project/install/robot_interfaces/include/robot_interfaces/robot_interfaces/msg
[2.754s] -- Up-to-date: /home/lukat/unitree_mujoco_ws/COGAR_project/install/robot_interfaces/include/robot_interfaces/robot_interfaces/msg/rosidl_typesupport_fastrtps_c__visibility_control.h
[2.754s] -- Up-to-date: /home/lukat/unitree_mujoco_ws/COGAR_project/install/robot_interfaces/include/robot_interfaces/robot_interfaces/msg/detail
[2.754s] -- Up-to-date: /home/lukat/unitree_mujoco_ws/COGAR_project/install/robot_interfaces/include/robot_interfaces/robot_interfaces/msg/detail/robot_state__rosidl_typesupport_fastrtps_c.h
[2.754s] -- Up-to-date: /home/lukat/unitree_mujoco_ws/COGAR_project/install/robot_interfaces/lib/librobot_interfaces__rosidl_typesupport_fastrtps_c.so
[2.754s] -- Up-to-date: /home/lukat/unitree_mujoco_ws/COGAR_project/install/robot_interfaces/include/robot_interfaces/robot_interfaces
[2.755s] -- Up-to-date: /home/lukat/unitree_mujoco_ws/COGAR_project/install/robot_interfaces/include/robot_interfaces/robot_interfaces/srv
[2.756s] -- Up-to-date: /home/lukat/unitree_mujoco_ws/COGAR_project/install/robot_interfaces/include/robot_interfaces/robot_interfaces/srv/detail
[2.756s] -- Up-to-date: /home/lukat/unitree_mujoco_ws/COGAR_project/install/robot_interfaces/include/robot_interfaces/robot_interfaces/srv/detail/set_body_height__rosidl_typesupport_introspection_c.h
[2.756s] -- Up-to-date: /home/lukat/unitree_mujoco_ws/COGAR_project/install/robot_interfaces/include/robot_interfaces/robot_interfaces/srv/detail/update_gait_params__rosidl_typesupport_introspection_c.h
[2.756s] -- Up-to-date: /home/lukat/unitree_mujoco_ws/COGAR_project/install/robot_interfaces/include/robot_interfaces/robot_interfaces/srv/detail/set_body_height__type_support.c
[2.757s] -- Up-to-date: /home/lukat/unitree_mujoco_ws/COGAR_project/install/robot_interfaces/include/robot_interfaces/robot_interfaces/srv/detail/update_gait_params__type_support.c
[2.758s] -- Up-to-date: /home/lukat/unitree_mujoco_ws/COGAR_project/install/robot_interfaces/include/robot_interfaces/robot_interfaces/srv/detail/update_single_param__type_support.c
[2.758s] -- Up-to-date: /home/lukat/unitree_mujoco_ws/COGAR_project/install/robot_interfaces/include/robot_interfaces/robot_interfaces/srv/detail/update_single_param__rosidl_typesupport_introspection_c.h
[2.758s] -- Up-to-date: /home/lukat/unitree_mujoco_ws/COGAR_project/install/robot_interfaces/include/robot_interfaces/robot_interfaces/msg
[2.760s] -- Up-to-date: /home/lukat/unitree_mujoco_ws/COGAR_project/install/robot_interfaces/include/robot_interfaces/robot_interfaces/msg/rosidl_typesupport_introspection_c__visibility_control.h
[2.761s] -- Up-to-date: /home/lukat/unitree_mujoco_ws/COGAR_project/install/robot_interfaces/include/robot_interfaces/robot_interfaces/msg/detail
[2.761s] -- Up-to-date: /home/lukat/unitree_mujoco_ws/COGAR_project/install/robot_interfaces/include/robot_interfaces/robot_interfaces/msg/detail/robot_state__rosidl_typesupport_introspection_c.h
[2.762s] -- Up-to-date: /home/lukat/unitree_mujoco_ws/COGAR_project/install/robot_interfaces/include/robot_interfaces/robot_interfaces/msg/detail/robot_state__type_support.c
[2.763s] -- Up-to-date: /home/lukat/unitree_mujoco_ws/COGAR_project/install/robot_interfaces/lib/librobot_interfaces__rosidl_typesupport_introspection_c.so
[2.764s] -- Up-to-date: /home/lukat/unitree_mujoco_ws/COGAR_project/install/robot_interfaces/lib/librobot_interfaces__rosidl_typesupport_c.so
[2.764s] -- Up-to-date: /home/lukat/unitree_mujoco_ws/COGAR_project/install/robot_interfaces/include/robot_interfaces/robot_interfaces
[2.765s] -- Up-to-date: /home/lukat/unitree_mujoco_ws/COGAR_project/install/robot_interfaces/include/robot_interfaces/robot_interfaces/srv
[2.765s] -- Up-to-date: /home/lukat/unitree_mujoco_ws/COGAR_project/install/robot_interfaces/include/robot_interfaces/robot_interfaces/srv/update_gait_params.hpp
[2.766s] -- Up-to-date: /home/lukat/unitree_mujoco_ws/COGAR_project/install/robot_interfaces/include/robot_interfaces/robot_interfaces/srv/set_body_height.hpp
[2.767s] -- Up-to-date: /home/lukat/unitree_mujoco_ws/COGAR_project/install/robot_interfaces/include/robot_interfaces/robot_interfaces/srv/detail
[2.768s] -- Up-to-date: /home/lukat/unitree_mujoco_ws/COGAR_project/install/robot_interfaces/include/robot_interfaces/robot_interfaces/srv/detail/update_single_param__type_support.hpp
[2.769s] -- Up-to-date: /home/lukat/unitree_mujoco_ws/COGAR_project/install/robot_interfaces/include/robot_interfaces/robot_interfaces/srv/detail/update_single_param__struct.hpp
[2.770s] -- Up-to-date: /home/lukat/unitree_mujoco_ws/COGAR_project/install/robot_interfaces/include/robot_interfaces/robot_interfaces/srv/detail/set_body_height__builder.hpp
[2.770s] -- Up-to-date: /home/lukat/unitree_mujoco_ws/COGAR_project/install/robot_interfaces/include/robot_interfaces/robot_interfaces/srv/detail/update_gait_params__struct.hpp
[2.771s] -- Up-to-date: /home/lukat/unitree_mujoco_ws/COGAR_project/install/robot_interfaces/include/robot_interfaces/robot_interfaces/srv/detail/update_single_param__traits.hpp
[2.771s] -- Up-to-date: /home/lukat/unitree_mujoco_ws/COGAR_project/install/robot_interfaces/include/robot_interfaces/robot_interfaces/srv/detail/update_gait_params__type_support.hpp
[2.772s] -- Up-to-date: /home/lukat/unitree_mujoco_ws/COGAR_project/install/robot_interfaces/include/robot_interfaces/robot_interfaces/srv/detail/set_body_height__type_support.hpp
[2.772s] -- Up-to-date: /home/lukat/unitree_mujoco_ws/COGAR_project/install/robot_interfaces/include/robot_interfaces/robot_interfaces/srv/detail/update_gait_params__builder.hpp
[2.773s] -- Up-to-date: /home/lukat/unitree_mujoco_ws/COGAR_project/install/robot_interfaces/include/robot_interfaces/robot_interfaces/srv/detail/set_body_height__struct.hpp
[2.774s] -- Up-to-date: /home/lukat/unitree_mujoco_ws/COGAR_project/install/robot_interfaces/include/robot_interfaces/robot_interfaces/srv/detail/set_body_height__traits.hpp
[2.775s] -- Up-to-date: /home/lukat/unitree_mujoco_ws/COGAR_project/install/robot_interfaces/include/robot_interfaces/robot_interfaces/srv/detail/update_single_param__builder.hpp
[2.777s] -- Up-to-date: /home/lukat/unitree_mujoco_ws/COGAR_project/install/robot_interfaces/include/robot_interfaces/robot_interfaces/srv/detail/update_gait_params__traits.hpp
[2.778s] -- Up-to-date: /home/lukat/unitree_mujoco_ws/COGAR_project/install/robot_interfaces/include/robot_interfaces/robot_interfaces/srv/update_single_param.hpp
[2.779s] -- Up-to-date: /home/lukat/unitree_mujoco_ws/COGAR_project/install/robot_interfaces/include/robot_interfaces/robot_interfaces/msg
[2.779s] -- Up-to-date: /home/lukat/unitree_mujoco_ws/COGAR_project/install/robot_interfaces/include/robot_interfaces/robot_interfaces/msg/robot_state.hpp
[2.779s] -- Up-to-date: /home/lukat/unitree_mujoco_ws/COGAR_project/install/robot_interfaces/include/robot_interfaces/robot_interfaces/msg/detail
[2.781s] -- Up-to-date: /home/lukat/unitree_mujoco_ws/COGAR_project/install/robot_interfaces/include/robot_interfaces/robot_interfaces/msg/detail/robot_state__struct.hpp
[2.782s] -- Up-to-date: /home/lukat/unitree_mujoco_ws/COGAR_project/install/robot_interfaces/include/robot_interfaces/robot_interfaces/msg/detail/robot_state__builder.hpp
[2.782s] -- Up-to-date: /home/lukat/unitree_mujoco_ws/COGAR_project/install/robot_interfaces/include/robot_interfaces/robot_interfaces/msg/detail/robot_state__type_support.hpp
[2.782s] -- Up-to-date: /home/lukat/unitree_mujoco_ws/COGAR_project/install/robot_interfaces/include/robot_interfaces/robot_interfaces/msg/detail/robot_state__traits.hpp
[2.782s] -- Up-to-date: /home/lukat/unitree_mujoco_ws/COGAR_project/install/robot_interfaces/include/robot_interfaces/robot_interfaces/msg/rosidl_generator_cpp__visibility_control.hpp
[2.783s] -- Up-to-date: /home/lukat/unitree_mujoco_ws/COGAR_project/install/robot_interfaces/include/robot_interfaces/robot_interfaces
[2.783s] -- Up-to-date: /home/lukat/unitree_mujoco_ws/COGAR_project/install/robot_interfaces/include/robot_interfaces/robot_interfaces/srv
[2.784s] -- Up-to-date: /home/lukat/unitree_mujoco_ws/COGAR_project/install/robot_interfaces/include/robot_interfaces/robot_interfaces/srv/detail
[2.784s] -- Up-to-date: /home/lukat/unitree_mujoco_ws/COGAR_project/install/robot_interfaces/include/robot_interfaces/robot_interfaces/srv/detail/update_gait_params__rosidl_typesupport_fastrtps_cpp.hpp
[2.784s] -- Up-to-date: /home/lukat/unitree_mujoco_ws/COGAR_project/install/robot_interfaces/include/robot_interfaces/robot_interfaces/srv/detail/update_single_param__rosidl_typesupport_fastrtps_cpp.hpp
[2.784s] -- Up-to-date: /home/lukat/unitree_mujoco_ws/COGAR_project/install/robot_interfaces/include/robot_interfaces/robot_interfaces/srv/detail/dds_fastrtps
[2.785s] -- Up-to-date: /home/lukat/unitree_mujoco_ws/COGAR_project/install/robot_interfaces/include/robot_interfaces/robot_interfaces/srv/detail/set_body_height__rosidl_typesupport_fastrtps_cpp.hpp
[2.785s] -- Up-to-date: /home/lukat/unitree_mujoco_ws/COGAR_project/install/robot_interfaces/include/robot_interfaces/robot_interfaces/msg
[2.786s] -- Up-to-date: /home/lukat/unitree_mujoco_ws/COGAR_project/install/robot_interfaces/include/robot_interfaces/robot_interfaces/msg/detail
[2.786s] -- Up-to-date: /home/lukat/unitree_mujoco_ws/COGAR_project/install/robot_interfaces/include/robot_interfaces/robot_interfaces/msg/detail/dds_fastrtps
[2.786s] -- Up-to-date: /home/lukat/unitree_mujoco_ws/COGAR_project/install/robot_interfaces/include/robot_interfaces/robot_interfaces/msg/detail/robot_state__rosidl_typesupport_fastrtps_cpp.hpp
[2.786s] -- Up-to-date: /home/lukat/unitree_mujoco_ws/COGAR_project/install/robot_interfaces/include/robot_interfaces/robot_interfaces/msg/rosidl_typesupport_fastrtps_cpp__visibility_control.h
[2.787s] -- Up-to-date: /home/lukat/unitree_mujoco_ws/COGAR_project/install/robot_interfaces/lib/librobot_interfaces__rosidl_typesupport_fastrtps_cpp.so
[2.787s] -- Up-to-date: /home/lukat/unitree_mujoco_ws/COGAR_project/install/robot_interfaces/include/robot_interfaces/robot_interfaces
[2.787s] -- Up-to-date: /home/lukat/unitree_mujoco_ws/COGAR_project/install/robot_interfaces/include/robot_interfaces/robot_interfaces/srv
[2.788s] -- Up-to-date: /home/lukat/unitree_mujoco_ws/COGAR_project/install/robot_interfaces/include/robot_interfaces/robot_interfaces/srv/detail
[2.788s] -- Up-to-date: /home/lukat/unitree_mujoco_ws/COGAR_project/install/robot_interfaces/include/robot_interfaces/robot_interfaces/srv/detail/update_gait_params__type_support.cpp
[2.788s] -- Up-to-date: /home/lukat/unitree_mujoco_ws/COGAR_project/install/robot_interfaces/include/robot_interfaces/robot_interfaces/srv/detail/set_body_height__type_support.cpp
[2.789s] -- Up-to-date: /home/lukat/unitree_mujoco_ws/COGAR_project/install/robot_interfaces/include/robot_interfaces/robot_interfaces/srv/detail/update_gait_params__rosidl_typesupport_introspection_cpp.hpp
[2.789s] -- Up-to-date: /home/lukat/unitree_mujoco_ws/COGAR_project/install/robot_interfaces/include/robot_interfaces/robot_interfaces/srv/detail/set_body_height__rosidl_typesupport_introspection_cpp.hpp
[2.789s] -- Up-to-date: /home/lukat/unitree_mujoco_ws/COGAR_project/install/robot_interfaces/include/robot_interfaces/robot_interfaces/srv/detail/update_single_param__type_support.cpp
[2.790s] -- Up-to-date: /home/lukat/unitree_mujoco_ws/COGAR_project/install/robot_interfaces/include/robot_interfaces/robot_interfaces/srv/detail/update_single_param__rosidl_typesupport_introspection_cpp.hpp
[2.790s] -- Up-to-date: /home/lukat/unitree_mujoco_ws/COGAR_project/install/robot_interfaces/include/robot_interfaces/robot_interfaces/msg
[2.790s] -- Up-to-date: /home/lukat/unitree_mujoco_ws/COGAR_project/install/robot_interfaces/include/robot_interfaces/robot_interfaces/msg/detail
[2.790s] -- Up-to-date: /home/lukat/unitree_mujoco_ws/COGAR_project/install/robot_interfaces/include/robot_interfaces/robot_interfaces/msg/detail/robot_state__type_support.cpp
[2.790s] -- Up-to-date: /home/lukat/unitree_mujoco_ws/COGAR_project/install/robot_interfaces/include/robot_interfaces/robot_interfaces/msg/detail/robot_state__rosidl_typesupport_introspection_cpp.hpp
[2.791s] -- Up-to-date: /home/lukat/unitree_mujoco_ws/COGAR_project/install/robot_interfaces/lib/librobot_interfaces__rosidl_typesupport_introspection_cpp.so
[2.791s] -- Up-to-date: /home/lukat/unitree_mujoco_ws/COGAR_project/install/robot_interfaces/lib/librobot_interfaces__rosidl_typesupport_cpp.so
[2.791s] -- Up-to-date: /home/lukat/unitree_mujoco_ws/COGAR_project/install/robot_interfaces/share/robot_interfaces/environment/pythonpath.sh
[2.791s] -- Up-to-date: /home/lukat/unitree_mujoco_ws/COGAR_project/install/robot_interfaces/share/robot_interfaces/environment/pythonpath.dsv
[2.792s] -- Up-to-date: /home/lukat/unitree_mujoco_ws/COGAR_project/install/robot_interfaces/local/lib/python3.10/dist-packages/robot_interfaces-0.0.0-py3.10.egg-info
[2.792s] -- Installing: /home/lukat/unitree_mujoco_ws/COGAR_project/install/robot_interfaces/local/lib/python3.10/dist-packages/robot_interfaces-0.0.0-py3.10.egg-info/PKG-INFO
[2.792s] -- Installing: /home/lukat/unitree_mujoco_ws/COGAR_project/install/robot_interfaces/local/lib/python3.10/dist-packages/robot_interfaces-0.0.0-py3.10.egg-info/SOURCES.txt
[2.792s] -- Installing: /home/lukat/unitree_mujoco_ws/COGAR_project/install/robot_interfaces/local/lib/python3.10/dist-packages/robot_interfaces-0.0.0-py3.10.egg-info/top_level.txt
[2.792s] -- Installing: /home/lukat/unitree_mujoco_ws/COGAR_project/install/robot_interfaces/local/lib/python3.10/dist-packages/robot_interfaces-0.0.0-py3.10.egg-info/dependency_links.txt
[2.793s] -- Up-to-date: /home/lukat/unitree_mujoco_ws/COGAR_project/install/robot_interfaces/local/lib/python3.10/dist-packages/robot_interfaces
[2.793s] -- Up-to-date: /home/lukat/unitree_mujoco_ws/COGAR_project/install/robot_interfaces/local/lib/python3.10/dist-packages/robot_interfaces/_robot_interfaces_s.ep.rosidl_typesupport_introspection_c.c
[2.793s] -- Up-to-date: /home/lukat/unitree_mujoco_ws/COGAR_project/install/robot_interfaces/local/lib/python3.10/dist-packages/robot_interfaces/librobot_interfaces__rosidl_generator_py.so
[2.793s] -- Up-to-date: /home/lukat/unitree_mujoco_ws/COGAR_project/install/robot_interfaces/local/lib/python3.10/dist-packages/robot_interfaces/robot_interfaces_s__rosidl_typesupport_c.cpython-310-x86_64-linux-gnu.so
[2.794s] -- Up-to-date: /home/lukat/unitree_mujoco_ws/COGAR_project/install/robot_interfaces/local/lib/python3.10/dist-packages/robot_interfaces/srv
[2.794s] -- Up-to-date: /home/lukat/unitree_mujoco_ws/COGAR_project/install/robot_interfaces/local/lib/python3.10/dist-packages/robot_interfaces/srv/_update_single_param_s.c
[2.794s] -- Up-to-date: /home/lukat/unitree_mujoco_ws/COGAR_project/install/robot_interfaces/local/lib/python3.10/dist-packages/robot_interfaces/srv/_set_body_height_s.c
[2.794s] -- Up-to-date: /home/lukat/unitree_mujoco_ws/COGAR_project/install/robot_interfaces/local/lib/python3.10/dist-packages/robot_interfaces/srv/_update_single_param.py
[2.794s] -- Up-to-date: /home/lukat/unitree_mujoco_ws/COGAR_project/install/robot_interfaces/local/lib/python3.10/dist-packages/robot_interfaces/srv/__init__.py
[2.795s] -- Up-to-date: /home/lukat/unitree_mujoco_ws/COGAR_project/install/robot_interfaces/local/lib/python3.10/dist-packages/robot_interfaces/srv/_update_gait_params_s.c
[2.795s] -- Up-to-date: /home/lukat/unitree_mujoco_ws/COGAR_project/install/robot_interfaces/local/lib/python3.10/dist-packages/robot_interfaces/srv/_update_gait_params.py
[2.796s] -- Up-to-date: /home/lukat/unitree_mujoco_ws/COGAR_project/install/robot_interfaces/local/lib/python3.10/dist-packages/robot_interfaces/srv/_set_body_height.py
[2.796s] -- Up-to-date: /home/lukat/unitree_mujoco_ws/COGAR_project/install/robot_interfaces/local/lib/python3.10/dist-packages/robot_interfaces/robot_interfaces_s__rosidl_typesupport_fastrtps_c.cpython-310-x86_64-linux-gnu.so
[2.796s] -- Up-to-date: /home/lukat/unitree_mujoco_ws/COGAR_project/install/robot_interfaces/local/lib/python3.10/dist-packages/robot_interfaces/__init__.py
[2.797s] -- Up-to-date: /home/lukat/unitree_mujoco_ws/COGAR_project/install/robot_interfaces/local/lib/python3.10/dist-packages/robot_interfaces/msg
[2.797s] -- Up-to-date: /home/lukat/unitree_mujoco_ws/COGAR_project/install/robot_interfaces/local/lib/python3.10/dist-packages/robot_interfaces/msg/_robot_state_s.c
[2.797s] -- Up-to-date: /home/lukat/unitree_mujoco_ws/COGAR_project/install/robot_interfaces/local/lib/python3.10/dist-packages/robot_interfaces/msg/__init__.py
[2.798s] -- Up-to-date: /home/lukat/unitree_mujoco_ws/COGAR_project/install/robot_interfaces/local/lib/python3.10/dist-packages/robot_interfaces/msg/_robot_state.py
[2.798s] -- Up-to-date: /home/lukat/unitree_mujoco_ws/COGAR_project/install/robot_interfaces/local/lib/python3.10/dist-packages/robot_interfaces/robot_interfaces_s__rosidl_typesupport_introspection_c.cpython-310-x86_64-linux-gnu.so
[2.799s] -- Up-to-date: /home/lukat/unitree_mujoco_ws/COGAR_project/install/robot_interfaces/local/lib/python3.10/dist-packages/robot_interfaces/_robot_interfaces_s.ep.rosidl_typesupport_fastrtps_c.c
[2.799s] -- Up-to-date: /home/lukat/unitree_mujoco_ws/COGAR_project/install/robot_interfaces/local/lib/python3.10/dist-packages/robot_interfaces/_robot_interfaces_s.ep.rosidl_typesupport_c.c
[2.901s] Listing '/home/lukat/unitree_mujoco_ws/COGAR_project/install/robot_interfaces/local/lib/python3.10/dist-packages/robot_interfaces'...
[2.902s] Listing '/home/lukat/unitree_mujoco_ws/COGAR_project/install/robot_interfaces/local/lib/python3.10/dist-packages/robot_interfaces/msg'...
[2.902s] Listing '/home/lukat/unitree_mujoco_ws/COGAR_project/install/robot_interfaces/local/lib/python3.10/dist-packages/robot_interfaces/srv'...
[2.923s] -- Up-to-date: /home/lukat/unitree_mujoco_ws/COGAR_project/install/robot_interfaces/local/lib/python3.10/dist-packages/robot_interfaces/robot_interfaces_s__rosidl_typesupport_fastrtps_c.cpython-310-x86_64-linux-gnu.so
[2.924s] -- Up-to-date: /home/lukat/unitree_mujoco_ws/COGAR_project/install/robot_interfaces/local/lib/python3.10/dist-packages/robot_interfaces/robot_interfaces_s__rosidl_typesupport_introspection_c.cpython-310-x86_64-linux-gnu.so
[2.925s] -- Up-to-date: /home/lukat/unitree_mujoco_ws/COGAR_project/install/robot_interfaces/local/lib/python3.10/dist-packages/robot_interfaces/robot_interfaces_s__rosidl_typesupport_c.cpython-310-x86_64-linux-gnu.so
[2.926s] -- Up-to-date: /home/lukat/unitree_mujoco_ws/COGAR_project/install/robot_interfaces/lib/librobot_interfaces__rosidl_generator_py.so
[2.928s] -- Up-to-date: /home/lukat/unitree_mujoco_ws/COGAR_project/install/robot_interfaces/share/ament_index/resource_index/rust_packages/robot_interfaces
[2.930s] -- Up-to-date: /home/lukat/unitree_mujoco_ws/COGAR_project/install/robot_interfaces/share/robot_interfaces/rust
[2.930s] -- Up-to-date: /home/lukat/unitree_mujoco_ws/COGAR_project/install/robot_interfaces/share/robot_interfaces/rust/Cargo.toml
[2.931s] -- Up-to-date: /home/lukat/unitree_mujoco_ws/COGAR_project/install/robot_interfaces/share/robot_interfaces/rust/src
[2.932s] -- Up-to-date: /home/lukat/unitree_mujoco_ws/COGAR_project/install/robot_interfaces/share/robot_interfaces/rust/src/msg.rs
[2.932s] -- Up-to-date: /home/lukat/unitree_mujoco_ws/COGAR_project/install/robot_interfaces/share/robot_interfaces/rust/src/srv.rs
[2.933s] -- Up-to-date: /home/lukat/unitree_mujoco_ws/COGAR_project/install/robot_interfaces/share/robot_interfaces/rust/src/srv
[2.933s] -- Up-to-date: /home/lukat/unitree_mujoco_ws/COGAR_project/install/robot_interfaces/share/robot_interfaces/rust/src/srv/rmw.rs
[2.933s] -- Up-to-date: /home/lukat/unitree_mujoco_ws/COGAR_project/install/robot_interfaces/share/robot_interfaces/rust/src/msg
[2.934s] -- Up-to-date: /home/lukat/unitree_mujoco_ws/COGAR_project/install/robot_interfaces/share/robot_interfaces/rust/src/msg/rmw.rs
[2.934s] -- Up-to-date: /home/lukat/unitree_mujoco_ws/COGAR_project/install/robot_interfaces/share/robot_interfaces/rust/src/lib.rs
[2.934s] -- Up-to-date: /home/lukat/unitree_mujoco_ws/COGAR_project/install/robot_interfaces/share/robot_interfaces/rust/build.rs
[2.935s] -- Up-to-date: /home/lukat/unitree_mujoco_ws/COGAR_project/install/robot_interfaces/share/robot_interfaces/msg/RobotState.idl
[2.939s] -- Up-to-date: /home/lukat/unitree_mujoco_ws/COGAR_project/install/robot_interfaces/share/robot_interfaces/srv/UpdateGaitParams.idl
[2.939s] -- Up-to-date: /home/lukat/unitree_mujoco_ws/COGAR_project/install/robot_interfaces/share/robot_interfaces/srv/UpdateSingleParam.idl
[2.940s] -- Up-to-date: /home/lukat/unitree_mujoco_ws/COGAR_project/install/robot_interfaces/share/robot_interfaces/srv/SetBodyHeight.idl
[2.940s] -- Up-to-date: /home/lukat/unitree_mujoco_ws/COGAR_project/install/robot_interfaces/share/robot_interfaces/msg/RobotState.msg
[2.940s] -- Up-to-date: /home/lukat/unitree_mujoco_ws/COGAR_project/install/robot_interfaces/share/robot_interfaces/srv/UpdateGaitParams.srv
[2.941s] -- Up-to-date: /home/lukat/unitree_mujoco_ws/COGAR_project/install/robot_interfaces/share/robot_interfaces/srv/UpdateGaitParams_Request.msg
[2.941s] -- Up-to-date: /home/lukat/unitree_mujoco_ws/COGAR_project/install/robot_interfaces/share/robot_interfaces/srv/UpdateGaitParams_Response.msg
[2.941s] -- Up-to-date: /home/lukat/unitree_mujoco_ws/COGAR_project/install/robot_interfaces/share/robot_interfaces/srv/UpdateSingleParam.srv
[2.942s] -- Up-to-date: /home/lukat/unitree_mujoco_ws/COGAR_project/install/robot_interfaces/share/robot_interfaces/srv/UpdateSingleParam_Request.msg
[2.942s] -- Up-to-date: /home/lukat/unitree_mujoco_ws/COGAR_project/install/robot_interfaces/share/robot_interfaces/srv/UpdateSingleParam_Response.msg
[2.942s] -- Up-to-date: /home/lukat/unitree_mujoco_ws/COGAR_project/install/robot_interfaces/share/robot_interfaces/srv/SetBodyHeight.srv
[2.942s] -- Up-to-date: /home/lukat/unitree_mujoco_ws/COGAR_project/install/robot_interfaces/share/robot_interfaces/srv/SetBodyHeight_Request.msg
[2.943s] -- Up-to-date: /home/lukat/unitree_mujoco_ws/COGAR_project/install/robot_interfaces/share/robot_interfaces/srv/SetBodyHeight_Response.msg
[2.944s] -- Up-to-date: /home/lukat/unitree_mujoco_ws/COGAR_project/install/robot_interfaces/share/ament_index/resource_index/package_run_dependencies/robot_interfaces
[2.944s] -- Up-to-date: /home/lukat/unitree_mujoco_ws/COGAR_project/install/robot_interfaces/share/ament_index/resource_index/parent_prefix_path/robot_interfaces
[2.944s] -- Up-to-date: /home/lukat/unitree_mujoco_ws/COGAR_project/install/robot_interfaces/share/robot_interfaces/environment/ament_prefix_path.sh
[2.945s] -- Up-to-date: /home/lukat/unitree_mujoco_ws/COGAR_project/install/robot_interfaces/share/robot_interfaces/environment/ament_prefix_path.dsv
[2.945s] -- Up-to-date: /home/lukat/unitree_mujoco_ws/COGAR_project/install/robot_interfaces/share/robot_interfaces/environment/path.sh
[2.946s] -- Up-to-date: /home/lukat/unitree_mujoco_ws/COGAR_project/install/robot_interfaces/share/robot_interfaces/environment/path.dsv
[2.946s] -- Up-to-date: /home/lukat/unitree_mujoco_ws/COGAR_project/install/robot_interfaces/share/robot_interfaces/local_setup.bash
[2.946s] -- Up-to-date: /home/lukat/unitree_mujoco_ws/COGAR_project/install/robot_interfaces/share/robot_interfaces/local_setup.sh
[2.946s] -- Up-to-date: /home/lukat/unitree_mujoco_ws/COGAR_project/install/robot_interfaces/share/robot_interfaces/local_setup.zsh
[2.947s] -- Up-to-date: /home/lukat/unitree_mujoco_ws/COGAR_project/install/robot_interfaces/share/robot_interfaces/local_setup.dsv
[2.948s] -- Installing: /home/lukat/unitree_mujoco_ws/COGAR_project/install/robot_interfaces/share/robot_interfaces/package.dsv
[2.948s] -- Up-to-date: /home/lukat/unitree_mujoco_ws/COGAR_project/install/robot_interfaces/share/ament_index/resource_index/packages/robot_interfaces
[2.949s] -- Up-to-date: /home/lukat/unitree_mujoco_ws/COGAR_project/install/robot_interfaces/share/robot_interfaces/cmake/export_robot_interfaces__rosidl_generator_cExport.cmake
[2.949s] -- Up-to-date: /home/lukat/unitree_mujoco_ws/COGAR_project/install/robot_interfaces/share/robot_interfaces/cmake/export_robot_interfaces__rosidl_generator_cExport-noconfig.cmake
[2.950s] -- Up-to-date: /home/lukat/unitree_mujoco_ws/COGAR_project/install/robot_interfaces/share/robot_interfaces/cmake/export_robot_interfaces__rosidl_typesupport_fastrtps_cExport.cmake
[2.950s] -- Up-to-date: /home/lukat/unitree_mujoco_ws/COGAR_project/install/robot_interfaces/share/robot_interfaces/cmake/export_robot_interfaces__rosidl_typesupport_fastrtps_cExport-noconfig.cmake
[2.950s] -- Up-to-date: /home/lukat/unitree_mujoco_ws/COGAR_project/install/robot_interfaces/share/robot_interfaces/cmake/robot_interfaces__rosidl_typesupport_introspection_cExport.cmake
[2.950s] -- Up-to-date: /home/lukat/unitree_mujoco_ws/COGAR_project/install/robot_interfaces/share/robot_interfaces/cmake/robot_interfaces__rosidl_typesupport_introspection_cExport-noconfig.cmake
[2.951s] -- Up-to-date: /home/lukat/unitree_mujoco_ws/COGAR_project/install/robot_interfaces/share/robot_interfaces/cmake/robot_interfaces__rosidl_typesupport_cExport.cmake
[2.958s] -- Up-to-date: /home/lukat/unitree_mujoco_ws/COGAR_project/install/robot_interfaces/share/robot_interfaces/cmake/robot_interfaces__rosidl_typesupport_cExport-noconfig.cmake
[2.961s] -- Up-to-date: /home/lukat/unitree_mujoco_ws/COGAR_project/install/robot_interfaces/share/robot_interfaces/cmake/export_robot_interfaces__rosidl_generator_cppExport.cmake
[2.961s] -- Up-to-date: /home/lukat/unitree_mujoco_ws/COGAR_project/install/robot_interfaces/share/robot_interfaces/cmake/export_robot_interfaces__rosidl_typesupport_fastrtps_cppExport.cmake
[2.961s] -- Up-to-date: /home/lukat/unitree_mujoco_ws/COGAR_project/install/robot_interfaces/share/robot_interfaces/cmake/export_robot_interfaces__rosidl_typesupport_fastrtps_cppExport-noconfig.cmake
[2.961s] -- Up-to-date: /home/lukat/unitree_mujoco_ws/COGAR_project/install/robot_interfaces/share/robot_interfaces/cmake/robot_interfaces__rosidl_typesupport_introspection_cppExport.cmake
[2.969s] -- Up-to-date: /home/lukat/unitree_mujoco_ws/COGAR_project/install/robot_interfaces/share/robot_interfaces/cmake/robot_interfaces__rosidl_typesupport_introspection_cppExport-noconfig.cmake
[2.969s] -- Up-to-date: /home/lukat/unitree_mujoco_ws/COGAR_project/install/robot_interfaces/share/robot_interfaces/cmake/robot_interfaces__rosidl_typesupport_cppExport.cmake
[2.969s] -- Up-to-date: /home/lukat/unitree_mujoco_ws/COGAR_project/install/robot_interfaces/share/robot_interfaces/cmake/robot_interfaces__rosidl_typesupport_cppExport-noconfig.cmake
[2.970s] -- Up-to-date: /home/lukat/unitree_mujoco_ws/COGAR_project/install/robot_interfaces/share/robot_interfaces/cmake/export_robot_interfaces__rosidl_generator_pyExport.cmake
[2.970s] -- Up-to-date: /home/lukat/unitree_mujoco_ws/COGAR_project/install/robot_interfaces/share/robot_interfaces/cmake/export_robot_interfaces__rosidl_generator_pyExport-noconfig.cmake
[2.970s] -- Up-to-date: /home/lukat/unitree_mujoco_ws/COGAR_project/install/robot_interfaces/share/robot_interfaces/cmake/rosidl_cmake-extras.cmake
[2.971s] -- Up-to-date: /home/lukat/unitree_mujoco_ws/COGAR_project/install/robot_interfaces/share/robot_interfaces/cmake/ament_cmake_export_dependencies-extras.cmake
[2.971s] -- Up-to-date: /home/lukat/unitree_mujoco_ws/COGAR_project/install/robot_interfaces/share/robot_interfaces/cmake/ament_cmake_export_include_directories-extras.cmake
[2.971s] -- Up-to-date: /home/lukat/unitree_mujoco_ws/COGAR_project/install/robot_interfaces/share/robot_interfaces/cmake/ament_cmake_export_libraries-extras.cmake
[2.972s] -- Up-to-date: /home/lukat/unitree_mujoco_ws/COGAR_project/install/robot_interfaces/share/robot_interfaces/cmake/ament_cmake_export_targets-extras.cmake
[2.972s] -- Up-to-date: /home/lukat/unitree_mujoco_ws/COGAR_project/install/robot_interfaces/share/robot_interfaces/cmake/rosidl_cmake_export_typesupport_targets-extras.cmake
[2.974s] -- Up-to-date: /home/lukat/unitree_mujoco_ws/COGAR_project/install/robot_interfaces/share/robot_interfaces/cmake/rosidl_cmake_export_typesupport_libraries-extras.cmake
[2.978s] -- Up-to-date: /home/lukat/unitree_mujoco_ws/COGAR_project/install/robot_interfaces/share/robot_interfaces/cmake/robot_interfacesConfig.cmake
[2.978s] -- Up-to-date: /home/lukat/unitree_mujoco_ws/COGAR_project/install/robot_interfaces/share/robot_interfaces/cmake/robot_interfacesConfig-version.cmake
[2.979s] -- Up-to-date: /home/lukat/unitree_mujoco_ws/COGAR_project/install/robot_interfaces/share/robot_interfaces/package.xml
[2.979s] Invoked command in '/home/lukat/unitree_mujoco_ws/COGAR_project/build/robot_interfaces' returned '0': CMAKE_PREFIX_PATH=/opt/ros/humble CONDA_PROMPT_MODIFIER=(go2-convex-mpc) /home/lukat/miniconda3/envs/go2-convex-mpc/bin/cmake --install /home/lukat/unitree_mujoco_ws/COGAR_project/build/robot_interfaces
