[1.874s] Invoking command in '/home/lukat/unitree_mujoco_ws/COGAR_project/src/convex_mpc': PYTHONPATH=/home/lukat/unitree_mujoco_ws/COGAR_project/build/convex_mpc/prefix_override:/usr/lib/python3/dist-packages/colcon_core/task/python/colcon_distutils_commands:/home/lukat/unitree_mujoco_ws/COGAR_project/install/convex_mpc/lib/python3.10/site-packages:${PYTHONPATH} /usr/bin/python3 -W ignore:setup.py install is deprecated -W ignore:easy_install command is deprecated setup.py egg_info --egg-base ../../build/convex_mpc build --build-base /home/lukat/unitree_mujoco_ws/COGAR_project/build/convex_mpc/build install --record /home/lukat/unitree_mujoco_ws/COGAR_project/build/convex_mpc/install.log --single-version-externally-managed install_data
[2.221s] running egg_info
[2.248s] writing ../../build/convex_mpc/convex_mpc.egg-info/PKG-INFO
[2.249s] writing dependency_links to ../../build/convex_mpc/convex_mpc.egg-info/dependency_links.txt
[2.250s] writing requirements to ../../build/convex_mpc/convex_mpc.egg-info/requires.txt
[2.250s] writing top-level names to ../../build/convex_mpc/convex_mpc.egg-info/top_level.txt
[2.290s] reading manifest file '../../build/convex_mpc/convex_mpc.egg-info/SOURCES.txt'
[2.292s] writing manifest file '../../build/convex_mpc/convex_mpc.egg-info/SOURCES.txt'
[2.292s] running build
[2.292s] running build_py
[2.293s] copying convex_mpc/com_trajectory.py -> /home/lukat/unitree_mujoco_ws/COGAR_project/build/convex_mpc/build/lib/convex_mpc
[2.294s] copying convex_mpc/centroidal_mpc.py -> /home/lukat/unitree_mujoco_ws/COGAR_project/build/convex_mpc/build/lib/convex_mpc
[2.295s] copying convex_mpc/leg_controller.py -> /home/lukat/unitree_mujoco_ws/COGAR_project/build/convex_mpc/build/lib/convex_mpc
[2.297s] copying convex_mpc/gait.py -> /home/lukat/unitree_mujoco_ws/COGAR_project/build/convex_mpc/build/lib/convex_mpc
[2.297s] copying convex_mpc/__init__.py -> /home/lukat/unitree_mujoco_ws/COGAR_project/build/convex_mpc/build/lib/convex_mpc
[2.298s] copying convex_mpc/mujoco_model.py -> /home/lukat/unitree_mujoco_ws/COGAR_project/build/convex_mpc/build/lib/convex_mpc
[2.298s] copying convex_mpc/go2_robot_data.py -> /home/lukat/unitree_mujoco_ws/COGAR_project/build/convex_mpc/build/lib/convex_mpc
[2.298s] copying convex_mpc/plot_helper.py -> /home/lukat/unitree_mujoco_ws/COGAR_project/build/convex_mpc/build/lib/convex_mpc
[2.300s] running install
[2.307s] running install_lib
[2.332s] running install_data
[2.332s] copying resource/convex_mpc -> /home/lukat/unitree_mujoco_ws/COGAR_project/install/convex_mpc/share/ament_index/resource_index/packages
[2.333s] copying package.xml -> /home/lukat/unitree_mujoco_ws/COGAR_project/install/convex_mpc/share/convex_mpc
[2.333s] running install_egg_info
[2.362s] removing '/home/lukat/unitree_mujoco_ws/COGAR_project/install/convex_mpc/lib/python3.10/site-packages/convex_mpc-0.0.0-py3.10.egg-info' (and everything under it)
[2.363s] Copying ../../build/convex_mpc/convex_mpc.egg-info to /home/lukat/unitree_mujoco_ws/COGAR_project/install/convex_mpc/lib/python3.10/site-packages/convex_mpc-0.0.0-py3.10.egg-info
[2.367s] running install_scripts
[2.569s] writing list of installed files to '/home/lukat/unitree_mujoco_ws/COGAR_project/build/convex_mpc/install.log'
[2.633s] Invoked command in '/home/lukat/unitree_mujoco_ws/COGAR_project/src/convex_mpc' returned '0': PYTHONPATH=/home/lukat/unitree_mujoco_ws/COGAR_project/build/convex_mpc/prefix_override:/usr/lib/python3/dist-packages/colcon_core/task/python/colcon_distutils_commands:/home/lukat/unitree_mujoco_ws/COGAR_project/install/convex_mpc/lib/python3.10/site-packages:${PYTHONPATH} /usr/bin/python3 -W ignore:setup.py install is deprecated -W ignore:easy_install command is deprecated setup.py egg_info --egg-base ../../build/convex_mpc build --build-base /home/lukat/unitree_mujoco_ws/COGAR_project/build/convex_mpc/build install --record /home/lukat/unitree_mujoco_ws/COGAR_project/build/convex_mpc/install.log --single-version-externally-managed install_data
