[0.065s] Invoking command in '/home/lukat/unitree_mujoco_ws/COGAR_project/build/robot_interfaces': CMAKE_PREFIX_PATH=${CMAKE_PREFIX_PATH}:/home/lukat/unitree_mujoco_ws/COGAR_project/install/simulation_py:/home/lukat/unitree_mujoco_ws/COGAR_project/install/convex_mpc:/home/lukat/unitree_mujoco_ws/COGAR_project/install/controller:/opt/ros/humble /usr/bin/cmake --build /home/lukat/unitree_mujoco_ws/COGAR_project/build/robot_interfaces -- -j8 -l8
[0.917s] /usr/bin/cmake: /home/lukat/miniconda3/envs/go2-convex-mpc/lib/libcurl.so.4: no version information available (required by /usr/bin/cmake)
[0.918s] /usr/bin/cmake: /home/lukat/miniconda3/envs/go2-convex-mpc/lib/libcurl.so.4: no version information available (required by /usr/bin/cmake)
[0.918s] /usr/bin/cmake: /home/lukat/miniconda3/envs/go2-convex-mpc/lib/libcurl.so.4: no version information available (required by /usr/bin/cmake)
[0.919s] /usr/bin/cmake: /home/lukat/miniconda3/envs/go2-convex-mpc/lib/libcurl.so.4: no version information available (required by /usr/bin/cmake)
[0.919s] /usr/bin/cmake: /home/lukat/miniconda3/envs/go2-convex-mpc/lib/libcurl.so.4: no version information available (required by /usr/bin/cmake)
[0.919s] /usr/bin/cmake: /home/lukat/miniconda3/envs/go2-convex-mpc/lib/libcurl.so.4: no version information available (required by /usr/bin/cmake)
[0.919s] /usr/bin/cmake: /home/lukat/miniconda3/envs/go2-convex-mpc/lib/libcurl.so.4: no version information available (required by /usr/bin/cmake)
[0.919s] /usr/bin/cmake: /home/lukat/miniconda3/envs/go2-convex-mpc/lib/libcurl.so.4: no version information available (required by /usr/bin/cmake)
[0.920s] /usr/bin/cmake: /home/lukat/miniconda3/envs/go2-convex-mpc/lib/libcurl.so.4: no version information available (required by /usr/bin/cmake)
[0.920s] /usr/bin/cmake: /home/lukat/miniconda3/envs/go2-convex-mpc/lib/libcurl.so.4: no version information available (required by /usr/bin/cmake)
[0.920s] /usr/bin/cmake: /home/lukat/miniconda3/envs/go2-convex-mpc/lib/libcurl.so.4: no version information available (required by /usr/bin/cmake)
[0.920s] /usr/bin/cmake: /home/lukat/miniconda3/envs/go2-convex-mpc/lib/libcurl.so.4: no version information available (required by /usr/bin/cmake)
[0.920s] /usr/bin/cmake: /home/lukat/miniconda3/envs/go2-convex-mpc/lib/libcurl.so.4: no version information available (required by /usr/bin/cmake)
[0.920s] /usr/bin/cmake: /home/lukat/miniconda3/envs/go2-convex-mpc/lib/libcurl.so.4: no version information available (required by /usr/bin/cmake)
[0.920s] /usr/bin/cmake: /home/lukat/miniconda3/envs/go2-convex-mpc/lib/libcurl.so.4: no version information available (required by /usr/bin/cmake)
[0.921s] /usr/bin/cmake: /home/lukat/miniconda3/envs/go2-convex-mpc/lib/libcurl.so.4: no version information available (required by /usr/bin/cmake)
[0.921s] /usr/bin/cmake: /home/lukat/miniconda3/envs/go2-convex-mpc/lib/libcurl.so.4: no version information available (required by /usr/bin/cmake)
[0.923s] /usr/bin/cmake: /home/lukat/miniconda3/envs/go2-convex-mpc/lib/libcurl.so.4: no version information available (required by /usr/bin/cmake)
[0.923s] /usr/bin/cmake: /home/lukat/miniconda3/envs/go2-convex-mpc/lib/libcurl.so.4: no version information available (required by /usr/bin/cmake)
[0.923s] /usr/bin/cmake: /home/lukat/miniconda3/envs/go2-convex-mpc/lib/libcurl.so.4: no version information available (required by /usr/bin/cmake)
[0.924s] /usr/bin/cmake: /home/lukat/miniconda3/envs/go2-convex-mpc/lib/libcurl.so.4: no version information available (required by /usr/bin/cmake)
[0.924s] /usr/bin/cmake: /home/lukat/miniconda3/envs/go2-convex-mpc/lib/libcurl.so.4: no version information available (required by /usr/bin/cmake)
[0.924s] /usr/bin/cmake: /home/lukat/miniconda3/envs/go2-convex-mpc/lib/libcurl.so.4: no version information available (required by /usr/bin/cmake)
[0.925s] /usr/bin/cmake: /home/lukat/miniconda3/envs/go2-convex-mpc/lib/libcurl.so.4: no version information available (required by /usr/bin/cmake)
[0.925s] /usr/bin/cmake: /home/lukat/miniconda3/envs/go2-convex-mpc/lib/libcurl.so.4: no version information available (required by /usr/bin/cmake)
[0.926s] /usr/bin/cmake: /home/lukat/miniconda3/envs/go2-convex-mpc/lib/libcurl.so.4: no version information available (required by /usr/bin/cmake)
[0.926s] /usr/bin/cmake: /home/lukat/miniconda3/envs/go2-convex-mpc/lib/libcurl.so.4: no version information available (required by /usr/bin/cmake)
[0.927s] /usr/bin/cmake: /home/lukat/miniconda3/envs/go2-convex-mpc/lib/libcurl.so.4: no version information available (required by /usr/bin/cmake)
[0.928s] /usr/bin/cmake: /home/lukat/miniconda3/envs/go2-convex-mpc/lib/libcurl.so.4: no version information available (required by /usr/bin/cmake)
[0.931s] /usr/bin/cmake: /home/lukat/miniconda3/envs/go2-convex-mpc/lib/libcurl.so.4: no version information available (required by /usr/bin/cmake)
[0.932s] /usr/bin/cmake: /home/lukat/miniconda3/envs/go2-convex-mpc/lib/libcurl.so.4: no version information available (required by /usr/bin/cmake)
[0.932s] /usr/bin/cmake: /home/lukat/miniconda3/envs/go2-convex-mpc/lib/libcurl.so.4: no version information available (required by /usr/bin/cmake)
[0.932s] /usr/bin/cmake: /home/lukat/miniconda3/envs/go2-convex-mpc/lib/libcurl.so.4: no version information available (required by /usr/bin/cmake)
[0.933s] /usr/bin/cmake: /home/lukat/miniconda3/envs/go2-convex-mpc/lib/libcurl.so.4: no version information available (required by /usr/bin/cmake)
[0.933s] /usr/bin/cmake: /home/lukat/miniconda3/envs/go2-convex-mpc/lib/libcurl.so.4: no version information available (required by /usr/bin/cmake)
[0.933s] /usr/bin/cmake: /home/lukat/miniconda3/envs/go2-convex-mpc/lib/libcurl.so.4: no version information available (required by /usr/bin/cmake)
[0.933s] /usr/bin/cmake: /home/lukat/miniconda3/envs/go2-convex-mpc/lib/libcurl.so.4: no version information available (required by /usr/bin/cmake)
[0.933s] [  1%] Built target robot_interfaces__cpp
[0.933s] [ 12%] Built target robot_interfaces__rosidl_generator_c
[0.933s] [ 14%] Built target robot_interfaces__rs
[0.933s] [ 14%] Built target ament_cmake_python_copy_robot_interfaces
[0.933s] [ 25%] Built target robot_interfaces__rosidl_typesupport_c
[0.933s] [ 35%] Built target robot_interfaces__rosidl_typesupport_cpp
[0.933s] [ 46%] Built target robot_interfaces__rosidl_typesupport_introspection_c
[0.933s] [ 66%] Built target robot_interfaces__rosidl_typesupport_fastrtps_cpp
[0.933s] [ 67%] Built target robot_interfaces__rosidl_typesupport_introspection_cpp
[0.933s] [ 78%] Built target robot_interfaces__rosidl_typesupport_fastrtps_c
[0.933s] [ 78%] Built target robot_interfaces
[0.933s] [ 80%] Built target robot_interfaces__py
[0.933s] [ 89%] Built target robot_interfaces__rosidl_generator_py
[0.934s] [ 92%] Built target robot_interfaces__rosidl_typesupport_introspection_c__pyext
[0.934s] [100%] Built target robot_interfaces__rosidl_typesupport_c__pyext
[0.934s] [100%] Built target robot_interfaces__rosidl_typesupport_fastrtps_c__pyext
[0.934s] running egg_info
[0.934s] writing robot_interfaces.egg-info/PKG-INFO
[0.934s] writing dependency_links to robot_interfaces.egg-info/dependency_links.txt
[0.934s] writing top-level names to robot_interfaces.egg-info/top_level.txt
[0.964s] reading manifest file 'robot_interfaces.egg-info/SOURCES.txt'
[0.966s] writing manifest file 'robot_interfaces.egg-info/SOURCES.txt'
[1.003s] /usr/bin/cmake: /home/lukat/miniconda3/envs/go2-convex-mpc/lib/libcurl.so.4: no version information available (required by /usr/bin/cmake)
[1.008s] [100%] Built target ament_cmake_python_build_robot_interfaces_egg
[1.012s] /usr/bin/cmake: /home/lukat/miniconda3/envs/go2-convex-mpc/lib/libcurl.so.4: no version information available (required by /usr/bin/cmake)
[1.025s] Invoked command in '/home/lukat/unitree_mujoco_ws/COGAR_project/build/robot_interfaces' returned '0': CMAKE_PREFIX_PATH=${CMAKE_PREFIX_PATH}:/home/lukat/unitree_mujoco_ws/COGAR_project/install/simulation_py:/home/lukat/unitree_mujoco_ws/COGAR_project/install/convex_mpc:/home/lukat/unitree_mujoco_ws/COGAR_project/install/controller:/opt/ros/humble /usr/bin/cmake --build /home/lukat/unitree_mujoco_ws/COGAR_project/build/robot_interfaces -- -j8 -l8
[1.042s] Invoking command in '/home/lukat/unitree_mujoco_ws/COGAR_project/build/robot_interfaces': CMAKE_PREFIX_PATH=${CMAKE_PREFIX_PATH}:/home/lukat/unitree_mujoco_ws/COGAR_project/install/simulation_py:/home/lukat/unitree_mujoco_ws/COGAR_project/install/convex_mpc:/home/lukat/unitree_mujoco_ws/COGAR_project/install/controller:/opt/ros/humble /usr/bin/cmake --build /home/lukat/unitree_mujoco_ws/COGAR_project/build/robot_interfaces --target install -- -j8 -l8
[1.045s] /usr/bin/cmake: /home/lukat/miniconda3/envs/go2-convex-mpc/lib/libcurl.so.4: no version information available (required by /usr/bin/cmake)
[1.062s] /usr/bin/cmake: /home/lukat/miniconda3/envs/go2-convex-mpc/lib/libcurl.so.4: no version information available (required by /usr/bin/cmake)
[1.077s] /usr/bin/cmake: /home/lukat/miniconda3/envs/go2-convex-mpc/lib/libcurl.so.4: no version information available (required by /usr/bin/cmake)
[1.098s] /usr/bin/cmake: /home/lukat/miniconda3/envs/go2-convex-mpc/lib/libcurl.so.4: no version information available (required by /usr/bin/cmake)
[1.098s] /usr/bin/cmake: /home/lukat/miniconda3/envs/go2-convex-mpc/lib/libcurl.so.4: no version information available (required by /usr/bin/cmake)
[1.099s] /usr/bin/cmake: /home/lukat/miniconda3/envs/go2-convex-mpc/lib/libcurl.so.4: no version information available (required by /usr/bin/cmake)
[1.099s] /usr/bin/cmake: /home/lukat/miniconda3/envs/go2-convex-mpc/lib/libcurl.so.4: no version information available (required by /usr/bin/cmake)
[1.106s] /usr/bin/cmake: /home/lukat/miniconda3/envs/go2-convex-mpc/lib/libcurl.so.4: no version information available (required by /usr/bin/cmake)
[1.108s] /usr/bin/cmake: /home/lukat/miniconda3/envs/go2-convex-mpc/lib/libcurl.so.4: no version information available (required by /usr/bin/cmake)
[1.110s] /usr/bin/cmake: /home/lukat/miniconda3/envs/go2-convex-mpc/lib/libcurl.so.4: no version information available (required by /usr/bin/cmake)
[1.115s] [  1%] Built target robot_interfaces__rs
[1.116s] [  3%] Built target robot_interfaces__cpp
[1.127s] /usr/bin/cmake: /home/lukat/miniconda3/envs/go2-convex-mpc/lib/libcurl.so.4: no version information available (required by /usr/bin/cmake)
[1.129s] /usr/bin/cmake: /home/lukat/miniconda3/envs/go2-convex-mpc/lib/libcurl.so.4: no version information available (required by /usr/bin/cmake)
[1.129s] /usr/bin/cmake: /home/lukat/miniconda3/envs/go2-convex-mpc/lib/libcurl.so.4: no version information available (required by /usr/bin/cmake)
[1.141s] /usr/bin/cmake: /home/lukat/miniconda3/envs/go2-convex-mpc/lib/libcurl.so.4: no version information available (required by /usr/bin/cmake)
[1.141s] /usr/bin/cmake: /home/lukat/miniconda3/envs/go2-convex-mpc/lib/libcurl.so.4: no version information available (required by /usr/bin/cmake)
[1.142s] [ 14%] Built target robot_interfaces__rosidl_generator_c
[1.154s] [ 14%] Built target ament_cmake_python_copy_robot_interfaces
[1.163s] /usr/bin/cmake: /home/lukat/miniconda3/envs/go2-convex-mpc/lib/libcurl.so.4: no version information available (required by /usr/bin/cmake)
[1.163s] /usr/bin/cmake: /home/lukat/miniconda3/envs/go2-convex-mpc/lib/libcurl.so.4: no version information available (required by /usr/bin/cmake)
[1.163s] /usr/bin/cmake: /home/lukat/miniconda3/envs/go2-convex-mpc/lib/libcurl.so.4: no version information available (required by /usr/bin/cmake)
[1.168s] /usr/bin/cmake: /home/lukat/miniconda3/envs/go2-convex-mpc/lib/libcurl.so.4: no version information available (required by /usr/bin/cmake)
[1.170s] /usr/bin/cmake: /home/lukat/miniconda3/envs/go2-convex-mpc/lib/libcurl.so.4: no version information available (required by /usr/bin/cmake)
[1.173s] /usr/bin/cmake: /home/lukat/miniconda3/envs/go2-convex-mpc/lib/libcurl.so.4: no version information available (required by /usr/bin/cmake)
[1.174s] [ 25%] Built target robot_interfaces__rosidl_typesupport_introspection_cpp
[1.175s] [ 35%] Built target robot_interfaces__rosidl_typesupport_fastrtps_cpp
[1.181s] /usr/bin/cmake: /home/lukat/miniconda3/envs/go2-convex-mpc/lib/libcurl.so.4: no version information available (required by /usr/bin/cmake)
[1.189s] /usr/bin/cmake: /home/lukat/miniconda3/envs/go2-convex-mpc/lib/libcurl.so.4: no version information available (required by /usr/bin/cmake)
[1.192s] [ 46%] Built target robot_interfaces__rosidl_typesupport_cpp
[1.201s] /usr/bin/cmake: /home/lukat/miniconda3/envs/go2-convex-mpc/lib/libcurl.so.4: no version information available (required by /usr/bin/cmake)
[1.201s] [ 57%] Built target robot_interfaces__rosidl_typesupport_fastrtps_c
[1.208s] [ 67%] Built target robot_interfaces__rosidl_typesupport_c
[1.210s] /usr/bin/cmake: /home/lukat/miniconda3/envs/go2-convex-mpc/lib/libcurl.so.4: no version information available (required by /usr/bin/cmake)
[1.219s] [ 78%] Built target robot_interfaces__rosidl_typesupport_introspection_c
[1.227s] /usr/bin/cmake: /home/lukat/miniconda3/envs/go2-convex-mpc/lib/libcurl.so.4: no version information available (required by /usr/bin/cmake)
[1.244s] /usr/bin/cmake: /home/lukat/miniconda3/envs/go2-convex-mpc/lib/libcurl.so.4: no version information available (required by /usr/bin/cmake)
[1.252s] [ 78%] Built target robot_interfaces
[1.268s] /usr/bin/cmake: /home/lukat/miniconda3/envs/go2-convex-mpc/lib/libcurl.so.4: no version information available (required by /usr/bin/cmake)
[1.293s] /usr/bin/cmake: /home/lukat/miniconda3/envs/go2-convex-mpc/lib/libcurl.so.4: no version information available (required by /usr/bin/cmake)
[1.300s] [ 80%] Built target robot_interfaces__py
[1.309s] /usr/bin/cmake: /home/lukat/miniconda3/envs/go2-convex-mpc/lib/libcurl.so.4: no version information available (required by /usr/bin/cmake)
[1.334s] /usr/bin/cmake: /home/lukat/miniconda3/envs/go2-convex-mpc/lib/libcurl.so.4: no version information available (required by /usr/bin/cmake)
[1.342s] [ 89%] Built target robot_interfaces__rosidl_generator_py
[1.353s] /usr/bin/cmake: /home/lukat/miniconda3/envs/go2-convex-mpc/lib/libcurl.so.4: no version information available (required by /usr/bin/cmake)
[1.353s] /usr/bin/cmake: /home/lukat/miniconda3/envs/go2-convex-mpc/lib/libcurl.so.4: no version information available (required by /usr/bin/cmake)
[1.355s] /usr/bin/cmake: /home/lukat/miniconda3/envs/go2-convex-mpc/lib/libcurl.so.4: no version information available (required by /usr/bin/cmake)
[1.371s] /usr/bin/cmake: /home/lukat/miniconda3/envs/go2-convex-mpc/lib/libcurl.so.4: no version information available (required by /usr/bin/cmake)
[1.373s] /usr/bin/cmake: /home/lukat/miniconda3/envs/go2-convex-mpc/lib/libcurl.so.4: no version information available (required by /usr/bin/cmake)
[1.376s] /usr/bin/cmake: /home/lukat/miniconda3/envs/go2-convex-mpc/lib/libcurl.so.4: no version information available (required by /usr/bin/cmake)
[1.381s] [ 92%] Built target robot_interfaces__rosidl_typesupport_fastrtps_c__pyext
[1.382s] [ 96%] Built target robot_interfaces__rosidl_typesupport_introspection_c__pyext
[1.383s] [100%] Built target robot_interfaces__rosidl_typesupport_c__pyext
[1.635s] running egg_info
[1.668s] writing robot_interfaces.egg-info/PKG-INFO
[1.669s] writing dependency_links to robot_interfaces.egg-info/dependency_links.txt
[1.671s] writing top-level names to robot_interfaces.egg-info/top_level.txt
[1.765s] reading manifest file 'robot_interfaces.egg-info/SOURCES.txt'
[1.767s] writing manifest file 'robot_interfaces.egg-info/SOURCES.txt'
[1.819s] /usr/bin/cmake: /home/lukat/miniconda3/envs/go2-convex-mpc/lib/libcurl.so.4: no version information available (required by /usr/bin/cmake)
[1.826s] [100%] Built target ament_cmake_python_build_robot_interfaces_egg
[1.832s] /usr/bin/cmake: /home/lukat/miniconda3/envs/go2-convex-mpc/lib/libcurl.so.4: no version information available (required by /usr/bin/cmake)
[1.850s] /usr/bin/cmake: /home/lukat/miniconda3/envs/go2-convex-mpc/lib/libcurl.so.4: no version information available (required by /usr/bin/cmake)
[1.856s] [36mInstall the project...[0m
[1.860s] /usr/bin/cmake: /home/lukat/miniconda3/envs/go2-convex-mpc/lib/libcurl.so.4: no version information available (required by /usr/bin/cmake)
[1.869s] -- Install configuration: ""
[1.869s] -- Up-to-date: /home/lukat/unitree_mujoco_ws/COGAR_project/install/robot_interfaces/share/ament_index/resource_index/rosidl_interfaces/robot_interfaces
[1.870s] -- Up-to-date: /home/lukat/unitree_mujoco_ws/COGAR_project/install/robot_interfaces/include/robot_interfaces/robot_interfaces
[1.870s] -- Up-to-date: /home/lukat/unitree_mujoco_ws/COGAR_project/install/robot_interfaces/include/robot_interfaces/robot_interfaces/srv
[1.871s] -- Up-to-date: /home/lukat/unitree_mujoco_ws/COGAR_project/install/robot_interfaces/include/robot_interfaces/robot_interfaces/srv/update_gait_params.h
[1.871s] -- Up-to-date: /home/lukat/unitree_mujoco_ws/COGAR_project/install/robot_interfaces/include/robot_interfaces/robot_interfaces/srv/set_body_height.h
[1.871s] -- Up-to-date: /home/lukat/unitree_mujoco_ws/COGAR_project/install/robot_interfaces/include/robot_interfaces/robot_interfaces/srv/update_single_param.h
[1.871s] -- Up-to-date: /home/lukat/unitree_mujoco_ws/COGAR_project/install/robot_interfaces/include/robot_interfaces/robot_interfaces/srv/detail
[1.871s] -- Up-to-date: /home/lukat/unitree_mujoco_ws/COGAR_project/install/robot_interfaces/include/robot_interfaces/robot_interfaces/srv/detail/update_single_param__struct.h
[1.872s] -- Up-to-date: /home/lukat/unitree_mujoco_ws/COGAR_project/install/robot_interfaces/include/robot_interfaces/robot_interfaces/srv/detail/update_gait_params__struct.h
[1.872s] -- Up-to-date: /home/lukat/unitree_mujoco_ws/COGAR_project/install/robot_interfaces/include/robot_interfaces/robot_interfaces/srv/detail/set_body_height__functions.h
[1.873s] -- Up-to-date: /home/lukat/unitree_mujoco_ws/COGAR_project/install/robot_interfaces/include/robot_interfaces/robot_interfaces/srv/detail/set_body_height__type_support.h
[1.873s] -- Up-to-date: /home/lukat/unitree_mujoco_ws/COGAR_project/install/robot_interfaces/include/robot_interfaces/robot_interfaces/srv/detail/update_single_param__type_support.h
[1.873s] -- Up-to-date: /home/lukat/unitree_mujoco_ws/COGAR_project/install/robot_interfaces/include/robot_interfaces/robot_interfaces/srv/detail/update_gait_params__functions.c
[1.873s] -- Up-to-date: /home/lukat/unitree_mujoco_ws/COGAR_project/install/robot_interfaces/include/robot_interfaces/robot_interfaces/srv/detail/update_single_param__functions.c
[1.873s] -- Up-to-date: /home/lukat/unitree_mujoco_ws/COGAR_project/install/robot_interfaces/include/robot_interfaces/robot_interfaces/srv/detail/set_body_height__struct.h
[1.874s] -- Up-to-date: /home/lukat/unitree_mujoco_ws/COGAR_project/install/robot_interfaces/include/robot_interfaces/robot_interfaces/srv/detail/set_body_height__functions.c
[1.874s] -- Up-to-date: /home/lukat/unitree_mujoco_ws/COGAR_project/install/robot_interfaces/include/robot_interfaces/robot_interfaces/srv/detail/update_gait_params__type_support.h
[1.874s] -- Up-to-date: /home/lukat/unitree_mujoco_ws/COGAR_project/install/robot_interfaces/include/robot_interfaces/robot_interfaces/srv/detail/update_gait_params__functions.h
[1.874s] -- Up-to-date: /home/lukat/unitree_mujoco_ws/COGAR_project/install/robot_interfaces/include/robot_interfaces/robot_interfaces/srv/detail/update_single_param__functions.h
[1.874s] -- Up-to-date: /home/lukat/unitree_mujoco_ws/COGAR_project/install/robot_interfaces/include/robot_interfaces/robot_interfaces/msg
[1.874s] -- Up-to-date: /home/lukat/unitree_mujoco_ws/COGAR_project/install/robot_interfaces/include/robot_interfaces/robot_interfaces/msg/robot_state.h
[1.874s] -- Up-to-date: /home/lukat/unitree_mujoco_ws/COGAR_project/install/robot_interfaces/include/robot_interfaces/robot_interfaces/msg/rosidl_generator_c__visibility_control.h
[1.874s] -- Up-to-date: /home/lukat/unitree_mujoco_ws/COGAR_project/install/robot_interfaces/include/robot_interfaces/robot_interfaces/msg/detail
[1.875s] -- Up-to-date: /home/lukat/unitree_mujoco_ws/COGAR_project/install/robot_interfaces/include/robot_interfaces/robot_interfaces/msg/detail/robot_state__struct.h
[1.875s] -- Up-to-date: /home/lukat/unitree_mujoco_ws/COGAR_project/install/robot_interfaces/include/robot_interfaces/robot_interfaces/msg/detail/robot_state__functions.c
[1.875s] -- Up-to-date: /home/lukat/unitree_mujoco_ws/COGAR_project/install/robot_interfaces/include/robot_interfaces/robot_interfaces/msg/detail/robot_state__type_support.h
[1.875s] -- Up-to-date: /home/lukat/unitree_mujoco_ws/COGAR_project/install/robot_interfaces/include/robot_interfaces/robot_interfaces/msg/detail/robot_state__functions.h
[1.875s] -- Up-to-date: /home/lukat/unitree_mujoco_ws/COGAR_project/install/robot_interfaces/share/robot_interfaces/environment/library_path.sh
[1.875s] -- Up-to-date: /home/lukat/unitree_mujoco_ws/COGAR_project/install/robot_interfaces/share/robot_interfaces/environment/library_path.dsv
[1.875s] -- Up-to-date: /home/lukat/unitree_mujoco_ws/COGAR_project/install/robot_interfaces/lib/librobot_interfaces__rosidl_generator_c.so
[1.875s] -- Up-to-date: /home/lukat/unitree_mujoco_ws/COGAR_project/install/robot_interfaces/include/robot_interfaces/robot_interfaces
[1.876s] -- Up-to-date: /home/lukat/unitree_mujoco_ws/COGAR_project/install/robot_interfaces/include/robot_interfaces/robot_interfaces/srv
[1.876s] -- Up-to-date: /home/lukat/unitree_mujoco_ws/COGAR_project/install/robot_interfaces/include/robot_interfaces/robot_interfaces/srv/detail
[1.877s] -- Up-to-date: /home/lukat/unitree_mujoco_ws/COGAR_project/install/robot_interfaces/include/robot_interfaces/robot_interfaces/srv/detail/update_gait_params__rosidl_typesupport_fastrtps_c.h
[1.877s] -- Up-to-date: /home/lukat/unitree_mujoco_ws/COGAR_project/install/robot_interfaces/include/robot_interfaces/robot_interfaces/srv/detail/update_single_param__rosidl_typesupport_fastrtps_c.h
[1.877s] -- Up-to-date: /home/lukat/unitree_mujoco_ws/COGAR_project/install/robot_interfaces/include/robot_interfaces/robot_interfaces/srv/detail/set_body_height__rosidl_typesupport_fastrtps_c.h
[1.878s] -- Up-to-date: /home/lukat/unitree_mujoco_ws/COGAR_project/install/robot_interfaces/include/robot_interfaces/robot_interfaces/msg
[1.878s] -- Up-to-date: /home/lukat/unitree_mujoco_ws/COGAR_project/install/robot_interfaces/include/robot_interfaces/robot_interfaces/msg/rosidl_typesupport_fastrtps_c__visibility_control.h
[1.878s] -- Up-to-date: /home/lukat/unitree_mujoco_ws/COGAR_project/install/robot_interfaces/include/robot_interfaces/robot_interfaces/msg/detail
[1.878s] -- Up-to-date: /home/lukat/unitree_mujoco_ws/COGAR_project/install/robot_interfaces/include/robot_interfaces/robot_interfaces/msg/detail/robot_state__rosidl_typesupport_fastrtps_c.h
[1.879s] -- Up-to-date: /home/lukat/unitree_mujoco_ws/COGAR_project/install/robot_interfaces/lib/librobot_interfaces__rosidl_typesupport_fastrtps_c.so
[1.879s] -- Up-to-date: /home/lukat/unitree_mujoco_ws/COGAR_project/install/robot_interfaces/include/robot_interfaces/robot_interfaces
[1.880s] -- Up-to-date: /home/lukat/unitree_mujoco_ws/COGAR_project/install/robot_interfaces/include/robot_interfaces/robot_interfaces/srv
[1.880s] -- Up-to-date: /home/lukat/unitree_mujoco_ws/COGAR_project/install/robot_interfaces/include/robot_interfaces/robot_interfaces/srv/detail
[1.881s] -- Up-to-date: /home/lukat/unitree_mujoco_ws/COGAR_project/install/robot_interfaces/include/robot_interfaces/robot_interfaces/srv/detail/set_body_height__rosidl_typesupport_introspection_c.h
[1.881s] -- Up-to-date: /home/lukat/unitree_mujoco_ws/COGAR_project/install/robot_interfaces/include/robot_interfaces/robot_interfaces/srv/detail/update_gait_params__rosidl_typesupport_introspection_c.h
[1.881s] -- Up-to-date: /home/lukat/unitree_mujoco_ws/COGAR_project/install/robot_interfaces/include/robot_interfaces/robot_interfaces/srv/detail/set_body_height__type_support.c
[1.881s] -- Up-to-date: /home/lukat/unitree_mujoco_ws/COGAR_project/install/robot_interfaces/include/robot_interfaces/robot_interfaces/srv/detail/update_gait_params__type_support.c
[1.881s] -- Up-to-date: /home/lukat/unitree_mujoco_ws/COGAR_project/install/robot_interfaces/include/robot_interfaces/robot_interfaces/srv/detail/update_single_param__type_support.c
[1.882s] -- Up-to-date: /home/lukat/unitree_mujoco_ws/COGAR_project/install/robot_interfaces/include/robot_interfaces/robot_interfaces/srv/detail/update_single_param__rosidl_typesupport_introspection_c.h
[1.882s] -- Up-to-date: /home/lukat/unitree_mujoco_ws/COGAR_project/install/robot_interfaces/include/robot_interfaces/robot_interfaces/msg
[1.882s] -- Up-to-date: /home/lukat/unitree_mujoco_ws/COGAR_project/install/robot_interfaces/include/robot_interfaces/robot_interfaces/msg/rosidl_typesupport_introspection_c__visibility_control.h
[1.882s] -- Up-to-date: /home/lukat/unitree_mujoco_ws/COGAR_project/install/robot_interfaces/include/robot_interfaces/robot_interfaces/msg/detail
[1.882s] -- Up-to-date: /home/lukat/unitree_mujoco_ws/COGAR_project/install/robot_interfaces/include/robot_interfaces/robot_interfaces/msg/detail/robot_state__rosidl_typesupport_introspection_c.h
[1.882s] -- Up-to-date: /home/lukat/unitree_mujoco_ws/COGAR_project/install/robot_interfaces/include/robot_interfaces/robot_interfaces/msg/detail/robot_state__type_support.c
[1.883s] -- Up-to-date: /home/lukat/unitree_mujoco_ws/COGAR_project/install/robot_interfaces/lib/librobot_interfaces__rosidl_typesupport_introspection_c.so
[1.885s] -- Up-to-date: /home/lukat/unitree_mujoco_ws/COGAR_project/install/robot_interfaces/lib/librobot_interfaces__rosidl_typesupport_c.so
[1.885s] -- Up-to-date: /home/lukat/unitree_mujoco_ws/COGAR_project/install/robot_interfaces/include/robot_interfaces/robot_interfaces
[1.886s] -- Up-to-date: /home/lukat/unitree_mujoco_ws/COGAR_project/install/robot_interfaces/include/robot_interfaces/robot_interfaces/srv
[1.886s] -- Up-to-date: /home/lukat/unitree_mujoco_ws/COGAR_project/install/robot_interfaces/include/robot_interfaces/robot_interfaces/srv/update_gait_params.hpp
[1.887s] -- Up-to-date: /home/lukat/unitree_mujoco_ws/COGAR_project/install/robot_interfaces/include/robot_interfaces/robot_interfaces/srv/set_body_height.hpp
[1.887s] -- Up-to-date: /home/lukat/unitree_mujoco_ws/COGAR_project/install/robot_interfaces/include/robot_interfaces/robot_interfaces/srv/detail
[1.887s] -- Up-to-date: /home/lukat/unitree_mujoco_ws/COGAR_project/install/robot_interfaces/include/robot_interfaces/robot_interfaces/srv/detail/update_single_param__type_support.hpp
[1.888s] -- Up-to-date: /home/lukat/unitree_mujoco_ws/COGAR_project/install/robot_interfaces/include/robot_interfaces/robot_interfaces/srv/detail/update_single_param__struct.hpp
[1.888s] -- Up-to-date: /home/lukat/unitree_mujoco_ws/COGAR_project/install/robot_interfaces/include/robot_interfaces/robot_interfaces/srv/detail/set_body_height__builder.hpp
[1.888s] -- Up-to-date: /home/lukat/unitree_mujoco_ws/COGAR_project/install/robot_interfaces/include/robot_interfaces/robot_interfaces/srv/detail/update_gait_params__struct.hpp
[1.889s] -- Up-to-date: /home/lukat/unitree_mujoco_ws/COGAR_project/install/robot_interfaces/include/robot_interfaces/robot_interfaces/srv/detail/update_single_param__traits.hpp
[1.889s] -- Up-to-date: /home/lukat/unitree_mujoco_ws/COGAR_project/install/robot_interfaces/include/robot_interfaces/robot_interfaces/srv/detail/update_gait_params__type_support.hpp
[1.889s] -- Up-to-date: /home/lukat/unitree_mujoco_ws/COGAR_project/install/robot_interfaces/include/robot_interfaces/robot_interfaces/srv/detail/set_body_height__type_support.hpp
[1.890s] -- Up-to-date: /home/lukat/unitree_mujoco_ws/COGAR_project/install/robot_interfaces/include/robot_interfaces/robot_interfaces/srv/detail/update_gait_params__builder.hpp
[1.890s] -- Up-to-date: /home/lukat/unitree_mujoco_ws/COGAR_project/install/robot_interfaces/include/robot_interfaces/robot_interfaces/srv/detail/set_body_height__struct.hpp
[1.890s] -- Up-to-date: /home/lukat/unitree_mujoco_ws/COGAR_project/install/robot_interfaces/include/robot_interfaces/robot_interfaces/srv/detail/set_body_height__traits.hpp
[1.890s] -- Up-to-date: /home/lukat/unitree_mujoco_ws/COGAR_project/install/robot_interfaces/include/robot_interfaces/robot_interfaces/srv/detail/update_single_param__builder.hpp
[1.891s] -- Up-to-date: /home/lukat/unitree_mujoco_ws/COGAR_project/install/robot_interfaces/include/robot_interfaces/robot_interfaces/srv/detail/update_gait_params__traits.hpp
[1.891s] -- Up-to-date: /home/lukat/unitree_mujoco_ws/COGAR_project/install/robot_interfaces/include/robot_interfaces/robot_interfaces/srv/update_single_param.hpp
[1.891s] -- Up-to-date: /home/lukat/unitree_mujoco_ws/COGAR_project/install/robot_interfaces/include/robot_interfaces/robot_interfaces/msg
[1.891s] -- Up-to-date: /home/lukat/unitree_mujoco_ws/COGAR_project/install/robot_interfaces/include/robot_interfaces/robot_interfaces/msg/robot_state.hpp
[1.891s] -- Up-to-date: /home/lukat/unitree_mujoco_ws/COGAR_project/install/robot_interfaces/include/robot_interfaces/robot_interfaces/msg/detail
[1.891s] -- Up-to-date: /home/lukat/unitree_mujoco_ws/COGAR_project/install/robot_interfaces/include/robot_interfaces/robot_interfaces/msg/detail/robot_state__struct.hpp
[1.891s] -- Up-to-date: /home/lukat/unitree_mujoco_ws/COGAR_project/install/robot_interfaces/include/robot_interfaces/robot_interfaces/msg/detail/robot_state__builder.hpp
[1.891s] -- Up-to-date: /home/lukat/unitree_mujoco_ws/COGAR_project/install/robot_interfaces/include/robot_interfaces/robot_interfaces/msg/detail/robot_state__type_support.hpp
[1.892s] -- Up-to-date: /home/lukat/unitree_mujoco_ws/COGAR_project/install/robot_interfaces/include/robot_interfaces/robot_interfaces/msg/detail/robot_state__traits.hpp
[1.892s] -- Up-to-date: /home/lukat/unitree_mujoco_ws/COGAR_project/install/robot_interfaces/include/robot_interfaces/robot_interfaces/msg/rosidl_generator_cpp__visibility_control.hpp
[1.892s] -- Up-to-date: /home/lukat/unitree_mujoco_ws/COGAR_project/install/robot_interfaces/include/robot_interfaces/robot_interfaces
[1.892s] -- Up-to-date: /home/lukat/unitree_mujoco_ws/COGAR_project/install/robot_interfaces/include/robot_interfaces/robot_interfaces/srv
[1.892s] -- Up-to-date: /home/lukat/unitree_mujoco_ws/COGAR_project/install/robot_interfaces/include/robot_interfaces/robot_interfaces/srv/detail
[1.892s] -- Up-to-date: /home/lukat/unitree_mujoco_ws/COGAR_project/install/robot_interfaces/include/robot_interfaces/robot_interfaces/srv/detail/update_gait_params__rosidl_typesupport_fastrtps_cpp.hpp
[1.892s] -- Up-to-date: /home/lukat/unitree_mujoco_ws/COGAR_project/install/robot_interfaces/include/robot_interfaces/robot_interfaces/srv/detail/update_single_param__rosidl_typesupport_fastrtps_cpp.hpp
[1.892s] -- Up-to-date: /home/lukat/unitree_mujoco_ws/COGAR_project/install/robot_interfaces/include/robot_interfaces/robot_interfaces/srv/detail/dds_fastrtps
[1.892s] -- Up-to-date: /home/lukat/unitree_mujoco_ws/COGAR_project/install/robot_interfaces/include/robot_interfaces/robot_interfaces/srv/detail/set_body_height__rosidl_typesupport_fastrtps_cpp.hpp
[1.893s] -- Up-to-date: /home/lukat/unitree_mujoco_ws/COGAR_project/install/robot_interfaces/include/robot_interfaces/robot_interfaces/msg
[1.893s] -- Up-to-date: /home/lukat/unitree_mujoco_ws/COGAR_project/install/robot_interfaces/include/robot_interfaces/robot_interfaces/msg/detail
[1.893s] -- Up-to-date: /home/lukat/unitree_mujoco_ws/COGAR_project/install/robot_interfaces/include/robot_interfaces/robot_interfaces/msg/detail/dds_fastrtps
[1.893s] -- Up-to-date: /home/lukat/unitree_mujoco_ws/COGAR_project/install/robot_interfaces/include/robot_interfaces/robot_interfaces/msg/detail/robot_state__rosidl_typesupport_fastrtps_cpp.hpp
[1.894s] -- Up-to-date: /home/lukat/unitree_mujoco_ws/COGAR_project/install/robot_interfaces/include/robot_interfaces/robot_interfaces/msg/rosidl_typesupport_fastrtps_cpp__visibility_control.h
[1.894s] -- Up-to-date: /home/lukat/unitree_mujoco_ws/COGAR_project/install/robot_interfaces/lib/librobot_interfaces__rosidl_typesupport_fastrtps_cpp.so
[1.894s] -- Up-to-date: /home/lukat/unitree_mujoco_ws/COGAR_project/install/robot_interfaces/include/robot_interfaces/robot_interfaces
[1.894s] -- Up-to-date: /home/lukat/unitree_mujoco_ws/COGAR_project/install/robot_interfaces/include/robot_interfaces/robot_interfaces/srv
[1.894s] -- Up-to-date: /home/lukat/unitree_mujoco_ws/COGAR_project/install/robot_interfaces/include/robot_interfaces/robot_interfaces/srv/detail
[1.895s] -- Up-to-date: /home/lukat/unitree_mujoco_ws/COGAR_project/install/robot_interfaces/include/robot_interfaces/robot_interfaces/srv/detail/update_gait_params__type_support.cpp
[1.895s] -- Up-to-date: /home/lukat/unitree_mujoco_ws/COGAR_project/install/robot_interfaces/include/robot_interfaces/robot_interfaces/srv/detail/set_body_height__type_support.cpp
[1.895s] -- Up-to-date: /home/lukat/unitree_mujoco_ws/COGAR_project/install/robot_interfaces/include/robot_interfaces/robot_interfaces/srv/detail/update_gait_params__rosidl_typesupport_introspection_cpp.hpp
[1.895s] -- Up-to-date: /home/lukat/unitree_mujoco_ws/COGAR_project/install/robot_interfaces/include/robot_interfaces/robot_interfaces/srv/detail/set_body_height__rosidl_typesupport_introspection_cpp.hpp
[1.895s] -- Up-to-date: /home/lukat/unitree_mujoco_ws/COGAR_project/install/robot_interfaces/include/robot_interfaces/robot_interfaces/srv/detail/update_single_param__type_support.cpp
[1.896s] -- Up-to-date: /home/lukat/unitree_mujoco_ws/COGAR_project/install/robot_interfaces/include/robot_interfaces/robot_interfaces/srv/detail/update_single_param__rosidl_typesupport_introspection_cpp.hpp
[1.896s] -- Up-to-date: /home/lukat/unitree_mujoco_ws/COGAR_project/install/robot_interfaces/include/robot_interfaces/robot_interfaces/msg
[1.896s] -- Up-to-date: /home/lukat/unitree_mujoco_ws/COGAR_project/install/robot_interfaces/include/robot_interfaces/robot_interfaces/msg/detail
[1.896s] -- Up-to-date: /home/lukat/unitree_mujoco_ws/COGAR_project/install/robot_interfaces/include/robot_interfaces/robot_interfaces/msg/detail/robot_state__type_support.cpp
[1.896s] -- Up-to-date: /home/lukat/unitree_mujoco_ws/COGAR_project/install/robot_interfaces/include/robot_interfaces/robot_interfaces/msg/detail/robot_state__rosidl_typesupport_introspection_cpp.hpp
[1.897s] -- Up-to-date: /home/lukat/unitree_mujoco_ws/COGAR_project/install/robot_interfaces/lib/librobot_interfaces__rosidl_typesupport_introspection_cpp.so
[1.899s] -- Up-to-date: /home/lukat/unitree_mujoco_ws/COGAR_project/install/robot_interfaces/lib/librobot_interfaces__rosidl_typesupport_cpp.so
[1.899s] -- Up-to-date: /home/lukat/unitree_mujoco_ws/COGAR_project/install/robot_interfaces/share/robot_interfaces/environment/pythonpath.sh
[1.899s] -- Up-to-date: /home/lukat/unitree_mujoco_ws/COGAR_project/install/robot_interfaces/share/robot_interfaces/environment/pythonpath.dsv
[1.899s] -- Up-to-date: /home/lukat/unitree_mujoco_ws/COGAR_project/install/robot_interfaces/local/lib/python3.10/dist-packages/robot_interfaces-0.0.0-py3.10.egg-info
[1.900s] -- Installing: /home/lukat/unitree_mujoco_ws/COGAR_project/install/robot_interfaces/local/lib/python3.10/dist-packages/robot_interfaces-0.0.0-py3.10.egg-info/PKG-INFO
[1.900s] -- Installing: /home/lukat/unitree_mujoco_ws/COGAR_project/install/robot_interfaces/local/lib/python3.10/dist-packages/robot_interfaces-0.0.0-py3.10.egg-info/SOURCES.txt
[1.901s] -- Installing: /home/lukat/unitree_mujoco_ws/COGAR_project/install/robot_interfaces/local/lib/python3.10/dist-packages/robot_interfaces-0.0.0-py3.10.egg-info/top_level.txt
[1.901s] -- Installing: /home/lukat/unitree_mujoco_ws/COGAR_project/install/robot_interfaces/local/lib/python3.10/dist-packages/robot_interfaces-0.0.0-py3.10.egg-info/dependency_links.txt
[1.901s] -- Up-to-date: /home/lukat/unitree_mujoco_ws/COGAR_project/install/robot_interfaces/local/lib/python3.10/dist-packages/robot_interfaces
[1.902s] -- Up-to-date: /home/lukat/unitree_mujoco_ws/COGAR_project/install/robot_interfaces/local/lib/python3.10/dist-packages/robot_interfaces/_robot_interfaces_s.ep.rosidl_typesupport_introspection_c.c
[1.902s] -- Up-to-date: /home/lukat/unitree_mujoco_ws/COGAR_project/install/robot_interfaces/local/lib/python3.10/dist-packages/robot_interfaces/librobot_interfaces__rosidl_generator_py.so
[1.903s] -- Up-to-date: /home/lukat/unitree_mujoco_ws/COGAR_project/install/robot_interfaces/local/lib/python3.10/dist-packages/robot_interfaces/robot_interfaces_s__rosidl_typesupport_c.cpython-310-x86_64-linux-gnu.so
[1.903s] -- Up-to-date: /home/lukat/unitree_mujoco_ws/COGAR_project/install/robot_interfaces/local/lib/python3.10/dist-packages/robot_interfaces/srv
[1.904s] -- Up-to-date: /home/lukat/unitree_mujoco_ws/COGAR_project/install/robot_interfaces/local/lib/python3.10/dist-packages/robot_interfaces/srv/_update_single_param_s.c
[1.904s] -- Up-to-date: /home/lukat/unitree_mujoco_ws/COGAR_project/install/robot_interfaces/local/lib/python3.10/dist-packages/robot_interfaces/srv/_set_body_height_s.c
[1.904s] -- Up-to-date: /home/lukat/unitree_mujoco_ws/COGAR_project/install/robot_interfaces/local/lib/python3.10/dist-packages/robot_interfaces/srv/_update_single_param.py
[1.904s] -- Up-to-date: /home/lukat/unitree_mujoco_ws/COGAR_project/install/robot_interfaces/local/lib/python3.10/dist-packages/robot_interfaces/srv/__init__.py
[1.904s] -- Up-to-date: /home/lukat/unitree_mujoco_ws/COGAR_project/install/robot_interfaces/local/lib/python3.10/dist-packages/robot_interfaces/srv/_update_gait_params_s.c
[1.904s] -- Up-to-date: /home/lukat/unitree_mujoco_ws/COGAR_project/install/robot_interfaces/local/lib/python3.10/dist-packages/robot_interfaces/srv/_update_gait_params.py
[1.905s] -- Up-to-date: /home/lukat/unitree_mujoco_ws/COGAR_project/install/robot_interfaces/local/lib/python3.10/dist-packages/robot_interfaces/srv/_set_body_height.py
[1.905s] -- Up-to-date: /home/lukat/unitree_mujoco_ws/COGAR_project/install/robot_interfaces/local/lib/python3.10/dist-packages/robot_interfaces/robot_interfaces_s__rosidl_typesupport_fastrtps_c.cpython-310-x86_64-linux-gnu.so
[1.905s] -- Up-to-date: /home/lukat/unitree_mujoco_ws/COGAR_project/install/robot_interfaces/local/lib/python3.10/dist-packages/robot_interfaces/__init__.py
[1.905s] -- Up-to-date: /home/lukat/unitree_mujoco_ws/COGAR_project/install/robot_interfaces/local/lib/python3.10/dist-packages/robot_interfaces/msg
[1.905s] -- Up-to-date: /home/lukat/unitree_mujoco_ws/COGAR_project/install/robot_interfaces/local/lib/python3.10/dist-packages/robot_interfaces/msg/_robot_state_s.c
[1.905s] -- Up-to-date: /home/lukat/unitree_mujoco_ws/COGAR_project/install/robot_interfaces/local/lib/python3.10/dist-packages/robot_interfaces/msg/__init__.py
[1.905s] -- Up-to-date: /home/lukat/unitree_mujoco_ws/COGAR_project/install/robot_interfaces/local/lib/python3.10/dist-packages/robot_interfaces/msg/_robot_state.py
[1.905s] -- Up-to-date: /home/lukat/unitree_mujoco_ws/COGAR_project/install/robot_interfaces/local/lib/python3.10/dist-packages/robot_interfaces/robot_interfaces_s__rosidl_typesupport_introspection_c.cpython-310-x86_64-linux-gnu.so
[1.906s] -- Up-to-date: /home/lukat/unitree_mujoco_ws/COGAR_project/install/robot_interfaces/local/lib/python3.10/dist-packages/robot_interfaces/_robot_interfaces_s.ep.rosidl_typesupport_fastrtps_c.c
[1.906s] -- Up-to-date: /home/lukat/unitree_mujoco_ws/COGAR_project/install/robot_interfaces/local/lib/python3.10/dist-packages/robot_interfaces/_robot_interfaces_s.ep.rosidl_typesupport_c.c
[1.959s] Listing '/home/lukat/unitree_mujoco_ws/COGAR_project/install/robot_interfaces/local/lib/python3.10/dist-packages/robot_interfaces'...
[1.959s] Listing '/home/lukat/unitree_mujoco_ws/COGAR_project/install/robot_interfaces/local/lib/python3.10/dist-packages/robot_interfaces/msg'...
[1.959s] Listing '/home/lukat/unitree_mujoco_ws/COGAR_project/install/robot_interfaces/local/lib/python3.10/dist-packages/robot_interfaces/srv'...
[1.966s] -- Up-to-date: /home/lukat/unitree_mujoco_ws/COGAR_project/install/robot_interfaces/local/lib/python3.10/dist-packages/robot_interfaces/robot_interfaces_s__rosidl_typesupport_fastrtps_c.cpython-310-x86_64-linux-gnu.so
[1.967s] -- Up-to-date: /home/lukat/unitree_mujoco_ws/COGAR_project/install/robot_interfaces/local/lib/python3.10/dist-packages/robot_interfaces/robot_interfaces_s__rosidl_typesupport_introspection_c.cpython-310-x86_64-linux-gnu.so
[1.968s] -- Up-to-date: /home/lukat/unitree_mujoco_ws/COGAR_project/install/robot_interfaces/local/lib/python3.10/dist-packages/robot_interfaces/robot_interfaces_s__rosidl_typesupport_c.cpython-310-x86_64-linux-gnu.so
[1.970s] -- Up-to-date: /home/lukat/unitree_mujoco_ws/COGAR_project/install/robot_interfaces/lib/librobot_interfaces__rosidl_generator_py.so
[1.971s] -- Up-to-date: /home/lukat/unitree_mujoco_ws/COGAR_project/install/robot_interfaces/share/ament_index/resource_index/rust_packages/robot_interfaces
[1.971s] -- Up-to-date: /home/lukat/unitree_mujoco_ws/COGAR_project/install/robot_interfaces/share/robot_interfaces/rust
[1.971s] -- Up-to-date: /home/lukat/unitree_mujoco_ws/COGAR_project/install/robot_interfaces/share/robot_interfaces/rust/Cargo.toml
[1.971s] -- Up-to-date: /home/lukat/unitree_mujoco_ws/COGAR_project/install/robot_interfaces/share/robot_interfaces/rust/src
[1.972s] -- Up-to-date: /home/lukat/unitree_mujoco_ws/COGAR_project/install/robot_interfaces/share/robot_interfaces/rust/src/msg.rs
[1.972s] -- Up-to-date: /home/lukat/unitree_mujoco_ws/COGAR_project/install/robot_interfaces/share/robot_interfaces/rust/src/srv.rs
[1.972s] -- Up-to-date: /home/lukat/unitree_mujoco_ws/COGAR_project/install/robot_interfaces/share/robot_interfaces/rust/src/srv
[1.973s] -- Up-to-date: /home/lukat/unitree_mujoco_ws/COGAR_project/install/robot_interfaces/share/robot_interfaces/rust/src/srv/rmw.rs
[1.973s] -- Up-to-date: /home/lukat/unitree_mujoco_ws/COGAR_project/install/robot_interfaces/share/robot_interfaces/rust/src/msg
[1.973s] -- Up-to-date: /home/lukat/unitree_mujoco_ws/COGAR_project/install/robot_interfaces/share/robot_interfaces/rust/src/msg/rmw.rs
[1.974s] -- Up-to-date: /home/lukat/unitree_mujoco_ws/COGAR_project/install/robot_interfaces/share/robot_interfaces/rust/src/lib.rs
[1.974s] -- Up-to-date: /home/lukat/unitree_mujoco_ws/COGAR_project/install/robot_interfaces/share/robot_interfaces/rust/build.rs
[1.975s] -- Up-to-date: /home/lukat/unitree_mujoco_ws/COGAR_project/install/robot_interfaces/share/robot_interfaces/msg/RobotState.idl
[1.975s] -- Up-to-date: /home/lukat/unitree_mujoco_ws/COGAR_project/install/robot_interfaces/share/robot_interfaces/srv/UpdateGaitParams.idl
[1.975s] -- Up-to-date: /home/lukat/unitree_mujoco_ws/COGAR_project/install/robot_interfaces/share/robot_interfaces/srv/UpdateSingleParam.idl
[1.976s] -- Up-to-date: /home/lukat/unitree_mujoco_ws/COGAR_project/install/robot_interfaces/share/robot_interfaces/srv/SetBodyHeight.idl
[1.976s] -- Up-to-date: /home/lukat/unitree_mujoco_ws/COGAR_project/install/robot_interfaces/share/robot_interfaces/msg/RobotState.msg
[1.976s] -- Up-to-date: /home/lukat/unitree_mujoco_ws/COGAR_project/install/robot_interfaces/share/robot_interfaces/srv/UpdateGaitParams.srv
[1.976s] -- Up-to-date: /home/lukat/unitree_mujoco_ws/COGAR_project/install/robot_interfaces/share/robot_interfaces/srv/UpdateGaitParams_Request.msg
[1.976s] -- Up-to-date: /home/lukat/unitree_mujoco_ws/COGAR_project/install/robot_interfaces/share/robot_interfaces/srv/UpdateGaitParams_Response.msg
[1.976s] -- Up-to-date: /home/lukat/unitree_mujoco_ws/COGAR_project/install/robot_interfaces/share/robot_interfaces/srv/UpdateSingleParam.srv
[1.976s] -- Up-to-date: /home/lukat/unitree_mujoco_ws/COGAR_project/install/robot_interfaces/share/robot_interfaces/srv/UpdateSingleParam_Request.msg
[1.976s] -- Up-to-date: /home/lukat/unitree_mujoco_ws/COGAR_project/install/robot_interfaces/share/robot_interfaces/srv/UpdateSingleParam_Response.msg
[1.976s] -- Up-to-date: /home/lukat/unitree_mujoco_ws/COGAR_project/install/robot_interfaces/share/robot_interfaces/srv/SetBodyHeight.srv
[1.976s] -- Up-to-date: /home/lukat/unitree_mujoco_ws/COGAR_project/install/robot_interfaces/share/robot_interfaces/srv/SetBodyHeight_Request.msg
[1.977s] -- Up-to-date: /home/lukat/unitree_mujoco_ws/COGAR_project/install/robot_interfaces/share/robot_interfaces/srv/SetBodyHeight_Response.msg
[1.977s] -- Up-to-date: /home/lukat/unitree_mujoco_ws/COGAR_project/install/robot_interfaces/share/ament_index/resource_index/package_run_dependencies/robot_interfaces
[1.977s] -- Up-to-date: /home/lukat/unitree_mujoco_ws/COGAR_project/install/robot_interfaces/share/ament_index/resource_index/parent_prefix_path/robot_interfaces
[1.977s] -- Up-to-date: /home/lukat/unitree_mujoco_ws/COGAR_project/install/robot_interfaces/share/robot_interfaces/environment/ament_prefix_path.sh
[1.977s] -- Up-to-date: /home/lukat/unitree_mujoco_ws/COGAR_project/install/robot_interfaces/share/robot_interfaces/environment/ament_prefix_path.dsv
[1.977s] -- Up-to-date: /home/lukat/unitree_mujoco_ws/COGAR_project/install/robot_interfaces/share/robot_interfaces/environment/path.sh
[1.977s] -- Up-to-date: /home/lukat/unitree_mujoco_ws/COGAR_project/install/robot_interfaces/share/robot_interfaces/environment/path.dsv
[1.977s] -- Up-to-date: /home/lukat/unitree_mujoco_ws/COGAR_project/install/robot_interfaces/share/robot_interfaces/local_setup.bash
[1.977s] -- Up-to-date: /home/lukat/unitree_mujoco_ws/COGAR_project/install/robot_interfaces/share/robot_interfaces/local_setup.sh
[1.977s] -- Up-to-date: /home/lukat/unitree_mujoco_ws/COGAR_project/install/robot_interfaces/share/robot_interfaces/local_setup.zsh
[1.977s] -- Up-to-date: /home/lukat/unitree_mujoco_ws/COGAR_project/install/robot_interfaces/share/robot_interfaces/local_setup.dsv
[1.978s] -- Installing: /home/lukat/unitree_mujoco_ws/COGAR_project/install/robot_interfaces/share/robot_interfaces/package.dsv
[1.978s] -- Up-to-date: /home/lukat/unitree_mujoco_ws/COGAR_project/install/robot_interfaces/share/ament_index/resource_index/packages/robot_interfaces
[1.978s] -- Up-to-date: /home/lukat/unitree_mujoco_ws/COGAR_project/install/robot_interfaces/share/robot_interfaces/cmake/export_robot_interfaces__rosidl_generator_cExport.cmake
[1.978s] -- Up-to-date: /home/lukat/unitree_mujoco_ws/COGAR_project/install/robot_interfaces/share/robot_interfaces/cmake/export_robot_interfaces__rosidl_generator_cExport-noconfig.cmake
[1.978s] -- Up-to-date: /home/lukat/unitree_mujoco_ws/COGAR_project/install/robot_interfaces/share/robot_interfaces/cmake/export_robot_interfaces__rosidl_typesupport_fastrtps_cExport.cmake
[1.979s] -- Up-to-date: /home/lukat/unitree_mujoco_ws/COGAR_project/install/robot_interfaces/share/robot_interfaces/cmake/export_robot_interfaces__rosidl_typesupport_fastrtps_cExport-noconfig.cmake
[1.980s] -- Up-to-date: /home/lukat/unitree_mujoco_ws/COGAR_project/install/robot_interfaces/share/robot_interfaces/cmake/robot_interfaces__rosidl_typesupport_introspection_cExport.cmake
[1.980s] -- Up-to-date: /home/lukat/unitree_mujoco_ws/COGAR_project/install/robot_interfaces/share/robot_interfaces/cmake/robot_interfaces__rosidl_typesupport_introspection_cExport-noconfig.cmake
[1.981s] -- Up-to-date: /home/lukat/unitree_mujoco_ws/COGAR_project/install/robot_interfaces/share/robot_interfaces/cmake/robot_interfaces__rosidl_typesupport_cExport.cmake
[1.981s] -- Up-to-date: /home/lukat/unitree_mujoco_ws/COGAR_project/install/robot_interfaces/share/robot_interfaces/cmake/robot_interfaces__rosidl_typesupport_cExport-noconfig.cmake
[1.981s] -- Up-to-date: /home/lukat/unitree_mujoco_ws/COGAR_project/install/robot_interfaces/share/robot_interfaces/cmake/export_robot_interfaces__rosidl_generator_cppExport.cmake
[1.982s] -- Up-to-date: /home/lukat/unitree_mujoco_ws/COGAR_project/install/robot_interfaces/share/robot_interfaces/cmake/export_robot_interfaces__rosidl_typesupport_fastrtps_cppExport.cmake
[1.983s] -- Up-to-date: /home/lukat/unitree_mujoco_ws/COGAR_project/install/robot_interfaces/share/robot_interfaces/cmake/export_robot_interfaces__rosidl_typesupport_fastrtps_cppExport-noconfig.cmake
[1.983s] -- Up-to-date: /home/lukat/unitree_mujoco_ws/COGAR_project/install/robot_interfaces/share/robot_interfaces/cmake/robot_interfaces__rosidl_typesupport_introspection_cppExport.cmake
[1.983s] -- Up-to-date: /home/lukat/unitree_mujoco_ws/COGAR_project/install/robot_interfaces/share/robot_interfaces/cmake/robot_interfaces__rosidl_typesupport_introspection_cppExport-noconfig.cmake
[1.984s] -- Up-to-date: /home/lukat/unitree_mujoco_ws/COGAR_project/install/robot_interfaces/share/robot_interfaces/cmake/robot_interfaces__rosidl_typesupport_cppExport.cmake
[1.984s] -- Up-to-date: /home/lukat/unitree_mujoco_ws/COGAR_project/install/robot_interfaces/share/robot_interfaces/cmake/robot_interfaces__rosidl_typesupport_cppExport-noconfig.cmake
[1.986s] -- Up-to-date: /home/lukat/unitree_mujoco_ws/COGAR_project/install/robot_interfaces/share/robot_interfaces/cmake/export_robot_interfaces__rosidl_generator_pyExport.cmake
[1.986s] -- Up-to-date: /home/lukat/unitree_mujoco_ws/COGAR_project/install/robot_interfaces/share/robot_interfaces/cmake/export_robot_interfaces__rosidl_generator_pyExport-noconfig.cmake
[1.987s] -- Up-to-date: /home/lukat/unitree_mujoco_ws/COGAR_project/install/robot_interfaces/share/robot_interfaces/cmake/rosidl_cmake-extras.cmake
[1.987s] -- Up-to-date: /home/lukat/unitree_mujoco_ws/COGAR_project/install/robot_interfaces/share/robot_interfaces/cmake/ament_cmake_export_dependencies-extras.cmake
[1.987s] -- Up-to-date: /home/lukat/unitree_mujoco_ws/COGAR_project/install/robot_interfaces/share/robot_interfaces/cmake/ament_cmake_export_include_directories-extras.cmake
[1.988s] -- Up-to-date: /home/lukat/unitree_mujoco_ws/COGAR_project/install/robot_interfaces/share/robot_interfaces/cmake/ament_cmake_export_libraries-extras.cmake
[1.988s] -- Up-to-date: /home/lukat/unitree_mujoco_ws/COGAR_project/install/robot_interfaces/share/robot_interfaces/cmake/ament_cmake_export_targets-extras.cmake
[1.988s] -- Up-to-date: /home/lukat/unitree_mujoco_ws/COGAR_project/install/robot_interfaces/share/robot_interfaces/cmake/rosidl_cmake_export_typesupport_targets-extras.cmake
[1.988s] -- Up-to-date: /home/lukat/unitree_mujoco_ws/COGAR_project/install/robot_interfaces/share/robot_interfaces/cmake/rosidl_cmake_export_typesupport_libraries-extras.cmake
[1.988s] -- Up-to-date: /home/lukat/unitree_mujoco_ws/COGAR_project/install/robot_interfaces/share/robot_interfaces/cmake/robot_interfacesConfig.cmake
[1.989s] -- Up-to-date: /home/lukat/unitree_mujoco_ws/COGAR_project/install/robot_interfaces/share/robot_interfaces/cmake/robot_interfacesConfig-version.cmake
[1.989s] -- Up-to-date: /home/lukat/unitree_mujoco_ws/COGAR_project/install/robot_interfaces/share/robot_interfaces/package.xml
[1.994s] Invoked command in '/home/lukat/unitree_mujoco_ws/COGAR_project/build/robot_interfaces' returned '0': CMAKE_PREFIX_PATH=${CMAKE_PREFIX_PATH}:/home/lukat/unitree_mujoco_ws/COGAR_project/install/simulation_py:/home/lukat/unitree_mujoco_ws/COGAR_project/install/convex_mpc:/home/lukat/unitree_mujoco_ws/COGAR_project/install/controller:/opt/ros/humble /usr/bin/cmake --build /home/lukat/unitree_mujoco_ws/COGAR_project/build/robot_interfaces --target install -- -j8 -l8
