[1.820s] Invoking command in '/home/lukat/unitree_mujoco_ws/COGAR_project/src/controller': PYTHONPATH=/home/lukat/unitree_mujoco_ws/COGAR_project/build/controller/prefix_override:/usr/lib/python3/dist-packages/colcon_core/task/python/colcon_distutils_commands:/home/lukat/unitree_mujoco_ws/COGAR_project/install/controller/lib/python3.10/site-packages:${PYTHONPATH} /usr/bin/python3 -W ignore:setup.py install is deprecated -W ignore:easy_install command is deprecated setup.py egg_info --egg-base ../../build/controller build --build-base /home/lukat/unitree_mujoco_ws/COGAR_project/build/controller/build install --record /home/lukat/unitree_mujoco_ws/COGAR_project/build/controller/install.log --single-version-externally-managed install_data
[2.236s] running egg_info
[2.261s] writing ../../build/controller/controller.egg-info/PKG-INFO
[2.265s] writing dependency_links to ../../build/controller/controller.egg-info/dependency_links.txt
[2.266s] writing entry points to ../../build/controller/controller.egg-info/entry_points.txt
[2.267s] writing requirements to ../../build/controller/controller.egg-info/requires.txt
[2.268s] writing top-level names to ../../build/controller/controller.egg-info/top_level.txt
[2.314s] reading manifest file '../../build/controller/controller.egg-info/SOURCES.txt'
[2.316s] writing manifest file '../../build/controller/controller.egg-info/SOURCES.txt'
[2.317s] running build
[2.317s] running build_py
[2.317s] copying controller/convex_mpc_controller.py -> /home/lukat/unitree_mujoco_ws/COGAR_project/build/controller/build/lib/controller
[2.319s] copying controller/rl_controller.py -> /home/lukat/unitree_mujoco_ws/COGAR_project/build/controller/build/lib/controller
[2.320s] copying controller/__init__.py -> /home/lukat/unitree_mujoco_ws/COGAR_project/build/controller/build/lib/controller
[2.320s] copying controller/load_policy.py -> /home/lukat/unitree_mujoco_ws/COGAR_project/build/controller/build/lib/controller
[2.321s] running install
[2.326s] running install_lib
[2.347s] copying /home/lukat/unitree_mujoco_ws/COGAR_project/build/controller/build/lib/controller/rl_controller.py -> /home/lukat/unitree_mujoco_ws/COGAR_project/install/controller/lib/python3.10/site-packages/controller
[2.349s] byte-compiling /home/lukat/unitree_mujoco_ws/COGAR_project/install/controller/lib/python3.10/site-packages/controller/rl_controller.py to rl_controller.cpython-310.pyc
[2.354s] running install_data
[2.354s] copying resource/controller -> /home/lukat/unitree_mujoco_ws/COGAR_project/install/controller/share/ament_index/resource_index/packages
[2.355s] copying package.xml -> /home/lukat/unitree_mujoco_ws/COGAR_project/install/controller/share/controller
[2.356s] copying policies/HIM_policy.pt -> /home/lukat/unitree_mujoco_ws/COGAR_project/install/controller/share/controller/policies
[2.361s] copying policies/kp_kd_random_policy.pt -> /home/lukat/unitree_mujoco_ws/COGAR_project/install/controller/share/controller/policies
[2.367s] copying policies/policy_with_45_obs.pt -> /home/lukat/unitree_mujoco_ws/COGAR_project/install/controller/share/controller/policies
[2.371s] copying config/go2.yaml -> /home/lukat/unitree_mujoco_ws/COGAR_project/install/controller/share/controller/config
[2.372s] running install_egg_info
[2.393s] removing '/home/lukat/unitree_mujoco_ws/COGAR_project/install/controller/lib/python3.10/site-packages/controller-0.0.0-py3.10.egg-info' (and everything under it)
[2.394s] Copying ../../build/controller/controller.egg-info to /home/lukat/unitree_mujoco_ws/COGAR_project/install/controller/lib/python3.10/site-packages/controller-0.0.0-py3.10.egg-info
[2.396s] running install_scripts
[2.545s] Installing controller_node script to /home/lukat/unitree_mujoco_ws/COGAR_project/install/controller/lib/controller
[2.545s] Installing rl_controller script to /home/lukat/unitree_mujoco_ws/COGAR_project/install/controller/lib/controller
[2.546s] writing list of installed files to '/home/lukat/unitree_mujoco_ws/COGAR_project/build/controller/install.log'
[2.587s] Invoked command in '/home/lukat/unitree_mujoco_ws/COGAR_project/src/controller' returned '0': PYTHONPATH=/home/lukat/unitree_mujoco_ws/COGAR_project/build/controller/prefix_override:/usr/lib/python3/dist-packages/colcon_core/task/python/colcon_distutils_commands:/home/lukat/unitree_mujoco_ws/COGAR_project/install/controller/lib/python3.10/site-packages:${PYTHONPATH} /usr/bin/python3 -W ignore:setup.py install is deprecated -W ignore:easy_install command is deprecated setup.py egg_info --egg-base ../../build/controller build --build-base /home/lukat/unitree_mujoco_ws/COGAR_project/build/controller/build install --record /home/lukat/unitree_mujoco_ws/COGAR_project/build/controller/install.log --single-version-externally-managed install_data
