[4.746s] Invoking command in '/home/lukat/unitree_mujoco_ws/COGAR_project/src/simulation_py': PYTHONPATH=/home/lukat/unitree_mujoco_ws/COGAR_project/build/simulation_py/prefix_override:/usr/lib/python3/dist-packages/colcon_core/task/python/colcon_distutils_commands:/home/lukat/unitree_mujoco_ws/COGAR_project/install/simulation_py/lib/python3.10/site-packages:${PYTHONPATH} /usr/bin/python3 -W ignore:setup.py install is deprecated -W ignore:easy_install command is deprecated setup.py egg_info --egg-base ../../build/simulation_py build --build-base /home/lukat/unitree_mujoco_ws/COGAR_project/build/simulation_py/build install --record /home/lukat/unitree_mujoco_ws/COGAR_project/build/simulation_py/install.log --single-version-externally-managed install_data
[5.691s] running egg_info
[5.755s] writing ../../build/simulation_py/simulation_py.egg-info/PKG-INFO
[5.760s] writing dependency_links to ../../build/simulation_py/simulation_py.egg-info/dependency_links.txt
[5.761s] writing entry points to ../../build/simulation_py/simulation_py.egg-info/entry_points.txt
[5.762s] writing requirements to ../../build/simulation_py/simulation_py.egg-info/requires.txt
[5.763s] writing top-level names to ../../build/simulation_py/simulation_py.egg-info/top_level.txt
[5.913s] reading manifest file '../../build/simulation_py/simulation_py.egg-info/SOURCES.txt'
[5.916s] writing manifest file '../../build/simulation_py/simulation_py.egg-info/SOURCES.txt'
[5.917s] running build
[5.918s] running build_py
[5.918s] copying simulation_py/simulation_node.py -> /home/lukat/unitree_mujoco_ws/COGAR_project/build/simulation_py/build/lib/simulation_py
[5.919s] copying simulation_py/__init__.py -> /home/lukat/unitree_mujoco_ws/COGAR_project/build/simulation_py/build/lib/simulation_py
[5.920s] running install
[5.936s] running install_lib
[6.001s] copying /home/lukat/unitree_mujoco_ws/COGAR_project/build/simulation_py/build/lib/simulation_py/simulation_node.py -> /home/lukat/unitree_mujoco_ws/COGAR_project/install/simulation_py/lib/python3.10/site-packages/simulation_py
[6.003s] byte-compiling /home/lukat/unitree_mujoco_ws/COGAR_project/install/simulation_py/lib/python3.10/site-packages/simulation_py/simulation_node.py to simulation_node.cpython-310.pyc
[6.007s] running install_data
[6.007s] copying resource/simulation_py -> /home/lukat/unitree_mujoco_ws/COGAR_project/install/simulation_py/share/ament_index/resource_index/packages
[6.008s] copying package.xml -> /home/lukat/unitree_mujoco_ws/COGAR_project/install/simulation_py/share/simulation_py
[6.009s] copying launch/launch_simulation.launch.py -> /home/lukat/unitree_mujoco_ws/COGAR_project/install/simulation_py/share/simulation_py/launch
[6.011s] running install_egg_info
[6.072s] removing '/home/lukat/unitree_mujoco_ws/COGAR_project/install/simulation_py/lib/python3.10/site-packages/simulation_py-0.0.0-py3.10.egg-info' (and everything under it)
[6.074s] Copying ../../build/simulation_py/simulation_py.egg-info to /home/lukat/unitree_mujoco_ws/COGAR_project/install/simulation_py/lib/python3.10/site-packages/simulation_py-0.0.0-py3.10.egg-info
[6.079s] running install_scripts
[6.471s] Installing simulation_node script to /home/lukat/unitree_mujoco_ws/COGAR_project/install/simulation_py/lib/simulation_py
[6.474s] writing list of installed files to '/home/lukat/unitree_mujoco_ws/COGAR_project/build/simulation_py/install.log'
[6.582s] Invoked command in '/home/lukat/unitree_mujoco_ws/COGAR_project/src/simulation_py' returned '0': PYTHONPATH=/home/lukat/unitree_mujoco_ws/COGAR_project/build/simulation_py/prefix_override:/usr/lib/python3/dist-packages/colcon_core/task/python/colcon_distutils_commands:/home/lukat/unitree_mujoco_ws/COGAR_project/install/simulation_py/lib/python3.10/site-packages:${PYTHONPATH} /usr/bin/python3 -W ignore:setup.py install is deprecated -W ignore:easy_install command is deprecated setup.py egg_info --egg-base ../../build/simulation_py build --build-base /home/lukat/unitree_mujoco_ws/COGAR_project/build/simulation_py/build install --record /home/lukat/unitree_mujoco_ws/COGAR_project/build/simulation_py/install.log --single-version-externally-managed install_data
