[0.150s] Invoking command in '/home/lukat/unitree_mujoco_ws/COGAR_project/build/robot_interfaces': CMAKE_PREFIX_PATH=${CMAKE_PREFIX_PATH}:/home/lukat/unitree_mujoco_ws/COGAR_project/install/simulation_py:/home/lukat/unitree_mujoco_ws/COGAR_project/install/convex_mpc:/home/lukat/unitree_mujoco_ws/COGAR_project/install/controller:/opt/ros/humble /usr/bin/cmake --build /home/lukat/unitree_mujoco_ws/COGAR_project/build/robot_interfaces -- -j8 -l8
[1.432s] /usr/bin/cmake: /home/lukat/miniconda3/envs/go2-convex-mpc/lib/libcurl.so.4: no version information available (required by /usr/bin/cmake)
[1.433s] /usr/bin/cmake: /home/lukat/miniconda3/envs/go2-convex-mpc/lib/libcurl.so.4: no version information available (required by /usr/bin/cmake)
[1.435s] /usr/bin/cmake: /home/lukat/miniconda3/envs/go2-convex-mpc/lib/libcurl.so.4: no version information available (required by /usr/bin/cmake)
[1.436s] /usr/bin/cmake: /home/lukat/miniconda3/envs/go2-convex-mpc/lib/libcurl.so.4: no version information available (required by /usr/bin/cmake)
[1.437s] /usr/bin/cmake: /home/lukat/miniconda3/envs/go2-convex-mpc/lib/libcurl.so.4: no version information available (required by /usr/bin/cmake)
[1.438s] /usr/bin/cmake: /home/lukat/miniconda3/envs/go2-convex-mpc/lib/libcurl.so.4: no version information available (required by /usr/bin/cmake)
[1.440s] /usr/bin/cmake: /home/lukat/miniconda3/envs/go2-convex-mpc/lib/libcurl.so.4: no version information available (required by /usr/bin/cmake)
[1.444s] /usr/bin/cmake: /home/lukat/miniconda3/envs/go2-convex-mpc/lib/libcurl.so.4: no version information available (required by /usr/bin/cmake)
[1.446s] /usr/bin/cmake: /home/lukat/miniconda3/envs/go2-convex-mpc/lib/libcurl.so.4: no version information available (required by /usr/bin/cmake)
[1.447s] /usr/bin/cmake: /home/lukat/miniconda3/envs/go2-convex-mpc/lib/libcurl.so.4: no version information available (required by /usr/bin/cmake)
[1.447s] /usr/bin/cmake: /home/lukat/miniconda3/envs/go2-convex-mpc/lib/libcurl.so.4: no version information available (required by /usr/bin/cmake)
[1.447s] /usr/bin/cmake: /home/lukat/miniconda3/envs/go2-convex-mpc/lib/libcurl.so.4: no version information available (required by /usr/bin/cmake)
[1.448s] /usr/bin/cmake: /home/lukat/miniconda3/envs/go2-convex-mpc/lib/libcurl.so.4: no version information available (required by /usr/bin/cmake)
[1.448s] /usr/bin/cmake: /home/lukat/miniconda3/envs/go2-convex-mpc/lib/libcurl.so.4: no version information available (required by /usr/bin/cmake)
[1.453s] /usr/bin/cmake: /home/lukat/miniconda3/envs/go2-convex-mpc/lib/libcurl.so.4: no version information available (required by /usr/bin/cmake)
[1.454s] /usr/bin/cmake: /home/lukat/miniconda3/envs/go2-convex-mpc/lib/libcurl.so.4: no version information available (required by /usr/bin/cmake)
[1.455s] /usr/bin/cmake: /home/lukat/miniconda3/envs/go2-convex-mpc/lib/libcurl.so.4: no version information available (required by /usr/bin/cmake)
[1.455s] /usr/bin/cmake: /home/lukat/miniconda3/envs/go2-convex-mpc/lib/libcurl.so.4: no version information available (required by /usr/bin/cmake)
[1.456s] /usr/bin/cmake: /home/lukat/miniconda3/envs/go2-convex-mpc/lib/libcurl.so.4: no version information available (required by /usr/bin/cmake)
[1.456s] /usr/bin/cmake: /home/lukat/miniconda3/envs/go2-convex-mpc/lib/libcurl.so.4: no version information available (required by /usr/bin/cmake)
[1.456s] /usr/bin/cmake: /home/lukat/miniconda3/envs/go2-convex-mpc/lib/libcurl.so.4: no version information available (required by /usr/bin/cmake)
[1.457s] /usr/bin/cmake: /home/lukat/miniconda3/envs/go2-convex-mpc/lib/libcurl.so.4: no version information available (required by /usr/bin/cmake)
[1.457s] /usr/bin/cmake: /home/lukat/miniconda3/envs/go2-convex-mpc/lib/libcurl.so.4: no version information available (required by /usr/bin/cmake)
[1.457s] /usr/bin/cmake: /home/lukat/miniconda3/envs/go2-convex-mpc/lib/libcurl.so.4: no version information available (required by /usr/bin/cmake)
[1.457s] /usr/bin/cmake: /home/lukat/miniconda3/envs/go2-convex-mpc/lib/libcurl.so.4: no version information available (required by /usr/bin/cmake)
[1.457s] /usr/bin/cmake: /home/lukat/miniconda3/envs/go2-convex-mpc/lib/libcurl.so.4: no version information available (required by /usr/bin/cmake)
[1.458s] /usr/bin/cmake: /home/lukat/miniconda3/envs/go2-convex-mpc/lib/libcurl.so.4: no version information available (required by /usr/bin/cmake)
[1.458s] /usr/bin/cmake: /home/lukat/miniconda3/envs/go2-convex-mpc/lib/libcurl.so.4: no version information available (required by /usr/bin/cmake)
[1.458s] /usr/bin/cmake: /home/lukat/miniconda3/envs/go2-convex-mpc/lib/libcurl.so.4: no version information available (required by /usr/bin/cmake)
[1.459s] /usr/bin/cmake: /home/lukat/miniconda3/envs/go2-convex-mpc/lib/libcurl.so.4: no version information available (required by /usr/bin/cmake)
[1.459s] /usr/bin/cmake: /home/lukat/miniconda3/envs/go2-convex-mpc/lib/libcurl.so.4: no version information available (required by /usr/bin/cmake)
[1.459s] /usr/bin/cmake: /home/lukat/miniconda3/envs/go2-convex-mpc/lib/libcurl.so.4: no version information available (required by /usr/bin/cmake)
[1.460s] /usr/bin/cmake: /home/lukat/miniconda3/envs/go2-convex-mpc/lib/libcurl.so.4: no version information available (required by /usr/bin/cmake)
[1.460s] /usr/bin/cmake: /home/lukat/miniconda3/envs/go2-convex-mpc/lib/libcurl.so.4: no version information available (required by /usr/bin/cmake)
[1.460s] /usr/bin/cmake: /home/lukat/miniconda3/envs/go2-convex-mpc/lib/libcurl.so.4: no version information available (required by /usr/bin/cmake)
[1.460s] /usr/bin/cmake: /home/lukat/miniconda3/envs/go2-convex-mpc/lib/libcurl.so.4: no version information available (required by /usr/bin/cmake)
[1.461s] /usr/bin/cmake: /home/lukat/miniconda3/envs/go2-convex-mpc/lib/libcurl.so.4: no version information available (required by /usr/bin/cmake)
[1.465s] [  1%] Built target robot_interfaces__cpp
[1.468s] [  3%] Built target robot_interfaces__rs
[1.470s] [ 14%] Built target robot_interfaces__rosidl_generator_c
[1.475s] [ 14%] Built target ament_cmake_python_copy_robot_interfaces
[1.475s] [ 25%] Built target robot_interfaces__rosidl_typesupport_cpp
[1.477s] [ 35%] Built target robot_interfaces__rosidl_typesupport_introspection_cpp
[1.478s] [ 46%] Built target robot_interfaces__rosidl_typesupport_fastrtps_cpp
[1.478s] [ 60%] Built target robot_interfaces__rosidl_typesupport_introspection_c
[1.478s] [ 67%] Built target robot_interfaces__rosidl_typesupport_c
[1.479s] [ 78%] Built target robot_interfaces__rosidl_typesupport_fastrtps_c
[1.479s] [ 78%] Built target robot_interfaces
[1.479s] [ 80%] Built target robot_interfaces__py
[1.479s] [ 89%] Built target robot_interfaces__rosidl_generator_py
[1.480s] [ 92%] Built target robot_interfaces__rosidl_typesupport_c__pyext
[1.480s] [ 96%] Built target robot_interfaces__rosidl_typesupport_introspection_c__pyext
[1.480s] [100%] Built target robot_interfaces__rosidl_typesupport_fastrtps_c__pyext
[1.690s] running egg_info
[1.822s] writing robot_interfaces.egg-info/PKG-INFO
[1.829s] writing dependency_links to robot_interfaces.egg-info/dependency_links.txt
[1.834s] writing top-level names to robot_interfaces.egg-info/top_level.txt
[2.164s] reading manifest file 'robot_interfaces.egg-info/SOURCES.txt'
[2.170s] writing manifest file 'robot_interfaces.egg-info/SOURCES.txt'
[2.389s] /usr/bin/cmake: /home/lukat/miniconda3/envs/go2-convex-mpc/lib/libcurl.so.4: no version information available (required by /usr/bin/cmake)
[2.413s] [100%] Built target ament_cmake_python_build_robot_interfaces_egg
[2.426s] /usr/bin/cmake: /home/lukat/miniconda3/envs/go2-convex-mpc/lib/libcurl.so.4: no version information available (required by /usr/bin/cmake)
[2.932s] Invoked command in '/home/lukat/unitree_mujoco_ws/COGAR_project/build/robot_interfaces' returned '0': CMAKE_PREFIX_PATH=${CMAKE_PREFIX_PATH}:/home/lukat/unitree_mujoco_ws/COGAR_project/install/simulation_py:/home/lukat/unitree_mujoco_ws/COGAR_project/install/convex_mpc:/home/lukat/unitree_mujoco_ws/COGAR_project/install/controller:/opt/ros/humble /usr/bin/cmake --build /home/lukat/unitree_mujoco_ws/COGAR_project/build/robot_interfaces -- -j8 -l8
[2.994s] Invoking command in '/home/lukat/unitree_mujoco_ws/COGAR_project/build/robot_interfaces': CMAKE_PREFIX_PATH=${CMAKE_PREFIX_PATH}:/home/lukat/unitree_mujoco_ws/COGAR_project/install/simulation_py:/home/lukat/unitree_mujoco_ws/COGAR_project/install/convex_mpc:/home/lukat/unitree_mujoco_ws/COGAR_project/install/controller:/opt/ros/humble /usr/bin/cmake --build /home/lukat/unitree_mujoco_ws/COGAR_project/build/robot_interfaces --target install -- -j8 -l8
[3.000s] /usr/bin/cmake: /home/lukat/miniconda3/envs/go2-convex-mpc/lib/libcurl.so.4: no version information available (required by /usr/bin/cmake)
[3.041s] /usr/bin/cmake: /home/lukat/miniconda3/envs/go2-convex-mpc/lib/libcurl.so.4: no version information available (required by /usr/bin/cmake)
[3.098s] /usr/bin/cmake: /home/lukat/miniconda3/envs/go2-convex-mpc/lib/libcurl.so.4: no version information available (required by /usr/bin/cmake)
[3.164s] /usr/bin/cmake: /home/lukat/miniconda3/envs/go2-convex-mpc/lib/libcurl.so.4: no version information available (required by /usr/bin/cmake)
[3.165s] /usr/bin/cmake: /home/lukat/miniconda3/envs/go2-convex-mpc/lib/libcurl.so.4: no version information available (required by /usr/bin/cmake)
[3.169s] /usr/bin/cmake: /home/lukat/miniconda3/envs/go2-convex-mpc/lib/libcurl.so.4: no version information available (required by /usr/bin/cmake)
[3.172s] /usr/bin/cmake: /home/lukat/miniconda3/envs/go2-convex-mpc/lib/libcurl.so.4: no version information available (required by /usr/bin/cmake)
[3.203s] /usr/bin/cmake: /home/lukat/miniconda3/envs/go2-convex-mpc/lib/libcurl.so.4: no version information available (required by /usr/bin/cmake)
[3.208s] /usr/bin/cmake: /home/lukat/miniconda3/envs/go2-convex-mpc/lib/libcurl.so.4: no version information available (required by /usr/bin/cmake)
[3.216s] /usr/bin/cmake: /home/lukat/miniconda3/envs/go2-convex-mpc/lib/libcurl.so.4: no version information available (required by /usr/bin/cmake)
[3.223s] /usr/bin/cmake: /home/lukat/miniconda3/envs/go2-convex-mpc/lib/libcurl.so.4: no version information available (required by /usr/bin/cmake)
[3.226s] [  1%] Built target robot_interfaces__rs
[3.243s] [  3%] Built target robot_interfaces__cpp
[3.244s] [ 14%] Built target robot_interfaces__rosidl_generator_c
[3.245s] /usr/bin/cmake: /home/lukat/miniconda3/envs/go2-convex-mpc/lib/libcurl.so.4: no version information available (required by /usr/bin/cmake)
[3.261s] [ 14%] Built target ament_cmake_python_copy_robot_interfaces
[3.280s] /usr/bin/cmake: /home/lukat/miniconda3/envs/go2-convex-mpc/lib/libcurl.so.4: no version information available (required by /usr/bin/cmake)
[3.280s] /usr/bin/cmake: /home/lukat/miniconda3/envs/go2-convex-mpc/lib/libcurl.so.4: no version information available (required by /usr/bin/cmake)
[3.281s] /usr/bin/cmake: /home/lukat/miniconda3/envs/go2-convex-mpc/lib/libcurl.so.4: no version information available (required by /usr/bin/cmake)
[3.301s] /usr/bin/cmake: /home/lukat/miniconda3/envs/go2-convex-mpc/lib/libcurl.so.4: no version information available (required by /usr/bin/cmake)
[3.302s] /usr/bin/cmake: /home/lukat/miniconda3/envs/go2-convex-mpc/lib/libcurl.so.4: no version information available (required by /usr/bin/cmake)
[3.311s] /usr/bin/cmake: /home/lukat/miniconda3/envs/go2-convex-mpc/lib/libcurl.so.4: no version information available (required by /usr/bin/cmake)
[3.312s] /usr/bin/cmake: /home/lukat/miniconda3/envs/go2-convex-mpc/lib/libcurl.so.4: no version information available (required by /usr/bin/cmake)
[3.359s] /usr/bin/cmake: /home/lukat/miniconda3/envs/go2-convex-mpc/lib/libcurl.so.4: no version information available (required by /usr/bin/cmake)
[3.359s] /usr/bin/cmake: /home/lukat/miniconda3/envs/go2-convex-mpc/lib/libcurl.so.4: no version information available (required by /usr/bin/cmake)
[3.375s] /usr/bin/cmake: /home/lukat/miniconda3/envs/go2-convex-mpc/lib/libcurl.so.4: no version information available (required by /usr/bin/cmake)
[3.376s] /usr/bin/cmake: /home/lukat/miniconda3/envs/go2-convex-mpc/lib/libcurl.so.4: no version information available (required by /usr/bin/cmake)
[3.379s] /usr/bin/cmake: /home/lukat/miniconda3/envs/go2-convex-mpc/lib/libcurl.so.4: no version information available (required by /usr/bin/cmake)
[3.380s] [ 25%] Built target robot_interfaces__rosidl_typesupport_introspection_cpp
[3.387s] /usr/bin/cmake: /home/lukat/miniconda3/envs/go2-convex-mpc/lib/libcurl.so.4: no version information available (required by /usr/bin/cmake)
[3.397s] [ 41%] Built target robot_interfaces__rosidl_typesupport_fastrtps_cpp
[3.398s] [ 46%] Built target robot_interfaces__rosidl_typesupport_cpp
[3.405s] [ 73%] Built target robot_interfaces__rosidl_typesupport_c
[3.406s] [ 73%] Built target robot_interfaces__rosidl_typesupport_introspection_c
[3.409s] [ 78%] Built target robot_interfaces__rosidl_typesupport_fastrtps_c
[3.437s] /usr/bin/cmake: /home/lukat/miniconda3/envs/go2-convex-mpc/lib/libcurl.so.4: no version information available (required by /usr/bin/cmake)
[3.493s] /usr/bin/cmake: /home/lukat/miniconda3/envs/go2-convex-mpc/lib/libcurl.so.4: no version information available (required by /usr/bin/cmake)
[3.537s] [ 78%] Built target robot_interfaces
[3.557s] /usr/bin/cmake: /home/lukat/miniconda3/envs/go2-convex-mpc/lib/libcurl.so.4: no version information available (required by /usr/bin/cmake)
[3.649s] /usr/bin/cmake: /home/lukat/miniconda3/envs/go2-convex-mpc/lib/libcurl.so.4: no version information available (required by /usr/bin/cmake)
[3.709s] [ 80%] Built target robot_interfaces__py
[3.756s] /usr/bin/cmake: /home/lukat/miniconda3/envs/go2-convex-mpc/lib/libcurl.so.4: no version information available (required by /usr/bin/cmake)
[3.872s] /usr/bin/cmake: /home/lukat/miniconda3/envs/go2-convex-mpc/lib/libcurl.so.4: no version information available (required by /usr/bin/cmake)
[3.900s] [ 89%] Built target robot_interfaces__rosidl_generator_py
[3.934s] /usr/bin/cmake: /home/lukat/miniconda3/envs/go2-convex-mpc/lib/libcurl.so.4: no version information available (required by /usr/bin/cmake)
[3.937s] /usr/bin/cmake: /home/lukat/miniconda3/envs/go2-convex-mpc/lib/libcurl.so.4: no version information available (required by /usr/bin/cmake)
[3.942s] /usr/bin/cmake: /home/lukat/miniconda3/envs/go2-convex-mpc/lib/libcurl.so.4: no version information available (required by /usr/bin/cmake)
[3.995s] /usr/bin/cmake: /home/lukat/miniconda3/envs/go2-convex-mpc/lib/libcurl.so.4: no version information available (required by /usr/bin/cmake)
[4.001s] /usr/bin/cmake: /home/lukat/miniconda3/envs/go2-convex-mpc/lib/libcurl.so.4: no version information available (required by /usr/bin/cmake)
[4.012s] /usr/bin/cmake: /home/lukat/miniconda3/envs/go2-convex-mpc/lib/libcurl.so.4: no version information available (required by /usr/bin/cmake)
[4.019s] [ 92%] Built target robot_interfaces__rosidl_typesupport_fastrtps_c__pyext
[4.030s] [ 96%] Built target robot_interfaces__rosidl_typesupport_c__pyext
[4.033s] [100%] Built target robot_interfaces__rosidl_typesupport_introspection_c__pyext
[4.758s] running egg_info
[4.867s] writing robot_interfaces.egg-info/PKG-INFO
[4.870s] writing dependency_links to robot_interfaces.egg-info/dependency_links.txt
[4.876s] writing top-level names to robot_interfaces.egg-info/top_level.txt
[5.205s] reading manifest file 'robot_interfaces.egg-info/SOURCES.txt'
[5.215s] writing manifest file 'robot_interfaces.egg-info/SOURCES.txt'
[5.521s] /usr/bin/cmake: /home/lukat/miniconda3/envs/go2-convex-mpc/lib/libcurl.so.4: no version information available (required by /usr/bin/cmake)
[5.570s] [100%] Built target ament_cmake_python_build_robot_interfaces_egg
[5.583s] /usr/bin/cmake: /home/lukat/miniconda3/envs/go2-convex-mpc/lib/libcurl.so.4: no version information available (required by /usr/bin/cmake)
[5.631s] /usr/bin/cmake: /home/lukat/miniconda3/envs/go2-convex-mpc/lib/libcurl.so.4: no version information available (required by /usr/bin/cmake)
[5.656s] [36mInstall the project...[0m
[5.677s] /usr/bin/cmake: /home/lukat/miniconda3/envs/go2-convex-mpc/lib/libcurl.so.4: no version information available (required by /usr/bin/cmake)
[5.703s] -- Install configuration: ""
[5.706s] -- Up-to-date: /home/lukat/unitree_mujoco_ws/COGAR_project/install/robot_interfaces/share/ament_index/resource_index/rosidl_interfaces/robot_interfaces
[5.706s] -- Up-to-date: /home/lukat/unitree_mujoco_ws/COGAR_project/install/robot_interfaces/include/robot_interfaces/robot_interfaces
[5.707s] -- Up-to-date: /home/lukat/unitree_mujoco_ws/COGAR_project/install/robot_interfaces/include/robot_interfaces/robot_interfaces/srv
[5.707s] -- Up-to-date: /home/lukat/unitree_mujoco_ws/COGAR_project/install/robot_interfaces/include/robot_interfaces/robot_interfaces/srv/update_gait_params.h
[5.707s] -- Up-to-date: /home/lukat/unitree_mujoco_ws/COGAR_project/install/robot_interfaces/include/robot_interfaces/robot_interfaces/srv/set_body_height.h
[5.707s] -- Up-to-date: /home/lukat/unitree_mujoco_ws/COGAR_project/install/robot_interfaces/include/robot_interfaces/robot_interfaces/srv/update_single_param.h
[5.708s] -- Up-to-date: /home/lukat/unitree_mujoco_ws/COGAR_project/install/robot_interfaces/include/robot_interfaces/robot_interfaces/srv/detail
[5.708s] -- Up-to-date: /home/lukat/unitree_mujoco_ws/COGAR_project/install/robot_interfaces/include/robot_interfaces/robot_interfaces/srv/detail/update_single_param__struct.h
[5.708s] -- Up-to-date: /home/lukat/unitree_mujoco_ws/COGAR_project/install/robot_interfaces/include/robot_interfaces/robot_interfaces/srv/detail/update_gait_params__struct.h
[5.711s] -- Up-to-date: /home/lukat/unitree_mujoco_ws/COGAR_project/install/robot_interfaces/include/robot_interfaces/robot_interfaces/srv/detail/set_body_height__functions.h
[5.719s] -- Up-to-date: /home/lukat/unitree_mujoco_ws/COGAR_project/install/robot_interfaces/include/robot_interfaces/robot_interfaces/srv/detail/set_body_height__type_support.h
[5.720s] -- Up-to-date: /home/lukat/unitree_mujoco_ws/COGAR_project/install/robot_interfaces/include/robot_interfaces/robot_interfaces/srv/detail/update_single_param__type_support.h
[5.720s] -- Up-to-date: /home/lukat/unitree_mujoco_ws/COGAR_project/install/robot_interfaces/include/robot_interfaces/robot_interfaces/srv/detail/update_gait_params__functions.c
[5.721s] -- Up-to-date: /home/lukat/unitree_mujoco_ws/COGAR_project/install/robot_interfaces/include/robot_interfaces/robot_interfaces/srv/detail/update_single_param__functions.c
[5.721s] -- Up-to-date: /home/lukat/unitree_mujoco_ws/COGAR_project/install/robot_interfaces/include/robot_interfaces/robot_interfaces/srv/detail/set_body_height__struct.h
[5.721s] -- Up-to-date: /home/lukat/unitree_mujoco_ws/COGAR_project/install/robot_interfaces/include/robot_interfaces/robot_interfaces/srv/detail/set_body_height__functions.c
[5.721s] -- Up-to-date: /home/lukat/unitree_mujoco_ws/COGAR_project/install/robot_interfaces/include/robot_interfaces/robot_interfaces/srv/detail/update_gait_params__type_support.h
[5.722s] -- Up-to-date: /home/lukat/unitree_mujoco_ws/COGAR_project/install/robot_interfaces/include/robot_interfaces/robot_interfaces/srv/detail/update_gait_params__functions.h
[5.722s] -- Up-to-date: /home/lukat/unitree_mujoco_ws/COGAR_project/install/robot_interfaces/include/robot_interfaces/robot_interfaces/srv/detail/update_single_param__functions.h
[5.722s] -- Up-to-date: /home/lukat/unitree_mujoco_ws/COGAR_project/install/robot_interfaces/include/robot_interfaces/robot_interfaces/msg
[5.723s] -- Up-to-date: /home/lukat/unitree_mujoco_ws/COGAR_project/install/robot_interfaces/include/robot_interfaces/robot_interfaces/msg/robot_state.h
[5.723s] -- Up-to-date: /home/lukat/unitree_mujoco_ws/COGAR_project/install/robot_interfaces/include/robot_interfaces/robot_interfaces/msg/rosidl_generator_c__visibility_control.h
[5.724s] -- Up-to-date: /home/lukat/unitree_mujoco_ws/COGAR_project/install/robot_interfaces/include/robot_interfaces/robot_interfaces/msg/detail
[5.724s] -- Up-to-date: /home/lukat/unitree_mujoco_ws/COGAR_project/install/robot_interfaces/include/robot_interfaces/robot_interfaces/msg/detail/robot_state__struct.h
[5.724s] -- Up-to-date: /home/lukat/unitree_mujoco_ws/COGAR_project/install/robot_interfaces/include/robot_interfaces/robot_interfaces/msg/detail/robot_state__functions.c
[5.725s] -- Up-to-date: /home/lukat/unitree_mujoco_ws/COGAR_project/install/robot_interfaces/include/robot_interfaces/robot_interfaces/msg/detail/robot_state__type_support.h
[5.725s] -- Up-to-date: /home/lukat/unitree_mujoco_ws/COGAR_project/install/robot_interfaces/include/robot_interfaces/robot_interfaces/msg/detail/robot_state__functions.h
[5.725s] -- Up-to-date: /home/lukat/unitree_mujoco_ws/COGAR_project/install/robot_interfaces/share/robot_interfaces/environment/library_path.sh
[5.725s] -- Up-to-date: /home/lukat/unitree_mujoco_ws/COGAR_project/install/robot_interfaces/share/robot_interfaces/environment/library_path.dsv
[5.726s] -- Up-to-date: /home/lukat/unitree_mujoco_ws/COGAR_project/install/robot_interfaces/lib/librobot_interfaces__rosidl_generator_c.so
[5.726s] -- Up-to-date: /home/lukat/unitree_mujoco_ws/COGAR_project/install/robot_interfaces/include/robot_interfaces/robot_interfaces
[5.726s] -- Up-to-date: /home/lukat/unitree_mujoco_ws/COGAR_project/install/robot_interfaces/include/robot_interfaces/robot_interfaces/srv
[5.727s] -- Up-to-date: /home/lukat/unitree_mujoco_ws/COGAR_project/install/robot_interfaces/include/robot_interfaces/robot_interfaces/srv/detail
[5.728s] -- Up-to-date: /home/lukat/unitree_mujoco_ws/COGAR_project/install/robot_interfaces/include/robot_interfaces/robot_interfaces/srv/detail/update_gait_params__rosidl_typesupport_fastrtps_c.h
[5.738s] -- Up-to-date: /home/lukat/unitree_mujoco_ws/COGAR_project/install/robot_interfaces/include/robot_interfaces/robot_interfaces/srv/detail/update_single_param__rosidl_typesupport_fastrtps_c.h
[5.739s] -- Up-to-date: /home/lukat/unitree_mujoco_ws/COGAR_project/install/robot_interfaces/include/robot_interfaces/robot_interfaces/srv/detail/set_body_height__rosidl_typesupport_fastrtps_c.h
[5.739s] -- Up-to-date: /home/lukat/unitree_mujoco_ws/COGAR_project/install/robot_interfaces/include/robot_interfaces/robot_interfaces/msg
[5.739s] -- Up-to-date: /home/lukat/unitree_mujoco_ws/COGAR_project/install/robot_interfaces/include/robot_interfaces/robot_interfaces/msg/rosidl_typesupport_fastrtps_c__visibility_control.h
[5.745s] -- Up-to-date: /home/lukat/unitree_mujoco_ws/COGAR_project/install/robot_interfaces/include/robot_interfaces/robot_interfaces/msg/detail
[5.746s] -- Up-to-date: /home/lukat/unitree_mujoco_ws/COGAR_project/install/robot_interfaces/include/robot_interfaces/robot_interfaces/msg/detail/robot_state__rosidl_typesupport_fastrtps_c.h
[5.746s] -- Up-to-date: /home/lukat/unitree_mujoco_ws/COGAR_project/install/robot_interfaces/lib/librobot_interfaces__rosidl_typesupport_fastrtps_c.so
[5.748s] -- Up-to-date: /home/lukat/unitree_mujoco_ws/COGAR_project/install/robot_interfaces/include/robot_interfaces/robot_interfaces
[5.749s] -- Up-to-date: /home/lukat/unitree_mujoco_ws/COGAR_project/install/robot_interfaces/include/robot_interfaces/robot_interfaces/srv
[5.749s] -- Up-to-date: /home/lukat/unitree_mujoco_ws/COGAR_project/install/robot_interfaces/include/robot_interfaces/robot_interfaces/srv/detail
[5.749s] -- Up-to-date: /home/lukat/unitree_mujoco_ws/COGAR_project/install/robot_interfaces/include/robot_interfaces/robot_interfaces/srv/detail/set_body_height__rosidl_typesupport_introspection_c.h
[5.752s] -- Up-to-date: /home/lukat/unitree_mujoco_ws/COGAR_project/install/robot_interfaces/include/robot_interfaces/robot_interfaces/srv/detail/update_gait_params__rosidl_typesupport_introspection_c.h
[5.754s] -- Up-to-date: /home/lukat/unitree_mujoco_ws/COGAR_project/install/robot_interfaces/include/robot_interfaces/robot_interfaces/srv/detail/set_body_height__type_support.c
[5.755s] -- Up-to-date: /home/lukat/unitree_mujoco_ws/COGAR_project/install/robot_interfaces/include/robot_interfaces/robot_interfaces/srv/detail/update_gait_params__type_support.c
[5.755s] -- Up-to-date: /home/lukat/unitree_mujoco_ws/COGAR_project/install/robot_interfaces/include/robot_interfaces/robot_interfaces/srv/detail/update_single_param__type_support.c
[5.755s] -- Up-to-date: /home/lukat/unitree_mujoco_ws/COGAR_project/install/robot_interfaces/include/robot_interfaces/robot_interfaces/srv/detail/update_single_param__rosidl_typesupport_introspection_c.h
[5.756s] -- Up-to-date: /home/lukat/unitree_mujoco_ws/COGAR_project/install/robot_interfaces/include/robot_interfaces/robot_interfaces/msg
[5.756s] -- Up-to-date: /home/lukat/unitree_mujoco_ws/COGAR_project/install/robot_interfaces/include/robot_interfaces/robot_interfaces/msg/rosidl_typesupport_introspection_c__visibility_control.h
[5.756s] -- Up-to-date: /home/lukat/unitree_mujoco_ws/COGAR_project/install/robot_interfaces/include/robot_interfaces/robot_interfaces/msg/detail
[5.756s] -- Up-to-date: /home/lukat/unitree_mujoco_ws/COGAR_project/install/robot_interfaces/include/robot_interfaces/robot_interfaces/msg/detail/robot_state__rosidl_typesupport_introspection_c.h
[5.756s] -- Up-to-date: /home/lukat/unitree_mujoco_ws/COGAR_project/install/robot_interfaces/include/robot_interfaces/robot_interfaces/msg/detail/robot_state__type_support.c
[5.757s] -- Up-to-date: /home/lukat/unitree_mujoco_ws/COGAR_project/install/robot_interfaces/lib/librobot_interfaces__rosidl_typesupport_introspection_c.so
[5.758s] -- Up-to-date: /home/lukat/unitree_mujoco_ws/COGAR_project/install/robot_interfaces/lib/librobot_interfaces__rosidl_typesupport_c.so
[5.759s] -- Up-to-date: /home/lukat/unitree_mujoco_ws/COGAR_project/install/robot_interfaces/include/robot_interfaces/robot_interfaces
[5.760s] -- Up-to-date: /home/lukat/unitree_mujoco_ws/COGAR_project/install/robot_interfaces/include/robot_interfaces/robot_interfaces/srv
[5.761s] -- Up-to-date: /home/lukat/unitree_mujoco_ws/COGAR_project/install/robot_interfaces/include/robot_interfaces/robot_interfaces/srv/update_gait_params.hpp
[5.762s] -- Up-to-date: /home/lukat/unitree_mujoco_ws/COGAR_project/install/robot_interfaces/include/robot_interfaces/robot_interfaces/srv/set_body_height.hpp
[5.762s] -- Up-to-date: /home/lukat/unitree_mujoco_ws/COGAR_project/install/robot_interfaces/include/robot_interfaces/robot_interfaces/srv/detail
[5.762s] -- Up-to-date: /home/lukat/unitree_mujoco_ws/COGAR_project/install/robot_interfaces/include/robot_interfaces/robot_interfaces/srv/detail/update_single_param__type_support.hpp
[5.763s] -- Up-to-date: /home/lukat/unitree_mujoco_ws/COGAR_project/install/robot_interfaces/include/robot_interfaces/robot_interfaces/srv/detail/update_single_param__struct.hpp
[5.763s] -- Up-to-date: /home/lukat/unitree_mujoco_ws/COGAR_project/install/robot_interfaces/include/robot_interfaces/robot_interfaces/srv/detail/set_body_height__builder.hpp
[5.763s] -- Up-to-date: /home/lukat/unitree_mujoco_ws/COGAR_project/install/robot_interfaces/include/robot_interfaces/robot_interfaces/srv/detail/update_gait_params__struct.hpp
[5.764s] -- Up-to-date: /home/lukat/unitree_mujoco_ws/COGAR_project/install/robot_interfaces/include/robot_interfaces/robot_interfaces/srv/detail/update_single_param__traits.hpp
[5.764s] -- Up-to-date: /home/lukat/unitree_mujoco_ws/COGAR_project/install/robot_interfaces/include/robot_interfaces/robot_interfaces/srv/detail/update_gait_params__type_support.hpp
[5.764s] -- Up-to-date: /home/lukat/unitree_mujoco_ws/COGAR_project/install/robot_interfaces/include/robot_interfaces/robot_interfaces/srv/detail/set_body_height__type_support.hpp
[5.765s] -- Up-to-date: /home/lukat/unitree_mujoco_ws/COGAR_project/install/robot_interfaces/include/robot_interfaces/robot_interfaces/srv/detail/update_gait_params__builder.hpp
[5.765s] -- Up-to-date: /home/lukat/unitree_mujoco_ws/COGAR_project/install/robot_interfaces/include/robot_interfaces/robot_interfaces/srv/detail/set_body_height__struct.hpp
[5.765s] -- Up-to-date: /home/lukat/unitree_mujoco_ws/COGAR_project/install/robot_interfaces/include/robot_interfaces/robot_interfaces/srv/detail/set_body_height__traits.hpp
[5.765s] -- Up-to-date: /home/lukat/unitree_mujoco_ws/COGAR_project/install/robot_interfaces/include/robot_interfaces/robot_interfaces/srv/detail/update_single_param__builder.hpp
[5.766s] -- Up-to-date: /home/lukat/unitree_mujoco_ws/COGAR_project/install/robot_interfaces/include/robot_interfaces/robot_interfaces/srv/detail/update_gait_params__traits.hpp
[5.766s] -- Up-to-date: /home/lukat/unitree_mujoco_ws/COGAR_project/install/robot_interfaces/include/robot_interfaces/robot_interfaces/srv/update_single_param.hpp
[5.767s] -- Up-to-date: /home/lukat/unitree_mujoco_ws/COGAR_project/install/robot_interfaces/include/robot_interfaces/robot_interfaces/msg
[5.767s] -- Up-to-date: /home/lukat/unitree_mujoco_ws/COGAR_project/install/robot_interfaces/include/robot_interfaces/robot_interfaces/msg/robot_state.hpp
[5.767s] -- Up-to-date: /home/lukat/unitree_mujoco_ws/COGAR_project/install/robot_interfaces/include/robot_interfaces/robot_interfaces/msg/detail
[5.767s] -- Up-to-date: /home/lukat/unitree_mujoco_ws/COGAR_project/install/robot_interfaces/include/robot_interfaces/robot_interfaces/msg/detail/robot_state__struct.hpp
[5.768s] -- Up-to-date: /home/lukat/unitree_mujoco_ws/COGAR_project/install/robot_interfaces/include/robot_interfaces/robot_interfaces/msg/detail/robot_state__builder.hpp
[5.768s] -- Up-to-date: /home/lukat/unitree_mujoco_ws/COGAR_project/install/robot_interfaces/include/robot_interfaces/robot_interfaces/msg/detail/robot_state__type_support.hpp
[5.768s] -- Up-to-date: /home/lukat/unitree_mujoco_ws/COGAR_project/install/robot_interfaces/include/robot_interfaces/robot_interfaces/msg/detail/robot_state__traits.hpp
[5.768s] -- Up-to-date: /home/lukat/unitree_mujoco_ws/COGAR_project/install/robot_interfaces/include/robot_interfaces/robot_interfaces/msg/rosidl_generator_cpp__visibility_control.hpp
[5.769s] -- Up-to-date: /home/lukat/unitree_mujoco_ws/COGAR_project/install/robot_interfaces/include/robot_interfaces/robot_interfaces
[5.769s] -- Up-to-date: /home/lukat/unitree_mujoco_ws/COGAR_project/install/robot_interfaces/include/robot_interfaces/robot_interfaces/srv
[5.769s] -- Up-to-date: /home/lukat/unitree_mujoco_ws/COGAR_project/install/robot_interfaces/include/robot_interfaces/robot_interfaces/srv/detail
[5.770s] -- Up-to-date: /home/lukat/unitree_mujoco_ws/COGAR_project/install/robot_interfaces/include/robot_interfaces/robot_interfaces/srv/detail/update_gait_params__rosidl_typesupport_fastrtps_cpp.hpp
[5.770s] -- Up-to-date: /home/lukat/unitree_mujoco_ws/COGAR_project/install/robot_interfaces/include/robot_interfaces/robot_interfaces/srv/detail/update_single_param__rosidl_typesupport_fastrtps_cpp.hpp
[5.771s] -- Up-to-date: /home/lukat/unitree_mujoco_ws/COGAR_project/install/robot_interfaces/include/robot_interfaces/robot_interfaces/srv/detail/dds_fastrtps
[5.771s] -- Up-to-date: /home/lukat/unitree_mujoco_ws/COGAR_project/install/robot_interfaces/include/robot_interfaces/robot_interfaces/srv/detail/set_body_height__rosidl_typesupport_fastrtps_cpp.hpp
[5.771s] -- Up-to-date: /home/lukat/unitree_mujoco_ws/COGAR_project/install/robot_interfaces/include/robot_interfaces/robot_interfaces/msg
[5.772s] -- Up-to-date: /home/lukat/unitree_mujoco_ws/COGAR_project/install/robot_interfaces/include/robot_interfaces/robot_interfaces/msg/detail
[5.772s] -- Up-to-date: /home/lukat/unitree_mujoco_ws/COGAR_project/install/robot_interfaces/include/robot_interfaces/robot_interfaces/msg/detail/dds_fastrtps
[5.773s] -- Up-to-date: /home/lukat/unitree_mujoco_ws/COGAR_project/install/robot_interfaces/include/robot_interfaces/robot_interfaces/msg/detail/robot_state__rosidl_typesupport_fastrtps_cpp.hpp
[5.773s] -- Up-to-date: /home/lukat/unitree_mujoco_ws/COGAR_project/install/robot_interfaces/include/robot_interfaces/robot_interfaces/msg/rosidl_typesupport_fastrtps_cpp__visibility_control.h
[5.774s] -- Up-to-date: /home/lukat/unitree_mujoco_ws/COGAR_project/install/robot_interfaces/lib/librobot_interfaces__rosidl_typesupport_fastrtps_cpp.so
[5.775s] -- Up-to-date: /home/lukat/unitree_mujoco_ws/COGAR_project/install/robot_interfaces/include/robot_interfaces/robot_interfaces
[5.775s] -- Up-to-date: /home/lukat/unitree_mujoco_ws/COGAR_project/install/robot_interfaces/include/robot_interfaces/robot_interfaces/srv
[5.776s] -- Up-to-date: /home/lukat/unitree_mujoco_ws/COGAR_project/install/robot_interfaces/include/robot_interfaces/robot_interfaces/srv/detail
[5.778s] -- Up-to-date: /home/lukat/unitree_mujoco_ws/COGAR_project/install/robot_interfaces/include/robot_interfaces/robot_interfaces/srv/detail/update_gait_params__type_support.cpp
[5.778s] -- Up-to-date: /home/lukat/unitree_mujoco_ws/COGAR_project/install/robot_interfaces/include/robot_interfaces/robot_interfaces/srv/detail/set_body_height__type_support.cpp
[5.779s] -- Up-to-date: /home/lukat/unitree_mujoco_ws/COGAR_project/install/robot_interfaces/include/robot_interfaces/robot_interfaces/srv/detail/update_gait_params__rosidl_typesupport_introspection_cpp.hpp
[5.779s] -- Up-to-date: /home/lukat/unitree_mujoco_ws/COGAR_project/install/robot_interfaces/include/robot_interfaces/robot_interfaces/srv/detail/set_body_height__rosidl_typesupport_introspection_cpp.hpp
[5.779s] -- Up-to-date: /home/lukat/unitree_mujoco_ws/COGAR_project/install/robot_interfaces/include/robot_interfaces/robot_interfaces/srv/detail/update_single_param__type_support.cpp
[5.779s] -- Up-to-date: /home/lukat/unitree_mujoco_ws/COGAR_project/install/robot_interfaces/include/robot_interfaces/robot_interfaces/srv/detail/update_single_param__rosidl_typesupport_introspection_cpp.hpp
[5.779s] -- Up-to-date: /home/lukat/unitree_mujoco_ws/COGAR_project/install/robot_interfaces/include/robot_interfaces/robot_interfaces/msg
[5.780s] -- Up-to-date: /home/lukat/unitree_mujoco_ws/COGAR_project/install/robot_interfaces/include/robot_interfaces/robot_interfaces/msg/detail
[5.780s] -- Up-to-date: /home/lukat/unitree_mujoco_ws/COGAR_project/install/robot_interfaces/include/robot_interfaces/robot_interfaces/msg/detail/robot_state__type_support.cpp
[5.780s] -- Up-to-date: /home/lukat/unitree_mujoco_ws/COGAR_project/install/robot_interfaces/include/robot_interfaces/robot_interfaces/msg/detail/robot_state__rosidl_typesupport_introspection_cpp.hpp
[5.780s] -- Up-to-date: /home/lukat/unitree_mujoco_ws/COGAR_project/install/robot_interfaces/lib/librobot_interfaces__rosidl_typesupport_introspection_cpp.so
[5.780s] -- Up-to-date: /home/lukat/unitree_mujoco_ws/COGAR_project/install/robot_interfaces/lib/librobot_interfaces__rosidl_typesupport_cpp.so
[5.780s] -- Up-to-date: /home/lukat/unitree_mujoco_ws/COGAR_project/install/robot_interfaces/share/robot_interfaces/environment/pythonpath.sh
[5.781s] -- Up-to-date: /home/lukat/unitree_mujoco_ws/COGAR_project/install/robot_interfaces/share/robot_interfaces/environment/pythonpath.dsv
[5.781s] -- Up-to-date: /home/lukat/unitree_mujoco_ws/COGAR_project/install/robot_interfaces/local/lib/python3.10/dist-packages/robot_interfaces-0.0.0-py3.10.egg-info
[5.781s] -- Installing: /home/lukat/unitree_mujoco_ws/COGAR_project/install/robot_interfaces/local/lib/python3.10/dist-packages/robot_interfaces-0.0.0-py3.10.egg-info/PKG-INFO
[5.783s] -- Installing: /home/lukat/unitree_mujoco_ws/COGAR_project/install/robot_interfaces/local/lib/python3.10/dist-packages/robot_interfaces-0.0.0-py3.10.egg-info/SOURCES.txt
[5.783s] -- Installing: /home/lukat/unitree_mujoco_ws/COGAR_project/install/robot_interfaces/local/lib/python3.10/dist-packages/robot_interfaces-0.0.0-py3.10.egg-info/top_level.txt
[5.784s] -- Installing: /home/lukat/unitree_mujoco_ws/COGAR_project/install/robot_interfaces/local/lib/python3.10/dist-packages/robot_interfaces-0.0.0-py3.10.egg-info/dependency_links.txt
[5.784s] -- Up-to-date: /home/lukat/unitree_mujoco_ws/COGAR_project/install/robot_interfaces/local/lib/python3.10/dist-packages/robot_interfaces
[5.784s] -- Up-to-date: /home/lukat/unitree_mujoco_ws/COGAR_project/install/robot_interfaces/local/lib/python3.10/dist-packages/robot_interfaces/_robot_interfaces_s.ep.rosidl_typesupport_introspection_c.c
[5.785s] -- Up-to-date: /home/lukat/unitree_mujoco_ws/COGAR_project/install/robot_interfaces/local/lib/python3.10/dist-packages/robot_interfaces/librobot_interfaces__rosidl_generator_py.so
[5.785s] -- Up-to-date: /home/lukat/unitree_mujoco_ws/COGAR_project/install/robot_interfaces/local/lib/python3.10/dist-packages/robot_interfaces/robot_interfaces_s__rosidl_typesupport_c.cpython-310-x86_64-linux-gnu.so
[5.786s] -- Up-to-date: /home/lukat/unitree_mujoco_ws/COGAR_project/install/robot_interfaces/local/lib/python3.10/dist-packages/robot_interfaces/srv
[5.786s] -- Up-to-date: /home/lukat/unitree_mujoco_ws/COGAR_project/install/robot_interfaces/local/lib/python3.10/dist-packages/robot_interfaces/srv/_update_single_param_s.c
[5.786s] -- Up-to-date: /home/lukat/unitree_mujoco_ws/COGAR_project/install/robot_interfaces/local/lib/python3.10/dist-packages/robot_interfaces/srv/_set_body_height_s.c
[5.786s] -- Up-to-date: /home/lukat/unitree_mujoco_ws/COGAR_project/install/robot_interfaces/local/lib/python3.10/dist-packages/robot_interfaces/srv/_update_single_param.py
[5.787s] -- Up-to-date: /home/lukat/unitree_mujoco_ws/COGAR_project/install/robot_interfaces/local/lib/python3.10/dist-packages/robot_interfaces/srv/__init__.py
[5.787s] -- Up-to-date: /home/lukat/unitree_mujoco_ws/COGAR_project/install/robot_interfaces/local/lib/python3.10/dist-packages/robot_interfaces/srv/_update_gait_params_s.c
[5.787s] -- Up-to-date: /home/lukat/unitree_mujoco_ws/COGAR_project/install/robot_interfaces/local/lib/python3.10/dist-packages/robot_interfaces/srv/_update_gait_params.py
[5.787s] -- Up-to-date: /home/lukat/unitree_mujoco_ws/COGAR_project/install/robot_interfaces/local/lib/python3.10/dist-packages/robot_interfaces/srv/_set_body_height.py
[5.788s] -- Up-to-date: /home/lukat/unitree_mujoco_ws/COGAR_project/install/robot_interfaces/local/lib/python3.10/dist-packages/robot_interfaces/robot_interfaces_s__rosidl_typesupport_fastrtps_c.cpython-310-x86_64-linux-gnu.so
[5.788s] -- Up-to-date: /home/lukat/unitree_mujoco_ws/COGAR_project/install/robot_interfaces/local/lib/python3.10/dist-packages/robot_interfaces/__init__.py
[5.788s] -- Up-to-date: /home/lukat/unitree_mujoco_ws/COGAR_project/install/robot_interfaces/local/lib/python3.10/dist-packages/robot_interfaces/msg
[5.788s] -- Up-to-date: /home/lukat/unitree_mujoco_ws/COGAR_project/install/robot_interfaces/local/lib/python3.10/dist-packages/robot_interfaces/msg/_robot_state_s.c
[5.789s] -- Up-to-date: /home/lukat/unitree_mujoco_ws/COGAR_project/install/robot_interfaces/local/lib/python3.10/dist-packages/robot_interfaces/msg/__init__.py
[5.790s] -- Up-to-date: /home/lukat/unitree_mujoco_ws/COGAR_project/install/robot_interfaces/local/lib/python3.10/dist-packages/robot_interfaces/msg/_robot_state.py
[5.790s] -- Up-to-date: /home/lukat/unitree_mujoco_ws/COGAR_project/install/robot_interfaces/local/lib/python3.10/dist-packages/robot_interfaces/robot_interfaces_s__rosidl_typesupport_introspection_c.cpython-310-x86_64-linux-gnu.so
[5.791s] -- Up-to-date: /home/lukat/unitree_mujoco_ws/COGAR_project/install/robot_interfaces/local/lib/python3.10/dist-packages/robot_interfaces/_robot_interfaces_s.ep.rosidl_typesupport_fastrtps_c.c
[5.792s] -- Up-to-date: /home/lukat/unitree_mujoco_ws/COGAR_project/install/robot_interfaces/local/lib/python3.10/dist-packages/robot_interfaces/_robot_interfaces_s.ep.rosidl_typesupport_c.c
[5.896s] Listing '/home/lukat/unitree_mujoco_ws/COGAR_project/install/robot_interfaces/local/lib/python3.10/dist-packages/robot_interfaces'...
[5.896s] Listing '/home/lukat/unitree_mujoco_ws/COGAR_project/install/robot_interfaces/local/lib/python3.10/dist-packages/robot_interfaces/msg'...
[5.897s] Listing '/home/lukat/unitree_mujoco_ws/COGAR_project/install/robot_interfaces/local/lib/python3.10/dist-packages/robot_interfaces/srv'...
[5.948s] -- Up-to-date: /home/lukat/unitree_mujoco_ws/COGAR_project/install/robot_interfaces/local/lib/python3.10/dist-packages/robot_interfaces/robot_interfaces_s__rosidl_typesupport_fastrtps_c.cpython-310-x86_64-linux-gnu.so
[5.956s] -- Up-to-date: /home/lukat/unitree_mujoco_ws/COGAR_project/install/robot_interfaces/local/lib/python3.10/dist-packages/robot_interfaces/robot_interfaces_s__rosidl_typesupport_introspection_c.cpython-310-x86_64-linux-gnu.so
[5.957s] -- Up-to-date: /home/lukat/unitree_mujoco_ws/COGAR_project/install/robot_interfaces/local/lib/python3.10/dist-packages/robot_interfaces/robot_interfaces_s__rosidl_typesupport_c.cpython-310-x86_64-linux-gnu.so
[5.958s] -- Up-to-date: /home/lukat/unitree_mujoco_ws/COGAR_project/install/robot_interfaces/lib/librobot_interfaces__rosidl_generator_py.so
[5.959s] -- Up-to-date: /home/lukat/unitree_mujoco_ws/COGAR_project/install/robot_interfaces/share/ament_index/resource_index/rust_packages/robot_interfaces
[5.959s] -- Up-to-date: /home/lukat/unitree_mujoco_ws/COGAR_project/install/robot_interfaces/share/robot_interfaces/rust
[5.959s] -- Up-to-date: /home/lukat/unitree_mujoco_ws/COGAR_project/install/robot_interfaces/share/robot_interfaces/rust/Cargo.toml
[5.960s] -- Up-to-date: /home/lukat/unitree_mujoco_ws/COGAR_project/install/robot_interfaces/share/robot_interfaces/rust/src
[5.960s] -- Up-to-date: /home/lukat/unitree_mujoco_ws/COGAR_project/install/robot_interfaces/share/robot_interfaces/rust/src/msg.rs
[5.961s] -- Up-to-date: /home/lukat/unitree_mujoco_ws/COGAR_project/install/robot_interfaces/share/robot_interfaces/rust/src/srv.rs
[5.961s] -- Up-to-date: /home/lukat/unitree_mujoco_ws/COGAR_project/install/robot_interfaces/share/robot_interfaces/rust/src/srv
[5.962s] -- Up-to-date: /home/lukat/unitree_mujoco_ws/COGAR_project/install/robot_interfaces/share/robot_interfaces/rust/src/srv/rmw.rs
[5.965s] -- Up-to-date: /home/lukat/unitree_mujoco_ws/COGAR_project/install/robot_interfaces/share/robot_interfaces/rust/src/msg
[5.965s] -- Up-to-date: /home/lukat/unitree_mujoco_ws/COGAR_project/install/robot_interfaces/share/robot_interfaces/rust/src/msg/rmw.rs
[5.966s] -- Up-to-date: /home/lukat/unitree_mujoco_ws/COGAR_project/install/robot_interfaces/share/robot_interfaces/rust/src/lib.rs
[5.967s] -- Up-to-date: /home/lukat/unitree_mujoco_ws/COGAR_project/install/robot_interfaces/share/robot_interfaces/rust/build.rs
[5.967s] -- Up-to-date: /home/lukat/unitree_mujoco_ws/COGAR_project/install/robot_interfaces/share/robot_interfaces/msg/RobotState.idl
[5.968s] -- Up-to-date: /home/lukat/unitree_mujoco_ws/COGAR_project/install/robot_interfaces/share/robot_interfaces/srv/UpdateGaitParams.idl
[5.968s] -- Up-to-date: /home/lukat/unitree_mujoco_ws/COGAR_project/install/robot_interfaces/share/robot_interfaces/srv/UpdateSingleParam.idl
[5.969s] -- Up-to-date: /home/lukat/unitree_mujoco_ws/COGAR_project/install/robot_interfaces/share/robot_interfaces/srv/SetBodyHeight.idl
[5.969s] -- Up-to-date: /home/lukat/unitree_mujoco_ws/COGAR_project/install/robot_interfaces/share/robot_interfaces/msg/RobotState.msg
[5.969s] -- Up-to-date: /home/lukat/unitree_mujoco_ws/COGAR_project/install/robot_interfaces/share/robot_interfaces/srv/UpdateGaitParams.srv
[5.971s] -- Up-to-date: /home/lukat/unitree_mujoco_ws/COGAR_project/install/robot_interfaces/share/robot_interfaces/srv/UpdateGaitParams_Request.msg
[5.972s] -- Up-to-date: /home/lukat/unitree_mujoco_ws/COGAR_project/install/robot_interfaces/share/robot_interfaces/srv/UpdateGaitParams_Response.msg
[5.972s] -- Up-to-date: /home/lukat/unitree_mujoco_ws/COGAR_project/install/robot_interfaces/share/robot_interfaces/srv/UpdateSingleParam.srv
[5.972s] -- Up-to-date: /home/lukat/unitree_mujoco_ws/COGAR_project/install/robot_interfaces/share/robot_interfaces/srv/UpdateSingleParam_Request.msg
[5.973s] -- Up-to-date: /home/lukat/unitree_mujoco_ws/COGAR_project/install/robot_interfaces/share/robot_interfaces/srv/UpdateSingleParam_Response.msg
[5.974s] -- Up-to-date: /home/lukat/unitree_mujoco_ws/COGAR_project/install/robot_interfaces/share/robot_interfaces/srv/SetBodyHeight.srv
[5.975s] -- Up-to-date: /home/lukat/unitree_mujoco_ws/COGAR_project/install/robot_interfaces/share/robot_interfaces/srv/SetBodyHeight_Request.msg
[5.977s] -- Up-to-date: /home/lukat/unitree_mujoco_ws/COGAR_project/install/robot_interfaces/share/robot_interfaces/srv/SetBodyHeight_Response.msg
[5.977s] -- Up-to-date: /home/lukat/unitree_mujoco_ws/COGAR_project/install/robot_interfaces/share/ament_index/resource_index/package_run_dependencies/robot_interfaces
[5.977s] -- Up-to-date: /home/lukat/unitree_mujoco_ws/COGAR_project/install/robot_interfaces/share/ament_index/resource_index/parent_prefix_path/robot_interfaces
[5.978s] -- Up-to-date: /home/lukat/unitree_mujoco_ws/COGAR_project/install/robot_interfaces/share/robot_interfaces/environment/ament_prefix_path.sh
[5.978s] -- Up-to-date: /home/lukat/unitree_mujoco_ws/COGAR_project/install/robot_interfaces/share/robot_interfaces/environment/ament_prefix_path.dsv
[5.978s] -- Up-to-date: /home/lukat/unitree_mujoco_ws/COGAR_project/install/robot_interfaces/share/robot_interfaces/environment/path.sh
[5.978s] -- Up-to-date: /home/lukat/unitree_mujoco_ws/COGAR_project/install/robot_interfaces/share/robot_interfaces/environment/path.dsv
[5.979s] -- Up-to-date: /home/lukat/unitree_mujoco_ws/COGAR_project/install/robot_interfaces/share/robot_interfaces/local_setup.bash
[5.979s] -- Up-to-date: /home/lukat/unitree_mujoco_ws/COGAR_project/install/robot_interfaces/share/robot_interfaces/local_setup.sh
[5.979s] -- Up-to-date: /home/lukat/unitree_mujoco_ws/COGAR_project/install/robot_interfaces/share/robot_interfaces/local_setup.zsh
[5.979s] -- Up-to-date: /home/lukat/unitree_mujoco_ws/COGAR_project/install/robot_interfaces/share/robot_interfaces/local_setup.dsv
[5.980s] -- Installing: /home/lukat/unitree_mujoco_ws/COGAR_project/install/robot_interfaces/share/robot_interfaces/package.dsv
[5.980s] -- Up-to-date: /home/lukat/unitree_mujoco_ws/COGAR_project/install/robot_interfaces/share/ament_index/resource_index/packages/robot_interfaces
[5.980s] -- Up-to-date: /home/lukat/unitree_mujoco_ws/COGAR_project/install/robot_interfaces/share/robot_interfaces/cmake/export_robot_interfaces__rosidl_generator_cExport.cmake
[5.981s] -- Up-to-date: /home/lukat/unitree_mujoco_ws/COGAR_project/install/robot_interfaces/share/robot_interfaces/cmake/export_robot_interfaces__rosidl_generator_cExport-noconfig.cmake
[5.981s] -- Up-to-date: /home/lukat/unitree_mujoco_ws/COGAR_project/install/robot_interfaces/share/robot_interfaces/cmake/export_robot_interfaces__rosidl_typesupport_fastrtps_cExport.cmake
[5.982s] -- Up-to-date: /home/lukat/unitree_mujoco_ws/COGAR_project/install/robot_interfaces/share/robot_interfaces/cmake/export_robot_interfaces__rosidl_typesupport_fastrtps_cExport-noconfig.cmake
[5.982s] -- Up-to-date: /home/lukat/unitree_mujoco_ws/COGAR_project/install/robot_interfaces/share/robot_interfaces/cmake/robot_interfaces__rosidl_typesupport_introspection_cExport.cmake
[5.982s] -- Up-to-date: /home/lukat/unitree_mujoco_ws/COGAR_project/install/robot_interfaces/share/robot_interfaces/cmake/robot_interfaces__rosidl_typesupport_introspection_cExport-noconfig.cmake
[5.983s] -- Up-to-date: /home/lukat/unitree_mujoco_ws/COGAR_project/install/robot_interfaces/share/robot_interfaces/cmake/robot_interfaces__rosidl_typesupport_cExport.cmake
[5.983s] -- Up-to-date: /home/lukat/unitree_mujoco_ws/COGAR_project/install/robot_interfaces/share/robot_interfaces/cmake/robot_interfaces__rosidl_typesupport_cExport-noconfig.cmake
[5.983s] -- Up-to-date: /home/lukat/unitree_mujoco_ws/COGAR_project/install/robot_interfaces/share/robot_interfaces/cmake/export_robot_interfaces__rosidl_generator_cppExport.cmake
[5.984s] -- Up-to-date: /home/lukat/unitree_mujoco_ws/COGAR_project/install/robot_interfaces/share/robot_interfaces/cmake/export_robot_interfaces__rosidl_typesupport_fastrtps_cppExport.cmake
[5.986s] -- Up-to-date: /home/lukat/unitree_mujoco_ws/COGAR_project/install/robot_interfaces/share/robot_interfaces/cmake/export_robot_interfaces__rosidl_typesupport_fastrtps_cppExport-noconfig.cmake
[5.991s] -- Up-to-date: /home/lukat/unitree_mujoco_ws/COGAR_project/install/robot_interfaces/share/robot_interfaces/cmake/robot_interfaces__rosidl_typesupport_introspection_cppExport.cmake
[5.991s] -- Up-to-date: /home/lukat/unitree_mujoco_ws/COGAR_project/install/robot_interfaces/share/robot_interfaces/cmake/robot_interfaces__rosidl_typesupport_introspection_cppExport-noconfig.cmake
[5.991s] -- Up-to-date: /home/lukat/unitree_mujoco_ws/COGAR_project/install/robot_interfaces/share/robot_interfaces/cmake/robot_interfaces__rosidl_typesupport_cppExport.cmake
[5.992s] -- Up-to-date: /home/lukat/unitree_mujoco_ws/COGAR_project/install/robot_interfaces/share/robot_interfaces/cmake/robot_interfaces__rosidl_typesupport_cppExport-noconfig.cmake
[5.992s] -- Up-to-date: /home/lukat/unitree_mujoco_ws/COGAR_project/install/robot_interfaces/share/robot_interfaces/cmake/export_robot_interfaces__rosidl_generator_pyExport.cmake
[5.992s] -- Up-to-date: /home/lukat/unitree_mujoco_ws/COGAR_project/install/robot_interfaces/share/robot_interfaces/cmake/export_robot_interfaces__rosidl_generator_pyExport-noconfig.cmake
[5.992s] -- Up-to-date: /home/lukat/unitree_mujoco_ws/COGAR_project/install/robot_interfaces/share/robot_interfaces/cmake/rosidl_cmake-extras.cmake
[5.992s] -- Up-to-date: /home/lukat/unitree_mujoco_ws/COGAR_project/install/robot_interfaces/share/robot_interfaces/cmake/ament_cmake_export_dependencies-extras.cmake
[5.993s] -- Up-to-date: /home/lukat/unitree_mujoco_ws/COGAR_project/install/robot_interfaces/share/robot_interfaces/cmake/ament_cmake_export_include_directories-extras.cmake
[5.993s] -- Up-to-date: /home/lukat/unitree_mujoco_ws/COGAR_project/install/robot_interfaces/share/robot_interfaces/cmake/ament_cmake_export_libraries-extras.cmake
[5.993s] -- Up-to-date: /home/lukat/unitree_mujoco_ws/COGAR_project/install/robot_interfaces/share/robot_interfaces/cmake/ament_cmake_export_targets-extras.cmake
[5.993s] -- Up-to-date: /home/lukat/unitree_mujoco_ws/COGAR_project/install/robot_interfaces/share/robot_interfaces/cmake/rosidl_cmake_export_typesupport_targets-extras.cmake
[5.993s] -- Up-to-date: /home/lukat/unitree_mujoco_ws/COGAR_project/install/robot_interfaces/share/robot_interfaces/cmake/rosidl_cmake_export_typesupport_libraries-extras.cmake
[5.993s] -- Up-to-date: /home/lukat/unitree_mujoco_ws/COGAR_project/install/robot_interfaces/share/robot_interfaces/cmake/robot_interfacesConfig.cmake
[5.994s] -- Up-to-date: /home/lukat/unitree_mujoco_ws/COGAR_project/install/robot_interfaces/share/robot_interfaces/cmake/robot_interfacesConfig-version.cmake
[5.995s] -- Up-to-date: /home/lukat/unitree_mujoco_ws/COGAR_project/install/robot_interfaces/share/robot_interfaces/package.xml
[5.998s] Invoked command in '/home/lukat/unitree_mujoco_ws/COGAR_project/build/robot_interfaces' returned '0': CMAKE_PREFIX_PATH=${CMAKE_PREFIX_PATH}:/home/lukat/unitree_mujoco_ws/COGAR_project/install/simulation_py:/home/lukat/unitree_mujoco_ws/COGAR_project/install/convex_mpc:/home/lukat/unitree_mujoco_ws/COGAR_project/install/controller:/opt/ros/humble /usr/bin/cmake --build /home/lukat/unitree_mujoco_ws/COGAR_project/build/robot_interfaces --target install -- -j8 -l8
