[0.734s] DEBUG:colcon:Command line arguments: ['/usr/bin/colcon', 'build', '--packages-select', 'convex_mpc', '--symlink-install']
[0.734s] DEBUG:colcon:Parsed command line arguments: Namespace(log_base=None, log_level=None, verb_name='build', build_base='build', install_base='install', merge_install=False, symlink_install=True, test_result_base=None, continue_on_error=False, executor='parallel', parallel_workers=8, event_handlers=None, ignore_user_meta=False, metas=['./colcon.meta'], base_paths=['.'], packages_ignore=None, packages_ignore_regex=None, paths=None, packages_up_to=None, packages_up_to_regex=None, packages_above=None, packages_above_and_dependencies=None, packages_above_depth=None, packages_select_by_dep=None, packages_skip_by_dep=None, packages_skip_up_to=None, packages_select_build_failed=False, packages_skip_build_finished=False, packages_select_test_failures=False, packages_skip_test_passed=False, packages_select=['convex_mpc'], packages_skip=None, packages_select_regex=None, packages_skip_regex=None, packages_start=None, packages_end=None, allow_overriding=[], cmake_args=None, cmake_target=None, cmake_target_skip_unavailable=False, cmake_clean_cache=False, cmake_clean_first=False, cmake_force_configure=False, ament_cmake_args=None, catkin_cmake_args=None, catkin_skip_building_tests=False, mixin_files=None, mixin=None, verb_parser=<colcon_mixin.mixin.mixin_argument.MixinArgumentDecorator object at 0x7b9861b46d40>, verb_extension=<colcon_core.verb.build.BuildVerb object at 0x7b9861b460e0>, main=<bound method BuildVerb.main of <colcon_core.verb.build.BuildVerb object at 0x7b9861b460e0>>, mixin_verb=('build',))
[1.397s] Level 1:colcon.colcon_core.package_discovery:discover_packages(colcon_meta) check parameters
[1.397s] Level 1:colcon.colcon_core.package_discovery:discover_packages(recursive) check parameters
[1.397s] Level 1:colcon.colcon_core.package_discovery:discover_packages(ignore) check parameters
[1.398s] Level 1:colcon.colcon_core.package_discovery:discover_packages(path) check parameters
[1.398s] Level 1:colcon.colcon_core.package_discovery:discover_packages(colcon_meta) discover
[1.398s] Level 1:colcon.colcon_core.package_discovery:discover_packages(recursive) discover
[1.398s] INFO:colcon.colcon_core.package_discovery:Crawling recursively for packages in '/home/lukat/unitree_mujoco_ws/COGAR_project'
[1.398s] Level 1:colcon.colcon_core.package_identification:_identify(.) by extensions ['ignore', 'ignore_ament_install']
[1.398s] Level 1:colcon.colcon_core.package_identification:_identify(.) by extension 'ignore'
[1.398s] Level 1:colcon.colcon_core.package_identification:_identify(.) by extension 'ignore_ament_install'
[1.398s] Level 1:colcon.colcon_core.package_identification:_identify(.) by extensions ['colcon_pkg']
[1.398s] Level 1:colcon.colcon_core.package_identification:_identify(.) by extension 'colcon_pkg'
[1.398s] Level 1:colcon.colcon_core.package_identification:_identify(.) by extensions ['colcon_meta']
[1.398s] Level 1:colcon.colcon_core.package_identification:_identify(.) by extension 'colcon_meta'
[1.399s] Level 1:colcon.colcon_core.package_identification:_identify(.) by extensions ['ros']
[1.399s] Level 1:colcon.colcon_core.package_identification:_identify(.) by extension 'ros'
[1.427s] Level 1:colcon.colcon_core.package_identification:_identify(.) by extensions ['cmake', 'python']
[1.427s] Level 1:colcon.colcon_core.package_identification:_identify(.) by extension 'cmake'
[1.427s] Level 1:colcon.colcon_core.package_identification:_identify(.) by extension 'python'
[1.427s] Level 1:colcon.colcon_core.package_identification:_identify(.) by extensions ['python_setup_py']
[1.428s] Level 1:colcon.colcon_core.package_identification:_identify(.) by extension 'python_setup_py'
[1.428s] Level 1:colcon.colcon_core.package_identification:_identify(build) by extensions ['ignore', 'ignore_ament_install']
[1.428s] Level 1:colcon.colcon_core.package_identification:_identify(build) by extension 'ignore'
[1.428s] Level 1:colcon.colcon_core.package_identification:_identify(build) ignored
[1.428s] Level 1:colcon.colcon_core.package_identification:_identify(install) by extensions ['ignore', 'ignore_ament_install']
[1.429s] Level 1:colcon.colcon_core.package_identification:_identify(install) by extension 'ignore'
[1.429s] Level 1:colcon.colcon_core.package_identification:_identify(install) ignored
[1.429s] Level 1:colcon.colcon_core.package_identification:_identify(log) by extensions ['ignore', 'ignore_ament_install']
[1.429s] Level 1:colcon.colcon_core.package_identification:_identify(log) by extension 'ignore'
[1.429s] Level 1:colcon.colcon_core.package_identification:_identify(log) ignored
[1.429s] Level 1:colcon.colcon_core.package_identification:_identify(models) by extensions ['ignore', 'ignore_ament_install']
[1.429s] Level 1:colcon.colcon_core.package_identification:_identify(models) by extension 'ignore'
[1.429s] Level 1:colcon.colcon_core.package_identification:_identify(models) by extension 'ignore_ament_install'
[1.430s] Level 1:colcon.colcon_core.package_identification:_identify(models) by extensions ['colcon_pkg']
[1.430s] Level 1:colcon.colcon_core.package_identification:_identify(models) by extension 'colcon_pkg'
[1.430s] Level 1:colcon.colcon_core.package_identification:_identify(models) by extensions ['colcon_meta']
[1.430s] Level 1:colcon.colcon_core.package_identification:_identify(models) by extension 'colcon_meta'
[1.430s] Level 1:colcon.colcon_core.package_identification:_identify(models) by extensions ['ros']
[1.430s] Level 1:colcon.colcon_core.package_identification:_identify(models) by extension 'ros'
[1.430s] Level 1:colcon.colcon_core.package_identification:_identify(models) by extensions ['cmake', 'python']
[1.430s] Level 1:colcon.colcon_core.package_identification:_identify(models) by extension 'cmake'
[1.430s] Level 1:colcon.colcon_core.package_identification:_identify(models) by extension 'python'
[1.430s] Level 1:colcon.colcon_core.package_identification:_identify(models) by extensions ['python_setup_py']
[1.430s] Level 1:colcon.colcon_core.package_identification:_identify(models) by extension 'python_setup_py'
[1.431s] Level 1:colcon.colcon_core.package_identification:_identify(models/MJCF) by extensions ['ignore', 'ignore_ament_install']
[1.431s] Level 1:colcon.colcon_core.package_identification:_identify(models/MJCF) by extension 'ignore'
[1.431s] Level 1:colcon.colcon_core.package_identification:_identify(models/MJCF) by extension 'ignore_ament_install'
[1.431s] Level 1:colcon.colcon_core.package_identification:_identify(models/MJCF) by extensions ['colcon_pkg']
[1.431s] Level 1:colcon.colcon_core.package_identification:_identify(models/MJCF) by extension 'colcon_pkg'
[1.431s] Level 1:colcon.colcon_core.package_identification:_identify(models/MJCF) by extensions ['colcon_meta']
[1.431s] Level 1:colcon.colcon_core.package_identification:_identify(models/MJCF) by extension 'colcon_meta'
[1.431s] Level 1:colcon.colcon_core.package_identification:_identify(models/MJCF) by extensions ['ros']
[1.431s] Level 1:colcon.colcon_core.package_identification:_identify(models/MJCF) by extension 'ros'
[1.432s] Level 1:colcon.colcon_core.package_identification:_identify(models/MJCF) by extensions ['cmake', 'python']
[1.432s] Level 1:colcon.colcon_core.package_identification:_identify(models/MJCF) by extension 'cmake'
[1.432s] Level 1:colcon.colcon_core.package_identification:_identify(models/MJCF) by extension 'python'
[1.432s] Level 1:colcon.colcon_core.package_identification:_identify(models/MJCF) by extensions ['python_setup_py']
[1.432s] Level 1:colcon.colcon_core.package_identification:_identify(models/MJCF) by extension 'python_setup_py'
[1.432s] Level 1:colcon.colcon_core.package_identification:_identify(models/MJCF/go2) by extensions ['ignore', 'ignore_ament_install']
[1.432s] Level 1:colcon.colcon_core.package_identification:_identify(models/MJCF/go2) by extension 'ignore'
[1.432s] Level 1:colcon.colcon_core.package_identification:_identify(models/MJCF/go2) by extension 'ignore_ament_install'
[1.432s] Level 1:colcon.colcon_core.package_identification:_identify(models/MJCF/go2) by extensions ['colcon_pkg']
[1.433s] Level 1:colcon.colcon_core.package_identification:_identify(models/MJCF/go2) by extension 'colcon_pkg'
[1.433s] Level 1:colcon.colcon_core.package_identification:_identify(models/MJCF/go2) by extensions ['colcon_meta']
[1.433s] Level 1:colcon.colcon_core.package_identification:_identify(models/MJCF/go2) by extension 'colcon_meta'
[1.433s] Level 1:colcon.colcon_core.package_identification:_identify(models/MJCF/go2) by extensions ['ros']
[1.433s] Level 1:colcon.colcon_core.package_identification:_identify(models/MJCF/go2) by extension 'ros'
[1.434s] Level 1:colcon.colcon_core.package_identification:_identify(models/MJCF/go2) by extensions ['cmake', 'python']
[1.434s] Level 1:colcon.colcon_core.package_identification:_identify(models/MJCF/go2) by extension 'cmake'
[1.434s] Level 1:colcon.colcon_core.package_identification:_identify(models/MJCF/go2) by extension 'python'
[1.434s] Level 1:colcon.colcon_core.package_identification:_identify(models/MJCF/go2) by extensions ['python_setup_py']
[1.434s] Level 1:colcon.colcon_core.package_identification:_identify(models/MJCF/go2) by extension 'python_setup_py'
[1.434s] Level 1:colcon.colcon_core.package_identification:_identify(models/MJCF/go2/assets) by extensions ['ignore', 'ignore_ament_install']
[1.434s] Level 1:colcon.colcon_core.package_identification:_identify(models/MJCF/go2/assets) by extension 'ignore'
[1.434s] Level 1:colcon.colcon_core.package_identification:_identify(models/MJCF/go2/assets) by extension 'ignore_ament_install'
[1.435s] Level 1:colcon.colcon_core.package_identification:_identify(models/MJCF/go2/assets) by extensions ['colcon_pkg']
[1.435s] Level 1:colcon.colcon_core.package_identification:_identify(models/MJCF/go2/assets) by extension 'colcon_pkg'
[1.435s] Level 1:colcon.colcon_core.package_identification:_identify(models/MJCF/go2/assets) by extensions ['colcon_meta']
[1.435s] Level 1:colcon.colcon_core.package_identification:_identify(models/MJCF/go2/assets) by extension 'colcon_meta'
[1.435s] Level 1:colcon.colcon_core.package_identification:_identify(models/MJCF/go2/assets) by extensions ['ros']
[1.435s] Level 1:colcon.colcon_core.package_identification:_identify(models/MJCF/go2/assets) by extension 'ros'
[1.435s] Level 1:colcon.colcon_core.package_identification:_identify(models/MJCF/go2/assets) by extensions ['cmake', 'python']
[1.435s] Level 1:colcon.colcon_core.package_identification:_identify(models/MJCF/go2/assets) by extension 'cmake'
[1.435s] Level 1:colcon.colcon_core.package_identification:_identify(models/MJCF/go2/assets) by extension 'python'
[1.435s] Level 1:colcon.colcon_core.package_identification:_identify(models/MJCF/go2/assets) by extensions ['python_setup_py']
[1.436s] Level 1:colcon.colcon_core.package_identification:_identify(models/MJCF/go2/assets) by extension 'python_setup_py'
[1.436s] Level 1:colcon.colcon_core.package_identification:_identify(models/URDF) by extensions ['ignore', 'ignore_ament_install']
[1.436s] Level 1:colcon.colcon_core.package_identification:_identify(models/URDF) by extension 'ignore'
[1.436s] Level 1:colcon.colcon_core.package_identification:_identify(models/URDF) by extension 'ignore_ament_install'
[1.436s] Level 1:colcon.colcon_core.package_identification:_identify(models/URDF) by extensions ['colcon_pkg']
[1.436s] Level 1:colcon.colcon_core.package_identification:_identify(models/URDF) by extension 'colcon_pkg'
[1.436s] Level 1:colcon.colcon_core.package_identification:_identify(models/URDF) by extensions ['colcon_meta']
[1.436s] Level 1:colcon.colcon_core.package_identification:_identify(models/URDF) by extension 'colcon_meta'
[1.436s] Level 1:colcon.colcon_core.package_identification:_identify(models/URDF) by extensions ['ros']
[1.436s] Level 1:colcon.colcon_core.package_identification:_identify(models/URDF) by extension 'ros'
[1.437s] Level 1:colcon.colcon_core.package_identification:_identify(models/URDF) by extensions ['cmake', 'python']
[1.437s] Level 1:colcon.colcon_core.package_identification:_identify(models/URDF) by extension 'cmake'
[1.437s] Level 1:colcon.colcon_core.package_identification:_identify(models/URDF) by extension 'python'
[1.437s] Level 1:colcon.colcon_core.package_identification:_identify(models/URDF) by extensions ['python_setup_py']
[1.437s] Level 1:colcon.colcon_core.package_identification:_identify(models/URDF) by extension 'python_setup_py'
[1.437s] Level 1:colcon.colcon_core.package_identification:_identify(models/URDF/go2_description) by extensions ['ignore', 'ignore_ament_install']
[1.437s] Level 1:colcon.colcon_core.package_identification:_identify(models/URDF/go2_description) by extension 'ignore'
[1.437s] Level 1:colcon.colcon_core.package_identification:_identify(models/URDF/go2_description) ignored
[1.437s] Level 1:colcon.colcon_core.package_identification:_identify(policies) by extensions ['ignore', 'ignore_ament_install']
[1.437s] Level 1:colcon.colcon_core.package_identification:_identify(policies) by extension 'ignore'
[1.438s] Level 1:colcon.colcon_core.package_identification:_identify(policies) by extension 'ignore_ament_install'
[1.438s] Level 1:colcon.colcon_core.package_identification:_identify(policies) by extensions ['colcon_pkg']
[1.438s] Level 1:colcon.colcon_core.package_identification:_identify(policies) by extension 'colcon_pkg'
[1.438s] Level 1:colcon.colcon_core.package_identification:_identify(policies) by extensions ['colcon_meta']
[1.438s] Level 1:colcon.colcon_core.package_identification:_identify(policies) by extension 'colcon_meta'
[1.438s] Level 1:colcon.colcon_core.package_identification:_identify(policies) by extensions ['ros']
[1.438s] Level 1:colcon.colcon_core.package_identification:_identify(policies) by extension 'ros'
[1.439s] Level 1:colcon.colcon_core.package_identification:_identify(policies) by extensions ['cmake', 'python']
[1.439s] Level 1:colcon.colcon_core.package_identification:_identify(policies) by extension 'cmake'
[1.439s] Level 1:colcon.colcon_core.package_identification:_identify(policies) by extension 'python'
[1.439s] Level 1:colcon.colcon_core.package_identification:_identify(policies) by extensions ['python_setup_py']
[1.439s] Level 1:colcon.colcon_core.package_identification:_identify(policies) by extension 'python_setup_py'
[1.440s] Level 1:colcon.colcon_core.package_identification:_identify(policies/proprio_2026-06-29_16-47-12) by extensions ['ignore', 'ignore_ament_install']
[1.440s] Level 1:colcon.colcon_core.package_identification:_identify(policies/proprio_2026-06-29_16-47-12) by extension 'ignore'
[1.440s] Level 1:colcon.colcon_core.package_identification:_identify(policies/proprio_2026-06-29_16-47-12) by extension 'ignore_ament_install'
[1.441s] Level 1:colcon.colcon_core.package_identification:_identify(policies/proprio_2026-06-29_16-47-12) by extensions ['colcon_pkg']
[1.441s] Level 1:colcon.colcon_core.package_identification:_identify(policies/proprio_2026-06-29_16-47-12) by extension 'colcon_pkg'
[1.441s] Level 1:colcon.colcon_core.package_identification:_identify(policies/proprio_2026-06-29_16-47-12) by extensions ['colcon_meta']
[1.441s] Level 1:colcon.colcon_core.package_identification:_identify(policies/proprio_2026-06-29_16-47-12) by extension 'colcon_meta'
[1.441s] Level 1:colcon.colcon_core.package_identification:_identify(policies/proprio_2026-06-29_16-47-12) by extensions ['ros']
[1.441s] Level 1:colcon.colcon_core.package_identification:_identify(policies/proprio_2026-06-29_16-47-12) by extension 'ros'
[1.441s] Level 1:colcon.colcon_core.package_identification:_identify(policies/proprio_2026-06-29_16-47-12) by extensions ['cmake', 'python']
[1.441s] Level 1:colcon.colcon_core.package_identification:_identify(policies/proprio_2026-06-29_16-47-12) by extension 'cmake'
[1.441s] Level 1:colcon.colcon_core.package_identification:_identify(policies/proprio_2026-06-29_16-47-12) by extension 'python'
[1.441s] Level 1:colcon.colcon_core.package_identification:_identify(policies/proprio_2026-06-29_16-47-12) by extensions ['python_setup_py']
[1.441s] Level 1:colcon.colcon_core.package_identification:_identify(policies/proprio_2026-06-29_16-47-12) by extension 'python_setup_py'
[1.442s] Level 1:colcon.colcon_core.package_identification:_identify(results) by extensions ['ignore', 'ignore_ament_install']
[1.442s] Level 1:colcon.colcon_core.package_identification:_identify(results) by extension 'ignore'
[1.442s] Level 1:colcon.colcon_core.package_identification:_identify(results) by extension 'ignore_ament_install'
[1.442s] Level 1:colcon.colcon_core.package_identification:_identify(results) by extensions ['colcon_pkg']
[1.442s] Level 1:colcon.colcon_core.package_identification:_identify(results) by extension 'colcon_pkg'
[1.442s] Level 1:colcon.colcon_core.package_identification:_identify(results) by extensions ['colcon_meta']
[1.442s] Level 1:colcon.colcon_core.package_identification:_identify(results) by extension 'colcon_meta'
[1.442s] Level 1:colcon.colcon_core.package_identification:_identify(results) by extensions ['ros']
[1.442s] Level 1:colcon.colcon_core.package_identification:_identify(results) by extension 'ros'
[1.442s] Level 1:colcon.colcon_core.package_identification:_identify(results) by extensions ['cmake', 'python']
[1.442s] Level 1:colcon.colcon_core.package_identification:_identify(results) by extension 'cmake'
[1.443s] Level 1:colcon.colcon_core.package_identification:_identify(results) by extension 'python'
[1.443s] Level 1:colcon.colcon_core.package_identification:_identify(results) by extensions ['python_setup_py']
[1.443s] Level 1:colcon.colcon_core.package_identification:_identify(results) by extension 'python_setup_py'
[1.443s] Level 1:colcon.colcon_core.package_identification:_identify(results/sweep_body_height_20260630_192331) by extensions ['ignore', 'ignore_ament_install']
[1.443s] Level 1:colcon.colcon_core.package_identification:_identify(results/sweep_body_height_20260630_192331) by extension 'ignore'
[1.443s] Level 1:colcon.colcon_core.package_identification:_identify(results/sweep_body_height_20260630_192331) by extension 'ignore_ament_install'
[1.443s] Level 1:colcon.colcon_core.package_identification:_identify(results/sweep_body_height_20260630_192331) by extensions ['colcon_pkg']
[1.443s] Level 1:colcon.colcon_core.package_identification:_identify(results/sweep_body_height_20260630_192331) by extension 'colcon_pkg'
[1.443s] Level 1:colcon.colcon_core.package_identification:_identify(results/sweep_body_height_20260630_192331) by extensions ['colcon_meta']
[1.443s] Level 1:colcon.colcon_core.package_identification:_identify(results/sweep_body_height_20260630_192331) by extension 'colcon_meta'
[1.443s] Level 1:colcon.colcon_core.package_identification:_identify(results/sweep_body_height_20260630_192331) by extensions ['ros']
[1.443s] Level 1:colcon.colcon_core.package_identification:_identify(results/sweep_body_height_20260630_192331) by extension 'ros'
[1.444s] Level 1:colcon.colcon_core.package_identification:_identify(results/sweep_body_height_20260630_192331) by extensions ['cmake', 'python']
[1.444s] Level 1:colcon.colcon_core.package_identification:_identify(results/sweep_body_height_20260630_192331) by extension 'cmake'
[1.444s] Level 1:colcon.colcon_core.package_identification:_identify(results/sweep_body_height_20260630_192331) by extension 'python'
[1.444s] Level 1:colcon.colcon_core.package_identification:_identify(results/sweep_body_height_20260630_192331) by extensions ['python_setup_py']
[1.444s] Level 1:colcon.colcon_core.package_identification:_identify(results/sweep_body_height_20260630_192331) by extension 'python_setup_py'
[1.444s] Level 1:colcon.colcon_core.package_identification:_identify(results/sweep_body_height_20260630_192331/plots) by extensions ['ignore', 'ignore_ament_install']
[1.444s] Level 1:colcon.colcon_core.package_identification:_identify(results/sweep_body_height_20260630_192331/plots) by extension 'ignore'
[1.444s] Level 1:colcon.colcon_core.package_identification:_identify(results/sweep_body_height_20260630_192331/plots) by extension 'ignore_ament_install'
[1.444s] Level 1:colcon.colcon_core.package_identification:_identify(results/sweep_body_height_20260630_192331/plots) by extensions ['colcon_pkg']
[1.444s] Level 1:colcon.colcon_core.package_identification:_identify(results/sweep_body_height_20260630_192331/plots) by extension 'colcon_pkg'
[1.444s] Level 1:colcon.colcon_core.package_identification:_identify(results/sweep_body_height_20260630_192331/plots) by extensions ['colcon_meta']
[1.444s] Level 1:colcon.colcon_core.package_identification:_identify(results/sweep_body_height_20260630_192331/plots) by extension 'colcon_meta'
[1.445s] Level 1:colcon.colcon_core.package_identification:_identify(results/sweep_body_height_20260630_192331/plots) by extensions ['ros']
[1.445s] Level 1:colcon.colcon_core.package_identification:_identify(results/sweep_body_height_20260630_192331/plots) by extension 'ros'
[1.445s] Level 1:colcon.colcon_core.package_identification:_identify(results/sweep_body_height_20260630_192331/plots) by extensions ['cmake', 'python']
[1.445s] Level 1:colcon.colcon_core.package_identification:_identify(results/sweep_body_height_20260630_192331/plots) by extension 'cmake'
[1.445s] Level 1:colcon.colcon_core.package_identification:_identify(results/sweep_body_height_20260630_192331/plots) by extension 'python'
[1.445s] Level 1:colcon.colcon_core.package_identification:_identify(results/sweep_body_height_20260630_192331/plots) by extensions ['python_setup_py']
[1.445s] Level 1:colcon.colcon_core.package_identification:_identify(results/sweep_body_height_20260630_192331/plots) by extension 'python_setup_py'
[1.445s] Level 1:colcon.colcon_core.package_identification:_identify(results/sweep_body_height_20260630_192331/raw) by extensions ['ignore', 'ignore_ament_install']
[1.445s] Level 1:colcon.colcon_core.package_identification:_identify(results/sweep_body_height_20260630_192331/raw) by extension 'ignore'
[1.445s] Level 1:colcon.colcon_core.package_identification:_identify(results/sweep_body_height_20260630_192331/raw) by extension 'ignore_ament_install'
[1.445s] Level 1:colcon.colcon_core.package_identification:_identify(results/sweep_body_height_20260630_192331/raw) by extensions ['colcon_pkg']
[1.445s] Level 1:colcon.colcon_core.package_identification:_identify(results/sweep_body_height_20260630_192331/raw) by extension 'colcon_pkg'
[1.446s] Level 1:colcon.colcon_core.package_identification:_identify(results/sweep_body_height_20260630_192331/raw) by extensions ['colcon_meta']
[1.446s] Level 1:colcon.colcon_core.package_identification:_identify(results/sweep_body_height_20260630_192331/raw) by extension 'colcon_meta'
[1.446s] Level 1:colcon.colcon_core.package_identification:_identify(results/sweep_body_height_20260630_192331/raw) by extensions ['ros']
[1.446s] Level 1:colcon.colcon_core.package_identification:_identify(results/sweep_body_height_20260630_192331/raw) by extension 'ros'
[1.446s] Level 1:colcon.colcon_core.package_identification:_identify(results/sweep_body_height_20260630_192331/raw) by extensions ['cmake', 'python']
[1.446s] Level 1:colcon.colcon_core.package_identification:_identify(results/sweep_body_height_20260630_192331/raw) by extension 'cmake'
[1.446s] Level 1:colcon.colcon_core.package_identification:_identify(results/sweep_body_height_20260630_192331/raw) by extension 'python'
[1.446s] Level 1:colcon.colcon_core.package_identification:_identify(results/sweep_body_height_20260630_192331/raw) by extensions ['python_setup_py']
[1.446s] Level 1:colcon.colcon_core.package_identification:_identify(results/sweep_body_height_20260630_192331/raw) by extension 'python_setup_py'
[1.446s] Level 1:colcon.colcon_core.package_identification:_identify(results/sweep_duty_20260701_113752) by extensions ['ignore', 'ignore_ament_install']
[1.446s] Level 1:colcon.colcon_core.package_identification:_identify(results/sweep_duty_20260701_113752) by extension 'ignore'
[1.447s] Level 1:colcon.colcon_core.package_identification:_identify(results/sweep_duty_20260701_113752) by extension 'ignore_ament_install'
[1.447s] Level 1:colcon.colcon_core.package_identification:_identify(results/sweep_duty_20260701_113752) by extensions ['colcon_pkg']
[1.447s] Level 1:colcon.colcon_core.package_identification:_identify(results/sweep_duty_20260701_113752) by extension 'colcon_pkg'
[1.447s] Level 1:colcon.colcon_core.package_identification:_identify(results/sweep_duty_20260701_113752) by extensions ['colcon_meta']
[1.447s] Level 1:colcon.colcon_core.package_identification:_identify(results/sweep_duty_20260701_113752) by extension 'colcon_meta'
[1.448s] Level 1:colcon.colcon_core.package_identification:_identify(results/sweep_duty_20260701_113752) by extensions ['ros']
[1.448s] Level 1:colcon.colcon_core.package_identification:_identify(results/sweep_duty_20260701_113752) by extension 'ros'
[1.448s] Level 1:colcon.colcon_core.package_identification:_identify(results/sweep_duty_20260701_113752) by extensions ['cmake', 'python']
[1.448s] Level 1:colcon.colcon_core.package_identification:_identify(results/sweep_duty_20260701_113752) by extension 'cmake'
[1.448s] Level 1:colcon.colcon_core.package_identification:_identify(results/sweep_duty_20260701_113752) by extension 'python'
[1.448s] Level 1:colcon.colcon_core.package_identification:_identify(results/sweep_duty_20260701_113752) by extensions ['python_setup_py']
[1.448s] Level 1:colcon.colcon_core.package_identification:_identify(results/sweep_duty_20260701_113752) by extension 'python_setup_py'
[1.448s] Level 1:colcon.colcon_core.package_identification:_identify(results/sweep_duty_20260701_113752/plots) by extensions ['ignore', 'ignore_ament_install']
[1.448s] Level 1:colcon.colcon_core.package_identification:_identify(results/sweep_duty_20260701_113752/plots) by extension 'ignore'
[1.448s] Level 1:colcon.colcon_core.package_identification:_identify(results/sweep_duty_20260701_113752/plots) by extension 'ignore_ament_install'
[1.449s] Level 1:colcon.colcon_core.package_identification:_identify(results/sweep_duty_20260701_113752/plots) by extensions ['colcon_pkg']
[1.449s] Level 1:colcon.colcon_core.package_identification:_identify(results/sweep_duty_20260701_113752/plots) by extension 'colcon_pkg'
[1.449s] Level 1:colcon.colcon_core.package_identification:_identify(results/sweep_duty_20260701_113752/plots) by extensions ['colcon_meta']
[1.449s] Level 1:colcon.colcon_core.package_identification:_identify(results/sweep_duty_20260701_113752/plots) by extension 'colcon_meta'
[1.449s] Level 1:colcon.colcon_core.package_identification:_identify(results/sweep_duty_20260701_113752/plots) by extensions ['ros']
[1.449s] Level 1:colcon.colcon_core.package_identification:_identify(results/sweep_duty_20260701_113752/plots) by extension 'ros'
[1.449s] Level 1:colcon.colcon_core.package_identification:_identify(results/sweep_duty_20260701_113752/plots) by extensions ['cmake', 'python']
[1.449s] Level 1:colcon.colcon_core.package_identification:_identify(results/sweep_duty_20260701_113752/plots) by extension 'cmake'
[1.449s] Level 1:colcon.colcon_core.package_identification:_identify(results/sweep_duty_20260701_113752/plots) by extension 'python'
[1.449s] Level 1:colcon.colcon_core.package_identification:_identify(results/sweep_duty_20260701_113752/plots) by extensions ['python_setup_py']
[1.449s] Level 1:colcon.colcon_core.package_identification:_identify(results/sweep_duty_20260701_113752/plots) by extension 'python_setup_py'
[1.449s] Level 1:colcon.colcon_core.package_identification:_identify(results/sweep_duty_20260701_113752/raw) by extensions ['ignore', 'ignore_ament_install']
[1.449s] Level 1:colcon.colcon_core.package_identification:_identify(results/sweep_duty_20260701_113752/raw) by extension 'ignore'
[1.450s] Level 1:colcon.colcon_core.package_identification:_identify(results/sweep_duty_20260701_113752/raw) by extension 'ignore_ament_install'
[1.450s] Level 1:colcon.colcon_core.package_identification:_identify(results/sweep_duty_20260701_113752/raw) by extensions ['colcon_pkg']
[1.450s] Level 1:colcon.colcon_core.package_identification:_identify(results/sweep_duty_20260701_113752/raw) by extension 'colcon_pkg'
[1.450s] Level 1:colcon.colcon_core.package_identification:_identify(results/sweep_duty_20260701_113752/raw) by extensions ['colcon_meta']
[1.450s] Level 1:colcon.colcon_core.package_identification:_identify(results/sweep_duty_20260701_113752/raw) by extension 'colcon_meta'
[1.450s] Level 1:colcon.colcon_core.package_identification:_identify(results/sweep_duty_20260701_113752/raw) by extensions ['ros']
[1.450s] Level 1:colcon.colcon_core.package_identification:_identify(results/sweep_duty_20260701_113752/raw) by extension 'ros'
[1.450s] Level 1:colcon.colcon_core.package_identification:_identify(results/sweep_duty_20260701_113752/raw) by extensions ['cmake', 'python']
[1.450s] Level 1:colcon.colcon_core.package_identification:_identify(results/sweep_duty_20260701_113752/raw) by extension 'cmake'
[1.450s] Level 1:colcon.colcon_core.package_identification:_identify(results/sweep_duty_20260701_113752/raw) by extension 'python'
[1.450s] Level 1:colcon.colcon_core.package_identification:_identify(results/sweep_duty_20260701_113752/raw) by extensions ['python_setup_py']
[1.450s] Level 1:colcon.colcon_core.package_identification:_identify(results/sweep_duty_20260701_113752/raw) by extension 'python_setup_py'
[1.450s] Level 1:colcon.colcon_core.package_identification:_identify(results/sweep_gait_hz_20260701_114222) by extensions ['ignore', 'ignore_ament_install']
[1.451s] Level 1:colcon.colcon_core.package_identification:_identify(results/sweep_gait_hz_20260701_114222) by extension 'ignore'
[1.451s] Level 1:colcon.colcon_core.package_identification:_identify(results/sweep_gait_hz_20260701_114222) by extension 'ignore_ament_install'
[1.451s] Level 1:colcon.colcon_core.package_identification:_identify(results/sweep_gait_hz_20260701_114222) by extensions ['colcon_pkg']
[1.451s] Level 1:colcon.colcon_core.package_identification:_identify(results/sweep_gait_hz_20260701_114222) by extension 'colcon_pkg'
[1.451s] Level 1:colcon.colcon_core.package_identification:_identify(results/sweep_gait_hz_20260701_114222) by extensions ['colcon_meta']
[1.451s] Level 1:colcon.colcon_core.package_identification:_identify(results/sweep_gait_hz_20260701_114222) by extension 'colcon_meta'
[1.451s] Level 1:colcon.colcon_core.package_identification:_identify(results/sweep_gait_hz_20260701_114222) by extensions ['ros']
[1.451s] Level 1:colcon.colcon_core.package_identification:_identify(results/sweep_gait_hz_20260701_114222) by extension 'ros'
[1.451s] Level 1:colcon.colcon_core.package_identification:_identify(results/sweep_gait_hz_20260701_114222) by extensions ['cmake', 'python']
[1.451s] Level 1:colcon.colcon_core.package_identification:_identify(results/sweep_gait_hz_20260701_114222) by extension 'cmake'
[1.451s] Level 1:colcon.colcon_core.package_identification:_identify(results/sweep_gait_hz_20260701_114222) by extension 'python'
[1.451s] Level 1:colcon.colcon_core.package_identification:_identify(results/sweep_gait_hz_20260701_114222) by extensions ['python_setup_py']
[1.452s] Level 1:colcon.colcon_core.package_identification:_identify(results/sweep_gait_hz_20260701_114222) by extension 'python_setup_py'
[1.452s] Level 1:colcon.colcon_core.package_identification:_identify(results/sweep_gait_hz_20260701_114222/plots) by extensions ['ignore', 'ignore_ament_install']
[1.452s] Level 1:colcon.colcon_core.package_identification:_identify(results/sweep_gait_hz_20260701_114222/plots) by extension 'ignore'
[1.452s] Level 1:colcon.colcon_core.package_identification:_identify(results/sweep_gait_hz_20260701_114222/plots) by extension 'ignore_ament_install'
[1.452s] Level 1:colcon.colcon_core.package_identification:_identify(results/sweep_gait_hz_20260701_114222/plots) by extensions ['colcon_pkg']
[1.452s] Level 1:colcon.colcon_core.package_identification:_identify(results/sweep_gait_hz_20260701_114222/plots) by extension 'colcon_pkg'
[1.452s] Level 1:colcon.colcon_core.package_identification:_identify(results/sweep_gait_hz_20260701_114222/plots) by extensions ['colcon_meta']
[1.452s] Level 1:colcon.colcon_core.package_identification:_identify(results/sweep_gait_hz_20260701_114222/plots) by extension 'colcon_meta'
[1.452s] Level 1:colcon.colcon_core.package_identification:_identify(results/sweep_gait_hz_20260701_114222/plots) by extensions ['ros']
[1.452s] Level 1:colcon.colcon_core.package_identification:_identify(results/sweep_gait_hz_20260701_114222/plots) by extension 'ros'
[1.452s] Level 1:colcon.colcon_core.package_identification:_identify(results/sweep_gait_hz_20260701_114222/plots) by extensions ['cmake', 'python']
[1.452s] Level 1:colcon.colcon_core.package_identification:_identify(results/sweep_gait_hz_20260701_114222/plots) by extension 'cmake'
[1.452s] Level 1:colcon.colcon_core.package_identification:_identify(results/sweep_gait_hz_20260701_114222/plots) by extension 'python'
[1.453s] Level 1:colcon.colcon_core.package_identification:_identify(results/sweep_gait_hz_20260701_114222/plots) by extensions ['python_setup_py']
[1.453s] Level 1:colcon.colcon_core.package_identification:_identify(results/sweep_gait_hz_20260701_114222/plots) by extension 'python_setup_py'
[1.453s] Level 1:colcon.colcon_core.package_identification:_identify(results/sweep_gait_hz_20260701_114222/raw) by extensions ['ignore', 'ignore_ament_install']
[1.453s] Level 1:colcon.colcon_core.package_identification:_identify(results/sweep_gait_hz_20260701_114222/raw) by extension 'ignore'
[1.453s] Level 1:colcon.colcon_core.package_identification:_identify(results/sweep_gait_hz_20260701_114222/raw) by extension 'ignore_ament_install'
[1.453s] Level 1:colcon.colcon_core.package_identification:_identify(results/sweep_gait_hz_20260701_114222/raw) by extensions ['colcon_pkg']
[1.453s] Level 1:colcon.colcon_core.package_identification:_identify(results/sweep_gait_hz_20260701_114222/raw) by extension 'colcon_pkg'
[1.453s] Level 1:colcon.colcon_core.package_identification:_identify(results/sweep_gait_hz_20260701_114222/raw) by extensions ['colcon_meta']
[1.453s] Level 1:colcon.colcon_core.package_identification:_identify(results/sweep_gait_hz_20260701_114222/raw) by extension 'colcon_meta'
[1.453s] Level 1:colcon.colcon_core.package_identification:_identify(results/sweep_gait_hz_20260701_114222/raw) by extensions ['ros']
[1.453s] Level 1:colcon.colcon_core.package_identification:_identify(results/sweep_gait_hz_20260701_114222/raw) by extension 'ros'
[1.454s] Level 1:colcon.colcon_core.package_identification:_identify(results/sweep_gait_hz_20260701_114222/raw) by extensions ['cmake', 'python']
[1.454s] Level 1:colcon.colcon_core.package_identification:_identify(results/sweep_gait_hz_20260701_114222/raw) by extension 'cmake'
[1.454s] Level 1:colcon.colcon_core.package_identification:_identify(results/sweep_gait_hz_20260701_114222/raw) by extension 'python'
[1.454s] Level 1:colcon.colcon_core.package_identification:_identify(results/sweep_gait_hz_20260701_114222/raw) by extensions ['python_setup_py']
[1.454s] Level 1:colcon.colcon_core.package_identification:_identify(results/sweep_gait_hz_20260701_114222/raw) by extension 'python_setup_py'
[1.454s] Level 1:colcon.colcon_core.package_identification:_identify(results/sweep_pitch_20260701_114602) by extensions ['ignore', 'ignore_ament_install']
[1.454s] Level 1:colcon.colcon_core.package_identification:_identify(results/sweep_pitch_20260701_114602) by extension 'ignore'
[1.454s] Level 1:colcon.colcon_core.package_identification:_identify(results/sweep_pitch_20260701_114602) by extension 'ignore_ament_install'
[1.454s] Level 1:colcon.colcon_core.package_identification:_identify(results/sweep_pitch_20260701_114602) by extensions ['colcon_pkg']
[1.454s] Level 1:colcon.colcon_core.package_identification:_identify(results/sweep_pitch_20260701_114602) by extension 'colcon_pkg'
[1.454s] Level 1:colcon.colcon_core.package_identification:_identify(results/sweep_pitch_20260701_114602) by extensions ['colcon_meta']
[1.454s] Level 1:colcon.colcon_core.package_identification:_identify(results/sweep_pitch_20260701_114602) by extension 'colcon_meta'
[1.454s] Level 1:colcon.colcon_core.package_identification:_identify(results/sweep_pitch_20260701_114602) by extensions ['ros']
[1.454s] Level 1:colcon.colcon_core.package_identification:_identify(results/sweep_pitch_20260701_114602) by extension 'ros'
[1.455s] Level 1:colcon.colcon_core.package_identification:_identify(results/sweep_pitch_20260701_114602) by extensions ['cmake', 'python']
[1.455s] Level 1:colcon.colcon_core.package_identification:_identify(results/sweep_pitch_20260701_114602) by extension 'cmake'
[1.455s] Level 1:colcon.colcon_core.package_identification:_identify(results/sweep_pitch_20260701_114602) by extension 'python'
[1.455s] Level 1:colcon.colcon_core.package_identification:_identify(results/sweep_pitch_20260701_114602) by extensions ['python_setup_py']
[1.455s] Level 1:colcon.colcon_core.package_identification:_identify(results/sweep_pitch_20260701_114602) by extension 'python_setup_py'
[1.455s] Level 1:colcon.colcon_core.package_identification:_identify(results/sweep_pitch_20260701_114602/plots) by extensions ['ignore', 'ignore_ament_install']
[1.455s] Level 1:colcon.colcon_core.package_identification:_identify(results/sweep_pitch_20260701_114602/plots) by extension 'ignore'
[1.456s] Level 1:colcon.colcon_core.package_identification:_identify(results/sweep_pitch_20260701_114602/plots) by extension 'ignore_ament_install'
[1.456s] Level 1:colcon.colcon_core.package_identification:_identify(results/sweep_pitch_20260701_114602/plots) by extensions ['colcon_pkg']
[1.456s] Level 1:colcon.colcon_core.package_identification:_identify(results/sweep_pitch_20260701_114602/plots) by extension 'colcon_pkg'
[1.456s] Level 1:colcon.colcon_core.package_identification:_identify(results/sweep_pitch_20260701_114602/plots) by extensions ['colcon_meta']
[1.456s] Level 1:colcon.colcon_core.package_identification:_identify(results/sweep_pitch_20260701_114602/plots) by extension 'colcon_meta'
[1.456s] Level 1:colcon.colcon_core.package_identification:_identify(results/sweep_pitch_20260701_114602/plots) by extensions ['ros']
[1.456s] Level 1:colcon.colcon_core.package_identification:_identify(results/sweep_pitch_20260701_114602/plots) by extension 'ros'
[1.457s] Level 1:colcon.colcon_core.package_identification:_identify(results/sweep_pitch_20260701_114602/plots) by extensions ['cmake', 'python']
[1.457s] Level 1:colcon.colcon_core.package_identification:_identify(results/sweep_pitch_20260701_114602/plots) by extension 'cmake'
[1.457s] Level 1:colcon.colcon_core.package_identification:_identify(results/sweep_pitch_20260701_114602/plots) by extension 'python'
[1.457s] Level 1:colcon.colcon_core.package_identification:_identify(results/sweep_pitch_20260701_114602/plots) by extensions ['python_setup_py']
[1.457s] Level 1:colcon.colcon_core.package_identification:_identify(results/sweep_pitch_20260701_114602/plots) by extension 'python_setup_py'
[1.457s] Level 1:colcon.colcon_core.package_identification:_identify(results/sweep_pitch_20260701_114602/raw) by extensions ['ignore', 'ignore_ament_install']
[1.458s] Level 1:colcon.colcon_core.package_identification:_identify(results/sweep_pitch_20260701_114602/raw) by extension 'ignore'
[1.458s] Level 1:colcon.colcon_core.package_identification:_identify(results/sweep_pitch_20260701_114602/raw) by extension 'ignore_ament_install'
[1.458s] Level 1:colcon.colcon_core.package_identification:_identify(results/sweep_pitch_20260701_114602/raw) by extensions ['colcon_pkg']
[1.458s] Level 1:colcon.colcon_core.package_identification:_identify(results/sweep_pitch_20260701_114602/raw) by extension 'colcon_pkg'
[1.458s] Level 1:colcon.colcon_core.package_identification:_identify(results/sweep_pitch_20260701_114602/raw) by extensions ['colcon_meta']
[1.458s] Level 1:colcon.colcon_core.package_identification:_identify(results/sweep_pitch_20260701_114602/raw) by extension 'colcon_meta'
[1.458s] Level 1:colcon.colcon_core.package_identification:_identify(results/sweep_pitch_20260701_114602/raw) by extensions ['ros']
[1.458s] Level 1:colcon.colcon_core.package_identification:_identify(results/sweep_pitch_20260701_114602/raw) by extension 'ros'
[1.458s] Level 1:colcon.colcon_core.package_identification:_identify(results/sweep_pitch_20260701_114602/raw) by extensions ['cmake', 'python']
[1.458s] Level 1:colcon.colcon_core.package_identification:_identify(results/sweep_pitch_20260701_114602/raw) by extension 'cmake'
[1.459s] Level 1:colcon.colcon_core.package_identification:_identify(results/sweep_pitch_20260701_114602/raw) by extension 'python'
[1.459s] Level 1:colcon.colcon_core.package_identification:_identify(results/sweep_pitch_20260701_114602/raw) by extensions ['python_setup_py']
[1.459s] Level 1:colcon.colcon_core.package_identification:_identify(results/sweep_pitch_20260701_114602/raw) by extension 'python_setup_py'
[1.459s] Level 1:colcon.colcon_core.package_identification:_identify(results/sweep_swing_height_20260701_110738) by extensions ['ignore', 'ignore_ament_install']
[1.459s] Level 1:colcon.colcon_core.package_identification:_identify(results/sweep_swing_height_20260701_110738) by extension 'ignore'
[1.459s] Level 1:colcon.colcon_core.package_identification:_identify(results/sweep_swing_height_20260701_110738) by extension 'ignore_ament_install'
[1.459s] Level 1:colcon.colcon_core.package_identification:_identify(results/sweep_swing_height_20260701_110738) by extensions ['colcon_pkg']
[1.459s] Level 1:colcon.colcon_core.package_identification:_identify(results/sweep_swing_height_20260701_110738) by extension 'colcon_pkg'
[1.459s] Level 1:colcon.colcon_core.package_identification:_identify(results/sweep_swing_height_20260701_110738) by extensions ['colcon_meta']
[1.459s] Level 1:colcon.colcon_core.package_identification:_identify(results/sweep_swing_height_20260701_110738) by extension 'colcon_meta'
[1.459s] Level 1:colcon.colcon_core.package_identification:_identify(results/sweep_swing_height_20260701_110738) by extensions ['ros']
[1.460s] Level 1:colcon.colcon_core.package_identification:_identify(results/sweep_swing_height_20260701_110738) by extension 'ros'
[1.460s] Level 1:colcon.colcon_core.package_identification:_identify(results/sweep_swing_height_20260701_110738) by extensions ['cmake', 'python']
[1.460s] Level 1:colcon.colcon_core.package_identification:_identify(results/sweep_swing_height_20260701_110738) by extension 'cmake'
[1.460s] Level 1:colcon.colcon_core.package_identification:_identify(results/sweep_swing_height_20260701_110738) by extension 'python'
[1.460s] Level 1:colcon.colcon_core.package_identification:_identify(results/sweep_swing_height_20260701_110738) by extensions ['python_setup_py']
[1.460s] Level 1:colcon.colcon_core.package_identification:_identify(results/sweep_swing_height_20260701_110738) by extension 'python_setup_py'
[1.460s] Level 1:colcon.colcon_core.package_identification:_identify(results/sweep_swing_height_20260701_110738/plots) by extensions ['ignore', 'ignore_ament_install']
[1.460s] Level 1:colcon.colcon_core.package_identification:_identify(results/sweep_swing_height_20260701_110738/plots) by extension 'ignore'
[1.460s] Level 1:colcon.colcon_core.package_identification:_identify(results/sweep_swing_height_20260701_110738/plots) by extension 'ignore_ament_install'
[1.460s] Level 1:colcon.colcon_core.package_identification:_identify(results/sweep_swing_height_20260701_110738/plots) by extensions ['colcon_pkg']
[1.461s] Level 1:colcon.colcon_core.package_identification:_identify(results/sweep_swing_height_20260701_110738/plots) by extension 'colcon_pkg'
[1.461s] Level 1:colcon.colcon_core.package_identification:_identify(results/sweep_swing_height_20260701_110738/plots) by extensions ['colcon_meta']
[1.461s] Level 1:colcon.colcon_core.package_identification:_identify(results/sweep_swing_height_20260701_110738/plots) by extension 'colcon_meta'
[1.461s] Level 1:colcon.colcon_core.package_identification:_identify(results/sweep_swing_height_20260701_110738/plots) by extensions ['ros']
[1.461s] Level 1:colcon.colcon_core.package_identification:_identify(results/sweep_swing_height_20260701_110738/plots) by extension 'ros'
[1.461s] Level 1:colcon.colcon_core.package_identification:_identify(results/sweep_swing_height_20260701_110738/plots) by extensions ['cmake', 'python']
[1.461s] Level 1:colcon.colcon_core.package_identification:_identify(results/sweep_swing_height_20260701_110738/plots) by extension 'cmake'
[1.461s] Level 1:colcon.colcon_core.package_identification:_identify(results/sweep_swing_height_20260701_110738/plots) by extension 'python'
[1.461s] Level 1:colcon.colcon_core.package_identification:_identify(results/sweep_swing_height_20260701_110738/plots) by extensions ['python_setup_py']
[1.461s] Level 1:colcon.colcon_core.package_identification:_identify(results/sweep_swing_height_20260701_110738/plots) by extension 'python_setup_py'
[1.461s] Level 1:colcon.colcon_core.package_identification:_identify(results/sweep_swing_height_20260701_110738/raw) by extensions ['ignore', 'ignore_ament_install']
[1.461s] Level 1:colcon.colcon_core.package_identification:_identify(results/sweep_swing_height_20260701_110738/raw) by extension 'ignore'
[1.461s] Level 1:colcon.colcon_core.package_identification:_identify(results/sweep_swing_height_20260701_110738/raw) by extension 'ignore_ament_install'
[1.462s] Level 1:colcon.colcon_core.package_identification:_identify(results/sweep_swing_height_20260701_110738/raw) by extensions ['colcon_pkg']
[1.462s] Level 1:colcon.colcon_core.package_identification:_identify(results/sweep_swing_height_20260701_110738/raw) by extension 'colcon_pkg'
[1.462s] Level 1:colcon.colcon_core.package_identification:_identify(results/sweep_swing_height_20260701_110738/raw) by extensions ['colcon_meta']
[1.462s] Level 1:colcon.colcon_core.package_identification:_identify(results/sweep_swing_height_20260701_110738/raw) by extension 'colcon_meta'
[1.462s] Level 1:colcon.colcon_core.package_identification:_identify(results/sweep_swing_height_20260701_110738/raw) by extensions ['ros']
[1.462s] Level 1:colcon.colcon_core.package_identification:_identify(results/sweep_swing_height_20260701_110738/raw) by extension 'ros'
[1.462s] Level 1:colcon.colcon_core.package_identification:_identify(results/sweep_swing_height_20260701_110738/raw) by extensions ['cmake', 'python']
[1.462s] Level 1:colcon.colcon_core.package_identification:_identify(results/sweep_swing_height_20260701_110738/raw) by extension 'cmake'
[1.462s] Level 1:colcon.colcon_core.package_identification:_identify(results/sweep_swing_height_20260701_110738/raw) by extension 'python'
[1.462s] Level 1:colcon.colcon_core.package_identification:_identify(results/sweep_swing_height_20260701_110738/raw) by extensions ['python_setup_py']
[1.462s] Level 1:colcon.colcon_core.package_identification:_identify(results/sweep_swing_height_20260701_110738/raw) by extension 'python_setup_py'
[1.463s] Level 1:colcon.colcon_core.package_identification:_identify(results/sweep_velocity_20260701_112557) by extensions ['ignore', 'ignore_ament_install']
[1.463s] Level 1:colcon.colcon_core.package_identification:_identify(results/sweep_velocity_20260701_112557) by extension 'ignore'
[1.463s] Level 1:colcon.colcon_core.package_identification:_identify(results/sweep_velocity_20260701_112557) by extension 'ignore_ament_install'
[1.463s] Level 1:colcon.colcon_core.package_identification:_identify(results/sweep_velocity_20260701_112557) by extensions ['colcon_pkg']
[1.463s] Level 1:colcon.colcon_core.package_identification:_identify(results/sweep_velocity_20260701_112557) by extension 'colcon_pkg'
[1.463s] Level 1:colcon.colcon_core.package_identification:_identify(results/sweep_velocity_20260701_112557) by extensions ['colcon_meta']
[1.463s] Level 1:colcon.colcon_core.package_identification:_identify(results/sweep_velocity_20260701_112557) by extension 'colcon_meta'
[1.463s] Level 1:colcon.colcon_core.package_identification:_identify(results/sweep_velocity_20260701_112557) by extensions ['ros']
[1.463s] Level 1:colcon.colcon_core.package_identification:_identify(results/sweep_velocity_20260701_112557) by extension 'ros'
[1.463s] Level 1:colcon.colcon_core.package_identification:_identify(results/sweep_velocity_20260701_112557) by extensions ['cmake', 'python']
[1.463s] Level 1:colcon.colcon_core.package_identification:_identify(results/sweep_velocity_20260701_112557) by extension 'cmake'
[1.463s] Level 1:colcon.colcon_core.package_identification:_identify(results/sweep_velocity_20260701_112557) by extension 'python'
[1.463s] Level 1:colcon.colcon_core.package_identification:_identify(results/sweep_velocity_20260701_112557) by extensions ['python_setup_py']
[1.464s] Level 1:colcon.colcon_core.package_identification:_identify(results/sweep_velocity_20260701_112557) by extension 'python_setup_py'
[1.464s] Level 1:colcon.colcon_core.package_identification:_identify(results/sweep_velocity_20260701_112557/plots) by extensions ['ignore', 'ignore_ament_install']
[1.464s] Level 1:colcon.colcon_core.package_identification:_identify(results/sweep_velocity_20260701_112557/plots) by extension 'ignore'
[1.464s] Level 1:colcon.colcon_core.package_identification:_identify(results/sweep_velocity_20260701_112557/plots) by extension 'ignore_ament_install'
[1.464s] Level 1:colcon.colcon_core.package_identification:_identify(results/sweep_velocity_20260701_112557/plots) by extensions ['colcon_pkg']
[1.464s] Level 1:colcon.colcon_core.package_identification:_identify(results/sweep_velocity_20260701_112557/plots) by extension 'colcon_pkg'
[1.464s] Level 1:colcon.colcon_core.package_identification:_identify(results/sweep_velocity_20260701_112557/plots) by extensions ['colcon_meta']
[1.464s] Level 1:colcon.colcon_core.package_identification:_identify(results/sweep_velocity_20260701_112557/plots) by extension 'colcon_meta'
[1.464s] Level 1:colcon.colcon_core.package_identification:_identify(results/sweep_velocity_20260701_112557/plots) by extensions ['ros']
[1.464s] Level 1:colcon.colcon_core.package_identification:_identify(results/sweep_velocity_20260701_112557/plots) by extension 'ros'
[1.465s] Level 1:colcon.colcon_core.package_identification:_identify(results/sweep_velocity_20260701_112557/plots) by extensions ['cmake', 'python']
[1.465s] Level 1:colcon.colcon_core.package_identification:_identify(results/sweep_velocity_20260701_112557/plots) by extension 'cmake'
[1.465s] Level 1:colcon.colcon_core.package_identification:_identify(results/sweep_velocity_20260701_112557/plots) by extension 'python'
[1.465s] Level 1:colcon.colcon_core.package_identification:_identify(results/sweep_velocity_20260701_112557/plots) by extensions ['python_setup_py']
[1.465s] Level 1:colcon.colcon_core.package_identification:_identify(results/sweep_velocity_20260701_112557/plots) by extension 'python_setup_py'
[1.465s] Level 1:colcon.colcon_core.package_identification:_identify(results/sweep_velocity_20260701_112557/raw) by extensions ['ignore', 'ignore_ament_install']
[1.465s] Level 1:colcon.colcon_core.package_identification:_identify(results/sweep_velocity_20260701_112557/raw) by extension 'ignore'
[1.466s] Level 1:colcon.colcon_core.package_identification:_identify(results/sweep_velocity_20260701_112557/raw) by extension 'ignore_ament_install'
[1.466s] Level 1:colcon.colcon_core.package_identification:_identify(results/sweep_velocity_20260701_112557/raw) by extensions ['colcon_pkg']
[1.466s] Level 1:colcon.colcon_core.package_identification:_identify(results/sweep_velocity_20260701_112557/raw) by extension 'colcon_pkg'
[1.466s] Level 1:colcon.colcon_core.package_identification:_identify(results/sweep_velocity_20260701_112557/raw) by extensions ['colcon_meta']
[1.466s] Level 1:colcon.colcon_core.package_identification:_identify(results/sweep_velocity_20260701_112557/raw) by extension 'colcon_meta'
[1.466s] Level 1:colcon.colcon_core.package_identification:_identify(results/sweep_velocity_20260701_112557/raw) by extensions ['ros']
[1.466s] Level 1:colcon.colcon_core.package_identification:_identify(results/sweep_velocity_20260701_112557/raw) by extension 'ros'
[1.466s] Level 1:colcon.colcon_core.package_identification:_identify(results/sweep_velocity_20260701_112557/raw) by extensions ['cmake', 'python']
[1.466s] Level 1:colcon.colcon_core.package_identification:_identify(results/sweep_velocity_20260701_112557/raw) by extension 'cmake'
[1.466s] Level 1:colcon.colcon_core.package_identification:_identify(results/sweep_velocity_20260701_112557/raw) by extension 'python'
[1.466s] Level 1:colcon.colcon_core.package_identification:_identify(results/sweep_velocity_20260701_112557/raw) by extensions ['python_setup_py']
[1.466s] Level 1:colcon.colcon_core.package_identification:_identify(results/sweep_velocity_20260701_112557/raw) by extension 'python_setup_py'
[1.467s] Level 1:colcon.colcon_core.package_identification:_identify(src) by extensions ['ignore', 'ignore_ament_install']
[1.467s] Level 1:colcon.colcon_core.package_identification:_identify(src) by extension 'ignore'
[1.467s] Level 1:colcon.colcon_core.package_identification:_identify(src) by extension 'ignore_ament_install'
[1.467s] Level 1:colcon.colcon_core.package_identification:_identify(src) by extensions ['colcon_pkg']
[1.467s] Level 1:colcon.colcon_core.package_identification:_identify(src) by extension 'colcon_pkg'
[1.467s] Level 1:colcon.colcon_core.package_identification:_identify(src) by extensions ['colcon_meta']
[1.467s] Level 1:colcon.colcon_core.package_identification:_identify(src) by extension 'colcon_meta'
[1.467s] Level 1:colcon.colcon_core.package_identification:_identify(src) by extensions ['ros']
[1.467s] Level 1:colcon.colcon_core.package_identification:_identify(src) by extension 'ros'
[1.467s] Level 1:colcon.colcon_core.package_identification:_identify(src) by extensions ['cmake', 'python']
[1.467s] Level 1:colcon.colcon_core.package_identification:_identify(src) by extension 'cmake'
[1.468s] Level 1:colcon.colcon_core.package_identification:_identify(src) by extension 'python'
[1.468s] Level 1:colcon.colcon_core.package_identification:_identify(src) by extensions ['python_setup_py']
[1.468s] Level 1:colcon.colcon_core.package_identification:_identify(src) by extension 'python_setup_py'
[1.468s] Level 1:colcon.colcon_core.package_identification:_identify(src/Python_src) by extensions ['ignore', 'ignore_ament_install']
[1.468s] Level 1:colcon.colcon_core.package_identification:_identify(src/Python_src) by extension 'ignore'
[1.468s] Level 1:colcon.colcon_core.package_identification:_identify(src/Python_src) by extension 'ignore_ament_install'
[1.468s] Level 1:colcon.colcon_core.package_identification:_identify(src/Python_src) by extensions ['colcon_pkg']
[1.468s] Level 1:colcon.colcon_core.package_identification:_identify(src/Python_src) by extension 'colcon_pkg'
[1.468s] Level 1:colcon.colcon_core.package_identification:_identify(src/Python_src) by extensions ['colcon_meta']
[1.468s] Level 1:colcon.colcon_core.package_identification:_identify(src/Python_src) by extension 'colcon_meta'
[1.468s] Level 1:colcon.colcon_core.package_identification:_identify(src/Python_src) by extensions ['ros']
[1.468s] Level 1:colcon.colcon_core.package_identification:_identify(src/Python_src) by extension 'ros'
[1.469s] Level 1:colcon.colcon_core.package_identification:_identify(src/Python_src) by extensions ['cmake', 'python']
[1.469s] Level 1:colcon.colcon_core.package_identification:_identify(src/Python_src) by extension 'cmake'
[1.469s] Level 1:colcon.colcon_core.package_identification:_identify(src/Python_src) by extension 'python'
[1.469s] Level 1:colcon.colcon_core.package_identification:_identify(src/Python_src) by extensions ['python_setup_py']
[1.469s] Level 1:colcon.colcon_core.package_identification:_identify(src/Python_src) by extension 'python_setup_py'
[1.469s] Level 1:colcon.colcon_core.package_identification:_identify(src/controller) by extensions ['ignore', 'ignore_ament_install']
[1.469s] Level 1:colcon.colcon_core.package_identification:_identify(src/controller) by extension 'ignore'
[1.469s] Level 1:colcon.colcon_core.package_identification:_identify(src/controller) by extension 'ignore_ament_install'
[1.469s] Level 1:colcon.colcon_core.package_identification:_identify(src/controller) by extensions ['colcon_pkg']
[1.469s] Level 1:colcon.colcon_core.package_identification:_identify(src/controller) by extension 'colcon_pkg'
[1.470s] Level 1:colcon.colcon_core.package_identification:_identify(src/controller) by extensions ['colcon_meta']
[1.470s] Level 1:colcon.colcon_core.package_identification:_identify(src/controller) by extension 'colcon_meta'
[1.470s] Level 1:colcon.colcon_core.package_identification:_identify(src/controller) by extensions ['ros']
[1.470s] Level 1:colcon.colcon_core.package_identification:_identify(src/controller) by extension 'ros'
[1.478s] DEBUG:colcon.colcon_core.package_identification:Package 'src/controller' with type 'ros.ament_python' and name 'controller'
[1.478s] Level 1:colcon.colcon_core.package_identification:_identify(src/convex_mpc) by extensions ['ignore', 'ignore_ament_install']
[1.478s] Level 1:colcon.colcon_core.package_identification:_identify(src/convex_mpc) by extension 'ignore'
[1.479s] Level 1:colcon.colcon_core.package_identification:_identify(src/convex_mpc) by extension 'ignore_ament_install'
[1.479s] Level 1:colcon.colcon_core.package_identification:_identify(src/convex_mpc) by extensions ['colcon_pkg']
[1.479s] Level 1:colcon.colcon_core.package_identification:_identify(src/convex_mpc) by extension 'colcon_pkg'
[1.479s] Level 1:colcon.colcon_core.package_identification:_identify(src/convex_mpc) by extensions ['colcon_meta']
[1.479s] Level 1:colcon.colcon_core.package_identification:_identify(src/convex_mpc) by extension 'colcon_meta'
[1.479s] Level 1:colcon.colcon_core.package_identification:_identify(src/convex_mpc) by extensions ['ros']
[1.479s] Level 1:colcon.colcon_core.package_identification:_identify(src/convex_mpc) by extension 'ros'
[1.481s] DEBUG:colcon.colcon_core.package_identification:Package 'src/convex_mpc' with type 'ros.ament_python' and name 'convex_mpc'
[1.481s] Level 1:colcon.colcon_core.package_identification:_identify(src/experiments) by extensions ['ignore', 'ignore_ament_install']
[1.481s] Level 1:colcon.colcon_core.package_identification:_identify(src/experiments) by extension 'ignore'
[1.481s] Level 1:colcon.colcon_core.package_identification:_identify(src/experiments) by extension 'ignore_ament_install'
[1.482s] Level 1:colcon.colcon_core.package_identification:_identify(src/experiments) by extensions ['colcon_pkg']
[1.482s] Level 1:colcon.colcon_core.package_identification:_identify(src/experiments) by extension 'colcon_pkg'
[1.482s] Level 1:colcon.colcon_core.package_identification:_identify(src/experiments) by extensions ['colcon_meta']
[1.482s] Level 1:colcon.colcon_core.package_identification:_identify(src/experiments) by extension 'colcon_meta'
[1.482s] Level 1:colcon.colcon_core.package_identification:_identify(src/experiments) by extensions ['ros']
[1.482s] Level 1:colcon.colcon_core.package_identification:_identify(src/experiments) by extension 'ros'
[1.482s] Level 1:colcon.colcon_core.package_identification:_identify(src/experiments) by extensions ['cmake', 'python']
[1.482s] Level 1:colcon.colcon_core.package_identification:_identify(src/experiments) by extension 'cmake'
[1.482s] Level 1:colcon.colcon_core.package_identification:_identify(src/experiments) by extension 'python'
[1.482s] Level 1:colcon.colcon_core.package_identification:_identify(src/experiments) by extensions ['python_setup_py']
[1.482s] Level 1:colcon.colcon_core.package_identification:_identify(src/experiments) by extension 'python_setup_py'
[1.483s] Level 1:colcon.colcon_core.package_identification:_identify(src/robot_interfaces) by extensions ['ignore', 'ignore_ament_install']
[1.483s] Level 1:colcon.colcon_core.package_identification:_identify(src/robot_interfaces) by extension 'ignore'
[1.483s] Level 1:colcon.colcon_core.package_identification:_identify(src/robot_interfaces) by extension 'ignore_ament_install'
[1.483s] Level 1:colcon.colcon_core.package_identification:_identify(src/robot_interfaces) by extensions ['colcon_pkg']
[1.483s] Level 1:colcon.colcon_core.package_identification:_identify(src/robot_interfaces) by extension 'colcon_pkg'
[1.483s] Level 1:colcon.colcon_core.package_identification:_identify(src/robot_interfaces) by extensions ['colcon_meta']
[1.483s] Level 1:colcon.colcon_core.package_identification:_identify(src/robot_interfaces) by extension 'colcon_meta'
[1.483s] Level 1:colcon.colcon_core.package_identification:_identify(src/robot_interfaces) by extensions ['ros']
[1.483s] Level 1:colcon.colcon_core.package_identification:_identify(src/robot_interfaces) by extension 'ros'
[1.485s] DEBUG:colcon.colcon_core.package_identification:Package 'src/robot_interfaces' with type 'ros.ament_cmake' and name 'robot_interfaces'
[1.485s] Level 1:colcon.colcon_core.package_identification:_identify(src/simulation_py) by extensions ['ignore', 'ignore_ament_install']
[1.485s] Level 1:colcon.colcon_core.package_identification:_identify(src/simulation_py) by extension 'ignore'
[1.485s] Level 1:colcon.colcon_core.package_identification:_identify(src/simulation_py) by extension 'ignore_ament_install'
[1.485s] Level 1:colcon.colcon_core.package_identification:_identify(src/simulation_py) by extensions ['colcon_pkg']
[1.485s] Level 1:colcon.colcon_core.package_identification:_identify(src/simulation_py) by extension 'colcon_pkg'
[1.485s] Level 1:colcon.colcon_core.package_identification:_identify(src/simulation_py) by extensions ['colcon_meta']
[1.485s] Level 1:colcon.colcon_core.package_identification:_identify(src/simulation_py) by extension 'colcon_meta'
[1.485s] Level 1:colcon.colcon_core.package_identification:_identify(src/simulation_py) by extensions ['ros']
[1.485s] Level 1:colcon.colcon_core.package_identification:_identify(src/simulation_py) by extension 'ros'
[1.487s] DEBUG:colcon.colcon_core.package_identification:Package 'src/simulation_py' with type 'ros.ament_python' and name 'simulation_py'
[1.487s] Level 1:colcon.colcon_core.package_discovery:discover_packages(recursive) using defaults
[1.487s] Level 1:colcon.colcon_core.package_discovery:discover_packages(ignore) discover
[1.487s] Level 1:colcon.colcon_core.package_discovery:discover_packages(ignore) using defaults
[1.487s] Level 1:colcon.colcon_core.package_discovery:discover_packages(path) discover
[1.487s] Level 1:colcon.colcon_core.package_discovery:discover_packages(path) using defaults
[1.560s] INFO:colcon.colcon_core.package_selection:Skipping not selected package 'robot_interfaces' in 'src/robot_interfaces'
[1.560s] INFO:colcon.colcon_core.package_selection:Skipping not selected package 'simulation_py' in 'src/simulation_py'
[1.560s] INFO:colcon.colcon_core.package_selection:Skipping not selected package 'controller' in 'src/controller'
[1.561s] Level 1:colcon.colcon_core.package_discovery:discover_packages(prefix_path) check parameters
[1.561s] Level 1:colcon.colcon_core.package_discovery:discover_packages(prefix_path) discover
[1.569s] DEBUG:colcon.colcon_installed_package_information.package_discovery:Found 4 installed packages in /home/lukat/unitree_mujoco_ws/COGAR_project/install
[1.577s] DEBUG:colcon.colcon_installed_package_information.package_discovery:Found 342 installed packages in /opt/ros/humble
[1.579s] Level 1:colcon.colcon_core.package_discovery:discover_packages(prefix_path) using defaults
[1.868s] Level 5:colcon.colcon_core.verb:set package 'convex_mpc' build argument 'cmake_args' from command line to 'None'
[1.868s] Level 5:colcon.colcon_core.verb:set package 'convex_mpc' build argument 'cmake_target' from command line to 'None'
[1.868s] Level 5:colcon.colcon_core.verb:set package 'convex_mpc' build argument 'cmake_target_skip_unavailable' from command line to 'False'
[1.868s] Level 5:colcon.colcon_core.verb:set package 'convex_mpc' build argument 'cmake_clean_cache' from command line to 'False'
[1.868s] Level 5:colcon.colcon_core.verb:set package 'convex_mpc' build argument 'cmake_clean_first' from command line to 'False'
[1.868s] Level 5:colcon.colcon_core.verb:set package 'convex_mpc' build argument 'cmake_force_configure' from command line to 'False'
[1.868s] Level 5:colcon.colcon_core.verb:set package 'convex_mpc' build argument 'ament_cmake_args' from command line to 'None'
[1.868s] Level 5:colcon.colcon_core.verb:set package 'convex_mpc' build argument 'catkin_cmake_args' from command line to 'None'
[1.868s] Level 5:colcon.colcon_core.verb:set package 'convex_mpc' build argument 'catkin_skip_building_tests' from command line to 'False'
[1.868s] DEBUG:colcon.colcon_core.verb:Building package 'convex_mpc' with the following arguments: {'ament_cmake_args': None, 'build_base': '/home/lukat/unitree_mujoco_ws/COGAR_project/build/convex_mpc', 'catkin_cmake_args': None, 'catkin_skip_building_tests': False, 'cmake_args': None, 'cmake_clean_cache': False, 'cmake_clean_first': False, 'cmake_force_configure': False, 'cmake_target': None, 'cmake_target_skip_unavailable': False, 'install_base': '/home/lukat/unitree_mujoco_ws/COGAR_project/install/convex_mpc', 'merge_install': False, 'path': '/home/lukat/unitree_mujoco_ws/COGAR_project/src/convex_mpc', 'symlink_install': True, 'test_result_base': None}
[1.868s] INFO:colcon.colcon_core.executor:Executing jobs using 'parallel' executor
[1.870s] DEBUG:colcon.colcon_parallel_executor.executor.parallel:run_until_complete
[1.871s] INFO:colcon.colcon_ros.task.ament_python.build:Building ROS package in '/home/lukat/unitree_mujoco_ws/COGAR_project/src/convex_mpc' with build type 'ament_python'
[1.871s] Level 1:colcon.colcon_core.shell:create_environment_hook('convex_mpc', 'ament_prefix_path')
[1.886s] INFO:colcon.colcon_core.plugin_system:Skipping extension 'colcon_core.shell.bat': Not used on non-Windows systems
[1.886s] INFO:colcon.colcon_core.shell:Creating environment hook '/home/lukat/unitree_mujoco_ws/COGAR_project/install/convex_mpc/share/convex_mpc/hook/ament_prefix_path.ps1'
[1.890s] INFO:colcon.colcon_core.shell:Creating environment descriptor '/home/lukat/unitree_mujoco_ws/COGAR_project/install/convex_mpc/share/convex_mpc/hook/ament_prefix_path.dsv'
[1.894s] INFO:colcon.colcon_core.shell:Creating environment hook '/home/lukat/unitree_mujoco_ws/COGAR_project/install/convex_mpc/share/convex_mpc/hook/ament_prefix_path.sh'
[1.896s] INFO:colcon.colcon_core.shell:Skip shell extension 'powershell' for command environment: Not usable outside of PowerShell
[1.896s] DEBUG:colcon.colcon_core.shell:Skip shell extension 'dsv' for command environment
[2.260s] INFO:colcon.colcon_core.task.python.build:Building Python package in '/home/lukat/unitree_mujoco_ws/COGAR_project/src/convex_mpc'
[2.261s] INFO:colcon.colcon_core.shell:Skip shell extension 'powershell' for command environment: Not usable outside of PowerShell
[2.261s] DEBUG:colcon.colcon_core.shell:Skip shell extension 'dsv' for command environment
[3.137s] DEBUG:colcon.colcon_core.task.python.build:While undoing a previous installation files outside the Python library path are being ignored: /home/lukat/unitree_mujoco_ws/COGAR_project/install/convex_mpc/share/ament_index/resource_index/packages/convex_mpc
[3.137s] DEBUG:colcon.colcon_core.task.python.build:While undoing a previous installation files outside the Python library path are being ignored: /home/lukat/unitree_mujoco_ws/COGAR_project/install/convex_mpc/share/convex_mpc/package.xml
[3.146s] DEBUG:colcon.colcon_core.event_handler.log_command:Invoking command in '/home/lukat/unitree_mujoco_ws/COGAR_project/build/convex_mpc': CONDA_PROMPT_MODIFIER=(go2-convex-mpc) PYTHONPATH=/home/lukat/unitree_mujoco_ws/COGAR_project/build/convex_mpc/prefix_override:/usr/lib/python3/dist-packages/colcon_core/task/python/colcon_distutils_commands:/home/lukat/unitree_mujoco_ws/COGAR_project/install/convex_mpc/lib/python3.10/site-packages:${PYTHONPATH} /usr/bin/python3 -W ignore:setup.py install is deprecated -W ignore:easy_install command is deprecated setup.py develop --editable --build-directory /home/lukat/unitree_mujoco_ws/COGAR_project/build/convex_mpc/build --no-deps symlink_data --force
[3.797s] Level 1:colcon.colcon_core.shell:create_environment_hook('convex_mpc', 'pythonpath_develop')
[3.798s] INFO:colcon.colcon_core.shell:Creating environment hook '/home/lukat/unitree_mujoco_ws/COGAR_project/build/convex_mpc/share/convex_mpc/hook/pythonpath_develop.ps1'
[3.799s] DEBUG:colcon.colcon_core.event_handler.log_command:Invoked command in '/home/lukat/unitree_mujoco_ws/COGAR_project/build/convex_mpc' returned '0': CONDA_PROMPT_MODIFIER=(go2-convex-mpc) PYTHONPATH=/home/lukat/unitree_mujoco_ws/COGAR_project/build/convex_mpc/prefix_override:/usr/lib/python3/dist-packages/colcon_core/task/python/colcon_distutils_commands:/home/lukat/unitree_mujoco_ws/COGAR_project/install/convex_mpc/lib/python3.10/site-packages:${PYTHONPATH} /usr/bin/python3 -W ignore:setup.py install is deprecated -W ignore:easy_install command is deprecated setup.py develop --editable --build-directory /home/lukat/unitree_mujoco_ws/COGAR_project/build/convex_mpc/build --no-deps symlink_data --force
[3.801s] INFO:colcon.colcon_core.shell:Creating environment descriptor '/home/lukat/unitree_mujoco_ws/COGAR_project/build/convex_mpc/share/convex_mpc/hook/pythonpath_develop.dsv'
[3.802s] INFO:colcon.colcon_core.shell:Creating environment hook '/home/lukat/unitree_mujoco_ws/COGAR_project/build/convex_mpc/share/convex_mpc/hook/pythonpath_develop.sh'
[3.817s] Level 1:colcon.colcon_core.environment:checking '/home/lukat/unitree_mujoco_ws/COGAR_project/install/convex_mpc' for CMake module files
[3.818s] Level 1:colcon.colcon_core.environment:checking '/home/lukat/unitree_mujoco_ws/COGAR_project/install/convex_mpc' for CMake config files
[3.819s] Level 1:colcon.colcon_core.environment:checking '/home/lukat/unitree_mujoco_ws/COGAR_project/install/convex_mpc/lib'
[3.819s] Level 1:colcon.colcon_core.environment:checking '/home/lukat/unitree_mujoco_ws/COGAR_project/install/convex_mpc/bin'
[3.819s] Level 1:colcon.colcon_core.environment:checking '/home/lukat/unitree_mujoco_ws/COGAR_project/install/convex_mpc/lib/pkgconfig/convex_mpc.pc'
[3.820s] Level 1:colcon.colcon_core.environment:checking '/home/lukat/unitree_mujoco_ws/COGAR_project/install/convex_mpc/lib/python3.10/site-packages'
[3.820s] Level 1:colcon.colcon_core.shell:create_environment_hook('convex_mpc', 'pythonpath')
[3.820s] INFO:colcon.colcon_core.shell:Creating environment hook '/home/lukat/unitree_mujoco_ws/COGAR_project/install/convex_mpc/share/convex_mpc/hook/pythonpath.ps1'
[3.821s] INFO:colcon.colcon_core.shell:Creating environment descriptor '/home/lukat/unitree_mujoco_ws/COGAR_project/install/convex_mpc/share/convex_mpc/hook/pythonpath.dsv'
[3.821s] INFO:colcon.colcon_core.shell:Creating environment hook '/home/lukat/unitree_mujoco_ws/COGAR_project/install/convex_mpc/share/convex_mpc/hook/pythonpath.sh'
[3.822s] Level 1:colcon.colcon_core.environment:checking '/home/lukat/unitree_mujoco_ws/COGAR_project/install/convex_mpc/bin'
[3.822s] Level 1:colcon.colcon_core.environment:create_environment_scripts_only(convex_mpc)
[3.823s] INFO:colcon.colcon_core.shell:Creating package script '/home/lukat/unitree_mujoco_ws/COGAR_project/install/convex_mpc/share/convex_mpc/package.ps1'
[3.826s] INFO:colcon.colcon_core.shell:Creating package descriptor '/home/lukat/unitree_mujoco_ws/COGAR_project/install/convex_mpc/share/convex_mpc/package.dsv'
[3.828s] INFO:colcon.colcon_core.shell:Creating package script '/home/lukat/unitree_mujoco_ws/COGAR_project/install/convex_mpc/share/convex_mpc/package.sh'
[3.829s] INFO:colcon.colcon_core.shell:Creating package script '/home/lukat/unitree_mujoco_ws/COGAR_project/install/convex_mpc/share/convex_mpc/package.bash'
[3.831s] INFO:colcon.colcon_core.shell:Creating package script '/home/lukat/unitree_mujoco_ws/COGAR_project/install/convex_mpc/share/convex_mpc/package.zsh'
[3.832s] Level 1:colcon.colcon_core.environment:create_file_with_runtime_dependencies(/home/lukat/unitree_mujoco_ws/COGAR_project/install/convex_mpc/share/colcon-core/packages/convex_mpc)
[3.832s] DEBUG:colcon.colcon_parallel_executor.executor.parallel:closing loop
[3.833s] DEBUG:colcon.colcon_parallel_executor.executor.parallel:loop closed
[3.833s] DEBUG:colcon.colcon_parallel_executor.executor.parallel:run_until_complete finished with '0'
[3.833s] DEBUG:colcon.colcon_core.event_reactor:joining thread
[3.875s] INFO:colcon.colcon_core.plugin_system:Skipping extension 'colcon_notification.desktop_notification.notify_send': Could not find 'notify-send'
[3.875s] INFO:colcon.colcon_core.plugin_system:Skipping extension 'colcon_notification.desktop_notification.terminal_notifier': Not used on non-Darwin systems
[3.875s] INFO:colcon.colcon_core.plugin_system:Skipping extension 'colcon_notification.desktop_notification.win32': Not used on non-Windows systems
[3.875s] INFO:colcon.colcon_notification.desktop_notification:Sending desktop notification using 'notify2'
[3.876s] DEBUG:colcon.colcon_notification.desktop_notification.notify2:Failed to initialize notify2: org.freedesktop.DBus.Error.FileNotFound: Failed to connect to socket /run/user/1000/bus: No such file or directory
[3.876s] DEBUG:colcon.colcon_core.event_reactor:joined thread
[3.876s] INFO:colcon.colcon_core.shell:Creating prefix script '/home/lukat/unitree_mujoco_ws/COGAR_project/install/local_setup.ps1'
[3.879s] INFO:colcon.colcon_core.shell:Creating prefix util module '/home/lukat/unitree_mujoco_ws/COGAR_project/install/_local_setup_util_ps1.py'
[3.881s] INFO:colcon.colcon_core.shell:Creating prefix chain script '/home/lukat/unitree_mujoco_ws/COGAR_project/install/setup.ps1'
[3.883s] INFO:colcon.colcon_core.shell:Creating prefix script '/home/lukat/unitree_mujoco_ws/COGAR_project/install/local_setup.sh'
[3.884s] INFO:colcon.colcon_core.shell:Creating prefix util module '/home/lukat/unitree_mujoco_ws/COGAR_project/install/_local_setup_util_sh.py'
[3.885s] INFO:colcon.colcon_core.shell:Creating prefix chain script '/home/lukat/unitree_mujoco_ws/COGAR_project/install/setup.sh'
[3.887s] INFO:colcon.colcon_core.shell:Creating prefix script '/home/lukat/unitree_mujoco_ws/COGAR_project/install/local_setup.bash'
[3.888s] INFO:colcon.colcon_core.shell:Creating prefix chain script '/home/lukat/unitree_mujoco_ws/COGAR_project/install/setup.bash'
[3.892s] INFO:colcon.colcon_core.shell:Creating prefix script '/home/lukat/unitree_mujoco_ws/COGAR_project/install/local_setup.zsh'
[3.894s] INFO:colcon.colcon_core.shell:Creating prefix chain script '/home/lukat/unitree_mujoco_ws/COGAR_project/install/setup.zsh'
