[0.040s] Invoking command in '/home/lukat/unitree_mujoco_ws/COGAR_project/build/robot_interfaces': CMAKE_PREFIX_PATH=${CMAKE_PREFIX_PATH}:/home/lukat/unitree_mujoco_ws/COGAR_project/install/simulation_py:/home/lukat/unitree_mujoco_ws/COGAR_project/install/convex_mpc:/home/lukat/unitree_mujoco_ws/COGAR_project/install/controller:/opt/ros/humble /usr/bin/cmake --build /home/lukat/unitree_mujoco_ws/COGAR_project/build/robot_interfaces -- -j8 -l8
[0.395s] [  1%] Built target robot_interfaces__cpp
[0.396s] [  3%] Built target robot_interfaces__rs
[0.396s] [ 14%] Built target robot_interfaces__rosidl_generator_c
[0.397s] [ 14%] Built target ament_cmake_python_copy_robot_interfaces
[0.398s] [ 32%] Built target robot_interfaces__rosidl_typesupport_cpp
[0.398s] [ 35%] Built target robot_interfaces__rosidl_typesupport_introspection_cpp
[0.398s] [ 46%] Built target robot_interfaces__rosidl_typesupport_fastrtps_cpp
[0.398s] [ 62%] Built target robot_interfaces__rosidl_typesupport_introspection_c
[0.398s] [ 67%] Built target robot_interfaces__rosidl_typesupport_fastrtps_c
[0.399s] [ 78%] Built target robot_interfaces__rosidl_typesupport_c
[0.399s] [ 78%] Built target robot_interfaces
[0.399s] [ 80%] Built target robot_interfaces__py
[0.399s] [ 89%] Built target robot_interfaces__rosidl_generator_py
[0.399s] [ 94%] Built target robot_interfaces__rosidl_typesupport_introspection_c__pyext
[0.399s] [ 96%] Built target robot_interfaces__rosidl_typesupport_c__pyext
[0.399s] [100%] Built target robot_interfaces__rosidl_typesupport_fastrtps_c__pyext
[0.399s] /usr/bin/cmake: /home/lukat/miniconda3/envs/go2-convex-mpc/lib/libcurl.so.4: no version information available (required by /usr/bin/cmake)
[0.399s] /usr/bin/cmake: /home/lukat/miniconda3/envs/go2-convex-mpc/lib/libcurl.so.4: no version information available (required by /usr/bin/cmake)
[0.399s] /usr/bin/cmake: /home/lukat/miniconda3/envs/go2-convex-mpc/lib/libcurl.so.4: no version information available (required by /usr/bin/cmake)
[0.399s] /usr/bin/cmake: /home/lukat/miniconda3/envs/go2-convex-mpc/lib/libcurl.so.4: no version information available (required by /usr/bin/cmake)
[0.399s] /usr/bin/cmake: /home/lukat/miniconda3/envs/go2-convex-mpc/lib/libcurl.so.4: no version information available (required by /usr/bin/cmake)
[0.399s] /usr/bin/cmake: /home/lukat/miniconda3/envs/go2-convex-mpc/lib/libcurl.so.4: no version information available (required by /usr/bin/cmake)
[0.399s] /usr/bin/cmake: /home/lukat/miniconda3/envs/go2-convex-mpc/lib/libcurl.so.4: no version information available (required by /usr/bin/cmake)
[0.399s] /usr/bin/cmake: /home/lukat/miniconda3/envs/go2-convex-mpc/lib/libcurl.so.4: no version information available (required by /usr/bin/cmake)
[0.400s] /usr/bin/cmake: /home/lukat/miniconda3/envs/go2-convex-mpc/lib/libcurl.so.4: no version information available (required by /usr/bin/cmake)
[0.400s] /usr/bin/cmake: /home/lukat/miniconda3/envs/go2-convex-mpc/lib/libcurl.so.4: no version information available (required by /usr/bin/cmake)
[0.400s] /usr/bin/cmake: /home/lukat/miniconda3/envs/go2-convex-mpc/lib/libcurl.so.4: no version information available (required by /usr/bin/cmake)
[0.400s] /usr/bin/cmake: /home/lukat/miniconda3/envs/go2-convex-mpc/lib/libcurl.so.4: no version information available (required by /usr/bin/cmake)
[0.400s] /usr/bin/cmake: /home/lukat/miniconda3/envs/go2-convex-mpc/lib/libcurl.so.4: no version information available (required by /usr/bin/cmake)
[0.400s] /usr/bin/cmake: /home/lukat/miniconda3/envs/go2-convex-mpc/lib/libcurl.so.4: no version information available (required by /usr/bin/cmake)
[0.400s] /usr/bin/cmake: /home/lukat/miniconda3/envs/go2-convex-mpc/lib/libcurl.so.4: no version information available (required by /usr/bin/cmake)
[0.400s] /usr/bin/cmake: /home/lukat/miniconda3/envs/go2-convex-mpc/lib/libcurl.so.4: no version information available (required by /usr/bin/cmake)
[0.401s] /usr/bin/cmake: /home/lukat/miniconda3/envs/go2-convex-mpc/lib/libcurl.so.4: no version information available (required by /usr/bin/cmake)
[0.401s] /usr/bin/cmake: /home/lukat/miniconda3/envs/go2-convex-mpc/lib/libcurl.so.4: no version information available (required by /usr/bin/cmake)
[0.401s] /usr/bin/cmake: /home/lukat/miniconda3/envs/go2-convex-mpc/lib/libcurl.so.4: no version information available (required by /usr/bin/cmake)
[0.401s] /usr/bin/cmake: /home/lukat/miniconda3/envs/go2-convex-mpc/lib/libcurl.so.4: no version information available (required by /usr/bin/cmake)
[0.401s] /usr/bin/cmake: /home/lukat/miniconda3/envs/go2-convex-mpc/lib/libcurl.so.4: no version information available (required by /usr/bin/cmake)
[0.401s] /usr/bin/cmake: /home/lukat/miniconda3/envs/go2-convex-mpc/lib/libcurl.so.4: no version information available (required by /usr/bin/cmake)
[0.402s] /usr/bin/cmake: /home/lukat/miniconda3/envs/go2-convex-mpc/lib/libcurl.so.4: no version information available (required by /usr/bin/cmake)
[0.402s] /usr/bin/cmake: /home/lukat/miniconda3/envs/go2-convex-mpc/lib/libcurl.so.4: no version information available (required by /usr/bin/cmake)
[0.402s] /usr/bin/cmake: /home/lukat/miniconda3/envs/go2-convex-mpc/lib/libcurl.so.4: no version information available (required by /usr/bin/cmake)
[0.402s] /usr/bin/cmake: /home/lukat/miniconda3/envs/go2-convex-mpc/lib/libcurl.so.4: no version information available (required by /usr/bin/cmake)
[0.402s] /usr/bin/cmake: /home/lukat/miniconda3/envs/go2-convex-mpc/lib/libcurl.so.4: no version information available (required by /usr/bin/cmake)
[0.402s] /usr/bin/cmake: /home/lukat/miniconda3/envs/go2-convex-mpc/lib/libcurl.so.4: no version information available (required by /usr/bin/cmake)
[0.402s] /usr/bin/cmake: /home/lukat/miniconda3/envs/go2-convex-mpc/lib/libcurl.so.4: no version information available (required by /usr/bin/cmake)
[0.402s] /usr/bin/cmake: /home/lukat/miniconda3/envs/go2-convex-mpc/lib/libcurl.so.4: no version information available (required by /usr/bin/cmake)
[0.402s] /usr/bin/cmake: /home/lukat/miniconda3/envs/go2-convex-mpc/lib/libcurl.so.4: no version information available (required by /usr/bin/cmake)
[0.402s] /usr/bin/cmake: /home/lukat/miniconda3/envs/go2-convex-mpc/lib/libcurl.so.4: no version information available (required by /usr/bin/cmake)
[0.402s] /usr/bin/cmake: /home/lukat/miniconda3/envs/go2-convex-mpc/lib/libcurl.so.4: no version information available (required by /usr/bin/cmake)
[0.403s] /usr/bin/cmake: /home/lukat/miniconda3/envs/go2-convex-mpc/lib/libcurl.so.4: no version information available (required by /usr/bin/cmake)
[0.403s] /usr/bin/cmake: /home/lukat/miniconda3/envs/go2-convex-mpc/lib/libcurl.so.4: no version information available (required by /usr/bin/cmake)
[0.403s] /usr/bin/cmake: /home/lukat/miniconda3/envs/go2-convex-mpc/lib/libcurl.so.4: no version information available (required by /usr/bin/cmake)
[0.403s] /usr/bin/cmake: /home/lukat/miniconda3/envs/go2-convex-mpc/lib/libcurl.so.4: no version information available (required by /usr/bin/cmake)
[0.484s] running egg_info
[0.505s] writing robot_interfaces.egg-info/PKG-INFO
[0.506s] writing dependency_links to robot_interfaces.egg-info/dependency_links.txt
[0.506s] writing top-level names to robot_interfaces.egg-info/top_level.txt
[0.579s] reading manifest file 'robot_interfaces.egg-info/SOURCES.txt'
[0.581s] writing manifest file 'robot_interfaces.egg-info/SOURCES.txt'
[0.629s] /usr/bin/cmake: /home/lukat/miniconda3/envs/go2-convex-mpc/lib/libcurl.so.4: no version information available (required by /usr/bin/cmake)
[0.633s] [100%] Built target ament_cmake_python_build_robot_interfaces_egg
[0.637s] /usr/bin/cmake: /home/lukat/miniconda3/envs/go2-convex-mpc/lib/libcurl.so.4: no version information available (required by /usr/bin/cmake)
[0.697s] Invoked command in '/home/lukat/unitree_mujoco_ws/COGAR_project/build/robot_interfaces' returned '0': CMAKE_PREFIX_PATH=${CMAKE_PREFIX_PATH}:/home/lukat/unitree_mujoco_ws/COGAR_project/install/simulation_py:/home/lukat/unitree_mujoco_ws/COGAR_project/install/convex_mpc:/home/lukat/unitree_mujoco_ws/COGAR_project/install/controller:/opt/ros/humble /usr/bin/cmake --build /home/lukat/unitree_mujoco_ws/COGAR_project/build/robot_interfaces -- -j8 -l8
[0.712s] Invoking command in '/home/lukat/unitree_mujoco_ws/COGAR_project/build/robot_interfaces': CMAKE_PREFIX_PATH=${CMAKE_PREFIX_PATH}:/home/lukat/unitree_mujoco_ws/COGAR_project/install/simulation_py:/home/lukat/unitree_mujoco_ws/COGAR_project/install/convex_mpc:/home/lukat/unitree_mujoco_ws/COGAR_project/install/controller:/opt/ros/humble /usr/bin/cmake --build /home/lukat/unitree_mujoco_ws/COGAR_project/build/robot_interfaces --target install -- -j8 -l8
[0.715s] /usr/bin/cmake: /home/lukat/miniconda3/envs/go2-convex-mpc/lib/libcurl.so.4: no version information available (required by /usr/bin/cmake)
[0.730s] /usr/bin/cmake: /home/lukat/miniconda3/envs/go2-convex-mpc/lib/libcurl.so.4: no version information available (required by /usr/bin/cmake)
[0.744s] /usr/bin/cmake: /home/lukat/miniconda3/envs/go2-convex-mpc/lib/libcurl.so.4: no version information available (required by /usr/bin/cmake)
[0.760s] /usr/bin/cmake: /home/lukat/miniconda3/envs/go2-convex-mpc/lib/libcurl.so.4: no version information available (required by /usr/bin/cmake)
[0.760s] /usr/bin/cmake: /home/lukat/miniconda3/envs/go2-convex-mpc/lib/libcurl.so.4: no version information available (required by /usr/bin/cmake)
[0.760s] /usr/bin/cmake: /home/lukat/miniconda3/envs/go2-convex-mpc/lib/libcurl.so.4: no version information available (required by /usr/bin/cmake)
[0.762s] /usr/bin/cmake: /home/lukat/miniconda3/envs/go2-convex-mpc/lib/libcurl.so.4: no version information available (required by /usr/bin/cmake)
[0.775s] /usr/bin/cmake: /home/lukat/miniconda3/envs/go2-convex-mpc/lib/libcurl.so.4: no version information available (required by /usr/bin/cmake)
[0.782s] /usr/bin/cmake: /home/lukat/miniconda3/envs/go2-convex-mpc/lib/libcurl.so.4: no version information available (required by /usr/bin/cmake)
[0.782s] /usr/bin/cmake: /home/lukat/miniconda3/envs/go2-convex-mpc/lib/libcurl.so.4: no version information available (required by /usr/bin/cmake)
[0.782s] /usr/bin/cmake: /home/lukat/miniconda3/envs/go2-convex-mpc/lib/libcurl.so.4: no version information available (required by /usr/bin/cmake)
[0.782s] [  1%] Built target robot_interfaces__cpp
[0.783s] [  3%] Built target robot_interfaces__rs
[0.783s] [ 14%] Built target robot_interfaces__rosidl_generator_c
[0.793s] /usr/bin/cmake: /home/lukat/miniconda3/envs/go2-convex-mpc/lib/libcurl.so.4: no version information available (required by /usr/bin/cmake)
[0.793s] /usr/bin/cmake: /home/lukat/miniconda3/envs/go2-convex-mpc/lib/libcurl.so.4: no version information available (required by /usr/bin/cmake)
[0.794s] /usr/bin/cmake: /home/lukat/miniconda3/envs/go2-convex-mpc/lib/libcurl.so.4: no version information available (required by /usr/bin/cmake)
[0.796s] /usr/bin/cmake: /home/lukat/miniconda3/envs/go2-convex-mpc/lib/libcurl.so.4: no version information available (required by /usr/bin/cmake)
[0.807s] [ 14%] Built target ament_cmake_python_copy_robot_interfaces
[0.823s] /usr/bin/cmake: /home/lukat/miniconda3/envs/go2-convex-mpc/lib/libcurl.so.4: no version information available (required by /usr/bin/cmake)
[0.823s] /usr/bin/cmake: /home/lukat/miniconda3/envs/go2-convex-mpc/lib/libcurl.so.4: no version information available (required by /usr/bin/cmake)
[0.823s] /usr/bin/cmake: /home/lukat/miniconda3/envs/go2-convex-mpc/lib/libcurl.so.4: no version information available (required by /usr/bin/cmake)
[0.823s] [ 25%] Built target robot_interfaces__rosidl_typesupport_fastrtps_cpp
[0.840s] /usr/bin/cmake: /home/lukat/miniconda3/envs/go2-convex-mpc/lib/libcurl.so.4: no version information available (required by /usr/bin/cmake)
[0.840s] /usr/bin/cmake: /home/lukat/miniconda3/envs/go2-convex-mpc/lib/libcurl.so.4: no version information available (required by /usr/bin/cmake)
[0.840s] [ 35%] Built target robot_interfaces__rosidl_typesupport_introspection_cpp
[0.841s] /usr/bin/cmake: /home/lukat/miniconda3/envs/go2-convex-mpc/lib/libcurl.so.4: no version information available (required by /usr/bin/cmake)
[0.841s] /usr/bin/cmake: /home/lukat/miniconda3/envs/go2-convex-mpc/lib/libcurl.so.4: no version information available (required by /usr/bin/cmake)
[0.841s] [ 46%] Built target robot_interfaces__rosidl_typesupport_cpp
[0.851s] /usr/bin/cmake: /home/lukat/miniconda3/envs/go2-convex-mpc/lib/libcurl.so.4: no version information available (required by /usr/bin/cmake)
[0.852s] /usr/bin/cmake: /home/lukat/miniconda3/envs/go2-convex-mpc/lib/libcurl.so.4: no version information available (required by /usr/bin/cmake)
[0.856s] /usr/bin/cmake: /home/lukat/miniconda3/envs/go2-convex-mpc/lib/libcurl.so.4: no version information available (required by /usr/bin/cmake)
[0.857s] [ 67%] Built target robot_interfaces__rosidl_typesupport_c
[0.858s] [ 67%] Built target robot_interfaces__rosidl_typesupport_introspection_c
[0.864s] [ 78%] Built target robot_interfaces__rosidl_typesupport_fastrtps_c
[0.870s] /usr/bin/cmake: /home/lukat/miniconda3/envs/go2-convex-mpc/lib/libcurl.so.4: no version information available (required by /usr/bin/cmake)
[0.883s] /usr/bin/cmake: /home/lukat/miniconda3/envs/go2-convex-mpc/lib/libcurl.so.4: no version information available (required by /usr/bin/cmake)
[0.890s] [ 78%] Built target robot_interfaces
[0.897s] /usr/bin/cmake: /home/lukat/miniconda3/envs/go2-convex-mpc/lib/libcurl.so.4: no version information available (required by /usr/bin/cmake)
[0.911s] /usr/bin/cmake: /home/lukat/miniconda3/envs/go2-convex-mpc/lib/libcurl.so.4: no version information available (required by /usr/bin/cmake)
[0.918s] [ 80%] Built target robot_interfaces__py
[0.929s] /usr/bin/cmake: /home/lukat/miniconda3/envs/go2-convex-mpc/lib/libcurl.so.4: no version information available (required by /usr/bin/cmake)
[0.945s] /usr/bin/cmake: /home/lukat/miniconda3/envs/go2-convex-mpc/lib/libcurl.so.4: no version information available (required by /usr/bin/cmake)
[0.950s] [ 89%] Built target robot_interfaces__rosidl_generator_py
[0.962s] /usr/bin/cmake: /home/lukat/miniconda3/envs/go2-convex-mpc/lib/libcurl.so.4: no version information available (required by /usr/bin/cmake)
[0.962s] /usr/bin/cmake: /home/lukat/miniconda3/envs/go2-convex-mpc/lib/libcurl.so.4: no version information available (required by /usr/bin/cmake)
[0.962s] /usr/bin/cmake: /home/lukat/miniconda3/envs/go2-convex-mpc/lib/libcurl.so.4: no version information available (required by /usr/bin/cmake)
[0.974s] /usr/bin/cmake: /home/lukat/miniconda3/envs/go2-convex-mpc/lib/libcurl.so.4: no version information available (required by /usr/bin/cmake)
[0.974s] /usr/bin/cmake: /home/lukat/miniconda3/envs/go2-convex-mpc/lib/libcurl.so.4: no version information available (required by /usr/bin/cmake)
[0.977s] /usr/bin/cmake: /home/lukat/miniconda3/envs/go2-convex-mpc/lib/libcurl.so.4: no version information available (required by /usr/bin/cmake)
[0.979s] [ 92%] Built target robot_interfaces__rosidl_typesupport_fastrtps_c__pyext
[0.979s] [ 96%] Built target robot_interfaces__rosidl_typesupport_c__pyext
[0.983s] [100%] Built target robot_interfaces__rosidl_typesupport_introspection_c__pyext
[1.141s] running egg_info
[1.167s] writing robot_interfaces.egg-info/PKG-INFO
[1.168s] writing dependency_links to robot_interfaces.egg-info/dependency_links.txt
[1.168s] writing top-level names to robot_interfaces.egg-info/top_level.txt
[1.241s] reading manifest file 'robot_interfaces.egg-info/SOURCES.txt'
[1.242s] writing manifest file 'robot_interfaces.egg-info/SOURCES.txt'
[1.275s] /usr/bin/cmake: /home/lukat/miniconda3/envs/go2-convex-mpc/lib/libcurl.so.4: no version information available (required by /usr/bin/cmake)
[1.281s] [100%] Built target ament_cmake_python_build_robot_interfaces_egg
[1.285s] /usr/bin/cmake: /home/lukat/miniconda3/envs/go2-convex-mpc/lib/libcurl.so.4: no version information available (required by /usr/bin/cmake)
[1.297s] /usr/bin/cmake: /home/lukat/miniconda3/envs/go2-convex-mpc/lib/libcurl.so.4: no version information available (required by /usr/bin/cmake)
[1.302s] [36mInstall the project...[0m
[1.306s] /usr/bin/cmake: /home/lukat/miniconda3/envs/go2-convex-mpc/lib/libcurl.so.4: no version information available (required by /usr/bin/cmake)
[1.313s] -- Install configuration: ""
[1.313s] -- Up-to-date: /home/lukat/unitree_mujoco_ws/COGAR_project/install/robot_interfaces/share/ament_index/resource_index/rosidl_interfaces/robot_interfaces
[1.313s] -- Up-to-date: /home/lukat/unitree_mujoco_ws/COGAR_project/install/robot_interfaces/include/robot_interfaces/robot_interfaces
[1.313s] -- Up-to-date: /home/lukat/unitree_mujoco_ws/COGAR_project/install/robot_interfaces/include/robot_interfaces/robot_interfaces/srv
[1.314s] -- Up-to-date: /home/lukat/unitree_mujoco_ws/COGAR_project/install/robot_interfaces/include/robot_interfaces/robot_interfaces/srv/update_gait_params.h
[1.314s] -- Up-to-date: /home/lukat/unitree_mujoco_ws/COGAR_project/install/robot_interfaces/include/robot_interfaces/robot_interfaces/srv/set_body_height.h
[1.314s] -- Up-to-date: /home/lukat/unitree_mujoco_ws/COGAR_project/install/robot_interfaces/include/robot_interfaces/robot_interfaces/srv/update_single_param.h
[1.315s] -- Up-to-date: /home/lukat/unitree_mujoco_ws/COGAR_project/install/robot_interfaces/include/robot_interfaces/robot_interfaces/srv/detail
[1.315s] -- Up-to-date: /home/lukat/unitree_mujoco_ws/COGAR_project/install/robot_interfaces/include/robot_interfaces/robot_interfaces/srv/detail/update_single_param__struct.h
[1.315s] -- Up-to-date: /home/lukat/unitree_mujoco_ws/COGAR_project/install/robot_interfaces/include/robot_interfaces/robot_interfaces/srv/detail/update_gait_params__struct.h
[1.316s] -- Up-to-date: /home/lukat/unitree_mujoco_ws/COGAR_project/install/robot_interfaces/include/robot_interfaces/robot_interfaces/srv/detail/set_body_height__functions.h
[1.316s] -- Up-to-date: /home/lukat/unitree_mujoco_ws/COGAR_project/install/robot_interfaces/include/robot_interfaces/robot_interfaces/srv/detail/set_body_height__type_support.h
[1.316s] -- Up-to-date: /home/lukat/unitree_mujoco_ws/COGAR_project/install/robot_interfaces/include/robot_interfaces/robot_interfaces/srv/detail/update_single_param__type_support.h
[1.316s] -- Up-to-date: /home/lukat/unitree_mujoco_ws/COGAR_project/install/robot_interfaces/include/robot_interfaces/robot_interfaces/srv/detail/update_gait_params__functions.c
[1.317s] -- Up-to-date: /home/lukat/unitree_mujoco_ws/COGAR_project/install/robot_interfaces/include/robot_interfaces/robot_interfaces/srv/detail/update_single_param__functions.c
[1.317s] -- Up-to-date: /home/lukat/unitree_mujoco_ws/COGAR_project/install/robot_interfaces/include/robot_interfaces/robot_interfaces/srv/detail/set_body_height__struct.h
[1.317s] -- Up-to-date: /home/lukat/unitree_mujoco_ws/COGAR_project/install/robot_interfaces/include/robot_interfaces/robot_interfaces/srv/detail/set_body_height__functions.c
[1.318s] -- Up-to-date: /home/lukat/unitree_mujoco_ws/COGAR_project/install/robot_interfaces/include/robot_interfaces/robot_interfaces/srv/detail/update_gait_params__type_support.h
[1.318s] -- Up-to-date: /home/lukat/unitree_mujoco_ws/COGAR_project/install/robot_interfaces/include/robot_interfaces/robot_interfaces/srv/detail/update_gait_params__functions.h
[1.318s] -- Up-to-date: /home/lukat/unitree_mujoco_ws/COGAR_project/install/robot_interfaces/include/robot_interfaces/robot_interfaces/srv/detail/update_single_param__functions.h
[1.318s] -- Up-to-date: /home/lukat/unitree_mujoco_ws/COGAR_project/install/robot_interfaces/include/robot_interfaces/robot_interfaces/msg
[1.319s] -- Up-to-date: /home/lukat/unitree_mujoco_ws/COGAR_project/install/robot_interfaces/include/robot_interfaces/robot_interfaces/msg/robot_state.h
[1.319s] -- Up-to-date: /home/lukat/unitree_mujoco_ws/COGAR_project/install/robot_interfaces/include/robot_interfaces/robot_interfaces/msg/rosidl_generator_c__visibility_control.h
[1.319s] -- Up-to-date: /home/lukat/unitree_mujoco_ws/COGAR_project/install/robot_interfaces/include/robot_interfaces/robot_interfaces/msg/detail
[1.320s] -- Up-to-date: /home/lukat/unitree_mujoco_ws/COGAR_project/install/robot_interfaces/include/robot_interfaces/robot_interfaces/msg/detail/robot_state__struct.h
[1.320s] -- Up-to-date: /home/lukat/unitree_mujoco_ws/COGAR_project/install/robot_interfaces/include/robot_interfaces/robot_interfaces/msg/detail/robot_state__functions.c
[1.320s] -- Up-to-date: /home/lukat/unitree_mujoco_ws/COGAR_project/install/robot_interfaces/include/robot_interfaces/robot_interfaces/msg/detail/robot_state__type_support.h
[1.321s] -- Up-to-date: /home/lukat/unitree_mujoco_ws/COGAR_project/install/robot_interfaces/include/robot_interfaces/robot_interfaces/msg/detail/robot_state__functions.h
[1.321s] -- Up-to-date: /home/lukat/unitree_mujoco_ws/COGAR_project/install/robot_interfaces/share/robot_interfaces/environment/library_path.sh
[1.321s] -- Up-to-date: /home/lukat/unitree_mujoco_ws/COGAR_project/install/robot_interfaces/share/robot_interfaces/environment/library_path.dsv
[1.321s] -- Up-to-date: /home/lukat/unitree_mujoco_ws/COGAR_project/install/robot_interfaces/lib/librobot_interfaces__rosidl_generator_c.so
[1.321s] -- Up-to-date: /home/lukat/unitree_mujoco_ws/COGAR_project/install/robot_interfaces/include/robot_interfaces/robot_interfaces
[1.321s] -- Up-to-date: /home/lukat/unitree_mujoco_ws/COGAR_project/install/robot_interfaces/include/robot_interfaces/robot_interfaces/srv
[1.322s] -- Up-to-date: /home/lukat/unitree_mujoco_ws/COGAR_project/install/robot_interfaces/include/robot_interfaces/robot_interfaces/srv/detail
[1.322s] -- Up-to-date: /home/lukat/unitree_mujoco_ws/COGAR_project/install/robot_interfaces/include/robot_interfaces/robot_interfaces/srv/detail/update_gait_params__rosidl_typesupport_fastrtps_c.h
[1.323s] -- Up-to-date: /home/lukat/unitree_mujoco_ws/COGAR_project/install/robot_interfaces/include/robot_interfaces/robot_interfaces/srv/detail/update_single_param__rosidl_typesupport_fastrtps_c.h
[1.323s] -- Up-to-date: /home/lukat/unitree_mujoco_ws/COGAR_project/install/robot_interfaces/include/robot_interfaces/robot_interfaces/srv/detail/set_body_height__rosidl_typesupport_fastrtps_c.h
[1.323s] -- Up-to-date: /home/lukat/unitree_mujoco_ws/COGAR_project/install/robot_interfaces/include/robot_interfaces/robot_interfaces/msg
[1.323s] -- Up-to-date: /home/lukat/unitree_mujoco_ws/COGAR_project/install/robot_interfaces/include/robot_interfaces/robot_interfaces/msg/rosidl_typesupport_fastrtps_c__visibility_control.h
[1.324s] -- Up-to-date: /home/lukat/unitree_mujoco_ws/COGAR_project/install/robot_interfaces/include/robot_interfaces/robot_interfaces/msg/detail
[1.324s] -- Up-to-date: /home/lukat/unitree_mujoco_ws/COGAR_project/install/robot_interfaces/include/robot_interfaces/robot_interfaces/msg/detail/robot_state__rosidl_typesupport_fastrtps_c.h
[1.325s] -- Up-to-date: /home/lukat/unitree_mujoco_ws/COGAR_project/install/robot_interfaces/lib/librobot_interfaces__rosidl_typesupport_fastrtps_c.so
[1.325s] -- Up-to-date: /home/lukat/unitree_mujoco_ws/COGAR_project/install/robot_interfaces/include/robot_interfaces/robot_interfaces
[1.325s] -- Up-to-date: /home/lukat/unitree_mujoco_ws/COGAR_project/install/robot_interfaces/include/robot_interfaces/robot_interfaces/srv
[1.326s] -- Up-to-date: /home/lukat/unitree_mujoco_ws/COGAR_project/install/robot_interfaces/include/robot_interfaces/robot_interfaces/srv/detail
[1.326s] -- Up-to-date: /home/lukat/unitree_mujoco_ws/COGAR_project/install/robot_interfaces/include/robot_interfaces/robot_interfaces/srv/detail/set_body_height__rosidl_typesupport_introspection_c.h
[1.326s] -- Up-to-date: /home/lukat/unitree_mujoco_ws/COGAR_project/install/robot_interfaces/include/robot_interfaces/robot_interfaces/srv/detail/update_gait_params__rosidl_typesupport_introspection_c.h
[1.327s] -- Up-to-date: /home/lukat/unitree_mujoco_ws/COGAR_project/install/robot_interfaces/include/robot_interfaces/robot_interfaces/srv/detail/set_body_height__type_support.c
[1.327s] -- Up-to-date: /home/lukat/unitree_mujoco_ws/COGAR_project/install/robot_interfaces/include/robot_interfaces/robot_interfaces/srv/detail/update_gait_params__type_support.c
[1.327s] -- Up-to-date: /home/lukat/unitree_mujoco_ws/COGAR_project/install/robot_interfaces/include/robot_interfaces/robot_interfaces/srv/detail/update_single_param__type_support.c
[1.327s] -- Up-to-date: /home/lukat/unitree_mujoco_ws/COGAR_project/install/robot_interfaces/include/robot_interfaces/robot_interfaces/srv/detail/update_single_param__rosidl_typesupport_introspection_c.h
[1.327s] -- Up-to-date: /home/lukat/unitree_mujoco_ws/COGAR_project/install/robot_interfaces/include/robot_interfaces/robot_interfaces/msg
[1.327s] -- Up-to-date: /home/lukat/unitree_mujoco_ws/COGAR_project/install/robot_interfaces/include/robot_interfaces/robot_interfaces/msg/rosidl_typesupport_introspection_c__visibility_control.h
[1.327s] -- Up-to-date: /home/lukat/unitree_mujoco_ws/COGAR_project/install/robot_interfaces/include/robot_interfaces/robot_interfaces/msg/detail
[1.327s] -- Up-to-date: /home/lukat/unitree_mujoco_ws/COGAR_project/install/robot_interfaces/include/robot_interfaces/robot_interfaces/msg/detail/robot_state__rosidl_typesupport_introspection_c.h
[1.327s] -- Up-to-date: /home/lukat/unitree_mujoco_ws/COGAR_project/install/robot_interfaces/include/robot_interfaces/robot_interfaces/msg/detail/robot_state__type_support.c
[1.328s] -- Up-to-date: /home/lukat/unitree_mujoco_ws/COGAR_project/install/robot_interfaces/lib/librobot_interfaces__rosidl_typesupport_introspection_c.so
[1.328s] -- Up-to-date: /home/lukat/unitree_mujoco_ws/COGAR_project/install/robot_interfaces/lib/librobot_interfaces__rosidl_typesupport_c.so
[1.328s] -- Up-to-date: /home/lukat/unitree_mujoco_ws/COGAR_project/install/robot_interfaces/include/robot_interfaces/robot_interfaces
[1.328s] -- Up-to-date: /home/lukat/unitree_mujoco_ws/COGAR_project/install/robot_interfaces/include/robot_interfaces/robot_interfaces/srv
[1.328s] -- Up-to-date: /home/lukat/unitree_mujoco_ws/COGAR_project/install/robot_interfaces/include/robot_interfaces/robot_interfaces/srv/update_gait_params.hpp
[1.328s] -- Up-to-date: /home/lukat/unitree_mujoco_ws/COGAR_project/install/robot_interfaces/include/robot_interfaces/robot_interfaces/srv/set_body_height.hpp
[1.328s] -- Up-to-date: /home/lukat/unitree_mujoco_ws/COGAR_project/install/robot_interfaces/include/robot_interfaces/robot_interfaces/srv/detail
[1.328s] -- Up-to-date: /home/lukat/unitree_mujoco_ws/COGAR_project/install/robot_interfaces/include/robot_interfaces/robot_interfaces/srv/detail/update_single_param__type_support.hpp
[1.329s] -- Up-to-date: /home/lukat/unitree_mujoco_ws/COGAR_project/install/robot_interfaces/include/robot_interfaces/robot_interfaces/srv/detail/update_single_param__struct.hpp
[1.329s] -- Up-to-date: /home/lukat/unitree_mujoco_ws/COGAR_project/install/robot_interfaces/include/robot_interfaces/robot_interfaces/srv/detail/set_body_height__builder.hpp
[1.329s] -- Up-to-date: /home/lukat/unitree_mujoco_ws/COGAR_project/install/robot_interfaces/include/robot_interfaces/robot_interfaces/srv/detail/update_gait_params__struct.hpp
[1.329s] -- Up-to-date: /home/lukat/unitree_mujoco_ws/COGAR_project/install/robot_interfaces/include/robot_interfaces/robot_interfaces/srv/detail/update_single_param__traits.hpp
[1.329s] -- Up-to-date: /home/lukat/unitree_mujoco_ws/COGAR_project/install/robot_interfaces/include/robot_interfaces/robot_interfaces/srv/detail/update_gait_params__type_support.hpp
[1.329s] -- Up-to-date: /home/lukat/unitree_mujoco_ws/COGAR_project/install/robot_interfaces/include/robot_interfaces/robot_interfaces/srv/detail/set_body_height__type_support.hpp
[1.329s] -- Up-to-date: /home/lukat/unitree_mujoco_ws/COGAR_project/install/robot_interfaces/include/robot_interfaces/robot_interfaces/srv/detail/update_gait_params__builder.hpp
[1.329s] -- Up-to-date: /home/lukat/unitree_mujoco_ws/COGAR_project/install/robot_interfaces/include/robot_interfaces/robot_interfaces/srv/detail/set_body_height__struct.hpp
[1.330s] -- Up-to-date: /home/lukat/unitree_mujoco_ws/COGAR_project/install/robot_interfaces/include/robot_interfaces/robot_interfaces/srv/detail/set_body_height__traits.hpp
[1.330s] -- Up-to-date: /home/lukat/unitree_mujoco_ws/COGAR_project/install/robot_interfaces/include/robot_interfaces/robot_interfaces/srv/detail/update_single_param__builder.hpp
[1.330s] -- Up-to-date: /home/lukat/unitree_mujoco_ws/COGAR_project/install/robot_interfaces/include/robot_interfaces/robot_interfaces/srv/detail/update_gait_params__traits.hpp
[1.330s] -- Up-to-date: /home/lukat/unitree_mujoco_ws/COGAR_project/install/robot_interfaces/include/robot_interfaces/robot_interfaces/srv/update_single_param.hpp
[1.330s] -- Up-to-date: /home/lukat/unitree_mujoco_ws/COGAR_project/install/robot_interfaces/include/robot_interfaces/robot_interfaces/msg
[1.330s] -- Up-to-date: /home/lukat/unitree_mujoco_ws/COGAR_project/install/robot_interfaces/include/robot_interfaces/robot_interfaces/msg/robot_state.hpp
[1.330s] -- Up-to-date: /home/lukat/unitree_mujoco_ws/COGAR_project/install/robot_interfaces/include/robot_interfaces/robot_interfaces/msg/detail
[1.330s] -- Up-to-date: /home/lukat/unitree_mujoco_ws/COGAR_project/install/robot_interfaces/include/robot_interfaces/robot_interfaces/msg/detail/robot_state__struct.hpp
[1.330s] -- Up-to-date: /home/lukat/unitree_mujoco_ws/COGAR_project/install/robot_interfaces/include/robot_interfaces/robot_interfaces/msg/detail/robot_state__builder.hpp
[1.331s] -- Up-to-date: /home/lukat/unitree_mujoco_ws/COGAR_project/install/robot_interfaces/include/robot_interfaces/robot_interfaces/msg/detail/robot_state__type_support.hpp
[1.331s] -- Up-to-date: /home/lukat/unitree_mujoco_ws/COGAR_project/install/robot_interfaces/include/robot_interfaces/robot_interfaces/msg/detail/robot_state__traits.hpp
[1.331s] -- Up-to-date: /home/lukat/unitree_mujoco_ws/COGAR_project/install/robot_interfaces/include/robot_interfaces/robot_interfaces/msg/rosidl_generator_cpp__visibility_control.hpp
[1.331s] -- Up-to-date: /home/lukat/unitree_mujoco_ws/COGAR_project/install/robot_interfaces/include/robot_interfaces/robot_interfaces
[1.331s] -- Up-to-date: /home/lukat/unitree_mujoco_ws/COGAR_project/install/robot_interfaces/include/robot_interfaces/robot_interfaces/srv
[1.331s] -- Up-to-date: /home/lukat/unitree_mujoco_ws/COGAR_project/install/robot_interfaces/include/robot_interfaces/robot_interfaces/srv/detail
[1.331s] -- Up-to-date: /home/lukat/unitree_mujoco_ws/COGAR_project/install/robot_interfaces/include/robot_interfaces/robot_interfaces/srv/detail/update_gait_params__rosidl_typesupport_fastrtps_cpp.hpp
[1.331s] -- Up-to-date: /home/lukat/unitree_mujoco_ws/COGAR_project/install/robot_interfaces/include/robot_interfaces/robot_interfaces/srv/detail/update_single_param__rosidl_typesupport_fastrtps_cpp.hpp
[1.332s] -- Up-to-date: /home/lukat/unitree_mujoco_ws/COGAR_project/install/robot_interfaces/include/robot_interfaces/robot_interfaces/srv/detail/dds_fastrtps
[1.332s] -- Up-to-date: /home/lukat/unitree_mujoco_ws/COGAR_project/install/robot_interfaces/include/robot_interfaces/robot_interfaces/srv/detail/set_body_height__rosidl_typesupport_fastrtps_cpp.hpp
[1.332s] -- Up-to-date: /home/lukat/unitree_mujoco_ws/COGAR_project/install/robot_interfaces/include/robot_interfaces/robot_interfaces/msg
[1.332s] -- Up-to-date: /home/lukat/unitree_mujoco_ws/COGAR_project/install/robot_interfaces/include/robot_interfaces/robot_interfaces/msg/detail
[1.332s] -- Up-to-date: /home/lukat/unitree_mujoco_ws/COGAR_project/install/robot_interfaces/include/robot_interfaces/robot_interfaces/msg/detail/dds_fastrtps
[1.332s] -- Up-to-date: /home/lukat/unitree_mujoco_ws/COGAR_project/install/robot_interfaces/include/robot_interfaces/robot_interfaces/msg/detail/robot_state__rosidl_typesupport_fastrtps_cpp.hpp
[1.332s] -- Up-to-date: /home/lukat/unitree_mujoco_ws/COGAR_project/install/robot_interfaces/include/robot_interfaces/robot_interfaces/msg/rosidl_typesupport_fastrtps_cpp__visibility_control.h
[1.332s] -- Up-to-date: /home/lukat/unitree_mujoco_ws/COGAR_project/install/robot_interfaces/lib/librobot_interfaces__rosidl_typesupport_fastrtps_cpp.so
[1.333s] -- Up-to-date: /home/lukat/unitree_mujoco_ws/COGAR_project/install/robot_interfaces/include/robot_interfaces/robot_interfaces
[1.333s] -- Up-to-date: /home/lukat/unitree_mujoco_ws/COGAR_project/install/robot_interfaces/include/robot_interfaces/robot_interfaces/srv
[1.333s] -- Up-to-date: /home/lukat/unitree_mujoco_ws/COGAR_project/install/robot_interfaces/include/robot_interfaces/robot_interfaces/srv/detail
[1.333s] -- Up-to-date: /home/lukat/unitree_mujoco_ws/COGAR_project/install/robot_interfaces/include/robot_interfaces/robot_interfaces/srv/detail/update_gait_params__type_support.cpp
[1.333s] -- Up-to-date: /home/lukat/unitree_mujoco_ws/COGAR_project/install/robot_interfaces/include/robot_interfaces/robot_interfaces/srv/detail/set_body_height__type_support.cpp
[1.333s] -- Up-to-date: /home/lukat/unitree_mujoco_ws/COGAR_project/install/robot_interfaces/include/robot_interfaces/robot_interfaces/srv/detail/update_gait_params__rosidl_typesupport_introspection_cpp.hpp
[1.333s] -- Up-to-date: /home/lukat/unitree_mujoco_ws/COGAR_project/install/robot_interfaces/include/robot_interfaces/robot_interfaces/srv/detail/set_body_height__rosidl_typesupport_introspection_cpp.hpp
[1.334s] -- Up-to-date: /home/lukat/unitree_mujoco_ws/COGAR_project/install/robot_interfaces/include/robot_interfaces/robot_interfaces/srv/detail/update_single_param__type_support.cpp
[1.334s] -- Up-to-date: /home/lukat/unitree_mujoco_ws/COGAR_project/install/robot_interfaces/include/robot_interfaces/robot_interfaces/srv/detail/update_single_param__rosidl_typesupport_introspection_cpp.hpp
[1.334s] -- Up-to-date: /home/lukat/unitree_mujoco_ws/COGAR_project/install/robot_interfaces/include/robot_interfaces/robot_interfaces/msg
[1.334s] -- Up-to-date: /home/lukat/unitree_mujoco_ws/COGAR_project/install/robot_interfaces/include/robot_interfaces/robot_interfaces/msg/detail
[1.334s] -- Up-to-date: /home/lukat/unitree_mujoco_ws/COGAR_project/install/robot_interfaces/include/robot_interfaces/robot_interfaces/msg/detail/robot_state__type_support.cpp
[1.334s] -- Up-to-date: /home/lukat/unitree_mujoco_ws/COGAR_project/install/robot_interfaces/include/robot_interfaces/robot_interfaces/msg/detail/robot_state__rosidl_typesupport_introspection_cpp.hpp
[1.334s] -- Up-to-date: /home/lukat/unitree_mujoco_ws/COGAR_project/install/robot_interfaces/lib/librobot_interfaces__rosidl_typesupport_introspection_cpp.so
[1.334s] -- Up-to-date: /home/lukat/unitree_mujoco_ws/COGAR_project/install/robot_interfaces/lib/librobot_interfaces__rosidl_typesupport_cpp.so
[1.334s] -- Up-to-date: /home/lukat/unitree_mujoco_ws/COGAR_project/install/robot_interfaces/share/robot_interfaces/environment/pythonpath.sh
[1.335s] -- Up-to-date: /home/lukat/unitree_mujoco_ws/COGAR_project/install/robot_interfaces/share/robot_interfaces/environment/pythonpath.dsv
[1.335s] -- Up-to-date: /home/lukat/unitree_mujoco_ws/COGAR_project/install/robot_interfaces/local/lib/python3.10/dist-packages/robot_interfaces-0.0.0-py3.10.egg-info
[1.335s] -- Installing: /home/lukat/unitree_mujoco_ws/COGAR_project/install/robot_interfaces/local/lib/python3.10/dist-packages/robot_interfaces-0.0.0-py3.10.egg-info/PKG-INFO
[1.335s] -- Installing: /home/lukat/unitree_mujoco_ws/COGAR_project/install/robot_interfaces/local/lib/python3.10/dist-packages/robot_interfaces-0.0.0-py3.10.egg-info/SOURCES.txt
[1.335s] -- Installing: /home/lukat/unitree_mujoco_ws/COGAR_project/install/robot_interfaces/local/lib/python3.10/dist-packages/robot_interfaces-0.0.0-py3.10.egg-info/top_level.txt
[1.335s] -- Installing: /home/lukat/unitree_mujoco_ws/COGAR_project/install/robot_interfaces/local/lib/python3.10/dist-packages/robot_interfaces-0.0.0-py3.10.egg-info/dependency_links.txt
[1.335s] -- Up-to-date: /home/lukat/unitree_mujoco_ws/COGAR_project/install/robot_interfaces/local/lib/python3.10/dist-packages/robot_interfaces
[1.335s] -- Up-to-date: /home/lukat/unitree_mujoco_ws/COGAR_project/install/robot_interfaces/local/lib/python3.10/dist-packages/robot_interfaces/_robot_interfaces_s.ep.rosidl_typesupport_introspection_c.c
[1.336s] -- Up-to-date: /home/lukat/unitree_mujoco_ws/COGAR_project/install/robot_interfaces/local/lib/python3.10/dist-packages/robot_interfaces/librobot_interfaces__rosidl_generator_py.so
[1.336s] -- Up-to-date: /home/lukat/unitree_mujoco_ws/COGAR_project/install/robot_interfaces/local/lib/python3.10/dist-packages/robot_interfaces/robot_interfaces_s__rosidl_typesupport_c.cpython-310-x86_64-linux-gnu.so
[1.336s] -- Up-to-date: /home/lukat/unitree_mujoco_ws/COGAR_project/install/robot_interfaces/local/lib/python3.10/dist-packages/robot_interfaces/srv
[1.336s] -- Up-to-date: /home/lukat/unitree_mujoco_ws/COGAR_project/install/robot_interfaces/local/lib/python3.10/dist-packages/robot_interfaces/srv/_update_single_param_s.c
[1.337s] -- Up-to-date: /home/lukat/unitree_mujoco_ws/COGAR_project/install/robot_interfaces/local/lib/python3.10/dist-packages/robot_interfaces/srv/_set_body_height_s.c
[1.337s] -- Up-to-date: /home/lukat/unitree_mujoco_ws/COGAR_project/install/robot_interfaces/local/lib/python3.10/dist-packages/robot_interfaces/srv/_update_single_param.py
[1.337s] -- Up-to-date: /home/lukat/unitree_mujoco_ws/COGAR_project/install/robot_interfaces/local/lib/python3.10/dist-packages/robot_interfaces/srv/__init__.py
[1.337s] -- Up-to-date: /home/lukat/unitree_mujoco_ws/COGAR_project/install/robot_interfaces/local/lib/python3.10/dist-packages/robot_interfaces/srv/_update_gait_params_s.c
[1.337s] -- Up-to-date: /home/lukat/unitree_mujoco_ws/COGAR_project/install/robot_interfaces/local/lib/python3.10/dist-packages/robot_interfaces/srv/_update_gait_params.py
[1.338s] -- Up-to-date: /home/lukat/unitree_mujoco_ws/COGAR_project/install/robot_interfaces/local/lib/python3.10/dist-packages/robot_interfaces/srv/_set_body_height.py
[1.338s] -- Up-to-date: /home/lukat/unitree_mujoco_ws/COGAR_project/install/robot_interfaces/local/lib/python3.10/dist-packages/robot_interfaces/robot_interfaces_s__rosidl_typesupport_fastrtps_c.cpython-310-x86_64-linux-gnu.so
[1.338s] -- Up-to-date: /home/lukat/unitree_mujoco_ws/COGAR_project/install/robot_interfaces/local/lib/python3.10/dist-packages/robot_interfaces/__init__.py
[1.338s] -- Up-to-date: /home/lukat/unitree_mujoco_ws/COGAR_project/install/robot_interfaces/local/lib/python3.10/dist-packages/robot_interfaces/msg
[1.338s] -- Up-to-date: /home/lukat/unitree_mujoco_ws/COGAR_project/install/robot_interfaces/local/lib/python3.10/dist-packages/robot_interfaces/msg/_robot_state_s.c
[1.338s] -- Up-to-date: /home/lukat/unitree_mujoco_ws/COGAR_project/install/robot_interfaces/local/lib/python3.10/dist-packages/robot_interfaces/msg/__init__.py
[1.338s] -- Up-to-date: /home/lukat/unitree_mujoco_ws/COGAR_project/install/robot_interfaces/local/lib/python3.10/dist-packages/robot_interfaces/msg/_robot_state.py
[1.338s] -- Up-to-date: /home/lukat/unitree_mujoco_ws/COGAR_project/install/robot_interfaces/local/lib/python3.10/dist-packages/robot_interfaces/robot_interfaces_s__rosidl_typesupport_introspection_c.cpython-310-x86_64-linux-gnu.so
[1.338s] -- Up-to-date: /home/lukat/unitree_mujoco_ws/COGAR_project/install/robot_interfaces/local/lib/python3.10/dist-packages/robot_interfaces/_robot_interfaces_s.ep.rosidl_typesupport_fastrtps_c.c
[1.338s] -- Up-to-date: /home/lukat/unitree_mujoco_ws/COGAR_project/install/robot_interfaces/local/lib/python3.10/dist-packages/robot_interfaces/_robot_interfaces_s.ep.rosidl_typesupport_c.c
[1.369s] Listing '/home/lukat/unitree_mujoco_ws/COGAR_project/install/robot_interfaces/local/lib/python3.10/dist-packages/robot_interfaces'...
[1.370s] Listing '/home/lukat/unitree_mujoco_ws/COGAR_project/install/robot_interfaces/local/lib/python3.10/dist-packages/robot_interfaces/msg'...
[1.370s] Listing '/home/lukat/unitree_mujoco_ws/COGAR_project/install/robot_interfaces/local/lib/python3.10/dist-packages/robot_interfaces/srv'...
[1.375s] -- Up-to-date: /home/lukat/unitree_mujoco_ws/COGAR_project/install/robot_interfaces/local/lib/python3.10/dist-packages/robot_interfaces/robot_interfaces_s__rosidl_typesupport_fastrtps_c.cpython-310-x86_64-linux-gnu.so
[1.375s] -- Up-to-date: /home/lukat/unitree_mujoco_ws/COGAR_project/install/robot_interfaces/local/lib/python3.10/dist-packages/robot_interfaces/robot_interfaces_s__rosidl_typesupport_introspection_c.cpython-310-x86_64-linux-gnu.so
[1.375s] -- Up-to-date: /home/lukat/unitree_mujoco_ws/COGAR_project/install/robot_interfaces/local/lib/python3.10/dist-packages/robot_interfaces/robot_interfaces_s__rosidl_typesupport_c.cpython-310-x86_64-linux-gnu.so
[1.375s] -- Up-to-date: /home/lukat/unitree_mujoco_ws/COGAR_project/install/robot_interfaces/lib/librobot_interfaces__rosidl_generator_py.so
[1.376s] -- Up-to-date: /home/lukat/unitree_mujoco_ws/COGAR_project/install/robot_interfaces/share/ament_index/resource_index/rust_packages/robot_interfaces
[1.376s] -- Up-to-date: /home/lukat/unitree_mujoco_ws/COGAR_project/install/robot_interfaces/share/robot_interfaces/rust
[1.376s] -- Up-to-date: /home/lukat/unitree_mujoco_ws/COGAR_project/install/robot_interfaces/share/robot_interfaces/rust/Cargo.toml
[1.377s] -- Up-to-date: /home/lukat/unitree_mujoco_ws/COGAR_project/install/robot_interfaces/share/robot_interfaces/rust/src
[1.377s] -- Up-to-date: /home/lukat/unitree_mujoco_ws/COGAR_project/install/robot_interfaces/share/robot_interfaces/rust/src/msg.rs
[1.378s] -- Up-to-date: /home/lukat/unitree_mujoco_ws/COGAR_project/install/robot_interfaces/share/robot_interfaces/rust/src/srv.rs
[1.378s] -- Up-to-date: /home/lukat/unitree_mujoco_ws/COGAR_project/install/robot_interfaces/share/robot_interfaces/rust/src/srv
[1.378s] -- Up-to-date: /home/lukat/unitree_mujoco_ws/COGAR_project/install/robot_interfaces/share/robot_interfaces/rust/src/srv/rmw.rs
[1.378s] -- Up-to-date: /home/lukat/unitree_mujoco_ws/COGAR_project/install/robot_interfaces/share/robot_interfaces/rust/src/msg
[1.379s] -- Up-to-date: /home/lukat/unitree_mujoco_ws/COGAR_project/install/robot_interfaces/share/robot_interfaces/rust/src/msg/rmw.rs
[1.379s] -- Up-to-date: /home/lukat/unitree_mujoco_ws/COGAR_project/install/robot_interfaces/share/robot_interfaces/rust/src/lib.rs
[1.379s] -- Up-to-date: /home/lukat/unitree_mujoco_ws/COGAR_project/install/robot_interfaces/share/robot_interfaces/rust/build.rs
[1.379s] -- Up-to-date: /home/lukat/unitree_mujoco_ws/COGAR_project/install/robot_interfaces/share/robot_interfaces/msg/RobotState.idl
[1.380s] -- Up-to-date: /home/lukat/unitree_mujoco_ws/COGAR_project/install/robot_interfaces/share/robot_interfaces/srv/UpdateGaitParams.idl
[1.380s] -- Up-to-date: /home/lukat/unitree_mujoco_ws/COGAR_project/install/robot_interfaces/share/robot_interfaces/srv/UpdateSingleParam.idl
[1.380s] -- Up-to-date: /home/lukat/unitree_mujoco_ws/COGAR_project/install/robot_interfaces/share/robot_interfaces/srv/SetBodyHeight.idl
[1.381s] -- Up-to-date: /home/lukat/unitree_mujoco_ws/COGAR_project/install/robot_interfaces/share/robot_interfaces/msg/RobotState.msg
[1.381s] -- Up-to-date: /home/lukat/unitree_mujoco_ws/COGAR_project/install/robot_interfaces/share/robot_interfaces/srv/UpdateGaitParams.srv
[1.381s] -- Up-to-date: /home/lukat/unitree_mujoco_ws/COGAR_project/install/robot_interfaces/share/robot_interfaces/srv/UpdateGaitParams_Request.msg
[1.382s] -- Up-to-date: /home/lukat/unitree_mujoco_ws/COGAR_project/install/robot_interfaces/share/robot_interfaces/srv/UpdateGaitParams_Response.msg
[1.382s] -- Up-to-date: /home/lukat/unitree_mujoco_ws/COGAR_project/install/robot_interfaces/share/robot_interfaces/srv/UpdateSingleParam.srv
[1.382s] -- Up-to-date: /home/lukat/unitree_mujoco_ws/COGAR_project/install/robot_interfaces/share/robot_interfaces/srv/UpdateSingleParam_Request.msg
[1.382s] -- Up-to-date: /home/lukat/unitree_mujoco_ws/COGAR_project/install/robot_interfaces/share/robot_interfaces/srv/UpdateSingleParam_Response.msg
[1.382s] -- Up-to-date: /home/lukat/unitree_mujoco_ws/COGAR_project/install/robot_interfaces/share/robot_interfaces/srv/SetBodyHeight.srv
[1.383s] -- Up-to-date: /home/lukat/unitree_mujoco_ws/COGAR_project/install/robot_interfaces/share/robot_interfaces/srv/SetBodyHeight_Request.msg
[1.383s] -- Up-to-date: /home/lukat/unitree_mujoco_ws/COGAR_project/install/robot_interfaces/share/robot_interfaces/srv/SetBodyHeight_Response.msg
[1.383s] -- Up-to-date: /home/lukat/unitree_mujoco_ws/COGAR_project/install/robot_interfaces/share/ament_index/resource_index/package_run_dependencies/robot_interfaces
[1.383s] -- Up-to-date: /home/lukat/unitree_mujoco_ws/COGAR_project/install/robot_interfaces/share/ament_index/resource_index/parent_prefix_path/robot_interfaces
[1.383s] -- Up-to-date: /home/lukat/unitree_mujoco_ws/COGAR_project/install/robot_interfaces/share/robot_interfaces/environment/ament_prefix_path.sh
[1.384s] -- Up-to-date: /home/lukat/unitree_mujoco_ws/COGAR_project/install/robot_interfaces/share/robot_interfaces/environment/ament_prefix_path.dsv
[1.384s] -- Up-to-date: /home/lukat/unitree_mujoco_ws/COGAR_project/install/robot_interfaces/share/robot_interfaces/environment/path.sh
[1.384s] -- Up-to-date: /home/lukat/unitree_mujoco_ws/COGAR_project/install/robot_interfaces/share/robot_interfaces/environment/path.dsv
[1.384s] -- Up-to-date: /home/lukat/unitree_mujoco_ws/COGAR_project/install/robot_interfaces/share/robot_interfaces/local_setup.bash
[1.384s] -- Up-to-date: /home/lukat/unitree_mujoco_ws/COGAR_project/install/robot_interfaces/share/robot_interfaces/local_setup.sh
[1.384s] -- Up-to-date: /home/lukat/unitree_mujoco_ws/COGAR_project/install/robot_interfaces/share/robot_interfaces/local_setup.zsh
[1.384s] -- Up-to-date: /home/lukat/unitree_mujoco_ws/COGAR_project/install/robot_interfaces/share/robot_interfaces/local_setup.dsv
[1.385s] -- Installing: /home/lukat/unitree_mujoco_ws/COGAR_project/install/robot_interfaces/share/robot_interfaces/package.dsv
[1.385s] -- Up-to-date: /home/lukat/unitree_mujoco_ws/COGAR_project/install/robot_interfaces/share/ament_index/resource_index/packages/robot_interfaces
[1.385s] -- Up-to-date: /home/lukat/unitree_mujoco_ws/COGAR_project/install/robot_interfaces/share/robot_interfaces/cmake/export_robot_interfaces__rosidl_generator_cExport.cmake
[1.386s] -- Up-to-date: /home/lukat/unitree_mujoco_ws/COGAR_project/install/robot_interfaces/share/robot_interfaces/cmake/export_robot_interfaces__rosidl_generator_cExport-noconfig.cmake
[1.388s] -- Up-to-date: /home/lukat/unitree_mujoco_ws/COGAR_project/install/robot_interfaces/share/robot_interfaces/cmake/export_robot_interfaces__rosidl_typesupport_fastrtps_cExport.cmake
[1.388s] -- Up-to-date: /home/lukat/unitree_mujoco_ws/COGAR_project/install/robot_interfaces/share/robot_interfaces/cmake/export_robot_interfaces__rosidl_typesupport_fastrtps_cExport-noconfig.cmake
[1.389s] -- Up-to-date: /home/lukat/unitree_mujoco_ws/COGAR_project/install/robot_interfaces/share/robot_interfaces/cmake/robot_interfaces__rosidl_typesupport_introspection_cExport.cmake
[1.389s] -- Up-to-date: /home/lukat/unitree_mujoco_ws/COGAR_project/install/robot_interfaces/share/robot_interfaces/cmake/robot_interfaces__rosidl_typesupport_introspection_cExport-noconfig.cmake
[1.389s] -- Up-to-date: /home/lukat/unitree_mujoco_ws/COGAR_project/install/robot_interfaces/share/robot_interfaces/cmake/robot_interfaces__rosidl_typesupport_cExport.cmake
[1.389s] -- Up-to-date: /home/lukat/unitree_mujoco_ws/COGAR_project/install/robot_interfaces/share/robot_interfaces/cmake/robot_interfaces__rosidl_typesupport_cExport-noconfig.cmake
[1.390s] -- Up-to-date: /home/lukat/unitree_mujoco_ws/COGAR_project/install/robot_interfaces/share/robot_interfaces/cmake/export_robot_interfaces__rosidl_generator_cppExport.cmake
[1.391s] -- Up-to-date: /home/lukat/unitree_mujoco_ws/COGAR_project/install/robot_interfaces/share/robot_interfaces/cmake/export_robot_interfaces__rosidl_typesupport_fastrtps_cppExport.cmake
[1.392s] -- Up-to-date: /home/lukat/unitree_mujoco_ws/COGAR_project/install/robot_interfaces/share/robot_interfaces/cmake/export_robot_interfaces__rosidl_typesupport_fastrtps_cppExport-noconfig.cmake
[1.392s] -- Up-to-date: /home/lukat/unitree_mujoco_ws/COGAR_project/install/robot_interfaces/share/robot_interfaces/cmake/robot_interfaces__rosidl_typesupport_introspection_cppExport.cmake
[1.393s] -- Up-to-date: /home/lukat/unitree_mujoco_ws/COGAR_project/install/robot_interfaces/share/robot_interfaces/cmake/robot_interfaces__rosidl_typesupport_introspection_cppExport-noconfig.cmake
[1.393s] -- Up-to-date: /home/lukat/unitree_mujoco_ws/COGAR_project/install/robot_interfaces/share/robot_interfaces/cmake/robot_interfaces__rosidl_typesupport_cppExport.cmake
[1.394s] -- Up-to-date: /home/lukat/unitree_mujoco_ws/COGAR_project/install/robot_interfaces/share/robot_interfaces/cmake/robot_interfaces__rosidl_typesupport_cppExport-noconfig.cmake
[1.395s] -- Up-to-date: /home/lukat/unitree_mujoco_ws/COGAR_project/install/robot_interfaces/share/robot_interfaces/cmake/export_robot_interfaces__rosidl_generator_pyExport.cmake
[1.395s] -- Up-to-date: /home/lukat/unitree_mujoco_ws/COGAR_project/install/robot_interfaces/share/robot_interfaces/cmake/export_robot_interfaces__rosidl_generator_pyExport-noconfig.cmake
[1.396s] -- Up-to-date: /home/lukat/unitree_mujoco_ws/COGAR_project/install/robot_interfaces/share/robot_interfaces/cmake/rosidl_cmake-extras.cmake
[1.396s] -- Up-to-date: /home/lukat/unitree_mujoco_ws/COGAR_project/install/robot_interfaces/share/robot_interfaces/cmake/ament_cmake_export_dependencies-extras.cmake
[1.397s] -- Up-to-date: /home/lukat/unitree_mujoco_ws/COGAR_project/install/robot_interfaces/share/robot_interfaces/cmake/ament_cmake_export_include_directories-extras.cmake
[1.398s] -- Up-to-date: /home/lukat/unitree_mujoco_ws/COGAR_project/install/robot_interfaces/share/robot_interfaces/cmake/ament_cmake_export_libraries-extras.cmake
[1.399s] -- Up-to-date: /home/lukat/unitree_mujoco_ws/COGAR_project/install/robot_interfaces/share/robot_interfaces/cmake/ament_cmake_export_targets-extras.cmake
[1.399s] -- Up-to-date: /home/lukat/unitree_mujoco_ws/COGAR_project/install/robot_interfaces/share/robot_interfaces/cmake/rosidl_cmake_export_typesupport_targets-extras.cmake
[1.399s] -- Up-to-date: /home/lukat/unitree_mujoco_ws/COGAR_project/install/robot_interfaces/share/robot_interfaces/cmake/rosidl_cmake_export_typesupport_libraries-extras.cmake
[1.400s] -- Up-to-date: /home/lukat/unitree_mujoco_ws/COGAR_project/install/robot_interfaces/share/robot_interfaces/cmake/robot_interfacesConfig.cmake
[1.400s] -- Up-to-date: /home/lukat/unitree_mujoco_ws/COGAR_project/install/robot_interfaces/share/robot_interfaces/cmake/robot_interfacesConfig-version.cmake
[1.401s] -- Up-to-date: /home/lukat/unitree_mujoco_ws/COGAR_project/install/robot_interfaces/share/robot_interfaces/package.xml
[1.401s] Invoked command in '/home/lukat/unitree_mujoco_ws/COGAR_project/build/robot_interfaces' returned '0': CMAKE_PREFIX_PATH=${CMAKE_PREFIX_PATH}:/home/lukat/unitree_mujoco_ws/COGAR_project/install/simulation_py:/home/lukat/unitree_mujoco_ws/COGAR_project/install/convex_mpc:/home/lukat/unitree_mujoco_ws/COGAR_project/install/controller:/opt/ros/humble /usr/bin/cmake --build /home/lukat/unitree_mujoco_ws/COGAR_project/build/robot_interfaces --target install -- -j8 -l8
