[1.040s] DEBUG:colcon:Command line arguments: ['/usr/bin/colcon', 'build']
[1.040s] DEBUG:colcon:Parsed command line arguments: Namespace(log_base=None, log_level=None, verb_name='build', build_base='build', install_base='install', merge_install=False, symlink_install=False, test_result_base=None, continue_on_error=False, executor='parallel', parallel_workers=8, event_handlers=None, ignore_user_meta=False, metas=['./colcon.meta'], base_paths=['.'], packages_ignore=None, packages_ignore_regex=None, paths=None, packages_up_to=None, packages_up_to_regex=None, packages_above=None, packages_above_and_dependencies=None, packages_above_depth=None, packages_select_by_dep=None, packages_skip_by_dep=None, packages_skip_up_to=None, packages_select_build_failed=False, packages_skip_build_finished=False, packages_select_test_failures=False, packages_skip_test_passed=False, packages_select=None, packages_skip=None, packages_select_regex=None, packages_skip_regex=None, packages_start=None, packages_end=None, allow_overriding=[], cmake_args=None, cmake_target=None, cmake_target_skip_unavailable=False, cmake_clean_cache=False, cmake_clean_first=False, cmake_force_configure=False, ament_cmake_args=None, catkin_cmake_args=None, catkin_skip_building_tests=False, mixin_files=None, mixin=None, verb_parser=<colcon_mixin.mixin.mixin_argument.MixinArgumentDecorator object at 0x7f41ed48c040>, verb_extension=<colcon_core.verb.build.BuildVerb object at 0x7f41ed44b940>, main=<bound method BuildVerb.main of <colcon_core.verb.build.BuildVerb object at 0x7f41ed44b940>>, mixin_verb=('build',))
[1.260s] Level 1:colcon.colcon_core.package_discovery:discover_packages(colcon_meta) check parameters
[1.260s] Level 1:colcon.colcon_core.package_discovery:discover_packages(recursive) check parameters
[1.260s] Level 1:colcon.colcon_core.package_discovery:discover_packages(ignore) check parameters
[1.260s] Level 1:colcon.colcon_core.package_discovery:discover_packages(path) check parameters
[1.260s] Level 1:colcon.colcon_core.package_discovery:discover_packages(colcon_meta) discover
[1.260s] Level 1:colcon.colcon_core.package_discovery:discover_packages(recursive) discover
[1.260s] INFO:colcon.colcon_core.package_discovery:Crawling recursively for packages in '/home/lukat/unitree_mujoco_ws/COGAR_project'
[1.260s] Level 1:colcon.colcon_core.package_identification:_identify(.) by extensions ['ignore', 'ignore_ament_install']
[1.261s] Level 1:colcon.colcon_core.package_identification:_identify(.) by extension 'ignore'
[1.261s] Level 1:colcon.colcon_core.package_identification:_identify(.) by extension 'ignore_ament_install'
[1.261s] Level 1:colcon.colcon_core.package_identification:_identify(.) by extensions ['colcon_pkg']
[1.261s] Level 1:colcon.colcon_core.package_identification:_identify(.) by extension 'colcon_pkg'
[1.261s] Level 1:colcon.colcon_core.package_identification:_identify(.) by extensions ['colcon_meta']
[1.261s] Level 1:colcon.colcon_core.package_identification:_identify(.) by extension 'colcon_meta'
[1.261s] Level 1:colcon.colcon_core.package_identification:_identify(.) by extensions ['ros']
[1.261s] Level 1:colcon.colcon_core.package_identification:_identify(.) by extension 'ros'
[1.296s] Level 1:colcon.colcon_core.package_identification:_identify(.) by extensions ['cmake', 'python']
[1.296s] Level 1:colcon.colcon_core.package_identification:_identify(.) by extension 'cmake'
[1.297s] Level 1:colcon.colcon_core.package_identification:_identify(.) by extension 'python'
[1.297s] Level 1:colcon.colcon_core.package_identification:_identify(.) by extensions ['python_setup_py']
[1.297s] Level 1:colcon.colcon_core.package_identification:_identify(.) by extension 'python_setup_py'
[1.297s] Level 1:colcon.colcon_core.package_identification:_identify(build) by extensions ['ignore', 'ignore_ament_install']
[1.297s] Level 1:colcon.colcon_core.package_identification:_identify(build) by extension 'ignore'
[1.297s] Level 1:colcon.colcon_core.package_identification:_identify(build) ignored
[1.298s] Level 1:colcon.colcon_core.package_identification:_identify(install) by extensions ['ignore', 'ignore_ament_install']
[1.298s] Level 1:colcon.colcon_core.package_identification:_identify(install) by extension 'ignore'
[1.298s] Level 1:colcon.colcon_core.package_identification:_identify(install) ignored
[1.298s] Level 1:colcon.colcon_core.package_identification:_identify(log) by extensions ['ignore', 'ignore_ament_install']
[1.299s] Level 1:colcon.colcon_core.package_identification:_identify(log) by extension 'ignore'
[1.299s] Level 1:colcon.colcon_core.package_identification:_identify(log) ignored
[1.299s] Level 1:colcon.colcon_core.package_identification:_identify(models) by extensions ['ignore', 'ignore_ament_install']
[1.299s] Level 1:colcon.colcon_core.package_identification:_identify(models) by extension 'ignore'
[1.299s] Level 1:colcon.colcon_core.package_identification:_identify(models) by extension 'ignore_ament_install'
[1.299s] Level 1:colcon.colcon_core.package_identification:_identify(models) by extensions ['colcon_pkg']
[1.299s] Level 1:colcon.colcon_core.package_identification:_identify(models) by extension 'colcon_pkg'
[1.299s] Level 1:colcon.colcon_core.package_identification:_identify(models) by extensions ['colcon_meta']
[1.300s] Level 1:colcon.colcon_core.package_identification:_identify(models) by extension 'colcon_meta'
[1.300s] Level 1:colcon.colcon_core.package_identification:_identify(models) by extensions ['ros']
[1.300s] Level 1:colcon.colcon_core.package_identification:_identify(models) by extension 'ros'
[1.300s] Level 1:colcon.colcon_core.package_identification:_identify(models) by extensions ['cmake', 'python']
[1.300s] Level 1:colcon.colcon_core.package_identification:_identify(models) by extension 'cmake'
[1.300s] Level 1:colcon.colcon_core.package_identification:_identify(models) by extension 'python'
[1.300s] Level 1:colcon.colcon_core.package_identification:_identify(models) by extensions ['python_setup_py']
[1.300s] Level 1:colcon.colcon_core.package_identification:_identify(models) by extension 'python_setup_py'
[1.300s] Level 1:colcon.colcon_core.package_identification:_identify(models/MJCF) by extensions ['ignore', 'ignore_ament_install']
[1.301s] Level 1:colcon.colcon_core.package_identification:_identify(models/MJCF) by extension 'ignore'
[1.301s] Level 1:colcon.colcon_core.package_identification:_identify(models/MJCF) by extension 'ignore_ament_install'
[1.301s] Level 1:colcon.colcon_core.package_identification:_identify(models/MJCF) by extensions ['colcon_pkg']
[1.301s] Level 1:colcon.colcon_core.package_identification:_identify(models/MJCF) by extension 'colcon_pkg'
[1.301s] Level 1:colcon.colcon_core.package_identification:_identify(models/MJCF) by extensions ['colcon_meta']
[1.302s] Level 1:colcon.colcon_core.package_identification:_identify(models/MJCF) by extension 'colcon_meta'
[1.302s] Level 1:colcon.colcon_core.package_identification:_identify(models/MJCF) by extensions ['ros']
[1.302s] Level 1:colcon.colcon_core.package_identification:_identify(models/MJCF) by extension 'ros'
[1.302s] Level 1:colcon.colcon_core.package_identification:_identify(models/MJCF) by extensions ['cmake', 'python']
[1.302s] Level 1:colcon.colcon_core.package_identification:_identify(models/MJCF) by extension 'cmake'
[1.302s] Level 1:colcon.colcon_core.package_identification:_identify(models/MJCF) by extension 'python'
[1.302s] Level 1:colcon.colcon_core.package_identification:_identify(models/MJCF) by extensions ['python_setup_py']
[1.302s] Level 1:colcon.colcon_core.package_identification:_identify(models/MJCF) by extension 'python_setup_py'
[1.302s] Level 1:colcon.colcon_core.package_identification:_identify(models/MJCF/go2) by extensions ['ignore', 'ignore_ament_install']
[1.302s] Level 1:colcon.colcon_core.package_identification:_identify(models/MJCF/go2) by extension 'ignore'
[1.303s] Level 1:colcon.colcon_core.package_identification:_identify(models/MJCF/go2) by extension 'ignore_ament_install'
[1.303s] Level 1:colcon.colcon_core.package_identification:_identify(models/MJCF/go2) by extensions ['colcon_pkg']
[1.303s] Level 1:colcon.colcon_core.package_identification:_identify(models/MJCF/go2) by extension 'colcon_pkg'
[1.303s] Level 1:colcon.colcon_core.package_identification:_identify(models/MJCF/go2) by extensions ['colcon_meta']
[1.303s] Level 1:colcon.colcon_core.package_identification:_identify(models/MJCF/go2) by extension 'colcon_meta'
[1.303s] Level 1:colcon.colcon_core.package_identification:_identify(models/MJCF/go2) by extensions ['ros']
[1.303s] Level 1:colcon.colcon_core.package_identification:_identify(models/MJCF/go2) by extension 'ros'
[1.303s] Level 1:colcon.colcon_core.package_identification:_identify(models/MJCF/go2) by extensions ['cmake', 'python']
[1.303s] Level 1:colcon.colcon_core.package_identification:_identify(models/MJCF/go2) by extension 'cmake'
[1.303s] Level 1:colcon.colcon_core.package_identification:_identify(models/MJCF/go2) by extension 'python'
[1.303s] Level 1:colcon.colcon_core.package_identification:_identify(models/MJCF/go2) by extensions ['python_setup_py']
[1.303s] Level 1:colcon.colcon_core.package_identification:_identify(models/MJCF/go2) by extension 'python_setup_py'
[1.304s] Level 1:colcon.colcon_core.package_identification:_identify(models/MJCF/go2/assets) by extensions ['ignore', 'ignore_ament_install']
[1.304s] Level 1:colcon.colcon_core.package_identification:_identify(models/MJCF/go2/assets) by extension 'ignore'
[1.304s] Level 1:colcon.colcon_core.package_identification:_identify(models/MJCF/go2/assets) by extension 'ignore_ament_install'
[1.304s] Level 1:colcon.colcon_core.package_identification:_identify(models/MJCF/go2/assets) by extensions ['colcon_pkg']
[1.304s] Level 1:colcon.colcon_core.package_identification:_identify(models/MJCF/go2/assets) by extension 'colcon_pkg'
[1.304s] Level 1:colcon.colcon_core.package_identification:_identify(models/MJCF/go2/assets) by extensions ['colcon_meta']
[1.304s] Level 1:colcon.colcon_core.package_identification:_identify(models/MJCF/go2/assets) by extension 'colcon_meta'
[1.304s] Level 1:colcon.colcon_core.package_identification:_identify(models/MJCF/go2/assets) by extensions ['ros']
[1.304s] Level 1:colcon.colcon_core.package_identification:_identify(models/MJCF/go2/assets) by extension 'ros'
[1.305s] Level 1:colcon.colcon_core.package_identification:_identify(models/MJCF/go2/assets) by extensions ['cmake', 'python']
[1.305s] Level 1:colcon.colcon_core.package_identification:_identify(models/MJCF/go2/assets) by extension 'cmake'
[1.305s] Level 1:colcon.colcon_core.package_identification:_identify(models/MJCF/go2/assets) by extension 'python'
[1.305s] Level 1:colcon.colcon_core.package_identification:_identify(models/MJCF/go2/assets) by extensions ['python_setup_py']
[1.305s] Level 1:colcon.colcon_core.package_identification:_identify(models/MJCF/go2/assets) by extension 'python_setup_py'
[1.305s] Level 1:colcon.colcon_core.package_identification:_identify(models/URDF) by extensions ['ignore', 'ignore_ament_install']
[1.305s] Level 1:colcon.colcon_core.package_identification:_identify(models/URDF) by extension 'ignore'
[1.306s] Level 1:colcon.colcon_core.package_identification:_identify(models/URDF) by extension 'ignore_ament_install'
[1.306s] Level 1:colcon.colcon_core.package_identification:_identify(models/URDF) by extensions ['colcon_pkg']
[1.306s] Level 1:colcon.colcon_core.package_identification:_identify(models/URDF) by extension 'colcon_pkg'
[1.306s] Level 1:colcon.colcon_core.package_identification:_identify(models/URDF) by extensions ['colcon_meta']
[1.306s] Level 1:colcon.colcon_core.package_identification:_identify(models/URDF) by extension 'colcon_meta'
[1.306s] Level 1:colcon.colcon_core.package_identification:_identify(models/URDF) by extensions ['ros']
[1.306s] Level 1:colcon.colcon_core.package_identification:_identify(models/URDF) by extension 'ros'
[1.306s] Level 1:colcon.colcon_core.package_identification:_identify(models/URDF) by extensions ['cmake', 'python']
[1.306s] Level 1:colcon.colcon_core.package_identification:_identify(models/URDF) by extension 'cmake'
[1.307s] Level 1:colcon.colcon_core.package_identification:_identify(models/URDF) by extension 'python'
[1.308s] Level 1:colcon.colcon_core.package_identification:_identify(models/URDF) by extensions ['python_setup_py']
[1.308s] Level 1:colcon.colcon_core.package_identification:_identify(models/URDF) by extension 'python_setup_py'
[1.308s] Level 1:colcon.colcon_core.package_identification:_identify(models/URDF/go2_description) by extensions ['ignore', 'ignore_ament_install']
[1.308s] Level 1:colcon.colcon_core.package_identification:_identify(models/URDF/go2_description) by extension 'ignore'
[1.308s] Level 1:colcon.colcon_core.package_identification:_identify(models/URDF/go2_description) ignored
[1.308s] Level 1:colcon.colcon_core.package_identification:_identify(results) by extensions ['ignore', 'ignore_ament_install']
[1.308s] Level 1:colcon.colcon_core.package_identification:_identify(results) by extension 'ignore'
[1.309s] Level 1:colcon.colcon_core.package_identification:_identify(results) by extension 'ignore_ament_install'
[1.309s] Level 1:colcon.colcon_core.package_identification:_identify(results) by extensions ['colcon_pkg']
[1.309s] Level 1:colcon.colcon_core.package_identification:_identify(results) by extension 'colcon_pkg'
[1.309s] Level 1:colcon.colcon_core.package_identification:_identify(results) by extensions ['colcon_meta']
[1.309s] Level 1:colcon.colcon_core.package_identification:_identify(results) by extension 'colcon_meta'
[1.309s] Level 1:colcon.colcon_core.package_identification:_identify(results) by extensions ['ros']
[1.309s] Level 1:colcon.colcon_core.package_identification:_identify(results) by extension 'ros'
[1.310s] Level 1:colcon.colcon_core.package_identification:_identify(results) by extensions ['cmake', 'python']
[1.310s] Level 1:colcon.colcon_core.package_identification:_identify(results) by extension 'cmake'
[1.310s] Level 1:colcon.colcon_core.package_identification:_identify(results) by extension 'python'
[1.310s] Level 1:colcon.colcon_core.package_identification:_identify(results) by extensions ['python_setup_py']
[1.310s] Level 1:colcon.colcon_core.package_identification:_identify(results) by extension 'python_setup_py'
[1.311s] Level 1:colcon.colcon_core.package_identification:_identify(src) by extensions ['ignore', 'ignore_ament_install']
[1.311s] Level 1:colcon.colcon_core.package_identification:_identify(src) by extension 'ignore'
[1.311s] Level 1:colcon.colcon_core.package_identification:_identify(src) by extension 'ignore_ament_install'
[1.312s] Level 1:colcon.colcon_core.package_identification:_identify(src) by extensions ['colcon_pkg']
[1.312s] Level 1:colcon.colcon_core.package_identification:_identify(src) by extension 'colcon_pkg'
[1.312s] Level 1:colcon.colcon_core.package_identification:_identify(src) by extensions ['colcon_meta']
[1.312s] Level 1:colcon.colcon_core.package_identification:_identify(src) by extension 'colcon_meta'
[1.312s] Level 1:colcon.colcon_core.package_identification:_identify(src) by extensions ['ros']
[1.313s] Level 1:colcon.colcon_core.package_identification:_identify(src) by extension 'ros'
[1.313s] Level 1:colcon.colcon_core.package_identification:_identify(src) by extensions ['cmake', 'python']
[1.314s] Level 1:colcon.colcon_core.package_identification:_identify(src) by extension 'cmake'
[1.314s] Level 1:colcon.colcon_core.package_identification:_identify(src) by extension 'python'
[1.314s] Level 1:colcon.colcon_core.package_identification:_identify(src) by extensions ['python_setup_py']
[1.314s] Level 1:colcon.colcon_core.package_identification:_identify(src) by extension 'python_setup_py'
[1.314s] Level 1:colcon.colcon_core.package_identification:_identify(src/Python_src) by extensions ['ignore', 'ignore_ament_install']
[1.314s] Level 1:colcon.colcon_core.package_identification:_identify(src/Python_src) by extension 'ignore'
[1.315s] Level 1:colcon.colcon_core.package_identification:_identify(src/Python_src) by extension 'ignore_ament_install'
[1.315s] Level 1:colcon.colcon_core.package_identification:_identify(src/Python_src) by extensions ['colcon_pkg']
[1.315s] Level 1:colcon.colcon_core.package_identification:_identify(src/Python_src) by extension 'colcon_pkg'
[1.315s] Level 1:colcon.colcon_core.package_identification:_identify(src/Python_src) by extensions ['colcon_meta']
[1.315s] Level 1:colcon.colcon_core.package_identification:_identify(src/Python_src) by extension 'colcon_meta'
[1.316s] Level 1:colcon.colcon_core.package_identification:_identify(src/Python_src) by extensions ['ros']
[1.316s] Level 1:colcon.colcon_core.package_identification:_identify(src/Python_src) by extension 'ros'
[1.316s] Level 1:colcon.colcon_core.package_identification:_identify(src/Python_src) by extensions ['cmake', 'python']
[1.316s] Level 1:colcon.colcon_core.package_identification:_identify(src/Python_src) by extension 'cmake'
[1.317s] Level 1:colcon.colcon_core.package_identification:_identify(src/Python_src) by extension 'python'
[1.317s] Level 1:colcon.colcon_core.package_identification:_identify(src/Python_src) by extensions ['python_setup_py']
[1.317s] Level 1:colcon.colcon_core.package_identification:_identify(src/Python_src) by extension 'python_setup_py'
[1.318s] Level 1:colcon.colcon_core.package_identification:_identify(src/controller) by extensions ['ignore', 'ignore_ament_install']
[1.318s] Level 1:colcon.colcon_core.package_identification:_identify(src/controller) by extension 'ignore'
[1.318s] Level 1:colcon.colcon_core.package_identification:_identify(src/controller) by extension 'ignore_ament_install'
[1.319s] Level 1:colcon.colcon_core.package_identification:_identify(src/controller) by extensions ['colcon_pkg']
[1.319s] Level 1:colcon.colcon_core.package_identification:_identify(src/controller) by extension 'colcon_pkg'
[1.319s] Level 1:colcon.colcon_core.package_identification:_identify(src/controller) by extensions ['colcon_meta']
[1.319s] Level 1:colcon.colcon_core.package_identification:_identify(src/controller) by extension 'colcon_meta'
[1.319s] Level 1:colcon.colcon_core.package_identification:_identify(src/controller) by extensions ['ros']
[1.319s] Level 1:colcon.colcon_core.package_identification:_identify(src/controller) by extension 'ros'
[1.331s] DEBUG:colcon.colcon_core.package_identification:Package 'src/controller' with type 'ros.ament_python' and name 'controller'
[1.332s] Level 1:colcon.colcon_core.package_identification:_identify(src/convex_mpc) by extensions ['ignore', 'ignore_ament_install']
[1.332s] Level 1:colcon.colcon_core.package_identification:_identify(src/convex_mpc) by extension 'ignore'
[1.332s] Level 1:colcon.colcon_core.package_identification:_identify(src/convex_mpc) by extension 'ignore_ament_install'
[1.332s] Level 1:colcon.colcon_core.package_identification:_identify(src/convex_mpc) by extensions ['colcon_pkg']
[1.332s] Level 1:colcon.colcon_core.package_identification:_identify(src/convex_mpc) by extension 'colcon_pkg'
[1.332s] Level 1:colcon.colcon_core.package_identification:_identify(src/convex_mpc) by extensions ['colcon_meta']
[1.332s] Level 1:colcon.colcon_core.package_identification:_identify(src/convex_mpc) by extension 'colcon_meta'
[1.332s] Level 1:colcon.colcon_core.package_identification:_identify(src/convex_mpc) by extensions ['ros']
[1.332s] Level 1:colcon.colcon_core.package_identification:_identify(src/convex_mpc) by extension 'ros'
[1.335s] DEBUG:colcon.colcon_core.package_identification:Package 'src/convex_mpc' with type 'ros.ament_python' and name 'convex_mpc'
[1.335s] Level 1:colcon.colcon_core.package_identification:_identify(src/experiments) by extensions ['ignore', 'ignore_ament_install']
[1.335s] Level 1:colcon.colcon_core.package_identification:_identify(src/experiments) by extension 'ignore'
[1.335s] Level 1:colcon.colcon_core.package_identification:_identify(src/experiments) by extension 'ignore_ament_install'
[1.335s] Level 1:colcon.colcon_core.package_identification:_identify(src/experiments) by extensions ['colcon_pkg']
[1.335s] Level 1:colcon.colcon_core.package_identification:_identify(src/experiments) by extension 'colcon_pkg'
[1.336s] Level 1:colcon.colcon_core.package_identification:_identify(src/experiments) by extensions ['colcon_meta']
[1.336s] Level 1:colcon.colcon_core.package_identification:_identify(src/experiments) by extension 'colcon_meta'
[1.336s] Level 1:colcon.colcon_core.package_identification:_identify(src/experiments) by extensions ['ros']
[1.336s] Level 1:colcon.colcon_core.package_identification:_identify(src/experiments) by extension 'ros'
[1.336s] Level 1:colcon.colcon_core.package_identification:_identify(src/experiments) by extensions ['cmake', 'python']
[1.336s] Level 1:colcon.colcon_core.package_identification:_identify(src/experiments) by extension 'cmake'
[1.336s] Level 1:colcon.colcon_core.package_identification:_identify(src/experiments) by extension 'python'
[1.336s] Level 1:colcon.colcon_core.package_identification:_identify(src/experiments) by extensions ['python_setup_py']
[1.336s] Level 1:colcon.colcon_core.package_identification:_identify(src/experiments) by extension 'python_setup_py'
[1.336s] Level 1:colcon.colcon_core.package_identification:_identify(src/robot_interfaces) by extensions ['ignore', 'ignore_ament_install']
[1.337s] Level 1:colcon.colcon_core.package_identification:_identify(src/robot_interfaces) by extension 'ignore'
[1.337s] Level 1:colcon.colcon_core.package_identification:_identify(src/robot_interfaces) by extension 'ignore_ament_install'
[1.337s] Level 1:colcon.colcon_core.package_identification:_identify(src/robot_interfaces) by extensions ['colcon_pkg']
[1.337s] Level 1:colcon.colcon_core.package_identification:_identify(src/robot_interfaces) by extension 'colcon_pkg'
[1.337s] Level 1:colcon.colcon_core.package_identification:_identify(src/robot_interfaces) by extensions ['colcon_meta']
[1.337s] Level 1:colcon.colcon_core.package_identification:_identify(src/robot_interfaces) by extension 'colcon_meta'
[1.337s] Level 1:colcon.colcon_core.package_identification:_identify(src/robot_interfaces) by extensions ['ros']
[1.337s] Level 1:colcon.colcon_core.package_identification:_identify(src/robot_interfaces) by extension 'ros'
[1.339s] DEBUG:colcon.colcon_core.package_identification:Package 'src/robot_interfaces' with type 'ros.ament_cmake' and name 'robot_interfaces'
[1.339s] Level 1:colcon.colcon_core.package_identification:_identify(src/simulation_py) by extensions ['ignore', 'ignore_ament_install']
[1.339s] Level 1:colcon.colcon_core.package_identification:_identify(src/simulation_py) by extension 'ignore'
[1.339s] Level 1:colcon.colcon_core.package_identification:_identify(src/simulation_py) by extension 'ignore_ament_install'
[1.339s] Level 1:colcon.colcon_core.package_identification:_identify(src/simulation_py) by extensions ['colcon_pkg']
[1.340s] Level 1:colcon.colcon_core.package_identification:_identify(src/simulation_py) by extension 'colcon_pkg'
[1.340s] Level 1:colcon.colcon_core.package_identification:_identify(src/simulation_py) by extensions ['colcon_meta']
[1.340s] Level 1:colcon.colcon_core.package_identification:_identify(src/simulation_py) by extension 'colcon_meta'
[1.340s] Level 1:colcon.colcon_core.package_identification:_identify(src/simulation_py) by extensions ['ros']
[1.340s] Level 1:colcon.colcon_core.package_identification:_identify(src/simulation_py) by extension 'ros'
[1.341s] DEBUG:colcon.colcon_core.package_identification:Package 'src/simulation_py' with type 'ros.ament_python' and name 'simulation_py'
[1.342s] Level 1:colcon.colcon_core.package_discovery:discover_packages(recursive) using defaults
[1.342s] Level 1:colcon.colcon_core.package_discovery:discover_packages(ignore) discover
[1.342s] Level 1:colcon.colcon_core.package_discovery:discover_packages(ignore) using defaults
[1.342s] Level 1:colcon.colcon_core.package_discovery:discover_packages(path) discover
[1.342s] Level 1:colcon.colcon_core.package_discovery:discover_packages(path) using defaults
[1.422s] Level 1:colcon.colcon_core.package_discovery:discover_packages(prefix_path) check parameters
[1.422s] Level 1:colcon.colcon_core.package_discovery:discover_packages(prefix_path) discover
[1.433s] DEBUG:colcon.colcon_installed_package_information.package_discovery:Found 4 installed packages in /home/lukat/unitree_mujoco_ws/COGAR_project/install
[1.436s] DEBUG:colcon.colcon_installed_package_information.package_discovery:Found 341 installed packages in /opt/ros/humble
[1.439s] Level 1:colcon.colcon_core.package_discovery:discover_packages(prefix_path) using defaults
[1.574s] Level 5:colcon.colcon_core.verb:set package 'convex_mpc' build argument 'cmake_args' from command line to 'None'
[1.574s] Level 5:colcon.colcon_core.verb:set package 'convex_mpc' build argument 'cmake_target' from command line to 'None'
[1.574s] Level 5:colcon.colcon_core.verb:set package 'convex_mpc' build argument 'cmake_target_skip_unavailable' from command line to 'False'
[1.574s] Level 5:colcon.colcon_core.verb:set package 'convex_mpc' build argument 'cmake_clean_cache' from command line to 'False'
[1.574s] Level 5:colcon.colcon_core.verb:set package 'convex_mpc' build argument 'cmake_clean_first' from command line to 'False'
[1.574s] Level 5:colcon.colcon_core.verb:set package 'convex_mpc' build argument 'cmake_force_configure' from command line to 'False'
[1.574s] Level 5:colcon.colcon_core.verb:set package 'convex_mpc' build argument 'ament_cmake_args' from command line to 'None'
[1.575s] Level 5:colcon.colcon_core.verb:set package 'convex_mpc' build argument 'catkin_cmake_args' from command line to 'None'
[1.575s] Level 5:colcon.colcon_core.verb:set package 'convex_mpc' build argument 'catkin_skip_building_tests' from command line to 'False'
[1.575s] DEBUG:colcon.colcon_core.verb:Building package 'convex_mpc' with the following arguments: {'ament_cmake_args': None, 'build_base': '/home/lukat/unitree_mujoco_ws/COGAR_project/build/convex_mpc', 'catkin_cmake_args': None, 'catkin_skip_building_tests': False, 'cmake_args': None, 'cmake_clean_cache': False, 'cmake_clean_first': False, 'cmake_force_configure': False, 'cmake_target': None, 'cmake_target_skip_unavailable': False, 'install_base': '/home/lukat/unitree_mujoco_ws/COGAR_project/install/convex_mpc', 'merge_install': False, 'path': '/home/lukat/unitree_mujoco_ws/COGAR_project/src/convex_mpc', 'symlink_install': False, 'test_result_base': None}
[1.575s] Level 5:colcon.colcon_core.verb:set package 'robot_interfaces' build argument 'cmake_args' from command line to 'None'
[1.575s] Level 5:colcon.colcon_core.verb:set package 'robot_interfaces' build argument 'cmake_target' from command line to 'None'
[1.575s] Level 5:colcon.colcon_core.verb:set package 'robot_interfaces' build argument 'cmake_target_skip_unavailable' from command line to 'False'
[1.575s] Level 5:colcon.colcon_core.verb:set package 'robot_interfaces' build argument 'cmake_clean_cache' from command line to 'False'
[1.575s] Level 5:colcon.colcon_core.verb:set package 'robot_interfaces' build argument 'cmake_clean_first' from command line to 'False'
[1.575s] Level 5:colcon.colcon_core.verb:set package 'robot_interfaces' build argument 'cmake_force_configure' from command line to 'False'
[1.575s] Level 5:colcon.colcon_core.verb:set package 'robot_interfaces' build argument 'ament_cmake_args' from command line to 'None'
[1.576s] Level 5:colcon.colcon_core.verb:set package 'robot_interfaces' build argument 'catkin_cmake_args' from command line to 'None'
[1.576s] Level 5:colcon.colcon_core.verb:set package 'robot_interfaces' build argument 'catkin_skip_building_tests' from command line to 'False'
[1.576s] DEBUG:colcon.colcon_core.verb:Building package 'robot_interfaces' with the following arguments: {'ament_cmake_args': None, 'build_base': '/home/lukat/unitree_mujoco_ws/COGAR_project/build/robot_interfaces', 'catkin_cmake_args': None, 'catkin_skip_building_tests': False, 'cmake_args': None, 'cmake_clean_cache': False, 'cmake_clean_first': False, 'cmake_force_configure': False, 'cmake_target': None, 'cmake_target_skip_unavailable': False, 'install_base': '/home/lukat/unitree_mujoco_ws/COGAR_project/install/robot_interfaces', 'merge_install': False, 'path': '/home/lukat/unitree_mujoco_ws/COGAR_project/src/robot_interfaces', 'symlink_install': False, 'test_result_base': None}
[1.576s] Level 5:colcon.colcon_core.verb:set package 'simulation_py' build argument 'cmake_args' from command line to 'None'
[1.576s] Level 5:colcon.colcon_core.verb:set package 'simulation_py' build argument 'cmake_target' from command line to 'None'
[1.576s] Level 5:colcon.colcon_core.verb:set package 'simulation_py' build argument 'cmake_target_skip_unavailable' from command line to 'False'
[1.576s] Level 5:colcon.colcon_core.verb:set package 'simulation_py' build argument 'cmake_clean_cache' from command line to 'False'
[1.576s] Level 5:colcon.colcon_core.verb:set package 'simulation_py' build argument 'cmake_clean_first' from command line to 'False'
[1.576s] Level 5:colcon.colcon_core.verb:set package 'simulation_py' build argument 'cmake_force_configure' from command line to 'False'
[1.576s] Level 5:colcon.colcon_core.verb:set package 'simulation_py' build argument 'ament_cmake_args' from command line to 'None'
[1.576s] Level 5:colcon.colcon_core.verb:set package 'simulation_py' build argument 'catkin_cmake_args' from command line to 'None'
[1.576s] Level 5:colcon.colcon_core.verb:set package 'simulation_py' build argument 'catkin_skip_building_tests' from command line to 'False'
[1.576s] DEBUG:colcon.colcon_core.verb:Building package 'simulation_py' with the following arguments: {'ament_cmake_args': None, 'build_base': '/home/lukat/unitree_mujoco_ws/COGAR_project/build/simulation_py', 'catkin_cmake_args': None, 'catkin_skip_building_tests': False, 'cmake_args': None, 'cmake_clean_cache': False, 'cmake_clean_first': False, 'cmake_force_configure': False, 'cmake_target': None, 'cmake_target_skip_unavailable': False, 'install_base': '/home/lukat/unitree_mujoco_ws/COGAR_project/install/simulation_py', 'merge_install': False, 'path': '/home/lukat/unitree_mujoco_ws/COGAR_project/src/simulation_py', 'symlink_install': False, 'test_result_base': None}
[1.577s] Level 5:colcon.colcon_core.verb:set package 'controller' build argument 'cmake_args' from command line to 'None'
[1.577s] Level 5:colcon.colcon_core.verb:set package 'controller' build argument 'cmake_target' from command line to 'None'
[1.577s] Level 5:colcon.colcon_core.verb:set package 'controller' build argument 'cmake_target_skip_unavailable' from command line to 'False'
[1.577s] Level 5:colcon.colcon_core.verb:set package 'controller' build argument 'cmake_clean_cache' from command line to 'False'
[1.577s] Level 5:colcon.colcon_core.verb:set package 'controller' build argument 'cmake_clean_first' from command line to 'False'
[1.577s] Level 5:colcon.colcon_core.verb:set package 'controller' build argument 'cmake_force_configure' from command line to 'False'
[1.577s] Level 5:colcon.colcon_core.verb:set package 'controller' build argument 'ament_cmake_args' from command line to 'None'
[1.577s] Level 5:colcon.colcon_core.verb:set package 'controller' build argument 'catkin_cmake_args' from command line to 'None'
[1.577s] Level 5:colcon.colcon_core.verb:set package 'controller' build argument 'catkin_skip_building_tests' from command line to 'False'
[1.577s] DEBUG:colcon.colcon_core.verb:Building package 'controller' with the following arguments: {'ament_cmake_args': None, 'build_base': '/home/lukat/unitree_mujoco_ws/COGAR_project/build/controller', 'catkin_cmake_args': None, 'catkin_skip_building_tests': False, 'cmake_args': None, 'cmake_clean_cache': False, 'cmake_clean_first': False, 'cmake_force_configure': False, 'cmake_target': None, 'cmake_target_skip_unavailable': False, 'install_base': '/home/lukat/unitree_mujoco_ws/COGAR_project/install/controller', 'merge_install': False, 'path': '/home/lukat/unitree_mujoco_ws/COGAR_project/src/controller', 'symlink_install': False, 'test_result_base': None}
[1.577s] INFO:colcon.colcon_core.executor:Executing jobs using 'parallel' executor
[1.581s] DEBUG:colcon.colcon_parallel_executor.executor.parallel:run_until_complete
[1.582s] INFO:colcon.colcon_ros.task.ament_cmake.build:Building ROS package in '/home/lukat/unitree_mujoco_ws/COGAR_project/src/robot_interfaces' with build type 'ament_cmake'
[1.582s] INFO:colcon.colcon_cmake.task.cmake.build:Building CMake package in '/home/lukat/unitree_mujoco_ws/COGAR_project/src/robot_interfaces'
[1.607s] INFO:colcon.colcon_core.plugin_system:Skipping extension 'colcon_core.shell.bat': Not used on non-Windows systems
[1.607s] INFO:colcon.colcon_core.shell:Skip shell extension 'powershell' for command environment: Not usable outside of PowerShell
[1.608s] DEBUG:colcon.colcon_core.shell:Skip shell extension 'dsv' for command environment
[1.617s] INFO:colcon.colcon_ros.task.ament_python.build:Building ROS package in '/home/lukat/unitree_mujoco_ws/COGAR_project/src/convex_mpc' with build type 'ament_python'
[1.617s] Level 1:colcon.colcon_core.shell:create_environment_hook('convex_mpc', 'ament_prefix_path')
[1.618s] INFO:colcon.colcon_core.shell:Creating environment hook '/home/lukat/unitree_mujoco_ws/COGAR_project/install/convex_mpc/share/convex_mpc/hook/ament_prefix_path.ps1'
[1.622s] INFO:colcon.colcon_core.shell:Creating environment descriptor '/home/lukat/unitree_mujoco_ws/COGAR_project/install/convex_mpc/share/convex_mpc/hook/ament_prefix_path.dsv'
[1.624s] INFO:colcon.colcon_core.shell:Creating environment hook '/home/lukat/unitree_mujoco_ws/COGAR_project/install/convex_mpc/share/convex_mpc/hook/ament_prefix_path.sh'
[1.627s] INFO:colcon.colcon_core.shell:Skip shell extension 'powershell' for command environment: Not usable outside of PowerShell
[1.627s] DEBUG:colcon.colcon_core.shell:Skip shell extension 'dsv' for command environment
[1.637s] INFO:colcon.colcon_ros.task.ament_python.build:Building ROS package in '/home/lukat/unitree_mujoco_ws/COGAR_project/src/simulation_py' with build type 'ament_python'
[1.638s] Level 1:colcon.colcon_core.shell:create_environment_hook('simulation_py', 'ament_prefix_path')
[1.638s] INFO:colcon.colcon_core.shell:Creating environment hook '/home/lukat/unitree_mujoco_ws/COGAR_project/install/simulation_py/share/simulation_py/hook/ament_prefix_path.ps1'
[1.639s] INFO:colcon.colcon_core.shell:Creating environment descriptor '/home/lukat/unitree_mujoco_ws/COGAR_project/install/simulation_py/share/simulation_py/hook/ament_prefix_path.dsv'
[1.641s] INFO:colcon.colcon_core.shell:Creating environment hook '/home/lukat/unitree_mujoco_ws/COGAR_project/install/simulation_py/share/simulation_py/hook/ament_prefix_path.sh'
[1.643s] INFO:colcon.colcon_core.shell:Skip shell extension 'powershell' for command environment: Not usable outside of PowerShell
[1.644s] DEBUG:colcon.colcon_core.shell:Skip shell extension 'dsv' for command environment
[1.693s] DEBUG:colcon.colcon_core.event_handler.log_command:Invoking command in '/home/lukat/unitree_mujoco_ws/COGAR_project/build/robot_interfaces': CMAKE_PREFIX_PATH=${CMAKE_PREFIX_PATH}:/home/lukat/unitree_mujoco_ws/COGAR_project/install/simulation_py:/home/lukat/unitree_mujoco_ws/COGAR_project/install/controller:/home/lukat/unitree_mujoco_ws/COGAR_project/install/convex_mpc:/opt/ros/humble /usr/bin/cmake --build /home/lukat/unitree_mujoco_ws/COGAR_project/build/robot_interfaces -- -j8 -l8
[2.449s] INFO:colcon.colcon_core.task.python.build:Building Python package in '/home/lukat/unitree_mujoco_ws/COGAR_project/src/convex_mpc'
[2.451s] INFO:colcon.colcon_core.shell:Skip shell extension 'powershell' for command environment: Not usable outside of PowerShell
[2.451s] DEBUG:colcon.colcon_core.shell:Skip shell extension 'dsv' for command environment
[3.397s] INFO:colcon.colcon_core.task.python.build:Building Python package in '/home/lukat/unitree_mujoco_ws/COGAR_project/src/simulation_py'
[3.398s] INFO:colcon.colcon_core.shell:Skip shell extension 'powershell' for command environment: Not usable outside of PowerShell
[3.398s] DEBUG:colcon.colcon_core.shell:Skip shell extension 'dsv' for command environment
[4.027s] DEBUG:colcon.colcon_core.event_handler.log_command:Invoked command in '/home/lukat/unitree_mujoco_ws/COGAR_project/build/robot_interfaces' returned '0': CMAKE_PREFIX_PATH=${CMAKE_PREFIX_PATH}:/home/lukat/unitree_mujoco_ws/COGAR_project/install/simulation_py:/home/lukat/unitree_mujoco_ws/COGAR_project/install/controller:/home/lukat/unitree_mujoco_ws/COGAR_project/install/convex_mpc:/opt/ros/humble /usr/bin/cmake --build /home/lukat/unitree_mujoco_ws/COGAR_project/build/robot_interfaces -- -j8 -l8
[4.066s] DEBUG:colcon.colcon_core.event_handler.log_command:Invoking command in '/home/lukat/unitree_mujoco_ws/COGAR_project/build/robot_interfaces': CMAKE_PREFIX_PATH=${CMAKE_PREFIX_PATH}:/home/lukat/unitree_mujoco_ws/COGAR_project/install/simulation_py:/home/lukat/unitree_mujoco_ws/COGAR_project/install/controller:/home/lukat/unitree_mujoco_ws/COGAR_project/install/convex_mpc:/opt/ros/humble /usr/bin/cmake --install /home/lukat/unitree_mujoco_ws/COGAR_project/build/robot_interfaces
[4.389s] Level 1:colcon.colcon_core.environment:create_environment_scripts_only(robot_interfaces)
[4.400s] DEBUG:colcon.colcon_core.event_handler.log_command:Invoked command in '/home/lukat/unitree_mujoco_ws/COGAR_project/build/robot_interfaces' returned '0': CMAKE_PREFIX_PATH=${CMAKE_PREFIX_PATH}:/home/lukat/unitree_mujoco_ws/COGAR_project/install/simulation_py:/home/lukat/unitree_mujoco_ws/COGAR_project/install/controller:/home/lukat/unitree_mujoco_ws/COGAR_project/install/convex_mpc:/opt/ros/humble /usr/bin/cmake --install /home/lukat/unitree_mujoco_ws/COGAR_project/build/robot_interfaces
[4.434s] Level 1:colcon.colcon_core.environment:checking '/home/lukat/unitree_mujoco_ws/COGAR_project/install/robot_interfaces' for CMake module files
[4.437s] Level 1:colcon.colcon_core.environment:checking '/home/lukat/unitree_mujoco_ws/COGAR_project/install/robot_interfaces' for CMake config files
[4.439s] Level 1:colcon.colcon_core.shell:create_environment_hook('robot_interfaces', 'cmake_prefix_path')
[4.440s] INFO:colcon.colcon_core.shell:Creating environment hook '/home/lukat/unitree_mujoco_ws/COGAR_project/install/robot_interfaces/share/robot_interfaces/hook/cmake_prefix_path.ps1'
[4.444s] INFO:colcon.colcon_core.shell:Creating environment descriptor '/home/lukat/unitree_mujoco_ws/COGAR_project/install/robot_interfaces/share/robot_interfaces/hook/cmake_prefix_path.dsv'
[4.449s] INFO:colcon.colcon_core.shell:Creating environment hook '/home/lukat/unitree_mujoco_ws/COGAR_project/install/robot_interfaces/share/robot_interfaces/hook/cmake_prefix_path.sh'
[4.454s] Level 1:colcon.colcon_core.environment:checking '/home/lukat/unitree_mujoco_ws/COGAR_project/install/robot_interfaces/lib'
[4.455s] Level 1:colcon.colcon_core.shell:create_environment_hook('robot_interfaces', 'ld_library_path_lib')
[4.456s] INFO:colcon.colcon_core.shell:Creating environment hook '/home/lukat/unitree_mujoco_ws/COGAR_project/install/robot_interfaces/share/robot_interfaces/hook/ld_library_path_lib.ps1'
[4.458s] INFO:colcon.colcon_core.shell:Creating environment descriptor '/home/lukat/unitree_mujoco_ws/COGAR_project/install/robot_interfaces/share/robot_interfaces/hook/ld_library_path_lib.dsv'
[4.466s] INFO:colcon.colcon_core.shell:Creating environment hook '/home/lukat/unitree_mujoco_ws/COGAR_project/install/robot_interfaces/share/robot_interfaces/hook/ld_library_path_lib.sh'
[4.468s] Level 1:colcon.colcon_core.environment:checking '/home/lukat/unitree_mujoco_ws/COGAR_project/install/robot_interfaces/bin'
[4.469s] Level 1:colcon.colcon_core.environment:checking '/home/lukat/unitree_mujoco_ws/COGAR_project/install/robot_interfaces/lib/pkgconfig/robot_interfaces.pc'
[4.472s] Level 1:colcon.colcon_core.environment:checking '/home/lukat/unitree_mujoco_ws/COGAR_project/install/robot_interfaces/lib/python3.10/site-packages'
[4.473s] Level 1:colcon.colcon_core.environment:checking '/home/lukat/unitree_mujoco_ws/COGAR_project/install/robot_interfaces/bin'
[4.475s] INFO:colcon.colcon_core.shell:Creating package script '/home/lukat/unitree_mujoco_ws/COGAR_project/install/robot_interfaces/share/robot_interfaces/package.ps1'
[4.481s] INFO:colcon.colcon_core.shell:Creating package descriptor '/home/lukat/unitree_mujoco_ws/COGAR_project/install/robot_interfaces/share/robot_interfaces/package.dsv'
[4.487s] INFO:colcon.colcon_core.shell:Creating package script '/home/lukat/unitree_mujoco_ws/COGAR_project/install/robot_interfaces/share/robot_interfaces/package.sh'
[4.494s] INFO:colcon.colcon_core.shell:Creating package script '/home/lukat/unitree_mujoco_ws/COGAR_project/install/robot_interfaces/share/robot_interfaces/package.bash'
[4.499s] INFO:colcon.colcon_core.shell:Creating package script '/home/lukat/unitree_mujoco_ws/COGAR_project/install/robot_interfaces/share/robot_interfaces/package.zsh'
[4.504s] Level 1:colcon.colcon_core.environment:create_file_with_runtime_dependencies(/home/lukat/unitree_mujoco_ws/COGAR_project/install/robot_interfaces/share/colcon-core/packages/robot_interfaces)
[4.507s] Level 1:colcon.colcon_core.environment:create_environment_scripts_only(robot_interfaces)
[4.508s] Level 1:colcon.colcon_core.environment:checking '/home/lukat/unitree_mujoco_ws/COGAR_project/install/robot_interfaces' for CMake module files
[4.511s] Level 1:colcon.colcon_core.environment:checking '/home/lukat/unitree_mujoco_ws/COGAR_project/install/robot_interfaces' for CMake config files
[4.514s] Level 1:colcon.colcon_core.shell:create_environment_hook('robot_interfaces', 'cmake_prefix_path')
[4.515s] INFO:colcon.colcon_core.shell:Creating environment hook '/home/lukat/unitree_mujoco_ws/COGAR_project/install/robot_interfaces/share/robot_interfaces/hook/cmake_prefix_path.ps1'
[4.518s] INFO:colcon.colcon_core.shell:Creating environment descriptor '/home/lukat/unitree_mujoco_ws/COGAR_project/install/robot_interfaces/share/robot_interfaces/hook/cmake_prefix_path.dsv'
[4.519s] INFO:colcon.colcon_core.shell:Creating environment hook '/home/lukat/unitree_mujoco_ws/COGAR_project/install/robot_interfaces/share/robot_interfaces/hook/cmake_prefix_path.sh'
[4.521s] Level 1:colcon.colcon_core.environment:checking '/home/lukat/unitree_mujoco_ws/COGAR_project/install/robot_interfaces/lib'
[4.521s] Level 1:colcon.colcon_core.shell:create_environment_hook('robot_interfaces', 'ld_library_path_lib')
[4.522s] INFO:colcon.colcon_core.shell:Creating environment hook '/home/lukat/unitree_mujoco_ws/COGAR_project/install/robot_interfaces/share/robot_interfaces/hook/ld_library_path_lib.ps1'
[4.524s] INFO:colcon.colcon_core.shell:Creating environment descriptor '/home/lukat/unitree_mujoco_ws/COGAR_project/install/robot_interfaces/share/robot_interfaces/hook/ld_library_path_lib.dsv'
[4.527s] INFO:colcon.colcon_core.shell:Creating environment hook '/home/lukat/unitree_mujoco_ws/COGAR_project/install/robot_interfaces/share/robot_interfaces/hook/ld_library_path_lib.sh'
[4.529s] Level 1:colcon.colcon_core.environment:checking '/home/lukat/unitree_mujoco_ws/COGAR_project/install/robot_interfaces/bin'
[4.530s] Level 1:colcon.colcon_core.environment:checking '/home/lukat/unitree_mujoco_ws/COGAR_project/install/robot_interfaces/lib/pkgconfig/robot_interfaces.pc'
[4.531s] Level 1:colcon.colcon_core.environment:checking '/home/lukat/unitree_mujoco_ws/COGAR_project/install/robot_interfaces/lib/python3.10/site-packages'
[4.535s] Level 1:colcon.colcon_core.environment:checking '/home/lukat/unitree_mujoco_ws/COGAR_project/install/robot_interfaces/bin'
[4.537s] INFO:colcon.colcon_core.shell:Creating package script '/home/lukat/unitree_mujoco_ws/COGAR_project/install/robot_interfaces/share/robot_interfaces/package.ps1'
[4.540s] INFO:colcon.colcon_core.shell:Creating package descriptor '/home/lukat/unitree_mujoco_ws/COGAR_project/install/robot_interfaces/share/robot_interfaces/package.dsv'
[4.542s] INFO:colcon.colcon_core.shell:Creating package script '/home/lukat/unitree_mujoco_ws/COGAR_project/install/robot_interfaces/share/robot_interfaces/package.sh'
[4.545s] INFO:colcon.colcon_core.shell:Creating package script '/home/lukat/unitree_mujoco_ws/COGAR_project/install/robot_interfaces/share/robot_interfaces/package.bash'
[4.549s] INFO:colcon.colcon_core.shell:Creating package script '/home/lukat/unitree_mujoco_ws/COGAR_project/install/robot_interfaces/share/robot_interfaces/package.zsh'
[4.551s] Level 1:colcon.colcon_core.environment:create_file_with_runtime_dependencies(/home/lukat/unitree_mujoco_ws/COGAR_project/install/robot_interfaces/share/colcon-core/packages/robot_interfaces)
[4.554s] INFO:colcon.colcon_ros.task.ament_python.build:Building ROS package in '/home/lukat/unitree_mujoco_ws/COGAR_project/src/controller' with build type 'ament_python'
[4.555s] Level 1:colcon.colcon_core.shell:create_environment_hook('controller', 'ament_prefix_path')
[4.557s] INFO:colcon.colcon_core.shell:Creating environment hook '/home/lukat/unitree_mujoco_ws/COGAR_project/install/controller/share/controller/hook/ament_prefix_path.ps1'
[4.560s] INFO:colcon.colcon_core.shell:Creating environment descriptor '/home/lukat/unitree_mujoco_ws/COGAR_project/install/controller/share/controller/hook/ament_prefix_path.dsv'
[4.561s] INFO:colcon.colcon_core.shell:Creating environment hook '/home/lukat/unitree_mujoco_ws/COGAR_project/install/controller/share/controller/hook/ament_prefix_path.sh'
[4.564s] INFO:colcon.colcon_core.shell:Skip shell extension 'powershell' for command environment: Not usable outside of PowerShell
[4.564s] DEBUG:colcon.colcon_core.shell:Skip shell extension 'dsv' for command environment
[5.453s] INFO:colcon.colcon_core.task.python.build:Building Python package in '/home/lukat/unitree_mujoco_ws/COGAR_project/src/controller'
[5.455s] INFO:colcon.colcon_core.shell:Skip shell extension 'powershell' for command environment: Not usable outside of PowerShell
[5.455s] DEBUG:colcon.colcon_core.shell:Skip shell extension 'dsv' for command environment
[6.784s] DEBUG:colcon.colcon_core.event_handler.log_command:Invoking command in '/home/lukat/unitree_mujoco_ws/COGAR_project/src/convex_mpc': PYTHONPATH=/home/lukat/unitree_mujoco_ws/COGAR_project/build/convex_mpc/prefix_override:/usr/lib/python3/dist-packages/colcon_core/task/python/colcon_distutils_commands:/home/lukat/unitree_mujoco_ws/COGAR_project/install/convex_mpc/lib/python3.10/site-packages:${PYTHONPATH} /usr/bin/python3 -W ignore:setup.py install is deprecated -W ignore:easy_install command is deprecated setup.py egg_info --egg-base ../../build/convex_mpc build --build-base /home/lukat/unitree_mujoco_ws/COGAR_project/build/convex_mpc/build install --record /home/lukat/unitree_mujoco_ws/COGAR_project/build/convex_mpc/install.log --single-version-externally-managed install_data
[6.789s] DEBUG:colcon.colcon_core.event_handler.log_command:Invoking command in '/home/lukat/unitree_mujoco_ws/COGAR_project/src/simulation_py': PYTHONPATH=/home/lukat/unitree_mujoco_ws/COGAR_project/build/simulation_py/prefix_override:/usr/lib/python3/dist-packages/colcon_core/task/python/colcon_distutils_commands:/home/lukat/unitree_mujoco_ws/COGAR_project/install/simulation_py/lib/python3.10/site-packages:${PYTHONPATH} /usr/bin/python3 -W ignore:setup.py install is deprecated -W ignore:easy_install command is deprecated setup.py egg_info --egg-base ../../build/simulation_py build --build-base /home/lukat/unitree_mujoco_ws/COGAR_project/build/simulation_py/build install --record /home/lukat/unitree_mujoco_ws/COGAR_project/build/simulation_py/install.log --single-version-externally-managed install_data
[6.913s] DEBUG:colcon.colcon_core.event_handler.log_command:Invoking command in '/home/lukat/unitree_mujoco_ws/COGAR_project/src/controller': PYTHONPATH=/home/lukat/unitree_mujoco_ws/COGAR_project/build/controller/prefix_override:/usr/lib/python3/dist-packages/colcon_core/task/python/colcon_distutils_commands:/home/lukat/unitree_mujoco_ws/COGAR_project/install/controller/lib/python3.10/site-packages:${PYTHONPATH} /usr/bin/python3 -W ignore:setup.py install is deprecated -W ignore:easy_install command is deprecated setup.py egg_info --egg-base ../../build/controller build --build-base /home/lukat/unitree_mujoco_ws/COGAR_project/build/controller/build install --record /home/lukat/unitree_mujoco_ws/COGAR_project/build/controller/install.log --single-version-externally-managed install_data
[9.033s] Level 1:colcon.colcon_core.environment:checking '/home/lukat/unitree_mujoco_ws/COGAR_project/install/simulation_py' for CMake module files
[9.035s] DEBUG:colcon.colcon_core.event_handler.log_command:Invoked command in '/home/lukat/unitree_mujoco_ws/COGAR_project/src/simulation_py' returned '0': PYTHONPATH=/home/lukat/unitree_mujoco_ws/COGAR_project/build/simulation_py/prefix_override:/usr/lib/python3/dist-packages/colcon_core/task/python/colcon_distutils_commands:/home/lukat/unitree_mujoco_ws/COGAR_project/install/simulation_py/lib/python3.10/site-packages:${PYTHONPATH} /usr/bin/python3 -W ignore:setup.py install is deprecated -W ignore:easy_install command is deprecated setup.py egg_info --egg-base ../../build/simulation_py build --build-base /home/lukat/unitree_mujoco_ws/COGAR_project/build/simulation_py/build install --record /home/lukat/unitree_mujoco_ws/COGAR_project/build/simulation_py/install.log --single-version-externally-managed install_data
[9.036s] Level 1:colcon.colcon_core.environment:checking '/home/lukat/unitree_mujoco_ws/COGAR_project/install/simulation_py' for CMake config files
[9.038s] Level 1:colcon.colcon_core.environment:checking '/home/lukat/unitree_mujoco_ws/COGAR_project/install/simulation_py/lib'
[9.039s] Level 1:colcon.colcon_core.environment:checking '/home/lukat/unitree_mujoco_ws/COGAR_project/install/simulation_py/bin'
[9.039s] Level 1:colcon.colcon_core.environment:checking '/home/lukat/unitree_mujoco_ws/COGAR_project/install/simulation_py/lib/pkgconfig/simulation_py.pc'
[9.040s] Level 1:colcon.colcon_core.environment:checking '/home/lukat/unitree_mujoco_ws/COGAR_project/install/simulation_py/lib/python3.10/site-packages'
[9.040s] Level 1:colcon.colcon_core.shell:create_environment_hook('simulation_py', 'pythonpath')
[9.041s] INFO:colcon.colcon_core.shell:Creating environment hook '/home/lukat/unitree_mujoco_ws/COGAR_project/install/simulation_py/share/simulation_py/hook/pythonpath.ps1'
[9.043s] INFO:colcon.colcon_core.shell:Creating environment descriptor '/home/lukat/unitree_mujoco_ws/COGAR_project/install/simulation_py/share/simulation_py/hook/pythonpath.dsv'
[9.044s] INFO:colcon.colcon_core.shell:Creating environment hook '/home/lukat/unitree_mujoco_ws/COGAR_project/install/simulation_py/share/simulation_py/hook/pythonpath.sh'
[9.051s] Level 1:colcon.colcon_core.environment:checking '/home/lukat/unitree_mujoco_ws/COGAR_project/install/simulation_py/bin'
[9.051s] Level 1:colcon.colcon_core.environment:create_environment_scripts_only(simulation_py)
[9.052s] INFO:colcon.colcon_core.shell:Creating package script '/home/lukat/unitree_mujoco_ws/COGAR_project/install/simulation_py/share/simulation_py/package.ps1'
[9.054s] INFO:colcon.colcon_core.shell:Creating package descriptor '/home/lukat/unitree_mujoco_ws/COGAR_project/install/simulation_py/share/simulation_py/package.dsv'
[9.056s] INFO:colcon.colcon_core.shell:Creating package script '/home/lukat/unitree_mujoco_ws/COGAR_project/install/simulation_py/share/simulation_py/package.sh'
[9.059s] INFO:colcon.colcon_core.shell:Creating package script '/home/lukat/unitree_mujoco_ws/COGAR_project/install/simulation_py/share/simulation_py/package.bash'
[9.063s] INFO:colcon.colcon_core.shell:Creating package script '/home/lukat/unitree_mujoco_ws/COGAR_project/install/simulation_py/share/simulation_py/package.zsh'
[9.066s] Level 1:colcon.colcon_core.environment:create_file_with_runtime_dependencies(/home/lukat/unitree_mujoco_ws/COGAR_project/install/simulation_py/share/colcon-core/packages/simulation_py)
[9.096s] Level 1:colcon.colcon_core.environment:checking '/home/lukat/unitree_mujoco_ws/COGAR_project/install/convex_mpc' for CMake module files
[9.101s] DEBUG:colcon.colcon_core.event_handler.log_command:Invoked command in '/home/lukat/unitree_mujoco_ws/COGAR_project/src/convex_mpc' returned '0': PYTHONPATH=/home/lukat/unitree_mujoco_ws/COGAR_project/build/convex_mpc/prefix_override:/usr/lib/python3/dist-packages/colcon_core/task/python/colcon_distutils_commands:/home/lukat/unitree_mujoco_ws/COGAR_project/install/convex_mpc/lib/python3.10/site-packages:${PYTHONPATH} /usr/bin/python3 -W ignore:setup.py install is deprecated -W ignore:easy_install command is deprecated setup.py egg_info --egg-base ../../build/convex_mpc build --build-base /home/lukat/unitree_mujoco_ws/COGAR_project/build/convex_mpc/build install --record /home/lukat/unitree_mujoco_ws/COGAR_project/build/convex_mpc/install.log --single-version-externally-managed install_data
[9.102s] Level 1:colcon.colcon_core.environment:checking '/home/lukat/unitree_mujoco_ws/COGAR_project/install/convex_mpc' for CMake config files
[9.104s] Level 1:colcon.colcon_core.environment:checking '/home/lukat/unitree_mujoco_ws/COGAR_project/install/convex_mpc/lib'
[9.105s] Level 1:colcon.colcon_core.environment:checking '/home/lukat/unitree_mujoco_ws/COGAR_project/install/convex_mpc/bin'
[9.105s] Level 1:colcon.colcon_core.environment:checking '/home/lukat/unitree_mujoco_ws/COGAR_project/install/convex_mpc/lib/pkgconfig/convex_mpc.pc'
[9.106s] Level 1:colcon.colcon_core.environment:checking '/home/lukat/unitree_mujoco_ws/COGAR_project/install/convex_mpc/lib/python3.10/site-packages'
[9.106s] Level 1:colcon.colcon_core.shell:create_environment_hook('convex_mpc', 'pythonpath')
[9.108s] INFO:colcon.colcon_core.shell:Creating environment hook '/home/lukat/unitree_mujoco_ws/COGAR_project/install/convex_mpc/share/convex_mpc/hook/pythonpath.ps1'
[9.111s] INFO:colcon.colcon_core.shell:Creating environment descriptor '/home/lukat/unitree_mujoco_ws/COGAR_project/install/convex_mpc/share/convex_mpc/hook/pythonpath.dsv'
[9.113s] INFO:colcon.colcon_core.shell:Creating environment hook '/home/lukat/unitree_mujoco_ws/COGAR_project/install/convex_mpc/share/convex_mpc/hook/pythonpath.sh'
[9.116s] Level 1:colcon.colcon_core.environment:checking '/home/lukat/unitree_mujoco_ws/COGAR_project/install/convex_mpc/bin'
[9.117s] Level 1:colcon.colcon_core.environment:create_environment_scripts_only(convex_mpc)
[9.121s] INFO:colcon.colcon_core.shell:Creating package script '/home/lukat/unitree_mujoco_ws/COGAR_project/install/convex_mpc/share/convex_mpc/package.ps1'
[9.123s] INFO:colcon.colcon_core.shell:Creating package descriptor '/home/lukat/unitree_mujoco_ws/COGAR_project/install/convex_mpc/share/convex_mpc/package.dsv'
[9.126s] INFO:colcon.colcon_core.shell:Creating package script '/home/lukat/unitree_mujoco_ws/COGAR_project/install/convex_mpc/share/convex_mpc/package.sh'
[9.129s] INFO:colcon.colcon_core.shell:Creating package script '/home/lukat/unitree_mujoco_ws/COGAR_project/install/convex_mpc/share/convex_mpc/package.bash'
[9.132s] INFO:colcon.colcon_core.shell:Creating package script '/home/lukat/unitree_mujoco_ws/COGAR_project/install/convex_mpc/share/convex_mpc/package.zsh'
[9.133s] Level 1:colcon.colcon_core.environment:create_file_with_runtime_dependencies(/home/lukat/unitree_mujoco_ws/COGAR_project/install/convex_mpc/share/colcon-core/packages/convex_mpc)
[9.283s] Level 1:colcon.colcon_core.environment:checking '/home/lukat/unitree_mujoco_ws/COGAR_project/install/controller' for CMake module files
[9.285s] DEBUG:colcon.colcon_core.event_handler.log_command:Invoked command in '/home/lukat/unitree_mujoco_ws/COGAR_project/src/controller' returned '0': PYTHONPATH=/home/lukat/unitree_mujoco_ws/COGAR_project/build/controller/prefix_override:/usr/lib/python3/dist-packages/colcon_core/task/python/colcon_distutils_commands:/home/lukat/unitree_mujoco_ws/COGAR_project/install/controller/lib/python3.10/site-packages:${PYTHONPATH} /usr/bin/python3 -W ignore:setup.py install is deprecated -W ignore:easy_install command is deprecated setup.py egg_info --egg-base ../../build/controller build --build-base /home/lukat/unitree_mujoco_ws/COGAR_project/build/controller/build install --record /home/lukat/unitree_mujoco_ws/COGAR_project/build/controller/install.log --single-version-externally-managed install_data
[9.285s] Level 1:colcon.colcon_core.environment:checking '/home/lukat/unitree_mujoco_ws/COGAR_project/install/controller' for CMake config files
[9.286s] Level 1:colcon.colcon_core.environment:checking '/home/lukat/unitree_mujoco_ws/COGAR_project/install/controller/lib'
[9.286s] Level 1:colcon.colcon_core.environment:checking '/home/lukat/unitree_mujoco_ws/COGAR_project/install/controller/bin'
[9.286s] Level 1:colcon.colcon_core.environment:checking '/home/lukat/unitree_mujoco_ws/COGAR_project/install/controller/lib/pkgconfig/controller.pc'
[9.287s] Level 1:colcon.colcon_core.environment:checking '/home/lukat/unitree_mujoco_ws/COGAR_project/install/controller/lib/python3.10/site-packages'
[9.287s] Level 1:colcon.colcon_core.shell:create_environment_hook('controller', 'pythonpath')
[9.287s] INFO:colcon.colcon_core.shell:Creating environment hook '/home/lukat/unitree_mujoco_ws/COGAR_project/install/controller/share/controller/hook/pythonpath.ps1'
[9.288s] INFO:colcon.colcon_core.shell:Creating environment descriptor '/home/lukat/unitree_mujoco_ws/COGAR_project/install/controller/share/controller/hook/pythonpath.dsv'
[9.289s] INFO:colcon.colcon_core.shell:Creating environment hook '/home/lukat/unitree_mujoco_ws/COGAR_project/install/controller/share/controller/hook/pythonpath.sh'
[9.292s] Level 1:colcon.colcon_core.environment:checking '/home/lukat/unitree_mujoco_ws/COGAR_project/install/controller/bin'
[9.292s] Level 1:colcon.colcon_core.environment:create_environment_scripts_only(controller)
[9.293s] INFO:colcon.colcon_core.shell:Creating package script '/home/lukat/unitree_mujoco_ws/COGAR_project/install/controller/share/controller/package.ps1'
[9.294s] INFO:colcon.colcon_core.shell:Creating package descriptor '/home/lukat/unitree_mujoco_ws/COGAR_project/install/controller/share/controller/package.dsv'
[9.295s] INFO:colcon.colcon_core.shell:Creating package script '/home/lukat/unitree_mujoco_ws/COGAR_project/install/controller/share/controller/package.sh'
[9.296s] INFO:colcon.colcon_core.shell:Creating package script '/home/lukat/unitree_mujoco_ws/COGAR_project/install/controller/share/controller/package.bash'
[9.297s] INFO:colcon.colcon_core.shell:Creating package script '/home/lukat/unitree_mujoco_ws/COGAR_project/install/controller/share/controller/package.zsh'
[9.299s] Level 1:colcon.colcon_core.environment:create_file_with_runtime_dependencies(/home/lukat/unitree_mujoco_ws/COGAR_project/install/controller/share/colcon-core/packages/controller)
[9.300s] DEBUG:colcon.colcon_parallel_executor.executor.parallel:closing loop
[9.301s] DEBUG:colcon.colcon_parallel_executor.executor.parallel:loop closed
[9.302s] DEBUG:colcon.colcon_parallel_executor.executor.parallel:run_until_complete finished with '0'
[9.303s] DEBUG:colcon.colcon_core.event_reactor:joining thread
[9.419s] INFO:colcon.colcon_core.plugin_system:Skipping extension 'colcon_notification.desktop_notification.notify_send': Could not find 'notify-send'
[9.419s] INFO:colcon.colcon_core.plugin_system:Skipping extension 'colcon_notification.desktop_notification.terminal_notifier': Not used on non-Darwin systems
[9.419s] INFO:colcon.colcon_core.plugin_system:Skipping extension 'colcon_notification.desktop_notification.win32': Not used on non-Windows systems
[9.419s] INFO:colcon.colcon_notification.desktop_notification:Sending desktop notification using 'notify2'
[9.430s] DEBUG:colcon.colcon_notification.desktop_notification.notify2:Failed to initialize notify2: org.freedesktop.DBus.Error.FileNotFound: Failed to connect to socket /run/user/1000/bus: No such file or directory
[9.430s] DEBUG:colcon.colcon_core.event_reactor:joined thread
[9.431s] INFO:colcon.colcon_core.shell:Creating prefix script '/home/lukat/unitree_mujoco_ws/COGAR_project/install/local_setup.ps1'
[9.433s] INFO:colcon.colcon_core.shell:Creating prefix util module '/home/lukat/unitree_mujoco_ws/COGAR_project/install/_local_setup_util_ps1.py'
[9.437s] INFO:colcon.colcon_core.shell:Creating prefix chain script '/home/lukat/unitree_mujoco_ws/COGAR_project/install/setup.ps1'
[9.442s] INFO:colcon.colcon_core.shell:Creating prefix script '/home/lukat/unitree_mujoco_ws/COGAR_project/install/local_setup.sh'
[9.444s] INFO:colcon.colcon_core.shell:Creating prefix util module '/home/lukat/unitree_mujoco_ws/COGAR_project/install/_local_setup_util_sh.py'
[9.446s] INFO:colcon.colcon_core.shell:Creating prefix chain script '/home/lukat/unitree_mujoco_ws/COGAR_project/install/setup.sh'
[9.450s] INFO:colcon.colcon_core.shell:Creating prefix script '/home/lukat/unitree_mujoco_ws/COGAR_project/install/local_setup.bash'
[9.453s] INFO:colcon.colcon_core.shell:Creating prefix chain script '/home/lukat/unitree_mujoco_ws/COGAR_project/install/setup.bash'
[9.458s] INFO:colcon.colcon_core.shell:Creating prefix script '/home/lukat/unitree_mujoco_ws/COGAR_project/install/local_setup.zsh'
[9.461s] INFO:colcon.colcon_core.shell:Creating prefix chain script '/home/lukat/unitree_mujoco_ws/COGAR_project/install/setup.zsh'
