[1.871s] Invoking command in '/home/lukat/unitree_mujoco_ws/COGAR_project/src/simulation_py': PYTHONPATH=/home/lukat/unitree_mujoco_ws/COGAR_project/build/simulation_py/prefix_override:/usr/lib/python3/dist-packages/colcon_core/task/python/colcon_distutils_commands:/home/lukat/unitree_mujoco_ws/COGAR_project/install/simulation_py/lib/python3.10/site-packages:${PYTHONPATH} /usr/bin/python3 -W ignore:setup.py install is deprecated -W ignore:easy_install command is deprecated setup.py egg_info --egg-base ../../build/simulation_py build --build-base /home/lukat/unitree_mujoco_ws/COGAR_project/build/simulation_py/build install --record /home/lukat/unitree_mujoco_ws/COGAR_project/build/simulation_py/install.log --single-version-externally-managed install_data
[2.202s] running egg_info
[2.232s] writing ../../build/simulation_py/simulation_py.egg-info/PKG-INFO
[2.233s] writing dependency_links to ../../build/simulation_py/simulation_py.egg-info/dependency_links.txt
[2.233s] writing entry points to ../../build/simulation_py/simulation_py.egg-info/entry_points.txt
[2.234s] writing requirements to ../../build/simulation_py/simulation_py.egg-info/requires.txt
[2.234s] writing top-level names to ../../build/simulation_py/simulation_py.egg-info/top_level.txt
[2.286s] reading manifest file '../../build/simulation_py/simulation_py.egg-info/SOURCES.txt'
[2.288s] writing manifest file '../../build/simulation_py/simulation_py.egg-info/SOURCES.txt'
[2.289s] running build
[2.289s] running build_py
[2.290s] copying simulation_py/simulation_node.py -> /home/lukat/unitree_mujoco_ws/COGAR_project/build/simulation_py/build/lib/simulation_py
[2.291s] copying simulation_py/__init__.py -> /home/lukat/unitree_mujoco_ws/COGAR_project/build/simulation_py/build/lib/simulation_py
[2.291s] running install
[2.294s] running install_lib
[2.327s] copying /home/lukat/unitree_mujoco_ws/COGAR_project/build/simulation_py/build/lib/simulation_py/simulation_node.py -> /home/lukat/unitree_mujoco_ws/COGAR_project/install/simulation_py/lib/python3.10/site-packages/simulation_py
[2.328s] byte-compiling /home/lukat/unitree_mujoco_ws/COGAR_project/install/simulation_py/lib/python3.10/site-packages/simulation_py/simulation_node.py to simulation_node.cpython-310.pyc
[2.331s] running install_data
[2.331s] copying resource/simulation_py -> /home/lukat/unitree_mujoco_ws/COGAR_project/install/simulation_py/share/ament_index/resource_index/packages
[2.332s] copying package.xml -> /home/lukat/unitree_mujoco_ws/COGAR_project/install/simulation_py/share/simulation_py
[2.332s] copying launch/launch_simulation.launch.py -> /home/lukat/unitree_mujoco_ws/COGAR_project/install/simulation_py/share/simulation_py/launch
[2.332s] running install_egg_info
[2.370s] removing '/home/lukat/unitree_mujoco_ws/COGAR_project/install/simulation_py/lib/python3.10/site-packages/simulation_py-0.0.0-py3.10.egg-info' (and everything under it)
[2.370s] Copying ../../build/simulation_py/simulation_py.egg-info to /home/lukat/unitree_mujoco_ws/COGAR_project/install/simulation_py/lib/python3.10/site-packages/simulation_py-0.0.0-py3.10.egg-info
[2.372s] running install_scripts
[2.531s] Installing simulation_node script to /home/lukat/unitree_mujoco_ws/COGAR_project/install/simulation_py/lib/simulation_py
[2.532s] writing list of installed files to '/home/lukat/unitree_mujoco_ws/COGAR_project/build/simulation_py/install.log'
[2.603s] Invoked command in '/home/lukat/unitree_mujoco_ws/COGAR_project/src/simulation_py' returned '0': PYTHONPATH=/home/lukat/unitree_mujoco_ws/COGAR_project/build/simulation_py/prefix_override:/usr/lib/python3/dist-packages/colcon_core/task/python/colcon_distutils_commands:/home/lukat/unitree_mujoco_ws/COGAR_project/install/simulation_py/lib/python3.10/site-packages:${PYTHONPATH} /usr/bin/python3 -W ignore:setup.py install is deprecated -W ignore:easy_install command is deprecated setup.py egg_info --egg-base ../../build/simulation_py build --build-base /home/lukat/unitree_mujoco_ws/COGAR_project/build/simulation_py/build install --record /home/lukat/unitree_mujoco_ws/COGAR_project/build/simulation_py/install.log --single-version-externally-managed install_data
