[1.456s] Invoking command in '/home/lukat/unitree_mujoco_ws/COGAR_project/src/controller': PYTHONPATH=/home/lukat/unitree_mujoco_ws/COGAR_project/build/controller/prefix_override:/usr/lib/python3/dist-packages/colcon_core/task/python/colcon_distutils_commands:/home/lukat/unitree_mujoco_ws/COGAR_project/install/controller/lib/python3.10/site-packages:${PYTHONPATH} /usr/bin/python3 -W ignore:setup.py install is deprecated -W ignore:easy_install command is deprecated setup.py egg_info --egg-base ../../build/controller build --build-base /home/lukat/unitree_mujoco_ws/COGAR_project/build/controller/build install --record /home/lukat/unitree_mujoco_ws/COGAR_project/build/controller/install.log --single-version-externally-managed install_data
[1.841s] running egg_info
[1.863s] writing ../../build/controller/controller.egg-info/PKG-INFO
[1.868s] writing dependency_links to ../../build/controller/controller.egg-info/dependency_links.txt
[1.869s] writing entry points to ../../build/controller/controller.egg-info/entry_points.txt
[1.871s] writing requirements to ../../build/controller/controller.egg-info/requires.txt
[1.872s] writing top-level names to ../../build/controller/controller.egg-info/top_level.txt
[1.924s] reading manifest file '../../build/controller/controller.egg-info/SOURCES.txt'
[1.926s] writing manifest file '../../build/controller/controller.egg-info/SOURCES.txt'
[1.927s] running build
[1.927s] running build_py
[1.928s] copying controller/convex_mpc_controller.py -> /home/lukat/unitree_mujoco_ws/COGAR_project/build/controller/build/lib/controller
[1.929s] copying controller/rl_controller.py -> /home/lukat/unitree_mujoco_ws/COGAR_project/build/controller/build/lib/controller
[1.930s] copying controller/__init__.py -> /home/lukat/unitree_mujoco_ws/COGAR_project/build/controller/build/lib/controller
[1.931s] copying controller/load_policy.py -> /home/lukat/unitree_mujoco_ws/COGAR_project/build/controller/build/lib/controller
[1.931s] running install
[1.936s] running install_lib
[1.956s] copying /home/lukat/unitree_mujoco_ws/COGAR_project/build/controller/build/lib/controller/convex_mpc_controller.py -> /home/lukat/unitree_mujoco_ws/COGAR_project/install/controller/lib/python3.10/site-packages/controller
[1.958s] byte-compiling /home/lukat/unitree_mujoco_ws/COGAR_project/install/controller/lib/python3.10/site-packages/controller/convex_mpc_controller.py to convex_mpc_controller.cpython-310.pyc
[1.962s] running install_data
[1.962s] copying resource/controller -> /home/lukat/unitree_mujoco_ws/COGAR_project/install/controller/share/ament_index/resource_index/packages
[1.963s] copying package.xml -> /home/lukat/unitree_mujoco_ws/COGAR_project/install/controller/share/controller
[1.964s] copying policies/HIM_policy.pt -> /home/lukat/unitree_mujoco_ws/COGAR_project/install/controller/share/controller/policies
[1.993s] copying policies/kp_kd_random_policy.pt -> /home/lukat/unitree_mujoco_ws/COGAR_project/install/controller/share/controller/policies
[2.008s] copying policies/policy_with_45_obs.pt -> /home/lukat/unitree_mujoco_ws/COGAR_project/install/controller/share/controller/policies
[2.027s] copying config/go2.yaml -> /home/lukat/unitree_mujoco_ws/COGAR_project/install/controller/share/controller/config
[2.028s] running install_egg_info
[2.046s] removing '/home/lukat/unitree_mujoco_ws/COGAR_project/install/controller/lib/python3.10/site-packages/controller-0.0.0-py3.10.egg-info' (and everything under it)
[2.048s] Copying ../../build/controller/controller.egg-info to /home/lukat/unitree_mujoco_ws/COGAR_project/install/controller/lib/python3.10/site-packages/controller-0.0.0-py3.10.egg-info
[2.050s] running install_scripts
[2.188s] Installing controller_node script to /home/lukat/unitree_mujoco_ws/COGAR_project/install/controller/lib/controller
[2.188s] Installing rl_controller script to /home/lukat/unitree_mujoco_ws/COGAR_project/install/controller/lib/controller
[2.189s] writing list of installed files to '/home/lukat/unitree_mujoco_ws/COGAR_project/build/controller/install.log'
[2.231s] Invoked command in '/home/lukat/unitree_mujoco_ws/COGAR_project/src/controller' returned '0': PYTHONPATH=/home/lukat/unitree_mujoco_ws/COGAR_project/build/controller/prefix_override:/usr/lib/python3/dist-packages/colcon_core/task/python/colcon_distutils_commands:/home/lukat/unitree_mujoco_ws/COGAR_project/install/controller/lib/python3.10/site-packages:${PYTHONPATH} /usr/bin/python3 -W ignore:setup.py install is deprecated -W ignore:easy_install command is deprecated setup.py egg_info --egg-base ../../build/controller build --build-base /home/lukat/unitree_mujoco_ws/COGAR_project/build/controller/build install --record /home/lukat/unitree_mujoco_ws/COGAR_project/build/controller/install.log --single-version-externally-managed install_data
