[4.596s] Invoking command in '/home/lukat/unitree_mujoco_ws/COGAR_project/src/simulation_py': CONDA_PROMPT_MODIFIER=(go2-convex-mpc) PYTHONPATH=/home/lukat/unitree_mujoco_ws/COGAR_project/build/simulation_py/prefix_override:/usr/lib/python3/dist-packages/colcon_core/task/python/colcon_distutils_commands:/home/lukat/unitree_mujoco_ws/COGAR_project/install/simulation_py/lib/python3.10/site-packages:${PYTHONPATH} /usr/bin/python3 -W ignore:setup.py install is deprecated -W ignore:easy_install command is deprecated setup.py egg_info --egg-base ../../build/simulation_py build --build-base /home/lukat/unitree_mujoco_ws/COGAR_project/build/simulation_py/build install --record /home/lukat/unitree_mujoco_ws/COGAR_project/build/simulation_py/install.log --single-version-externally-managed install_data
[5.600s] running egg_info
[5.613s] writing ../../build/simulation_py/simulation_py.egg-info/PKG-INFO
[5.615s] writing dependency_links to ../../build/simulation_py/simulation_py.egg-info/dependency_links.txt
[5.615s] writing entry points to ../../build/simulation_py/simulation_py.egg-info/entry_points.txt
[5.617s] writing requirements to ../../build/simulation_py/simulation_py.egg-info/requires.txt
[5.617s] writing top-level names to ../../build/simulation_py/simulation_py.egg-info/top_level.txt
[5.623s] reading manifest file '../../build/simulation_py/simulation_py.egg-info/SOURCES.txt'
[5.631s] writing manifest file '../../build/simulation_py/simulation_py.egg-info/SOURCES.txt'
[5.632s] running build
[5.632s] running build_py
[5.633s] running install
[5.634s] running install_lib
[5.639s] running install_data
[5.639s] running install_egg_info
[5.653s] removing '/home/lukat/unitree_mujoco_ws/COGAR_project/install/simulation_py/lib/python3.10/site-packages/simulation_py-0.0.0-py3.10.egg-info' (and everything under it)
[5.661s] Copying ../../build/simulation_py/simulation_py.egg-info to /home/lukat/unitree_mujoco_ws/COGAR_project/install/simulation_py/lib/python3.10/site-packages/simulation_py-0.0.0-py3.10.egg-info
[5.667s] running install_scripts
[5.739s] Installing simulation_node script to /home/lukat/unitree_mujoco_ws/COGAR_project/install/simulation_py/lib/simulation_py
[5.741s] writing list of installed files to '/home/lukat/unitree_mujoco_ws/COGAR_project/build/simulation_py/install.log'
[5.838s] Invoked command in '/home/lukat/unitree_mujoco_ws/COGAR_project/src/simulation_py' returned '0': CONDA_PROMPT_MODIFIER=(go2-convex-mpc) PYTHONPATH=/home/lukat/unitree_mujoco_ws/COGAR_project/build/simulation_py/prefix_override:/usr/lib/python3/dist-packages/colcon_core/task/python/colcon_distutils_commands:/home/lukat/unitree_mujoco_ws/COGAR_project/install/simulation_py/lib/python3.10/site-packages:${PYTHONPATH} /usr/bin/python3 -W ignore:setup.py install is deprecated -W ignore:easy_install command is deprecated setup.py egg_info --egg-base ../../build/simulation_py build --build-base /home/lukat/unitree_mujoco_ws/COGAR_project/build/simulation_py/build install --record /home/lukat/unitree_mujoco_ws/COGAR_project/build/simulation_py/install.log --single-version-externally-managed install_data
