running egg_info
writing ../../build/convex_mpc/convex_mpc.egg-info/PKG-INFO
writing dependency_links to ../../build/convex_mpc/convex_mpc.egg-info/dependency_links.txt
writing requirements to ../../build/convex_mpc/convex_mpc.egg-info/requires.txt
writing top-level names to ../../build/convex_mpc/convex_mpc.egg-info/top_level.txt
reading manifest file '../../build/convex_mpc/convex_mpc.egg-info/SOURCES.txt'
writing manifest file '../../build/convex_mpc/convex_mpc.egg-info/SOURCES.txt'
running build
running build_py
copying convex_mpc/com_trajectory.py -> /home/lukat/unitree_mujoco_ws/COGAR_project/build/convex_mpc/build/lib/convex_mpc
copying convex_mpc/centroidal_mpc.py -> /home/lukat/unitree_mujoco_ws/COGAR_project/build/convex_mpc/build/lib/convex_mpc
copying convex_mpc/leg_controller.py -> /home/lukat/unitree_mujoco_ws/COGAR_project/build/convex_mpc/build/lib/convex_mpc
copying convex_mpc/gait.py -> /home/lukat/unitree_mujoco_ws/COGAR_project/build/convex_mpc/build/lib/convex_mpc
copying convex_mpc/__init__.py -> /home/lukat/unitree_mujoco_ws/COGAR_project/build/convex_mpc/build/lib/convex_mpc
copying convex_mpc/mujoco_model.py -> /home/lukat/unitree_mujoco_ws/COGAR_project/build/convex_mpc/build/lib/convex_mpc
copying convex_mpc/go2_robot_data.py -> /home/lukat/unitree_mujoco_ws/COGAR_project/build/convex_mpc/build/lib/convex_mpc
copying convex_mpc/plot_helper.py -> /home/lukat/unitree_mujoco_ws/COGAR_project/build/convex_mpc/build/lib/convex_mpc
running install
running install_lib
copying /home/lukat/unitree_mujoco_ws/COGAR_project/build/convex_mpc/build/lib/convex_mpc/mujoco_model.py -> /home/lukat/unitree_mujoco_ws/COGAR_project/install/convex_mpc/lib/python3.10/site-packages/convex_mpc
byte-compiling /home/lukat/unitree_mujoco_ws/COGAR_project/install/convex_mpc/lib/python3.10/site-packages/convex_mpc/mujoco_model.py to mujoco_model.cpython-310.pyc
running install_data
copying resource/convex_mpc -> /home/lukat/unitree_mujoco_ws/COGAR_project/install/convex_mpc/share/ament_index/resource_index/packages
copying package.xml -> /home/lukat/unitree_mujoco_ws/COGAR_project/install/convex_mpc/share/convex_mpc
running install_egg_info
removing '/home/lukat/unitree_mujoco_ws/COGAR_project/install/convex_mpc/lib/python3.10/site-packages/convex_mpc-0.0.0-py3.10.egg-info' (and everything under it)
Copying ../../build/convex_mpc/convex_mpc.egg-info to /home/lukat/unitree_mujoco_ws/COGAR_project/install/convex_mpc/lib/python3.10/site-packages/convex_mpc-0.0.0-py3.10.egg-info
running install_scripts
writing list of installed files to '/home/lukat/unitree_mujoco_ws/COGAR_project/build/convex_mpc/install.log'
