[0.708s] DEBUG:colcon:Command line arguments: ['/usr/bin/colcon', 'build']
[0.708s] DEBUG:colcon:Parsed command line arguments: Namespace(log_base=None, log_level=None, verb_name='build', build_base='build', install_base='install', merge_install=False, symlink_install=False, test_result_base=None, continue_on_error=False, executor='parallel', parallel_workers=8, event_handlers=None, ignore_user_meta=False, metas=['./colcon.meta'], base_paths=['.'], packages_ignore=None, packages_ignore_regex=None, paths=None, packages_up_to=None, packages_up_to_regex=None, packages_above=None, packages_above_and_dependencies=None, packages_above_depth=None, packages_select_by_dep=None, packages_skip_by_dep=None, packages_skip_up_to=None, packages_select_build_failed=False, packages_skip_build_finished=False, packages_select_test_failures=False, packages_skip_test_passed=False, packages_select=None, packages_skip=None, packages_select_regex=None, packages_skip_regex=None, packages_start=None, packages_end=None, allow_overriding=[], cmake_args=None, cmake_target=None, cmake_target_skip_unavailable=False, cmake_clean_cache=False, cmake_clean_first=False, cmake_force_configure=False, ament_cmake_args=None, catkin_cmake_args=None, catkin_skip_building_tests=False, mixin_files=None, mixin=None, verb_parser=<colcon_mixin.mixin.mixin_argument.MixinArgumentDecorator object at 0x740b37398940>, verb_extension=<colcon_core.verb.build.BuildVerb object at 0x740b373982b0>, main=<bound method BuildVerb.main of <colcon_core.verb.build.BuildVerb object at 0x740b373982b0>>, mixin_verb=('build',))
[0.907s] Level 1:colcon.colcon_core.package_discovery:discover_packages(colcon_meta) check parameters
[0.907s] Level 1:colcon.colcon_core.package_discovery:discover_packages(recursive) check parameters
[0.908s] Level 1:colcon.colcon_core.package_discovery:discover_packages(ignore) check parameters
[0.908s] Level 1:colcon.colcon_core.package_discovery:discover_packages(path) check parameters
[0.908s] Level 1:colcon.colcon_core.package_discovery:discover_packages(colcon_meta) discover
[0.908s] Level 1:colcon.colcon_core.package_discovery:discover_packages(recursive) discover
[0.908s] INFO:colcon.colcon_core.package_discovery:Crawling recursively for packages in '/home/lukat/unitree_mujoco_ws/COGAR_project'
[0.908s] Level 1:colcon.colcon_core.package_identification:_identify(.) by extensions ['ignore', 'ignore_ament_install']
[0.908s] Level 1:colcon.colcon_core.package_identification:_identify(.) by extension 'ignore'
[0.909s] Level 1:colcon.colcon_core.package_identification:_identify(.) by extension 'ignore_ament_install'
[0.909s] Level 1:colcon.colcon_core.package_identification:_identify(.) by extensions ['colcon_pkg']
[0.909s] Level 1:colcon.colcon_core.package_identification:_identify(.) by extension 'colcon_pkg'
[0.909s] Level 1:colcon.colcon_core.package_identification:_identify(.) by extensions ['colcon_meta']
[0.909s] Level 1:colcon.colcon_core.package_identification:_identify(.) by extension 'colcon_meta'
[0.909s] Level 1:colcon.colcon_core.package_identification:_identify(.) by extensions ['ros']
[0.909s] Level 1:colcon.colcon_core.package_identification:_identify(.) by extension 'ros'
[1.024s] Level 1:colcon.colcon_core.package_identification:_identify(.) by extensions ['cmake', 'python']
[1.025s] Level 1:colcon.colcon_core.package_identification:_identify(.) by extension 'cmake'
[1.025s] Level 1:colcon.colcon_core.package_identification:_identify(.) by extension 'python'
[1.025s] Level 1:colcon.colcon_core.package_identification:_identify(.) by extensions ['python_setup_py']
[1.025s] Level 1:colcon.colcon_core.package_identification:_identify(.) by extension 'python_setup_py'
[1.026s] Level 1:colcon.colcon_core.package_identification:_identify(build) by extensions ['ignore', 'ignore_ament_install']
[1.026s] Level 1:colcon.colcon_core.package_identification:_identify(build) by extension 'ignore'
[1.026s] Level 1:colcon.colcon_core.package_identification:_identify(build) ignored
[1.026s] Level 1:colcon.colcon_core.package_identification:_identify(install) by extensions ['ignore', 'ignore_ament_install']
[1.026s] Level 1:colcon.colcon_core.package_identification:_identify(install) by extension 'ignore'
[1.026s] Level 1:colcon.colcon_core.package_identification:_identify(install) ignored
[1.027s] Level 1:colcon.colcon_core.package_identification:_identify(log) by extensions ['ignore', 'ignore_ament_install']
[1.027s] Level 1:colcon.colcon_core.package_identification:_identify(log) by extension 'ignore'
[1.027s] Level 1:colcon.colcon_core.package_identification:_identify(log) ignored
[1.027s] Level 1:colcon.colcon_core.package_identification:_identify(models) by extensions ['ignore', 'ignore_ament_install']
[1.027s] Level 1:colcon.colcon_core.package_identification:_identify(models) by extension 'ignore'
[1.027s] Level 1:colcon.colcon_core.package_identification:_identify(models) by extension 'ignore_ament_install'
[1.027s] Level 1:colcon.colcon_core.package_identification:_identify(models) by extensions ['colcon_pkg']
[1.027s] Level 1:colcon.colcon_core.package_identification:_identify(models) by extension 'colcon_pkg'
[1.027s] Level 1:colcon.colcon_core.package_identification:_identify(models) by extensions ['colcon_meta']
[1.027s] Level 1:colcon.colcon_core.package_identification:_identify(models) by extension 'colcon_meta'
[1.027s] Level 1:colcon.colcon_core.package_identification:_identify(models) by extensions ['ros']
[1.028s] Level 1:colcon.colcon_core.package_identification:_identify(models) by extension 'ros'
[1.028s] Level 1:colcon.colcon_core.package_identification:_identify(models) by extensions ['cmake', 'python']
[1.028s] Level 1:colcon.colcon_core.package_identification:_identify(models) by extension 'cmake'
[1.028s] Level 1:colcon.colcon_core.package_identification:_identify(models) by extension 'python'
[1.028s] Level 1:colcon.colcon_core.package_identification:_identify(models) by extensions ['python_setup_py']
[1.028s] Level 1:colcon.colcon_core.package_identification:_identify(models) by extension 'python_setup_py'
[1.028s] Level 1:colcon.colcon_core.package_identification:_identify(models/MJCF) by extensions ['ignore', 'ignore_ament_install']
[1.028s] Level 1:colcon.colcon_core.package_identification:_identify(models/MJCF) by extension 'ignore'
[1.028s] Level 1:colcon.colcon_core.package_identification:_identify(models/MJCF) by extension 'ignore_ament_install'
[1.028s] Level 1:colcon.colcon_core.package_identification:_identify(models/MJCF) by extensions ['colcon_pkg']
[1.028s] Level 1:colcon.colcon_core.package_identification:_identify(models/MJCF) by extension 'colcon_pkg'
[1.028s] Level 1:colcon.colcon_core.package_identification:_identify(models/MJCF) by extensions ['colcon_meta']
[1.028s] Level 1:colcon.colcon_core.package_identification:_identify(models/MJCF) by extension 'colcon_meta'
[1.029s] Level 1:colcon.colcon_core.package_identification:_identify(models/MJCF) by extensions ['ros']
[1.029s] Level 1:colcon.colcon_core.package_identification:_identify(models/MJCF) by extension 'ros'
[1.029s] Level 1:colcon.colcon_core.package_identification:_identify(models/MJCF) by extensions ['cmake', 'python']
[1.029s] Level 1:colcon.colcon_core.package_identification:_identify(models/MJCF) by extension 'cmake'
[1.029s] Level 1:colcon.colcon_core.package_identification:_identify(models/MJCF) by extension 'python'
[1.029s] Level 1:colcon.colcon_core.package_identification:_identify(models/MJCF) by extensions ['python_setup_py']
[1.029s] Level 1:colcon.colcon_core.package_identification:_identify(models/MJCF) by extension 'python_setup_py'
[1.029s] Level 1:colcon.colcon_core.package_identification:_identify(models/MJCF/go2) by extensions ['ignore', 'ignore_ament_install']
[1.030s] Level 1:colcon.colcon_core.package_identification:_identify(models/MJCF/go2) by extension 'ignore'
[1.030s] Level 1:colcon.colcon_core.package_identification:_identify(models/MJCF/go2) by extension 'ignore_ament_install'
[1.030s] Level 1:colcon.colcon_core.package_identification:_identify(models/MJCF/go2) by extensions ['colcon_pkg']
[1.030s] Level 1:colcon.colcon_core.package_identification:_identify(models/MJCF/go2) by extension 'colcon_pkg'
[1.030s] Level 1:colcon.colcon_core.package_identification:_identify(models/MJCF/go2) by extensions ['colcon_meta']
[1.030s] Level 1:colcon.colcon_core.package_identification:_identify(models/MJCF/go2) by extension 'colcon_meta'
[1.030s] Level 1:colcon.colcon_core.package_identification:_identify(models/MJCF/go2) by extensions ['ros']
[1.030s] Level 1:colcon.colcon_core.package_identification:_identify(models/MJCF/go2) by extension 'ros'
[1.030s] Level 1:colcon.colcon_core.package_identification:_identify(models/MJCF/go2) by extensions ['cmake', 'python']
[1.030s] Level 1:colcon.colcon_core.package_identification:_identify(models/MJCF/go2) by extension 'cmake'
[1.030s] Level 1:colcon.colcon_core.package_identification:_identify(models/MJCF/go2) by extension 'python'
[1.030s] Level 1:colcon.colcon_core.package_identification:_identify(models/MJCF/go2) by extensions ['python_setup_py']
[1.031s] Level 1:colcon.colcon_core.package_identification:_identify(models/MJCF/go2) by extension 'python_setup_py'
[1.031s] Level 1:colcon.colcon_core.package_identification:_identify(models/MJCF/go2/assets) by extensions ['ignore', 'ignore_ament_install']
[1.031s] Level 1:colcon.colcon_core.package_identification:_identify(models/MJCF/go2/assets) by extension 'ignore'
[1.032s] Level 1:colcon.colcon_core.package_identification:_identify(models/MJCF/go2/assets) by extension 'ignore_ament_install'
[1.032s] Level 1:colcon.colcon_core.package_identification:_identify(models/MJCF/go2/assets) by extensions ['colcon_pkg']
[1.032s] Level 1:colcon.colcon_core.package_identification:_identify(models/MJCF/go2/assets) by extension 'colcon_pkg'
[1.032s] Level 1:colcon.colcon_core.package_identification:_identify(models/MJCF/go2/assets) by extensions ['colcon_meta']
[1.032s] Level 1:colcon.colcon_core.package_identification:_identify(models/MJCF/go2/assets) by extension 'colcon_meta'
[1.032s] Level 1:colcon.colcon_core.package_identification:_identify(models/MJCF/go2/assets) by extensions ['ros']
[1.032s] Level 1:colcon.colcon_core.package_identification:_identify(models/MJCF/go2/assets) by extension 'ros'
[1.032s] Level 1:colcon.colcon_core.package_identification:_identify(models/MJCF/go2/assets) by extensions ['cmake', 'python']
[1.032s] Level 1:colcon.colcon_core.package_identification:_identify(models/MJCF/go2/assets) by extension 'cmake'
[1.033s] Level 1:colcon.colcon_core.package_identification:_identify(models/MJCF/go2/assets) by extension 'python'
[1.033s] Level 1:colcon.colcon_core.package_identification:_identify(models/MJCF/go2/assets) by extensions ['python_setup_py']
[1.033s] Level 1:colcon.colcon_core.package_identification:_identify(models/MJCF/go2/assets) by extension 'python_setup_py'
[1.034s] Level 1:colcon.colcon_core.package_identification:_identify(models/URDF) by extensions ['ignore', 'ignore_ament_install']
[1.034s] Level 1:colcon.colcon_core.package_identification:_identify(models/URDF) by extension 'ignore'
[1.034s] Level 1:colcon.colcon_core.package_identification:_identify(models/URDF) by extension 'ignore_ament_install'
[1.034s] Level 1:colcon.colcon_core.package_identification:_identify(models/URDF) by extensions ['colcon_pkg']
[1.034s] Level 1:colcon.colcon_core.package_identification:_identify(models/URDF) by extension 'colcon_pkg'
[1.034s] Level 1:colcon.colcon_core.package_identification:_identify(models/URDF) by extensions ['colcon_meta']
[1.034s] Level 1:colcon.colcon_core.package_identification:_identify(models/URDF) by extension 'colcon_meta'
[1.034s] Level 1:colcon.colcon_core.package_identification:_identify(models/URDF) by extensions ['ros']
[1.034s] Level 1:colcon.colcon_core.package_identification:_identify(models/URDF) by extension 'ros'
[1.034s] Level 1:colcon.colcon_core.package_identification:_identify(models/URDF) by extensions ['cmake', 'python']
[1.034s] Level 1:colcon.colcon_core.package_identification:_identify(models/URDF) by extension 'cmake'
[1.034s] Level 1:colcon.colcon_core.package_identification:_identify(models/URDF) by extension 'python'
[1.034s] Level 1:colcon.colcon_core.package_identification:_identify(models/URDF) by extensions ['python_setup_py']
[1.035s] Level 1:colcon.colcon_core.package_identification:_identify(models/URDF) by extension 'python_setup_py'
[1.036s] Level 1:colcon.colcon_core.package_identification:_identify(models/URDF/go2_description) by extensions ['ignore', 'ignore_ament_install']
[1.036s] Level 1:colcon.colcon_core.package_identification:_identify(models/URDF/go2_description) by extension 'ignore'
[1.036s] Level 1:colcon.colcon_core.package_identification:_identify(models/URDF/go2_description) ignored
[1.036s] Level 1:colcon.colcon_core.package_identification:_identify(src) by extensions ['ignore', 'ignore_ament_install']
[1.036s] Level 1:colcon.colcon_core.package_identification:_identify(src) by extension 'ignore'
[1.036s] Level 1:colcon.colcon_core.package_identification:_identify(src) by extension 'ignore_ament_install'
[1.036s] Level 1:colcon.colcon_core.package_identification:_identify(src) by extensions ['colcon_pkg']
[1.037s] Level 1:colcon.colcon_core.package_identification:_identify(src) by extension 'colcon_pkg'
[1.037s] Level 1:colcon.colcon_core.package_identification:_identify(src) by extensions ['colcon_meta']
[1.037s] Level 1:colcon.colcon_core.package_identification:_identify(src) by extension 'colcon_meta'
[1.037s] Level 1:colcon.colcon_core.package_identification:_identify(src) by extensions ['ros']
[1.037s] Level 1:colcon.colcon_core.package_identification:_identify(src) by extension 'ros'
[1.037s] Level 1:colcon.colcon_core.package_identification:_identify(src) by extensions ['cmake', 'python']
[1.037s] Level 1:colcon.colcon_core.package_identification:_identify(src) by extension 'cmake'
[1.037s] Level 1:colcon.colcon_core.package_identification:_identify(src) by extension 'python'
[1.037s] Level 1:colcon.colcon_core.package_identification:_identify(src) by extensions ['python_setup_py']
[1.037s] Level 1:colcon.colcon_core.package_identification:_identify(src) by extension 'python_setup_py'
[1.038s] Level 1:colcon.colcon_core.package_identification:_identify(src/Python_src) by extensions ['ignore', 'ignore_ament_install']
[1.038s] Level 1:colcon.colcon_core.package_identification:_identify(src/Python_src) by extension 'ignore'
[1.038s] Level 1:colcon.colcon_core.package_identification:_identify(src/Python_src) by extension 'ignore_ament_install'
[1.038s] Level 1:colcon.colcon_core.package_identification:_identify(src/Python_src) by extensions ['colcon_pkg']
[1.038s] Level 1:colcon.colcon_core.package_identification:_identify(src/Python_src) by extension 'colcon_pkg'
[1.038s] Level 1:colcon.colcon_core.package_identification:_identify(src/Python_src) by extensions ['colcon_meta']
[1.038s] Level 1:colcon.colcon_core.package_identification:_identify(src/Python_src) by extension 'colcon_meta'
[1.039s] Level 1:colcon.colcon_core.package_identification:_identify(src/Python_src) by extensions ['ros']
[1.039s] Level 1:colcon.colcon_core.package_identification:_identify(src/Python_src) by extension 'ros'
[1.039s] Level 1:colcon.colcon_core.package_identification:_identify(src/Python_src) by extensions ['cmake', 'python']
[1.039s] Level 1:colcon.colcon_core.package_identification:_identify(src/Python_src) by extension 'cmake'
[1.039s] Level 1:colcon.colcon_core.package_identification:_identify(src/Python_src) by extension 'python'
[1.039s] Level 1:colcon.colcon_core.package_identification:_identify(src/Python_src) by extensions ['python_setup_py']
[1.039s] Level 1:colcon.colcon_core.package_identification:_identify(src/Python_src) by extension 'python_setup_py'
[1.039s] Level 1:colcon.colcon_core.package_identification:_identify(src/controller) by extensions ['ignore', 'ignore_ament_install']
[1.039s] Level 1:colcon.colcon_core.package_identification:_identify(src/controller) by extension 'ignore'
[1.039s] Level 1:colcon.colcon_core.package_identification:_identify(src/controller) by extension 'ignore_ament_install'
[1.039s] Level 1:colcon.colcon_core.package_identification:_identify(src/controller) by extensions ['colcon_pkg']
[1.040s] Level 1:colcon.colcon_core.package_identification:_identify(src/controller) by extension 'colcon_pkg'
[1.040s] Level 1:colcon.colcon_core.package_identification:_identify(src/controller) by extensions ['colcon_meta']
[1.040s] Level 1:colcon.colcon_core.package_identification:_identify(src/controller) by extension 'colcon_meta'
[1.040s] Level 1:colcon.colcon_core.package_identification:_identify(src/controller) by extensions ['ros']
[1.040s] Level 1:colcon.colcon_core.package_identification:_identify(src/controller) by extension 'ros'
[1.046s] DEBUG:colcon.colcon_core.package_identification:Package 'src/controller' with type 'ros.ament_python' and name 'controller'
[1.046s] Level 1:colcon.colcon_core.package_identification:_identify(src/convex_mpc) by extensions ['ignore', 'ignore_ament_install']
[1.046s] Level 1:colcon.colcon_core.package_identification:_identify(src/convex_mpc) by extension 'ignore'
[1.046s] Level 1:colcon.colcon_core.package_identification:_identify(src/convex_mpc) by extension 'ignore_ament_install'
[1.046s] Level 1:colcon.colcon_core.package_identification:_identify(src/convex_mpc) by extensions ['colcon_pkg']
[1.047s] Level 1:colcon.colcon_core.package_identification:_identify(src/convex_mpc) by extension 'colcon_pkg'
[1.047s] Level 1:colcon.colcon_core.package_identification:_identify(src/convex_mpc) by extensions ['colcon_meta']
[1.047s] Level 1:colcon.colcon_core.package_identification:_identify(src/convex_mpc) by extension 'colcon_meta'
[1.047s] Level 1:colcon.colcon_core.package_identification:_identify(src/convex_mpc) by extensions ['ros']
[1.047s] Level 1:colcon.colcon_core.package_identification:_identify(src/convex_mpc) by extension 'ros'
[1.048s] DEBUG:colcon.colcon_core.package_identification:Package 'src/convex_mpc' with type 'ros.ament_python' and name 'convex_mpc'
[1.049s] Level 1:colcon.colcon_core.package_identification:_identify(src/robot_interfaces) by extensions ['ignore', 'ignore_ament_install']
[1.050s] Level 1:colcon.colcon_core.package_identification:_identify(src/robot_interfaces) by extension 'ignore'
[1.050s] Level 1:colcon.colcon_core.package_identification:_identify(src/robot_interfaces) by extension 'ignore_ament_install'
[1.050s] Level 1:colcon.colcon_core.package_identification:_identify(src/robot_interfaces) by extensions ['colcon_pkg']
[1.050s] Level 1:colcon.colcon_core.package_identification:_identify(src/robot_interfaces) by extension 'colcon_pkg'
[1.050s] Level 1:colcon.colcon_core.package_identification:_identify(src/robot_interfaces) by extensions ['colcon_meta']
[1.050s] Level 1:colcon.colcon_core.package_identification:_identify(src/robot_interfaces) by extension 'colcon_meta'
[1.050s] Level 1:colcon.colcon_core.package_identification:_identify(src/robot_interfaces) by extensions ['ros']
[1.050s] Level 1:colcon.colcon_core.package_identification:_identify(src/robot_interfaces) by extension 'ros'
[1.051s] DEBUG:colcon.colcon_core.package_identification:Package 'src/robot_interfaces' with type 'ros.ament_cmake' and name 'robot_interfaces'
[1.052s] Level 1:colcon.colcon_core.package_identification:_identify(src/simulation_py) by extensions ['ignore', 'ignore_ament_install']
[1.053s] Level 1:colcon.colcon_core.package_identification:_identify(src/simulation_py) by extension 'ignore'
[1.053s] Level 1:colcon.colcon_core.package_identification:_identify(src/simulation_py) by extension 'ignore_ament_install'
[1.053s] Level 1:colcon.colcon_core.package_identification:_identify(src/simulation_py) by extensions ['colcon_pkg']
[1.053s] Level 1:colcon.colcon_core.package_identification:_identify(src/simulation_py) by extension 'colcon_pkg'
[1.054s] Level 1:colcon.colcon_core.package_identification:_identify(src/simulation_py) by extensions ['colcon_meta']
[1.054s] Level 1:colcon.colcon_core.package_identification:_identify(src/simulation_py) by extension 'colcon_meta'
[1.054s] Level 1:colcon.colcon_core.package_identification:_identify(src/simulation_py) by extensions ['ros']
[1.054s] Level 1:colcon.colcon_core.package_identification:_identify(src/simulation_py) by extension 'ros'
[1.056s] DEBUG:colcon.colcon_core.package_identification:Package 'src/simulation_py' with type 'ros.ament_python' and name 'simulation_py'
[1.056s] Level 1:colcon.colcon_core.package_discovery:discover_packages(recursive) using defaults
[1.056s] Level 1:colcon.colcon_core.package_discovery:discover_packages(ignore) discover
[1.056s] Level 1:colcon.colcon_core.package_discovery:discover_packages(ignore) using defaults
[1.056s] Level 1:colcon.colcon_core.package_discovery:discover_packages(path) discover
[1.056s] Level 1:colcon.colcon_core.package_discovery:discover_packages(path) using defaults
[1.140s] Level 1:colcon.colcon_core.package_discovery:discover_packages(prefix_path) check parameters
[1.140s] Level 1:colcon.colcon_core.package_discovery:discover_packages(prefix_path) discover
[1.149s] DEBUG:colcon.colcon_installed_package_information.package_discovery:Found 4 installed packages in /home/lukat/unitree_mujoco_ws/COGAR_project/install
[1.153s] DEBUG:colcon.colcon_installed_package_information.package_discovery:Found 341 installed packages in /opt/ros/humble
[1.157s] Level 1:colcon.colcon_core.package_discovery:discover_packages(prefix_path) using defaults
[1.446s] Level 5:colcon.colcon_core.verb:set package 'convex_mpc' build argument 'cmake_args' from command line to 'None'
[1.446s] Level 5:colcon.colcon_core.verb:set package 'convex_mpc' build argument 'cmake_target' from command line to 'None'
[1.446s] Level 5:colcon.colcon_core.verb:set package 'convex_mpc' build argument 'cmake_target_skip_unavailable' from command line to 'False'
[1.446s] Level 5:colcon.colcon_core.verb:set package 'convex_mpc' build argument 'cmake_clean_cache' from command line to 'False'
[1.446s] Level 5:colcon.colcon_core.verb:set package 'convex_mpc' build argument 'cmake_clean_first' from command line to 'False'
[1.446s] Level 5:colcon.colcon_core.verb:set package 'convex_mpc' build argument 'cmake_force_configure' from command line to 'False'
[1.446s] Level 5:colcon.colcon_core.verb:set package 'convex_mpc' build argument 'ament_cmake_args' from command line to 'None'
[1.446s] Level 5:colcon.colcon_core.verb:set package 'convex_mpc' build argument 'catkin_cmake_args' from command line to 'None'
[1.446s] Level 5:colcon.colcon_core.verb:set package 'convex_mpc' build argument 'catkin_skip_building_tests' from command line to 'False'
[1.447s] DEBUG:colcon.colcon_core.verb:Building package 'convex_mpc' with the following arguments: {'ament_cmake_args': None, 'build_base': '/home/lukat/unitree_mujoco_ws/COGAR_project/build/convex_mpc', 'catkin_cmake_args': None, 'catkin_skip_building_tests': False, 'cmake_args': None, 'cmake_clean_cache': False, 'cmake_clean_first': False, 'cmake_force_configure': False, 'cmake_target': None, 'cmake_target_skip_unavailable': False, 'install_base': '/home/lukat/unitree_mujoco_ws/COGAR_project/install/convex_mpc', 'merge_install': False, 'path': '/home/lukat/unitree_mujoco_ws/COGAR_project/src/convex_mpc', 'symlink_install': False, 'test_result_base': None}
[1.447s] Level 5:colcon.colcon_core.verb:set package 'robot_interfaces' build argument 'cmake_args' from command line to 'None'
[1.447s] Level 5:colcon.colcon_core.verb:set package 'robot_interfaces' build argument 'cmake_target' from command line to 'None'
[1.447s] Level 5:colcon.colcon_core.verb:set package 'robot_interfaces' build argument 'cmake_target_skip_unavailable' from command line to 'False'
[1.447s] Level 5:colcon.colcon_core.verb:set package 'robot_interfaces' build argument 'cmake_clean_cache' from command line to 'False'
[1.447s] Level 5:colcon.colcon_core.verb:set package 'robot_interfaces' build argument 'cmake_clean_first' from command line to 'False'
[1.447s] Level 5:colcon.colcon_core.verb:set package 'robot_interfaces' build argument 'cmake_force_configure' from command line to 'False'
[1.447s] Level 5:colcon.colcon_core.verb:set package 'robot_interfaces' build argument 'ament_cmake_args' from command line to 'None'
[1.447s] Level 5:colcon.colcon_core.verb:set package 'robot_interfaces' build argument 'catkin_cmake_args' from command line to 'None'
[1.447s] Level 5:colcon.colcon_core.verb:set package 'robot_interfaces' build argument 'catkin_skip_building_tests' from command line to 'False'
[1.447s] DEBUG:colcon.colcon_core.verb:Building package 'robot_interfaces' with the following arguments: {'ament_cmake_args': None, 'build_base': '/home/lukat/unitree_mujoco_ws/COGAR_project/build/robot_interfaces', 'catkin_cmake_args': None, 'catkin_skip_building_tests': False, 'cmake_args': None, 'cmake_clean_cache': False, 'cmake_clean_first': False, 'cmake_force_configure': False, 'cmake_target': None, 'cmake_target_skip_unavailable': False, 'install_base': '/home/lukat/unitree_mujoco_ws/COGAR_project/install/robot_interfaces', 'merge_install': False, 'path': '/home/lukat/unitree_mujoco_ws/COGAR_project/src/robot_interfaces', 'symlink_install': False, 'test_result_base': None}
[1.448s] Level 5:colcon.colcon_core.verb:set package 'simulation_py' build argument 'cmake_args' from command line to 'None'
[1.448s] Level 5:colcon.colcon_core.verb:set package 'simulation_py' build argument 'cmake_target' from command line to 'None'
[1.448s] Level 5:colcon.colcon_core.verb:set package 'simulation_py' build argument 'cmake_target_skip_unavailable' from command line to 'False'
[1.448s] Level 5:colcon.colcon_core.verb:set package 'simulation_py' build argument 'cmake_clean_cache' from command line to 'False'
[1.448s] Level 5:colcon.colcon_core.verb:set package 'simulation_py' build argument 'cmake_clean_first' from command line to 'False'
[1.448s] Level 5:colcon.colcon_core.verb:set package 'simulation_py' build argument 'cmake_force_configure' from command line to 'False'
[1.448s] Level 5:colcon.colcon_core.verb:set package 'simulation_py' build argument 'ament_cmake_args' from command line to 'None'
[1.448s] Level 5:colcon.colcon_core.verb:set package 'simulation_py' build argument 'catkin_cmake_args' from command line to 'None'
[1.448s] Level 5:colcon.colcon_core.verb:set package 'simulation_py' build argument 'catkin_skip_building_tests' from command line to 'False'
[1.448s] DEBUG:colcon.colcon_core.verb:Building package 'simulation_py' with the following arguments: {'ament_cmake_args': None, 'build_base': '/home/lukat/unitree_mujoco_ws/COGAR_project/build/simulation_py', 'catkin_cmake_args': None, 'catkin_skip_building_tests': False, 'cmake_args': None, 'cmake_clean_cache': False, 'cmake_clean_first': False, 'cmake_force_configure': False, 'cmake_target': None, 'cmake_target_skip_unavailable': False, 'install_base': '/home/lukat/unitree_mujoco_ws/COGAR_project/install/simulation_py', 'merge_install': False, 'path': '/home/lukat/unitree_mujoco_ws/COGAR_project/src/simulation_py', 'symlink_install': False, 'test_result_base': None}
[1.448s] Level 5:colcon.colcon_core.verb:set package 'controller' build argument 'cmake_args' from command line to 'None'
[1.449s] Level 5:colcon.colcon_core.verb:set package 'controller' build argument 'cmake_target' from command line to 'None'
[1.449s] Level 5:colcon.colcon_core.verb:set package 'controller' build argument 'cmake_target_skip_unavailable' from command line to 'False'
[1.449s] Level 5:colcon.colcon_core.verb:set package 'controller' build argument 'cmake_clean_cache' from command line to 'False'
[1.449s] Level 5:colcon.colcon_core.verb:set package 'controller' build argument 'cmake_clean_first' from command line to 'False'
[1.449s] Level 5:colcon.colcon_core.verb:set package 'controller' build argument 'cmake_force_configure' from command line to 'False'
[1.449s] Level 5:colcon.colcon_core.verb:set package 'controller' build argument 'ament_cmake_args' from command line to 'None'
[1.449s] Level 5:colcon.colcon_core.verb:set package 'controller' build argument 'catkin_cmake_args' from command line to 'None'
[1.449s] Level 5:colcon.colcon_core.verb:set package 'controller' build argument 'catkin_skip_building_tests' from command line to 'False'
[1.449s] DEBUG:colcon.colcon_core.verb:Building package 'controller' with the following arguments: {'ament_cmake_args': None, 'build_base': '/home/lukat/unitree_mujoco_ws/COGAR_project/build/controller', 'catkin_cmake_args': None, 'catkin_skip_building_tests': False, 'cmake_args': None, 'cmake_clean_cache': False, 'cmake_clean_first': False, 'cmake_force_configure': False, 'cmake_target': None, 'cmake_target_skip_unavailable': False, 'install_base': '/home/lukat/unitree_mujoco_ws/COGAR_project/install/controller', 'merge_install': False, 'path': '/home/lukat/unitree_mujoco_ws/COGAR_project/src/controller', 'symlink_install': False, 'test_result_base': None}
[1.449s] INFO:colcon.colcon_core.executor:Executing jobs using 'parallel' executor
[1.451s] DEBUG:colcon.colcon_parallel_executor.executor.parallel:run_until_complete
[1.452s] INFO:colcon.colcon_ros.task.ament_cmake.build:Building ROS package in '/home/lukat/unitree_mujoco_ws/COGAR_project/src/robot_interfaces' with build type 'ament_cmake'
[1.452s] INFO:colcon.colcon_cmake.task.cmake.build:Building CMake package in '/home/lukat/unitree_mujoco_ws/COGAR_project/src/robot_interfaces'
[1.465s] INFO:colcon.colcon_core.plugin_system:Skipping extension 'colcon_core.shell.bat': Not used on non-Windows systems
[1.466s] INFO:colcon.colcon_core.shell:Skip shell extension 'powershell' for command environment: Not usable outside of PowerShell
[1.466s] DEBUG:colcon.colcon_core.shell:Skip shell extension 'dsv' for command environment
[1.473s] INFO:colcon.colcon_ros.task.ament_python.build:Building ROS package in '/home/lukat/unitree_mujoco_ws/COGAR_project/src/convex_mpc' with build type 'ament_python'
[1.474s] Level 1:colcon.colcon_core.shell:create_environment_hook('convex_mpc', 'ament_prefix_path')
[1.474s] INFO:colcon.colcon_core.shell:Creating environment hook '/home/lukat/unitree_mujoco_ws/COGAR_project/install/convex_mpc/share/convex_mpc/hook/ament_prefix_path.ps1'
[1.477s] INFO:colcon.colcon_core.shell:Creating environment descriptor '/home/lukat/unitree_mujoco_ws/COGAR_project/install/convex_mpc/share/convex_mpc/hook/ament_prefix_path.dsv'
[1.478s] INFO:colcon.colcon_core.shell:Creating environment hook '/home/lukat/unitree_mujoco_ws/COGAR_project/install/convex_mpc/share/convex_mpc/hook/ament_prefix_path.sh'
[1.480s] INFO:colcon.colcon_core.shell:Skip shell extension 'powershell' for command environment: Not usable outside of PowerShell
[1.480s] DEBUG:colcon.colcon_core.shell:Skip shell extension 'dsv' for command environment
[1.487s] INFO:colcon.colcon_ros.task.ament_python.build:Building ROS package in '/home/lukat/unitree_mujoco_ws/COGAR_project/src/simulation_py' with build type 'ament_python'
[1.487s] Level 1:colcon.colcon_core.shell:create_environment_hook('simulation_py', 'ament_prefix_path')
[1.488s] INFO:colcon.colcon_core.shell:Creating environment hook '/home/lukat/unitree_mujoco_ws/COGAR_project/install/simulation_py/share/simulation_py/hook/ament_prefix_path.ps1'
[1.490s] INFO:colcon.colcon_core.shell:Creating environment descriptor '/home/lukat/unitree_mujoco_ws/COGAR_project/install/simulation_py/share/simulation_py/hook/ament_prefix_path.dsv'
[1.491s] INFO:colcon.colcon_core.shell:Creating environment hook '/home/lukat/unitree_mujoco_ws/COGAR_project/install/simulation_py/share/simulation_py/hook/ament_prefix_path.sh'
[1.492s] INFO:colcon.colcon_core.shell:Skip shell extension 'powershell' for command environment: Not usable outside of PowerShell
[1.492s] DEBUG:colcon.colcon_core.shell:Skip shell extension 'dsv' for command environment
[1.519s] DEBUG:colcon.colcon_core.event_handler.log_command:Invoking command in '/home/lukat/unitree_mujoco_ws/COGAR_project/build/robot_interfaces': CMAKE_PREFIX_PATH=${CMAKE_PREFIX_PATH}:/home/lukat/unitree_mujoco_ws/COGAR_project/install/simulation_py:/home/lukat/unitree_mujoco_ws/COGAR_project/install/convex_mpc:/home/lukat/unitree_mujoco_ws/COGAR_project/install/controller:/opt/ros/humble /usr/bin/cmake --build /home/lukat/unitree_mujoco_ws/COGAR_project/build/robot_interfaces -- -j8 -l8
[1.989s] INFO:colcon.colcon_core.task.python.build:Building Python package in '/home/lukat/unitree_mujoco_ws/COGAR_project/src/convex_mpc'
[1.990s] INFO:colcon.colcon_core.shell:Skip shell extension 'powershell' for command environment: Not usable outside of PowerShell
[1.990s] DEBUG:colcon.colcon_core.shell:Skip shell extension 'dsv' for command environment
[3.667s] INFO:colcon.colcon_core.task.python.build:Building Python package in '/home/lukat/unitree_mujoco_ws/COGAR_project/src/simulation_py'
[3.667s] INFO:colcon.colcon_core.shell:Skip shell extension 'powershell' for command environment: Not usable outside of PowerShell
[3.667s] DEBUG:colcon.colcon_core.shell:Skip shell extension 'dsv' for command environment
[3.786s] DEBUG:colcon.colcon_core.event_handler.log_command:Invoked command in '/home/lukat/unitree_mujoco_ws/COGAR_project/build/robot_interfaces' returned '0': CMAKE_PREFIX_PATH=${CMAKE_PREFIX_PATH}:/home/lukat/unitree_mujoco_ws/COGAR_project/install/simulation_py:/home/lukat/unitree_mujoco_ws/COGAR_project/install/convex_mpc:/home/lukat/unitree_mujoco_ws/COGAR_project/install/controller:/opt/ros/humble /usr/bin/cmake --build /home/lukat/unitree_mujoco_ws/COGAR_project/build/robot_interfaces -- -j8 -l8
[3.799s] WARNING:colcon.colcon_cmake.task.cmake.build:Unable to determine CMake version, building the installtarget instead of invoking 'cmake --install'
[3.803s] DEBUG:colcon.colcon_core.event_handler.log_command:Invoking command in '/home/lukat/unitree_mujoco_ws/COGAR_project/build/robot_interfaces': CMAKE_PREFIX_PATH=${CMAKE_PREFIX_PATH}:/home/lukat/unitree_mujoco_ws/COGAR_project/install/simulation_py:/home/lukat/unitree_mujoco_ws/COGAR_project/install/convex_mpc:/home/lukat/unitree_mujoco_ws/COGAR_project/install/controller:/opt/ros/humble /usr/bin/cmake --build /home/lukat/unitree_mujoco_ws/COGAR_project/build/robot_interfaces --target install -- -j8 -l8
[4.753s] Level 1:colcon.colcon_core.environment:create_environment_scripts_only(robot_interfaces)
[4.755s] DEBUG:colcon.colcon_core.event_handler.log_command:Invoked command in '/home/lukat/unitree_mujoco_ws/COGAR_project/build/robot_interfaces' returned '0': CMAKE_PREFIX_PATH=${CMAKE_PREFIX_PATH}:/home/lukat/unitree_mujoco_ws/COGAR_project/install/simulation_py:/home/lukat/unitree_mujoco_ws/COGAR_project/install/convex_mpc:/home/lukat/unitree_mujoco_ws/COGAR_project/install/controller:/opt/ros/humble /usr/bin/cmake --build /home/lukat/unitree_mujoco_ws/COGAR_project/build/robot_interfaces --target install -- -j8 -l8
[4.763s] Level 1:colcon.colcon_core.environment:checking '/home/lukat/unitree_mujoco_ws/COGAR_project/install/robot_interfaces' for CMake module files
[4.765s] Level 1:colcon.colcon_core.environment:checking '/home/lukat/unitree_mujoco_ws/COGAR_project/install/robot_interfaces' for CMake config files
[4.772s] Level 1:colcon.colcon_core.shell:create_environment_hook('robot_interfaces', 'cmake_prefix_path')
[4.773s] INFO:colcon.colcon_core.shell:Creating environment hook '/home/lukat/unitree_mujoco_ws/COGAR_project/install/robot_interfaces/share/robot_interfaces/hook/cmake_prefix_path.ps1'
[4.774s] INFO:colcon.colcon_core.shell:Creating environment descriptor '/home/lukat/unitree_mujoco_ws/COGAR_project/install/robot_interfaces/share/robot_interfaces/hook/cmake_prefix_path.dsv'
[4.775s] INFO:colcon.colcon_core.shell:Creating environment hook '/home/lukat/unitree_mujoco_ws/COGAR_project/install/robot_interfaces/share/robot_interfaces/hook/cmake_prefix_path.sh'
[4.777s] Level 1:colcon.colcon_core.environment:checking '/home/lukat/unitree_mujoco_ws/COGAR_project/install/robot_interfaces/lib'
[4.777s] Level 1:colcon.colcon_core.shell:create_environment_hook('robot_interfaces', 'ld_library_path_lib')
[4.778s] INFO:colcon.colcon_core.shell:Creating environment hook '/home/lukat/unitree_mujoco_ws/COGAR_project/install/robot_interfaces/share/robot_interfaces/hook/ld_library_path_lib.ps1'
[4.780s] INFO:colcon.colcon_core.shell:Creating environment descriptor '/home/lukat/unitree_mujoco_ws/COGAR_project/install/robot_interfaces/share/robot_interfaces/hook/ld_library_path_lib.dsv'
[4.781s] INFO:colcon.colcon_core.shell:Creating environment hook '/home/lukat/unitree_mujoco_ws/COGAR_project/install/robot_interfaces/share/robot_interfaces/hook/ld_library_path_lib.sh'
[4.782s] Level 1:colcon.colcon_core.environment:checking '/home/lukat/unitree_mujoco_ws/COGAR_project/install/robot_interfaces/bin'
[4.783s] Level 1:colcon.colcon_core.environment:checking '/home/lukat/unitree_mujoco_ws/COGAR_project/install/robot_interfaces/lib/pkgconfig/robot_interfaces.pc'
[4.783s] Level 1:colcon.colcon_core.environment:checking '/home/lukat/unitree_mujoco_ws/COGAR_project/install/robot_interfaces/lib/python3.10/site-packages'
[4.784s] Level 1:colcon.colcon_core.environment:checking '/home/lukat/unitree_mujoco_ws/COGAR_project/install/robot_interfaces/bin'
[4.784s] INFO:colcon.colcon_core.shell:Creating package script '/home/lukat/unitree_mujoco_ws/COGAR_project/install/robot_interfaces/share/robot_interfaces/package.ps1'
[4.786s] INFO:colcon.colcon_core.shell:Creating package descriptor '/home/lukat/unitree_mujoco_ws/COGAR_project/install/robot_interfaces/share/robot_interfaces/package.dsv'
[4.787s] INFO:colcon.colcon_core.shell:Creating package script '/home/lukat/unitree_mujoco_ws/COGAR_project/install/robot_interfaces/share/robot_interfaces/package.sh'
[4.789s] INFO:colcon.colcon_core.shell:Creating package script '/home/lukat/unitree_mujoco_ws/COGAR_project/install/robot_interfaces/share/robot_interfaces/package.bash'
[4.790s] INFO:colcon.colcon_core.shell:Creating package script '/home/lukat/unitree_mujoco_ws/COGAR_project/install/robot_interfaces/share/robot_interfaces/package.zsh'
[4.791s] Level 1:colcon.colcon_core.environment:create_file_with_runtime_dependencies(/home/lukat/unitree_mujoco_ws/COGAR_project/install/robot_interfaces/share/colcon-core/packages/robot_interfaces)
[4.792s] Level 1:colcon.colcon_core.environment:create_environment_scripts_only(robot_interfaces)
[4.792s] Level 1:colcon.colcon_core.environment:checking '/home/lukat/unitree_mujoco_ws/COGAR_project/install/robot_interfaces' for CMake module files
[4.793s] Level 1:colcon.colcon_core.environment:checking '/home/lukat/unitree_mujoco_ws/COGAR_project/install/robot_interfaces' for CMake config files
[4.794s] Level 1:colcon.colcon_core.shell:create_environment_hook('robot_interfaces', 'cmake_prefix_path')
[4.795s] INFO:colcon.colcon_core.shell:Creating environment hook '/home/lukat/unitree_mujoco_ws/COGAR_project/install/robot_interfaces/share/robot_interfaces/hook/cmake_prefix_path.ps1'
[4.795s] INFO:colcon.colcon_core.shell:Creating environment descriptor '/home/lukat/unitree_mujoco_ws/COGAR_project/install/robot_interfaces/share/robot_interfaces/hook/cmake_prefix_path.dsv'
[4.796s] INFO:colcon.colcon_core.shell:Creating environment hook '/home/lukat/unitree_mujoco_ws/COGAR_project/install/robot_interfaces/share/robot_interfaces/hook/cmake_prefix_path.sh'
[4.797s] Level 1:colcon.colcon_core.environment:checking '/home/lukat/unitree_mujoco_ws/COGAR_project/install/robot_interfaces/lib'
[4.797s] Level 1:colcon.colcon_core.shell:create_environment_hook('robot_interfaces', 'ld_library_path_lib')
[4.797s] INFO:colcon.colcon_core.shell:Creating environment hook '/home/lukat/unitree_mujoco_ws/COGAR_project/install/robot_interfaces/share/robot_interfaces/hook/ld_library_path_lib.ps1'
[4.798s] INFO:colcon.colcon_core.shell:Creating environment descriptor '/home/lukat/unitree_mujoco_ws/COGAR_project/install/robot_interfaces/share/robot_interfaces/hook/ld_library_path_lib.dsv'
[4.798s] INFO:colcon.colcon_core.shell:Creating environment hook '/home/lukat/unitree_mujoco_ws/COGAR_project/install/robot_interfaces/share/robot_interfaces/hook/ld_library_path_lib.sh'
[4.799s] Level 1:colcon.colcon_core.environment:checking '/home/lukat/unitree_mujoco_ws/COGAR_project/install/robot_interfaces/bin'
[4.799s] Level 1:colcon.colcon_core.environment:checking '/home/lukat/unitree_mujoco_ws/COGAR_project/install/robot_interfaces/lib/pkgconfig/robot_interfaces.pc'
[4.799s] Level 1:colcon.colcon_core.environment:checking '/home/lukat/unitree_mujoco_ws/COGAR_project/install/robot_interfaces/lib/python3.10/site-packages'
[4.800s] Level 1:colcon.colcon_core.environment:checking '/home/lukat/unitree_mujoco_ws/COGAR_project/install/robot_interfaces/bin'
[4.800s] INFO:colcon.colcon_core.shell:Creating package script '/home/lukat/unitree_mujoco_ws/COGAR_project/install/robot_interfaces/share/robot_interfaces/package.ps1'
[4.801s] INFO:colcon.colcon_core.shell:Creating package descriptor '/home/lukat/unitree_mujoco_ws/COGAR_project/install/robot_interfaces/share/robot_interfaces/package.dsv'
[4.802s] INFO:colcon.colcon_core.shell:Creating package script '/home/lukat/unitree_mujoco_ws/COGAR_project/install/robot_interfaces/share/robot_interfaces/package.sh'
[4.802s] INFO:colcon.colcon_core.shell:Creating package script '/home/lukat/unitree_mujoco_ws/COGAR_project/install/robot_interfaces/share/robot_interfaces/package.bash'
[4.803s] INFO:colcon.colcon_core.shell:Creating package script '/home/lukat/unitree_mujoco_ws/COGAR_project/install/robot_interfaces/share/robot_interfaces/package.zsh'
[4.804s] Level 1:colcon.colcon_core.environment:create_file_with_runtime_dependencies(/home/lukat/unitree_mujoco_ws/COGAR_project/install/robot_interfaces/share/colcon-core/packages/robot_interfaces)
[4.804s] INFO:colcon.colcon_ros.task.ament_python.build:Building ROS package in '/home/lukat/unitree_mujoco_ws/COGAR_project/src/controller' with build type 'ament_python'
[4.804s] Level 1:colcon.colcon_core.shell:create_environment_hook('controller', 'ament_prefix_path')
[4.805s] INFO:colcon.colcon_core.shell:Creating environment hook '/home/lukat/unitree_mujoco_ws/COGAR_project/install/controller/share/controller/hook/ament_prefix_path.ps1'
[4.807s] INFO:colcon.colcon_core.shell:Creating environment descriptor '/home/lukat/unitree_mujoco_ws/COGAR_project/install/controller/share/controller/hook/ament_prefix_path.dsv'
[4.808s] INFO:colcon.colcon_core.shell:Creating environment hook '/home/lukat/unitree_mujoco_ws/COGAR_project/install/controller/share/controller/hook/ament_prefix_path.sh'
[4.809s] INFO:colcon.colcon_core.shell:Skip shell extension 'powershell' for command environment: Not usable outside of PowerShell
[4.809s] DEBUG:colcon.colcon_core.shell:Skip shell extension 'dsv' for command environment
[5.168s] INFO:colcon.colcon_core.task.python.build:Building Python package in '/home/lukat/unitree_mujoco_ws/COGAR_project/src/controller'
[5.168s] INFO:colcon.colcon_core.shell:Skip shell extension 'powershell' for command environment: Not usable outside of PowerShell
[5.168s] DEBUG:colcon.colcon_core.shell:Skip shell extension 'dsv' for command environment
[5.182s] DEBUG:colcon.colcon_core.event_handler.log_command:Invoking command in '/home/lukat/unitree_mujoco_ws/COGAR_project/src/convex_mpc': PYTHONPATH=/home/lukat/unitree_mujoco_ws/COGAR_project/build/convex_mpc/prefix_override:/usr/lib/python3/dist-packages/colcon_core/task/python/colcon_distutils_commands:/home/lukat/unitree_mujoco_ws/COGAR_project/install/convex_mpc/lib/python3.10/site-packages:${PYTHONPATH} /usr/bin/python3 -W ignore:setup.py install is deprecated -W ignore:easy_install command is deprecated setup.py egg_info --egg-base ../../build/convex_mpc build --build-base /home/lukat/unitree_mujoco_ws/COGAR_project/build/convex_mpc/build install --record /home/lukat/unitree_mujoco_ws/COGAR_project/build/convex_mpc/install.log --single-version-externally-managed install_data
[5.186s] DEBUG:colcon.colcon_core.event_handler.log_command:Invoking command in '/home/lukat/unitree_mujoco_ws/COGAR_project/src/simulation_py': PYTHONPATH=/home/lukat/unitree_mujoco_ws/COGAR_project/build/simulation_py/prefix_override:/usr/lib/python3/dist-packages/colcon_core/task/python/colcon_distutils_commands:/home/lukat/unitree_mujoco_ws/COGAR_project/install/simulation_py/lib/python3.10/site-packages:${PYTHONPATH} /usr/bin/python3 -W ignore:setup.py install is deprecated -W ignore:easy_install command is deprecated setup.py egg_info --egg-base ../../build/simulation_py build --build-base /home/lukat/unitree_mujoco_ws/COGAR_project/build/simulation_py/build install --record /home/lukat/unitree_mujoco_ws/COGAR_project/build/simulation_py/install.log --single-version-externally-managed install_data
[6.026s] Level 1:colcon.colcon_core.environment:checking '/home/lukat/unitree_mujoco_ws/COGAR_project/install/simulation_py' for CMake module files
[6.027s] DEBUG:colcon.colcon_core.event_handler.log_command:Invoked command in '/home/lukat/unitree_mujoco_ws/COGAR_project/src/simulation_py' returned '0': PYTHONPATH=/home/lukat/unitree_mujoco_ws/COGAR_project/build/simulation_py/prefix_override:/usr/lib/python3/dist-packages/colcon_core/task/python/colcon_distutils_commands:/home/lukat/unitree_mujoco_ws/COGAR_project/install/simulation_py/lib/python3.10/site-packages:${PYTHONPATH} /usr/bin/python3 -W ignore:setup.py install is deprecated -W ignore:easy_install command is deprecated setup.py egg_info --egg-base ../../build/simulation_py build --build-base /home/lukat/unitree_mujoco_ws/COGAR_project/build/simulation_py/build install --record /home/lukat/unitree_mujoco_ws/COGAR_project/build/simulation_py/install.log --single-version-externally-managed install_data
[6.028s] Level 1:colcon.colcon_core.environment:checking '/home/lukat/unitree_mujoco_ws/COGAR_project/install/simulation_py' for CMake config files
[6.031s] Level 1:colcon.colcon_core.environment:checking '/home/lukat/unitree_mujoco_ws/COGAR_project/install/simulation_py/lib'
[6.031s] Level 1:colcon.colcon_core.environment:checking '/home/lukat/unitree_mujoco_ws/COGAR_project/install/simulation_py/bin'
[6.031s] Level 1:colcon.colcon_core.environment:checking '/home/lukat/unitree_mujoco_ws/COGAR_project/install/simulation_py/lib/pkgconfig/simulation_py.pc'
[6.031s] Level 1:colcon.colcon_core.environment:checking '/home/lukat/unitree_mujoco_ws/COGAR_project/install/simulation_py/lib/python3.10/site-packages'
[6.031s] Level 1:colcon.colcon_core.shell:create_environment_hook('simulation_py', 'pythonpath')
[6.032s] INFO:colcon.colcon_core.shell:Creating environment hook '/home/lukat/unitree_mujoco_ws/COGAR_project/install/simulation_py/share/simulation_py/hook/pythonpath.ps1'
[6.033s] INFO:colcon.colcon_core.shell:Creating environment descriptor '/home/lukat/unitree_mujoco_ws/COGAR_project/install/simulation_py/share/simulation_py/hook/pythonpath.dsv'
[6.033s] INFO:colcon.colcon_core.shell:Creating environment hook '/home/lukat/unitree_mujoco_ws/COGAR_project/install/simulation_py/share/simulation_py/hook/pythonpath.sh'
[6.035s] Level 1:colcon.colcon_core.environment:checking '/home/lukat/unitree_mujoco_ws/COGAR_project/install/simulation_py/bin'
[6.035s] Level 1:colcon.colcon_core.environment:create_environment_scripts_only(simulation_py)
[6.035s] INFO:colcon.colcon_core.shell:Creating package script '/home/lukat/unitree_mujoco_ws/COGAR_project/install/simulation_py/share/simulation_py/package.ps1'
[6.036s] INFO:colcon.colcon_core.shell:Creating package descriptor '/home/lukat/unitree_mujoco_ws/COGAR_project/install/simulation_py/share/simulation_py/package.dsv'
[6.037s] INFO:colcon.colcon_core.shell:Creating package script '/home/lukat/unitree_mujoco_ws/COGAR_project/install/simulation_py/share/simulation_py/package.sh'
[6.038s] INFO:colcon.colcon_core.shell:Creating package script '/home/lukat/unitree_mujoco_ws/COGAR_project/install/simulation_py/share/simulation_py/package.bash'
[6.039s] INFO:colcon.colcon_core.shell:Creating package script '/home/lukat/unitree_mujoco_ws/COGAR_project/install/simulation_py/share/simulation_py/package.zsh'
[6.039s] Level 1:colcon.colcon_core.environment:create_file_with_runtime_dependencies(/home/lukat/unitree_mujoco_ws/COGAR_project/install/simulation_py/share/colcon-core/packages/simulation_py)
[6.042s] Level 1:colcon.colcon_core.environment:checking '/home/lukat/unitree_mujoco_ws/COGAR_project/install/convex_mpc' for CMake module files
[6.043s] DEBUG:colcon.colcon_core.event_handler.log_command:Invoked command in '/home/lukat/unitree_mujoco_ws/COGAR_project/src/convex_mpc' returned '0': PYTHONPATH=/home/lukat/unitree_mujoco_ws/COGAR_project/build/convex_mpc/prefix_override:/usr/lib/python3/dist-packages/colcon_core/task/python/colcon_distutils_commands:/home/lukat/unitree_mujoco_ws/COGAR_project/install/convex_mpc/lib/python3.10/site-packages:${PYTHONPATH} /usr/bin/python3 -W ignore:setup.py install is deprecated -W ignore:easy_install command is deprecated setup.py egg_info --egg-base ../../build/convex_mpc build --build-base /home/lukat/unitree_mujoco_ws/COGAR_project/build/convex_mpc/build install --record /home/lukat/unitree_mujoco_ws/COGAR_project/build/convex_mpc/install.log --single-version-externally-managed install_data
[6.044s] Level 1:colcon.colcon_core.environment:checking '/home/lukat/unitree_mujoco_ws/COGAR_project/install/convex_mpc' for CMake config files
[6.047s] Level 1:colcon.colcon_core.environment:checking '/home/lukat/unitree_mujoco_ws/COGAR_project/install/convex_mpc/lib'
[6.048s] Level 1:colcon.colcon_core.environment:checking '/home/lukat/unitree_mujoco_ws/COGAR_project/install/convex_mpc/bin'
[6.048s] Level 1:colcon.colcon_core.environment:checking '/home/lukat/unitree_mujoco_ws/COGAR_project/install/convex_mpc/lib/pkgconfig/convex_mpc.pc'
[6.048s] Level 1:colcon.colcon_core.environment:checking '/home/lukat/unitree_mujoco_ws/COGAR_project/install/convex_mpc/lib/python3.10/site-packages'
[6.048s] Level 1:colcon.colcon_core.shell:create_environment_hook('convex_mpc', 'pythonpath')
[6.049s] INFO:colcon.colcon_core.shell:Creating environment hook '/home/lukat/unitree_mujoco_ws/COGAR_project/install/convex_mpc/share/convex_mpc/hook/pythonpath.ps1'
[6.050s] INFO:colcon.colcon_core.shell:Creating environment descriptor '/home/lukat/unitree_mujoco_ws/COGAR_project/install/convex_mpc/share/convex_mpc/hook/pythonpath.dsv'
[6.051s] INFO:colcon.colcon_core.shell:Creating environment hook '/home/lukat/unitree_mujoco_ws/COGAR_project/install/convex_mpc/share/convex_mpc/hook/pythonpath.sh'
[6.052s] Level 1:colcon.colcon_core.environment:checking '/home/lukat/unitree_mujoco_ws/COGAR_project/install/convex_mpc/bin'
[6.052s] Level 1:colcon.colcon_core.environment:create_environment_scripts_only(convex_mpc)
[6.053s] INFO:colcon.colcon_core.shell:Creating package script '/home/lukat/unitree_mujoco_ws/COGAR_project/install/convex_mpc/share/convex_mpc/package.ps1'
[6.054s] INFO:colcon.colcon_core.shell:Creating package descriptor '/home/lukat/unitree_mujoco_ws/COGAR_project/install/convex_mpc/share/convex_mpc/package.dsv'
[6.055s] INFO:colcon.colcon_core.shell:Creating package script '/home/lukat/unitree_mujoco_ws/COGAR_project/install/convex_mpc/share/convex_mpc/package.sh'
[6.057s] INFO:colcon.colcon_core.shell:Creating package script '/home/lukat/unitree_mujoco_ws/COGAR_project/install/convex_mpc/share/convex_mpc/package.bash'
[6.058s] INFO:colcon.colcon_core.shell:Creating package script '/home/lukat/unitree_mujoco_ws/COGAR_project/install/convex_mpc/share/convex_mpc/package.zsh'
[6.059s] Level 1:colcon.colcon_core.environment:create_file_with_runtime_dependencies(/home/lukat/unitree_mujoco_ws/COGAR_project/install/convex_mpc/share/colcon-core/packages/convex_mpc)
[6.069s] DEBUG:colcon.colcon_core.event_handler.log_command:Invoking command in '/home/lukat/unitree_mujoco_ws/COGAR_project/src/controller': PYTHONPATH=/home/lukat/unitree_mujoco_ws/COGAR_project/build/controller/prefix_override:/usr/lib/python3/dist-packages/colcon_core/task/python/colcon_distutils_commands:/home/lukat/unitree_mujoco_ws/COGAR_project/install/controller/lib/python3.10/site-packages:${PYTHONPATH} /usr/bin/python3 -W ignore:setup.py install is deprecated -W ignore:easy_install command is deprecated setup.py egg_info --egg-base ../../build/controller build --build-base /home/lukat/unitree_mujoco_ws/COGAR_project/build/controller/build install --record /home/lukat/unitree_mujoco_ws/COGAR_project/build/controller/install.log --single-version-externally-managed install_data
[6.724s] Level 1:colcon.colcon_core.environment:checking '/home/lukat/unitree_mujoco_ws/COGAR_project/install/controller' for CMake module files
[6.724s] DEBUG:colcon.colcon_core.event_handler.log_command:Invoked command in '/home/lukat/unitree_mujoco_ws/COGAR_project/src/controller' returned '0': PYTHONPATH=/home/lukat/unitree_mujoco_ws/COGAR_project/build/controller/prefix_override:/usr/lib/python3/dist-packages/colcon_core/task/python/colcon_distutils_commands:/home/lukat/unitree_mujoco_ws/COGAR_project/install/controller/lib/python3.10/site-packages:${PYTHONPATH} /usr/bin/python3 -W ignore:setup.py install is deprecated -W ignore:easy_install command is deprecated setup.py egg_info --egg-base ../../build/controller build --build-base /home/lukat/unitree_mujoco_ws/COGAR_project/build/controller/build install --record /home/lukat/unitree_mujoco_ws/COGAR_project/build/controller/install.log --single-version-externally-managed install_data
[6.725s] Level 1:colcon.colcon_core.environment:checking '/home/lukat/unitree_mujoco_ws/COGAR_project/install/controller' for CMake config files
[6.730s] Level 1:colcon.colcon_core.environment:checking '/home/lukat/unitree_mujoco_ws/COGAR_project/install/controller/lib'
[6.730s] Level 1:colcon.colcon_core.environment:checking '/home/lukat/unitree_mujoco_ws/COGAR_project/install/controller/bin'
[6.730s] Level 1:colcon.colcon_core.environment:checking '/home/lukat/unitree_mujoco_ws/COGAR_project/install/controller/lib/pkgconfig/controller.pc'
[6.730s] Level 1:colcon.colcon_core.environment:checking '/home/lukat/unitree_mujoco_ws/COGAR_project/install/controller/lib/python3.10/site-packages'
[6.730s] Level 1:colcon.colcon_core.shell:create_environment_hook('controller', 'pythonpath')
[6.731s] INFO:colcon.colcon_core.shell:Creating environment hook '/home/lukat/unitree_mujoco_ws/COGAR_project/install/controller/share/controller/hook/pythonpath.ps1'
[6.731s] INFO:colcon.colcon_core.shell:Creating environment descriptor '/home/lukat/unitree_mujoco_ws/COGAR_project/install/controller/share/controller/hook/pythonpath.dsv'
[6.732s] INFO:colcon.colcon_core.shell:Creating environment hook '/home/lukat/unitree_mujoco_ws/COGAR_project/install/controller/share/controller/hook/pythonpath.sh'
[6.733s] Level 1:colcon.colcon_core.environment:checking '/home/lukat/unitree_mujoco_ws/COGAR_project/install/controller/bin'
[6.733s] Level 1:colcon.colcon_core.environment:create_environment_scripts_only(controller)
[6.733s] INFO:colcon.colcon_core.shell:Creating package script '/home/lukat/unitree_mujoco_ws/COGAR_project/install/controller/share/controller/package.ps1'
[6.734s] INFO:colcon.colcon_core.shell:Creating package descriptor '/home/lukat/unitree_mujoco_ws/COGAR_project/install/controller/share/controller/package.dsv'
[6.735s] INFO:colcon.colcon_core.shell:Creating package script '/home/lukat/unitree_mujoco_ws/COGAR_project/install/controller/share/controller/package.sh'
[6.737s] INFO:colcon.colcon_core.shell:Creating package script '/home/lukat/unitree_mujoco_ws/COGAR_project/install/controller/share/controller/package.bash'
[6.737s] INFO:colcon.colcon_core.shell:Creating package script '/home/lukat/unitree_mujoco_ws/COGAR_project/install/controller/share/controller/package.zsh'
[6.738s] Level 1:colcon.colcon_core.environment:create_file_with_runtime_dependencies(/home/lukat/unitree_mujoco_ws/COGAR_project/install/controller/share/colcon-core/packages/controller)
[6.738s] DEBUG:colcon.colcon_parallel_executor.executor.parallel:closing loop
[6.739s] DEBUG:colcon.colcon_parallel_executor.executor.parallel:loop closed
[6.739s] DEBUG:colcon.colcon_parallel_executor.executor.parallel:run_until_complete finished with '0'
[6.739s] DEBUG:colcon.colcon_core.event_reactor:joining thread
[6.777s] INFO:colcon.colcon_core.plugin_system:Skipping extension 'colcon_notification.desktop_notification.notify_send': Could not find 'notify-send'
[6.777s] INFO:colcon.colcon_core.plugin_system:Skipping extension 'colcon_notification.desktop_notification.terminal_notifier': Not used on non-Darwin systems
[6.777s] INFO:colcon.colcon_core.plugin_system:Skipping extension 'colcon_notification.desktop_notification.win32': Not used on non-Windows systems
[6.777s] INFO:colcon.colcon_notification.desktop_notification:Sending desktop notification using 'notify2'
[6.777s] DEBUG:colcon.colcon_notification.desktop_notification.notify2:Failed to initialize notify2: org.freedesktop.DBus.Error.FileNotFound: Failed to connect to socket /run/user/1000/bus: No such file or directory
[6.778s] DEBUG:colcon.colcon_core.event_reactor:joined thread
[6.778s] INFO:colcon.colcon_core.shell:Creating prefix script '/home/lukat/unitree_mujoco_ws/COGAR_project/install/local_setup.ps1'
[6.779s] INFO:colcon.colcon_core.shell:Creating prefix util module '/home/lukat/unitree_mujoco_ws/COGAR_project/install/_local_setup_util_ps1.py'
[6.782s] INFO:colcon.colcon_core.shell:Creating prefix chain script '/home/lukat/unitree_mujoco_ws/COGAR_project/install/setup.ps1'
[6.784s] INFO:colcon.colcon_core.shell:Creating prefix script '/home/lukat/unitree_mujoco_ws/COGAR_project/install/local_setup.sh'
[6.785s] INFO:colcon.colcon_core.shell:Creating prefix util module '/home/lukat/unitree_mujoco_ws/COGAR_project/install/_local_setup_util_sh.py'
[6.786s] INFO:colcon.colcon_core.shell:Creating prefix chain script '/home/lukat/unitree_mujoco_ws/COGAR_project/install/setup.sh'
[6.787s] INFO:colcon.colcon_core.shell:Creating prefix script '/home/lukat/unitree_mujoco_ws/COGAR_project/install/local_setup.bash'
[6.788s] INFO:colcon.colcon_core.shell:Creating prefix chain script '/home/lukat/unitree_mujoco_ws/COGAR_project/install/setup.bash'
[6.790s] INFO:colcon.colcon_core.shell:Creating prefix script '/home/lukat/unitree_mujoco_ws/COGAR_project/install/local_setup.zsh'
[6.791s] INFO:colcon.colcon_core.shell:Creating prefix chain script '/home/lukat/unitree_mujoco_ws/COGAR_project/install/setup.zsh'
